[0.754s] Invoking command in '/home/jae/Lidar_ws/build/lidar_processing': PYTHONPATH=/home/jae/Lidar_ws/build/lidar_processing/prefix_override:/usr/lib/python3/dist-packages/colcon_core/task/python/colcon_distutils_commands:/home/jae/Lidar_ws/install/lidar_processing/lib/python3.10/site-packages:${PYTHONPATH} /usr/bin/python3 -W ignore:setup.py install is deprecated -W ignore:easy_install command is deprecated setup.py develop --editable --build-directory /home/jae/Lidar_ws/build/lidar_processing/build --no-deps symlink_data
[1.046s] running develop
[1.260s] running egg_info
[1.277s] creating lidar_processing.egg-info
[1.277s] writing lidar_processing.egg-info/PKG-INFO
[1.277s] writing dependency_links to lidar_processing.egg-info/dependency_links.txt
[1.278s] writing entry points to lidar_processing.egg-info/entry_points.txt
[1.278s] writing requirements to lidar_processing.egg-info/requires.txt
[1.278s] writing top-level names to lidar_processing.egg-info/top_level.txt
[1.278s] writing manifest file 'lidar_processing.egg-info/SOURCES.txt'
[1.313s] reading manifest file 'lidar_processing.egg-info/SOURCES.txt'
[1.314s] writing manifest file 'lidar_processing.egg-info/SOURCES.txt'
[1.376s] running build_ext
[1.376s] Creating /home/jae/Lidar_ws/install/lidar_processing/lib/python3.10/site-packages/lidar-processing.egg-link (link to .)
[1.377s] Installing pointcloud_listener script to /home/jae/Lidar_ws/install/lidar_processing/lib/lidar_processing
[1.377s] 
[1.377s] Installed /home/jae/Lidar_ws/build/lidar_processing
[1.377s] running symlink_data
[1.377s] creating /home/jae/Lidar_ws/install/lidar_processing/share/ament_index/resource_index/packages
[1.378s] symbolically linking /home/jae/Lidar_ws/build/lidar_processing/resource/lidar_processing -> /home/jae/Lidar_ws/install/lidar_processing/share/ament_index/resource_index/packages
[1.378s] symbolically linking /home/jae/Lidar_ws/build/lidar_processing/package.xml -> /home/jae/Lidar_ws/install/lidar_processing/share/lidar_processing
[1.418s] Invoked command in '/home/jae/Lidar_ws/build/lidar_processing' returned '0': PYTHONPATH=/home/jae/Lidar_ws/build/lidar_processing/prefix_override:/usr/lib/python3/dist-packages/colcon_core/task/python/colcon_distutils_commands:/home/jae/Lidar_ws/install/lidar_processing/lib/python3.10/site-packages:${PYTHONPATH} /usr/bin/python3 -W ignore:setup.py install is deprecated -W ignore:easy_install command is deprecated setup.py develop --editable --build-directory /home/jae/Lidar_ws/build/lidar_processing/build --no-deps symlink_data
