[0.013s] Invoking command in '/home/jae/Lidar_ws/build/velodyne': CMAKE_PREFIX_PATH=/home/jae/Lidar_ws/install/velodyne_pointcloud:/home/jae/Lidar_ws/install/velodyne_driver:/home/jae/Lidar_ws/install/velodyne_msgs:/home/jae/Lidar_ws/install/velodyne_laserscan:/home/jae/Lidar_ws/install/velodyne:/home/jae/Lidar_ws/install/lidar_processing:/home/jae/ros2_ws/install/lidar_perception:/opt/ros/humble /usr/bin/cmake --build /home/jae/Lidar_ws/build/velodyne -- -j12 -l12
[0.050s] Invoked command in '/home/jae/Lidar_ws/build/velodyne' returned '0': CMAKE_PREFIX_PATH=/home/jae/Lidar_ws/install/velodyne_pointcloud:/home/jae/Lidar_ws/install/velodyne_driver:/home/jae/Lidar_ws/install/velodyne_msgs:/home/jae/Lidar_ws/install/velodyne_laserscan:/home/jae/Lidar_ws/install/velodyne:/home/jae/Lidar_ws/install/lidar_processing:/home/jae/ros2_ws/install/lidar_perception:/opt/ros/humble /usr/bin/cmake --build /home/jae/Lidar_ws/build/velodyne -- -j12 -l12
[0.051s] Invoking command in '/home/jae/Lidar_ws/build/velodyne': CMAKE_PREFIX_PATH=/home/jae/Lidar_ws/install/velodyne_pointcloud:/home/jae/Lidar_ws/install/velodyne_driver:/home/jae/Lidar_ws/install/velodyne_msgs:/home/jae/Lidar_ws/install/velodyne_laserscan:/home/jae/Lidar_ws/install/velodyne:/home/jae/Lidar_ws/install/lidar_processing:/home/jae/ros2_ws/install/lidar_perception:/opt/ros/humble /usr/bin/cmake --install /home/jae/Lidar_ws/build/velodyne
[0.059s] -- Install configuration: ""
[0.059s] -- Execute custom install script
[0.059s] -- Up-to-date symlink: /home/jae/Lidar_ws/install/velodyne/share/velodyne/launch/velodyne-all-nodes-VLP16-composed-launch.py
[0.060s] -- Up-to-date symlink: /home/jae/Lidar_ws/install/velodyne/share/velodyne/launch/velodyne-all-nodes-VLP16-launch.py
[0.060s] -- Up-to-date symlink: /home/jae/Lidar_ws/install/velodyne/share/velodyne/launch/velodyne-all-nodes-VLP32C-composed-launch.py
[0.060s] -- Up-to-date symlink: /home/jae/Lidar_ws/install/velodyne/share/velodyne/launch/velodyne-all-nodes-VLP32C-launch.py
[0.060s] -- Up-to-date symlink: /home/jae/Lidar_ws/install/velodyne/share/velodyne/launch/velodyne-all-nodes-VLS128-composed-launch.py
[0.060s] -- Up-to-date symlink: /home/jae/Lidar_ws/install/velodyne/share/velodyne/launch/velodyne-all-nodes-VLS128-launch.py
[0.060s] -- Up-to-date symlink: /home/jae/Lidar_ws/install/velodyne/share/ament_index/resource_index/package_run_dependencies/velodyne
[0.061s] -- Up-to-date symlink: /home/jae/Lidar_ws/install/velodyne/share/ament_index/resource_index/parent_prefix_path/velodyne
[0.061s] -- Up-to-date symlink: /home/jae/Lidar_ws/install/velodyne/share/velodyne/environment/ament_prefix_path.sh
[0.061s] -- Up-to-date symlink: /home/jae/Lidar_ws/install/velodyne/share/velodyne/environment/ament_prefix_path.dsv
[0.061s] -- Up-to-date symlink: /home/jae/Lidar_ws/install/velodyne/share/velodyne/environment/path.sh
[0.061s] -- Up-to-date symlink: /home/jae/Lidar_ws/install/velodyne/share/velodyne/environment/path.dsv
[0.061s] -- Up-to-date symlink: /home/jae/Lidar_ws/install/velodyne/share/velodyne/local_setup.bash
[0.061s] -- Up-to-date symlink: /home/jae/Lidar_ws/install/velodyne/share/velodyne/local_setup.sh
[0.061s] -- Up-to-date symlink: /home/jae/Lidar_ws/install/velodyne/share/velodyne/local_setup.zsh
[0.062s] -- Up-to-date symlink: /home/jae/Lidar_ws/install/velodyne/share/velodyne/local_setup.dsv
[0.062s] -- Symlinking: /home/jae/Lidar_ws/install/velodyne/share/velodyne/package.dsv
[0.072s] -- Up-to-date symlink: /home/jae/Lidar_ws/install/velodyne/share/ament_index/resource_index/packages/velodyne
[0.072s] -- Up-to-date symlink: /home/jae/Lidar_ws/install/velodyne/share/velodyne/cmake/velodyneConfig.cmake
[0.072s] -- Up-to-date symlink: /home/jae/Lidar_ws/install/velodyne/share/velodyne/cmake/velodyneConfig-version.cmake
[0.072s] -- Up-to-date symlink: /home/jae/Lidar_ws/install/velodyne/share/velodyne/package.xml
[0.075s] Invoked command in '/home/jae/Lidar_ws/build/velodyne' returned '0': CMAKE_PREFIX_PATH=/home/jae/Lidar_ws/install/velodyne_pointcloud:/home/jae/Lidar_ws/install/velodyne_driver:/home/jae/Lidar_ws/install/velodyne_msgs:/home/jae/Lidar_ws/install/velodyne_laserscan:/home/jae/Lidar_ws/install/velodyne:/home/jae/Lidar_ws/install/lidar_processing:/home/jae/ros2_ws/install/lidar_perception:/opt/ros/humble /usr/bin/cmake --install /home/jae/Lidar_ws/build/velodyne
