[0.084s] DEBUG:colcon:Command line arguments: ['/usr/bin/colcon', 'build', '--symlink-install', '--packages-ignore', 'PCL']
[0.084s] DEBUG:colcon:Parsed command line arguments: Namespace(log_base=None, log_level=None, verb_name='build', build_base='build', install_base='install', merge_install=False, symlink_install=True, test_result_base=None, continue_on_error=False, executor='parallel', parallel_workers=12, event_handlers=None, ignore_user_meta=False, metas=['./colcon.meta'], base_paths=['.'], packages_ignore=['PCL'], packages_ignore_regex=None, paths=None, packages_up_to=None, packages_up_to_regex=None, packages_above=None, packages_above_and_dependencies=None, packages_above_depth=None, packages_select_by_dep=None, packages_skip_by_dep=None, packages_skip_up_to=None, packages_select_build_failed=False, packages_skip_build_finished=False, packages_select_test_failures=False, packages_skip_test_passed=False, packages_select=None, packages_skip=None, packages_select_regex=None, packages_skip_regex=None, packages_start=None, packages_end=None, allow_overriding=[], cmake_args=None, cmake_target=None, cmake_target_skip_unavailable=False, cmake_clean_cache=False, cmake_clean_first=False, cmake_force_configure=False, ament_cmake_args=None, catkin_cmake_args=None, catkin_skip_building_tests=False, mixin_files=None, mixin=None, verb_parser=<colcon_mixin.mixin.mixin_argument.MixinArgumentDecorator object at 0x708cb8413430>, verb_extension=<colcon_core.verb.build.BuildVerb object at 0x708cb83d0910>, main=<bound method BuildVerb.main of <colcon_core.verb.build.BuildVerb object at 0x708cb83d0910>>, mixin_verb=('build',))
[0.111s] Level 1:colcon.colcon_core.package_discovery:discover_packages(colcon_meta) check parameters
[0.111s] Level 1:colcon.colcon_core.package_discovery:discover_packages(recursive) check parameters
[0.111s] Level 1:colcon.colcon_core.package_discovery:discover_packages(ignore) check parameters
[0.111s] Level 1:colcon.colcon_core.package_discovery:discover_packages(path) check parameters
[0.111s] Level 1:colcon.colcon_core.package_discovery:discover_packages(colcon_meta) discover
[0.111s] Level 1:colcon.colcon_core.package_discovery:discover_packages(recursive) discover
[0.111s] INFO:colcon.colcon_core.package_discovery:Crawling recursively for packages in '/home/jae/Lidar_ws'
[0.111s] Level 1:colcon.colcon_core.package_identification:_identify(.) by extensions ['ignore', 'ignore_ament_install']
[0.112s] Level 1:colcon.colcon_core.package_identification:_identify(.) by extension 'ignore'
[0.112s] Level 1:colcon.colcon_core.package_identification:_identify(.) by extension 'ignore_ament_install'
[0.112s] Level 1:colcon.colcon_core.package_identification:_identify(.) by extensions ['colcon_pkg']
[0.112s] Level 1:colcon.colcon_core.package_identification:_identify(.) by extension 'colcon_pkg'
[0.112s] Level 1:colcon.colcon_core.package_identification:_identify(.) by extensions ['colcon_meta']
[0.112s] Level 1:colcon.colcon_core.package_identification:_identify(.) by extension 'colcon_meta'
[0.112s] Level 1:colcon.colcon_core.package_identification:_identify(.) by extensions ['ros']
[0.112s] Level 1:colcon.colcon_core.package_identification:_identify(.) by extension 'ros'
[0.123s] Level 1:colcon.colcon_core.package_identification:_identify(.) by extensions ['cmake', 'python']
[0.123s] Level 1:colcon.colcon_core.package_identification:_identify(.) by extension 'cmake'
[0.123s] Level 1:colcon.colcon_core.package_identification:_identify(.) by extension 'python'
[0.123s] Level 1:colcon.colcon_core.package_identification:_identify(.) by extensions ['python_setup_py']
[0.123s] Level 1:colcon.colcon_core.package_identification:_identify(.) by extension 'python_setup_py'
[0.123s] Level 1:colcon.colcon_core.package_identification:_identify(build) by extensions ['ignore', 'ignore_ament_install']
[0.123s] Level 1:colcon.colcon_core.package_identification:_identify(build) by extension 'ignore'
[0.123s] Level 1:colcon.colcon_core.package_identification:_identify(build) ignored
[0.123s] Level 1:colcon.colcon_core.package_identification:_identify(install) by extensions ['ignore', 'ignore_ament_install']
[0.123s] Level 1:colcon.colcon_core.package_identification:_identify(install) by extension 'ignore'
[0.123s] Level 1:colcon.colcon_core.package_identification:_identify(install) ignored
[0.123s] Level 1:colcon.colcon_core.package_identification:_identify(log) by extensions ['ignore', 'ignore_ament_install']
[0.123s] Level 1:colcon.colcon_core.package_identification:_identify(log) by extension 'ignore'
[0.123s] Level 1:colcon.colcon_core.package_identification:_identify(log) ignored
[0.123s] Level 1:colcon.colcon_core.package_identification:_identify(src) by extensions ['ignore', 'ignore_ament_install']
[0.123s] Level 1:colcon.colcon_core.package_identification:_identify(src) by extension 'ignore'
[0.123s] Level 1:colcon.colcon_core.package_identification:_identify(src) by extension 'ignore_ament_install'
[0.124s] Level 1:colcon.colcon_core.package_identification:_identify(src) by extensions ['colcon_pkg']
[0.124s] Level 1:colcon.colcon_core.package_identification:_identify(src) by extension 'colcon_pkg'
[0.124s] Level 1:colcon.colcon_core.package_identification:_identify(src) by extensions ['colcon_meta']
[0.124s] Level 1:colcon.colcon_core.package_identification:_identify(src) by extension 'colcon_meta'
[0.124s] Level 1:colcon.colcon_core.package_identification:_identify(src) by extensions ['ros']
[0.124s] Level 1:colcon.colcon_core.package_identification:_identify(src) by extension 'ros'
[0.124s] Level 1:colcon.colcon_core.package_identification:_identify(src) by extensions ['cmake', 'python']
[0.124s] Level 1:colcon.colcon_core.package_identification:_identify(src) by extension 'cmake'
[0.124s] Level 1:colcon.colcon_core.package_identification:_identify(src) by extension 'python'
[0.124s] Level 1:colcon.colcon_core.package_identification:_identify(src) by extensions ['python_setup_py']
[0.124s] Level 1:colcon.colcon_core.package_identification:_identify(src) by extension 'python_setup_py'
[0.124s] Level 1:colcon.colcon_core.package_identification:_identify(src/build) by extensions ['ignore', 'ignore_ament_install']
[0.124s] Level 1:colcon.colcon_core.package_identification:_identify(src/build) by extension 'ignore'
[0.124s] Level 1:colcon.colcon_core.package_identification:_identify(src/build) ignored
[0.124s] Level 1:colcon.colcon_core.package_identification:_identify(src/install) by extensions ['ignore', 'ignore_ament_install']
[0.124s] Level 1:colcon.colcon_core.package_identification:_identify(src/install) by extension 'ignore'
[0.124s] Level 1:colcon.colcon_core.package_identification:_identify(src/install) ignored
[0.124s] Level 1:colcon.colcon_core.package_identification:_identify(src/lidar_processing) by extensions ['ignore', 'ignore_ament_install']
[0.124s] Level 1:colcon.colcon_core.package_identification:_identify(src/lidar_processing) by extension 'ignore'
[0.124s] Level 1:colcon.colcon_core.package_identification:_identify(src/lidar_processing) by extension 'ignore_ament_install'
[0.124s] Level 1:colcon.colcon_core.package_identification:_identify(src/lidar_processing) by extensions ['colcon_pkg']
[0.124s] Level 1:colcon.colcon_core.package_identification:_identify(src/lidar_processing) by extension 'colcon_pkg'
[0.124s] Level 1:colcon.colcon_core.package_identification:_identify(src/lidar_processing) by extensions ['colcon_meta']
[0.124s] Level 1:colcon.colcon_core.package_identification:_identify(src/lidar_processing) by extension 'colcon_meta'
[0.125s] Level 1:colcon.colcon_core.package_identification:_identify(src/lidar_processing) by extensions ['ros']
[0.125s] Level 1:colcon.colcon_core.package_identification:_identify(src/lidar_processing) by extension 'ros'
[0.126s] DEBUG:colcon.colcon_core.package_identification:Package 'src/lidar_processing' with type 'ros.ament_python' and name 'lidar_processing'
[0.126s] Level 1:colcon.colcon_core.package_identification:_identify(src/log) by extensions ['ignore', 'ignore_ament_install']
[0.126s] Level 1:colcon.colcon_core.package_identification:_identify(src/log) by extension 'ignore'
[0.127s] Level 1:colcon.colcon_core.package_identification:_identify(src/log) ignored
[0.127s] Level 1:colcon.colcon_core.package_identification:_identify(src/velodyne) by extensions ['ignore', 'ignore_ament_install']
[0.127s] Level 1:colcon.colcon_core.package_identification:_identify(src/velodyne) by extension 'ignore'
[0.127s] Level 1:colcon.colcon_core.package_identification:_identify(src/velodyne) by extension 'ignore_ament_install'
[0.127s] Level 1:colcon.colcon_core.package_identification:_identify(src/velodyne) by extensions ['colcon_pkg']
[0.127s] Level 1:colcon.colcon_core.package_identification:_identify(src/velodyne) by extension 'colcon_pkg'
[0.127s] Level 1:colcon.colcon_core.package_identification:_identify(src/velodyne) by extensions ['colcon_meta']
[0.127s] Level 1:colcon.colcon_core.package_identification:_identify(src/velodyne) by extension 'colcon_meta'
[0.127s] Level 1:colcon.colcon_core.package_identification:_identify(src/velodyne) by extensions ['ros']
[0.127s] Level 1:colcon.colcon_core.package_identification:_identify(src/velodyne) by extension 'ros'
[0.127s] Level 1:colcon.colcon_core.package_identification:_identify(src/velodyne) by extensions ['cmake', 'python']
[0.127s] Level 1:colcon.colcon_core.package_identification:_identify(src/velodyne) by extension 'cmake'
[0.127s] Level 1:colcon.colcon_core.package_identification:_identify(src/velodyne) by extension 'python'
[0.127s] Level 1:colcon.colcon_core.package_identification:_identify(src/velodyne) by extensions ['python_setup_py']
[0.127s] Level 1:colcon.colcon_core.package_identification:_identify(src/velodyne) by extension 'python_setup_py'
[0.127s] Level 1:colcon.colcon_core.package_identification:_identify(src/velodyne/velodyne) by extensions ['ignore', 'ignore_ament_install']
[0.127s] Level 1:colcon.colcon_core.package_identification:_identify(src/velodyne/velodyne) by extension 'ignore'
[0.127s] Level 1:colcon.colcon_core.package_identification:_identify(src/velodyne/velodyne) by extension 'ignore_ament_install'
[0.127s] Level 1:colcon.colcon_core.package_identification:_identify(src/velodyne/velodyne) by extensions ['colcon_pkg']
[0.127s] Level 1:colcon.colcon_core.package_identification:_identify(src/velodyne/velodyne) by extension 'colcon_pkg'
[0.127s] Level 1:colcon.colcon_core.package_identification:_identify(src/velodyne/velodyne) by extensions ['colcon_meta']
[0.127s] Level 1:colcon.colcon_core.package_identification:_identify(src/velodyne/velodyne) by extension 'colcon_meta'
[0.127s] Level 1:colcon.colcon_core.package_identification:_identify(src/velodyne/velodyne) by extensions ['ros']
[0.128s] Level 1:colcon.colcon_core.package_identification:_identify(src/velodyne/velodyne) by extension 'ros'
[0.128s] DEBUG:colcon.colcon_core.package_identification:Package 'src/velodyne/velodyne' with type 'ros.ament_cmake' and name 'velodyne'
[0.128s] Level 1:colcon.colcon_core.package_identification:_identify(src/velodyne/velodyne_driver) by extensions ['ignore', 'ignore_ament_install']
[0.128s] Level 1:colcon.colcon_core.package_identification:_identify(src/velodyne/velodyne_driver) by extension 'ignore'
[0.128s] Level 1:colcon.colcon_core.package_identification:_identify(src/velodyne/velodyne_driver) by extension 'ignore_ament_install'
[0.128s] Level 1:colcon.colcon_core.package_identification:_identify(src/velodyne/velodyne_driver) by extensions ['colcon_pkg']
[0.128s] Level 1:colcon.colcon_core.package_identification:_identify(src/velodyne/velodyne_driver) by extension 'colcon_pkg'
[0.128s] Level 1:colcon.colcon_core.package_identification:_identify(src/velodyne/velodyne_driver) by extensions ['colcon_meta']
[0.128s] Level 1:colcon.colcon_core.package_identification:_identify(src/velodyne/velodyne_driver) by extension 'colcon_meta'
[0.128s] Level 1:colcon.colcon_core.package_identification:_identify(src/velodyne/velodyne_driver) by extensions ['ros']
[0.128s] Level 1:colcon.colcon_core.package_identification:_identify(src/velodyne/velodyne_driver) by extension 'ros'
[0.129s] DEBUG:colcon.colcon_core.package_identification:Package 'src/velodyne/velodyne_driver' with type 'ros.ament_cmake' and name 'velodyne_driver'
[0.129s] Level 1:colcon.colcon_core.package_identification:_identify(src/velodyne/velodyne_laserscan) by extensions ['ignore', 'ignore_ament_install']
[0.129s] Level 1:colcon.colcon_core.package_identification:_identify(src/velodyne/velodyne_laserscan) by extension 'ignore'
[0.129s] Level 1:colcon.colcon_core.package_identification:_identify(src/velodyne/velodyne_laserscan) by extension 'ignore_ament_install'
[0.129s] Level 1:colcon.colcon_core.package_identification:_identify(src/velodyne/velodyne_laserscan) by extensions ['colcon_pkg']
[0.129s] Level 1:colcon.colcon_core.package_identification:_identify(src/velodyne/velodyne_laserscan) by extension 'colcon_pkg'
[0.129s] Level 1:colcon.colcon_core.package_identification:_identify(src/velodyne/velodyne_laserscan) by extensions ['colcon_meta']
[0.129s] Level 1:colcon.colcon_core.package_identification:_identify(src/velodyne/velodyne_laserscan) by extension 'colcon_meta'
[0.129s] Level 1:colcon.colcon_core.package_identification:_identify(src/velodyne/velodyne_laserscan) by extensions ['ros']
[0.129s] Level 1:colcon.colcon_core.package_identification:_identify(src/velodyne/velodyne_laserscan) by extension 'ros'
[0.130s] DEBUG:colcon.colcon_core.package_identification:Package 'src/velodyne/velodyne_laserscan' with type 'ros.ament_cmake' and name 'velodyne_laserscan'
[0.130s] Level 1:colcon.colcon_core.package_identification:_identify(src/velodyne/velodyne_msgs) by extensions ['ignore', 'ignore_ament_install']
[0.130s] Level 1:colcon.colcon_core.package_identification:_identify(src/velodyne/velodyne_msgs) by extension 'ignore'
[0.130s] Level 1:colcon.colcon_core.package_identification:_identify(src/velodyne/velodyne_msgs) by extension 'ignore_ament_install'
[0.130s] Level 1:colcon.colcon_core.package_identification:_identify(src/velodyne/velodyne_msgs) by extensions ['colcon_pkg']
[0.130s] Level 1:colcon.colcon_core.package_identification:_identify(src/velodyne/velodyne_msgs) by extension 'colcon_pkg'
[0.130s] Level 1:colcon.colcon_core.package_identification:_identify(src/velodyne/velodyne_msgs) by extensions ['colcon_meta']
[0.130s] Level 1:colcon.colcon_core.package_identification:_identify(src/velodyne/velodyne_msgs) by extension 'colcon_meta'
[0.130s] Level 1:colcon.colcon_core.package_identification:_identify(src/velodyne/velodyne_msgs) by extensions ['ros']
[0.130s] Level 1:colcon.colcon_core.package_identification:_identify(src/velodyne/velodyne_msgs) by extension 'ros'
[0.131s] DEBUG:colcon.colcon_core.package_identification:Package 'src/velodyne/velodyne_msgs' with type 'ros.ament_cmake' and name 'velodyne_msgs'
[0.131s] Level 1:colcon.colcon_core.package_identification:_identify(src/velodyne/velodyne_pointcloud) by extensions ['ignore', 'ignore_ament_install']
[0.131s] Level 1:colcon.colcon_core.package_identification:_identify(src/velodyne/velodyne_pointcloud) by extension 'ignore'
[0.131s] Level 1:colcon.colcon_core.package_identification:_identify(src/velodyne/velodyne_pointcloud) by extension 'ignore_ament_install'
[0.131s] Level 1:colcon.colcon_core.package_identification:_identify(src/velodyne/velodyne_pointcloud) by extensions ['colcon_pkg']
[0.131s] Level 1:colcon.colcon_core.package_identification:_identify(src/velodyne/velodyne_pointcloud) by extension 'colcon_pkg'
[0.131s] Level 1:colcon.colcon_core.package_identification:_identify(src/velodyne/velodyne_pointcloud) by extensions ['colcon_meta']
[0.131s] Level 1:colcon.colcon_core.package_identification:_identify(src/velodyne/velodyne_pointcloud) by extension 'colcon_meta'
[0.131s] Level 1:colcon.colcon_core.package_identification:_identify(src/velodyne/velodyne_pointcloud) by extensions ['ros']
[0.131s] Level 1:colcon.colcon_core.package_identification:_identify(src/velodyne/velodyne_pointcloud) by extension 'ros'
[0.132s] DEBUG:colcon.colcon_core.package_identification:Package 'src/velodyne/velodyne_pointcloud' with type 'ros.ament_cmake' and name 'velodyne_pointcloud'
[0.132s] Level 1:colcon.colcon_core.package_discovery:discover_packages(recursive) using defaults
[0.132s] Level 1:colcon.colcon_core.package_discovery:discover_packages(ignore) discover
[0.132s] Level 1:colcon.colcon_core.package_discovery:discover_packages(ignore) using defaults
[0.132s] Level 1:colcon.colcon_core.package_discovery:discover_packages(path) discover
[0.132s] Level 1:colcon.colcon_core.package_discovery:discover_packages(path) using defaults
[0.146s] WARNING:colcon.colcon_core.package_discovery:ignoring unknown package 'PCL' in --packages-ignore
[0.148s] Level 1:colcon.colcon_core.package_discovery:discover_packages(prefix_path) check parameters
[0.148s] Level 1:colcon.colcon_core.package_discovery:discover_packages(prefix_path) discover
[0.149s] DEBUG:colcon.colcon_installed_package_information.package_discovery:Found 6 installed packages in /home/jae/Lidar_ws/install
[0.149s] DEBUG:colcon.colcon_installed_package_information.package_discovery:Found 1 installed packages in /home/jae/ros2_ws/install
[0.150s] DEBUG:colcon.colcon_installed_package_information.package_discovery:Found 219 installed packages in /opt/ros/humble
[0.151s] Level 1:colcon.colcon_core.package_discovery:discover_packages(prefix_path) using defaults
[0.181s] Level 5:colcon.colcon_core.verb:set package 'lidar_processing' build argument 'cmake_args' from command line to 'None'
[0.181s] Level 5:colcon.colcon_core.verb:set package 'lidar_processing' build argument 'cmake_target' from command line to 'None'
[0.181s] Level 5:colcon.colcon_core.verb:set package 'lidar_processing' build argument 'cmake_target_skip_unavailable' from command line to 'False'
[0.181s] Level 5:colcon.colcon_core.verb:set package 'lidar_processing' build argument 'cmake_clean_cache' from command line to 'False'
[0.181s] Level 5:colcon.colcon_core.verb:set package 'lidar_processing' build argument 'cmake_clean_first' from command line to 'False'
[0.181s] Level 5:colcon.colcon_core.verb:set package 'lidar_processing' build argument 'cmake_force_configure' from command line to 'False'
[0.181s] Level 5:colcon.colcon_core.verb:set package 'lidar_processing' build argument 'ament_cmake_args' from command line to 'None'
[0.181s] Level 5:colcon.colcon_core.verb:set package 'lidar_processing' build argument 'catkin_cmake_args' from command line to 'None'
[0.182s] Level 5:colcon.colcon_core.verb:set package 'lidar_processing' build argument 'catkin_skip_building_tests' from command line to 'False'
[0.182s] DEBUG:colcon.colcon_core.verb:Building package 'lidar_processing' with the following arguments: {'ament_cmake_args': None, 'build_base': '/home/jae/Lidar_ws/build/lidar_processing', 'catkin_cmake_args': None, 'catkin_skip_building_tests': False, 'cmake_args': None, 'cmake_clean_cache': False, 'cmake_clean_first': False, 'cmake_force_configure': False, 'cmake_target': None, 'cmake_target_skip_unavailable': False, 'install_base': '/home/jae/Lidar_ws/install/lidar_processing', 'merge_install': False, 'path': '/home/jae/Lidar_ws/src/lidar_processing', 'symlink_install': True, 'test_result_base': None}
[0.182s] Level 5:colcon.colcon_core.verb:set package 'velodyne_laserscan' build argument 'cmake_args' from command line to 'None'
[0.182s] Level 5:colcon.colcon_core.verb:set package 'velodyne_laserscan' build argument 'cmake_target' from command line to 'None'
[0.182s] Level 5:colcon.colcon_core.verb:set package 'velodyne_laserscan' build argument 'cmake_target_skip_unavailable' from command line to 'False'
[0.182s] Level 5:colcon.colcon_core.verb:set package 'velodyne_laserscan' build argument 'cmake_clean_cache' from command line to 'False'
[0.182s] Level 5:colcon.colcon_core.verb:set package 'velodyne_laserscan' build argument 'cmake_clean_first' from command line to 'False'
[0.182s] Level 5:colcon.colcon_core.verb:set package 'velodyne_laserscan' build argument 'cmake_force_configure' from command line to 'False'
[0.182s] Level 5:colcon.colcon_core.verb:set package 'velodyne_laserscan' build argument 'ament_cmake_args' from command line to 'None'
[0.182s] Level 5:colcon.colcon_core.verb:set package 'velodyne_laserscan' build argument 'catkin_cmake_args' from command line to 'None'
[0.182s] Level 5:colcon.colcon_core.verb:set package 'velodyne_laserscan' build argument 'catkin_skip_building_tests' from command line to 'False'
[0.182s] DEBUG:colcon.colcon_core.verb:Building package 'velodyne_laserscan' with the following arguments: {'ament_cmake_args': None, 'build_base': '/home/jae/Lidar_ws/build/velodyne_laserscan', 'catkin_cmake_args': None, 'catkin_skip_building_tests': False, 'cmake_args': None, 'cmake_clean_cache': False, 'cmake_clean_first': False, 'cmake_force_configure': False, 'cmake_target': None, 'cmake_target_skip_unavailable': False, 'install_base': '/home/jae/Lidar_ws/install/velodyne_laserscan', 'merge_install': False, 'path': '/home/jae/Lidar_ws/src/velodyne/velodyne_laserscan', 'symlink_install': True, 'test_result_base': None}
[0.182s] Level 5:colcon.colcon_core.verb:set package 'velodyne_msgs' build argument 'cmake_args' from command line to 'None'
[0.182s] Level 5:colcon.colcon_core.verb:set package 'velodyne_msgs' build argument 'cmake_target' from command line to 'None'
[0.182s] Level 5:colcon.colcon_core.verb:set package 'velodyne_msgs' build argument 'cmake_target_skip_unavailable' from command line to 'False'
[0.182s] Level 5:colcon.colcon_core.verb:set package 'velodyne_msgs' build argument 'cmake_clean_cache' from command line to 'False'
[0.182s] Level 5:colcon.colcon_core.verb:set package 'velodyne_msgs' build argument 'cmake_clean_first' from command line to 'False'
[0.182s] Level 5:colcon.colcon_core.verb:set package 'velodyne_msgs' build argument 'cmake_force_configure' from command line to 'False'
[0.182s] Level 5:colcon.colcon_core.verb:set package 'velodyne_msgs' build argument 'ament_cmake_args' from command line to 'None'
[0.182s] Level 5:colcon.colcon_core.verb:set package 'velodyne_msgs' build argument 'catkin_cmake_args' from command line to 'None'
[0.182s] Level 5:colcon.colcon_core.verb:set package 'velodyne_msgs' build argument 'catkin_skip_building_tests' from command line to 'False'
[0.182s] DEBUG:colcon.colcon_core.verb:Building package 'velodyne_msgs' with the following arguments: {'ament_cmake_args': None, 'build_base': '/home/jae/Lidar_ws/build/velodyne_msgs', 'catkin_cmake_args': None, 'catkin_skip_building_tests': False, 'cmake_args': None, 'cmake_clean_cache': False, 'cmake_clean_first': False, 'cmake_force_configure': False, 'cmake_target': None, 'cmake_target_skip_unavailable': False, 'install_base': '/home/jae/Lidar_ws/install/velodyne_msgs', 'merge_install': False, 'path': '/home/jae/Lidar_ws/src/velodyne/velodyne_msgs', 'symlink_install': True, 'test_result_base': None}
[0.183s] Level 5:colcon.colcon_core.verb:set package 'velodyne_driver' build argument 'cmake_args' from command line to 'None'
[0.183s] Level 5:colcon.colcon_core.verb:set package 'velodyne_driver' build argument 'cmake_target' from command line to 'None'
[0.183s] Level 5:colcon.colcon_core.verb:set package 'velodyne_driver' build argument 'cmake_target_skip_unavailable' from command line to 'False'
[0.183s] Level 5:colcon.colcon_core.verb:set package 'velodyne_driver' build argument 'cmake_clean_cache' from command line to 'False'
[0.183s] Level 5:colcon.colcon_core.verb:set package 'velodyne_driver' build argument 'cmake_clean_first' from command line to 'False'
[0.183s] Level 5:colcon.colcon_core.verb:set package 'velodyne_driver' build argument 'cmake_force_configure' from command line to 'False'
[0.183s] Level 5:colcon.colcon_core.verb:set package 'velodyne_driver' build argument 'ament_cmake_args' from command line to 'None'
[0.183s] Level 5:colcon.colcon_core.verb:set package 'velodyne_driver' build argument 'catkin_cmake_args' from command line to 'None'
[0.183s] Level 5:colcon.colcon_core.verb:set package 'velodyne_driver' build argument 'catkin_skip_building_tests' from command line to 'False'
[0.183s] DEBUG:colcon.colcon_core.verb:Building package 'velodyne_driver' with the following arguments: {'ament_cmake_args': None, 'build_base': '/home/jae/Lidar_ws/build/velodyne_driver', 'catkin_cmake_args': None, 'catkin_skip_building_tests': False, 'cmake_args': None, 'cmake_clean_cache': False, 'cmake_clean_first': False, 'cmake_force_configure': False, 'cmake_target': None, 'cmake_target_skip_unavailable': False, 'install_base': '/home/jae/Lidar_ws/install/velodyne_driver', 'merge_install': False, 'path': '/home/jae/Lidar_ws/src/velodyne/velodyne_driver', 'symlink_install': True, 'test_result_base': None}
[0.183s] Level 5:colcon.colcon_core.verb:set package 'velodyne_pointcloud' build argument 'cmake_args' from command line to 'None'
[0.183s] Level 5:colcon.colcon_core.verb:set package 'velodyne_pointcloud' build argument 'cmake_target' from command line to 'None'
[0.183s] Level 5:colcon.colcon_core.verb:set package 'velodyne_pointcloud' build argument 'cmake_target_skip_unavailable' from command line to 'False'
[0.183s] Level 5:colcon.colcon_core.verb:set package 'velodyne_pointcloud' build argument 'cmake_clean_cache' from command line to 'False'
[0.183s] Level 5:colcon.colcon_core.verb:set package 'velodyne_pointcloud' build argument 'cmake_clean_first' from command line to 'False'
[0.183s] Level 5:colcon.colcon_core.verb:set package 'velodyne_pointcloud' build argument 'cmake_force_configure' from command line to 'False'
[0.183s] Level 5:colcon.colcon_core.verb:set package 'velodyne_pointcloud' build argument 'ament_cmake_args' from command line to 'None'
[0.183s] Level 5:colcon.colcon_core.verb:set package 'velodyne_pointcloud' build argument 'catkin_cmake_args' from command line to 'None'
[0.183s] Level 5:colcon.colcon_core.verb:set package 'velodyne_pointcloud' build argument 'catkin_skip_building_tests' from command line to 'False'
[0.184s] DEBUG:colcon.colcon_core.verb:Building package 'velodyne_pointcloud' with the following arguments: {'ament_cmake_args': None, 'build_base': '/home/jae/Lidar_ws/build/velodyne_pointcloud', 'catkin_cmake_args': None, 'catkin_skip_building_tests': False, 'cmake_args': None, 'cmake_clean_cache': False, 'cmake_clean_first': False, 'cmake_force_configure': False, 'cmake_target': None, 'cmake_target_skip_unavailable': False, 'install_base': '/home/jae/Lidar_ws/install/velodyne_pointcloud', 'merge_install': False, 'path': '/home/jae/Lidar_ws/src/velodyne/velodyne_pointcloud', 'symlink_install': True, 'test_result_base': None}
[0.184s] Level 5:colcon.colcon_core.verb:set package 'velodyne' build argument 'cmake_args' from command line to 'None'
[0.184s] Level 5:colcon.colcon_core.verb:set package 'velodyne' build argument 'cmake_target' from command line to 'None'
[0.184s] Level 5:colcon.colcon_core.verb:set package 'velodyne' build argument 'cmake_target_skip_unavailable' from command line to 'False'
[0.184s] Level 5:colcon.colcon_core.verb:set package 'velodyne' build argument 'cmake_clean_cache' from command line to 'False'
[0.184s] Level 5:colcon.colcon_core.verb:set package 'velodyne' build argument 'cmake_clean_first' from command line to 'False'
[0.184s] Level 5:colcon.colcon_core.verb:set package 'velodyne' build argument 'cmake_force_configure' from command line to 'False'
[0.184s] Level 5:colcon.colcon_core.verb:set package 'velodyne' build argument 'ament_cmake_args' from command line to 'None'
[0.184s] Level 5:colcon.colcon_core.verb:set package 'velodyne' build argument 'catkin_cmake_args' from command line to 'None'
[0.184s] Level 5:colcon.colcon_core.verb:set package 'velodyne' build argument 'catkin_skip_building_tests' from command line to 'False'
[0.184s] DEBUG:colcon.colcon_core.verb:Building package 'velodyne' with the following arguments: {'ament_cmake_args': None, 'build_base': '/home/jae/Lidar_ws/build/velodyne', 'catkin_cmake_args': None, 'catkin_skip_building_tests': False, 'cmake_args': None, 'cmake_clean_cache': False, 'cmake_clean_first': False, 'cmake_force_configure': False, 'cmake_target': None, 'cmake_target_skip_unavailable': False, 'install_base': '/home/jae/Lidar_ws/install/velodyne', 'merge_install': False, 'path': '/home/jae/Lidar_ws/src/velodyne/velodyne', 'symlink_install': True, 'test_result_base': None}
[0.184s] INFO:colcon.colcon_core.executor:Executing jobs using 'parallel' executor
[0.186s] DEBUG:colcon.colcon_parallel_executor.executor.parallel:run_until_complete
[0.186s] INFO:colcon.colcon_ros.task.ament_cmake.build:Building ROS package in '/home/jae/Lidar_ws/src/velodyne/velodyne_msgs' with build type 'ament_cmake'
[0.187s] INFO:colcon.colcon_cmake.task.cmake.build:Building CMake package in '/home/jae/Lidar_ws/src/velodyne/velodyne_msgs'
[0.189s] INFO:colcon.colcon_core.plugin_system:Skipping extension 'colcon_core.shell.bat': Not used on non-Windows systems
[0.189s] INFO:colcon.colcon_core.shell:Skip shell extension 'powershell' for command environment: Not usable outside of PowerShell
[0.189s] DEBUG:colcon.colcon_core.shell:Skip shell extension 'dsv' for command environment
[0.192s] INFO:colcon.colcon_ros.task.ament_cmake.build:Building ROS package in '/home/jae/Lidar_ws/src/velodyne/velodyne_laserscan' with build type 'ament_cmake'
[0.192s] INFO:colcon.colcon_cmake.task.cmake.build:Building CMake package in '/home/jae/Lidar_ws/src/velodyne/velodyne_laserscan'
[0.192s] INFO:colcon.colcon_core.shell:Skip shell extension 'powershell' for command environment: Not usable outside of PowerShell
[0.193s] DEBUG:colcon.colcon_core.shell:Skip shell extension 'dsv' for command environment
[0.195s] INFO:colcon.colcon_ros.task.ament_python.build:Building ROS package in '/home/jae/Lidar_ws/src/lidar_processing' with build type 'ament_python'
[0.195s] Level 1:colcon.colcon_core.shell:create_environment_hook('lidar_processing', 'ament_prefix_path')
[0.195s] INFO:colcon.colcon_core.shell:Creating environment hook '/home/jae/Lidar_ws/install/lidar_processing/share/lidar_processing/hook/ament_prefix_path.ps1'
[0.196s] INFO:colcon.colcon_core.shell:Creating environment descriptor '/home/jae/Lidar_ws/install/lidar_processing/share/lidar_processing/hook/ament_prefix_path.dsv'
[0.196s] INFO:colcon.colcon_core.shell:Creating environment hook '/home/jae/Lidar_ws/install/lidar_processing/share/lidar_processing/hook/ament_prefix_path.sh'
[0.197s] INFO:colcon.colcon_core.shell:Skip shell extension 'powershell' for command environment: Not usable outside of PowerShell
[0.197s] DEBUG:colcon.colcon_core.shell:Skip shell extension 'dsv' for command environment
[0.203s] DEBUG:colcon.colcon_core.event_handler.log_command:Invoking command in '/home/jae/Lidar_ws/build/velodyne_msgs': CMAKE_PREFIX_PATH=${CMAKE_PREFIX_PATH}:/home/jae/Lidar_ws/install/lidar_processing:/home/jae/ros2_ws/install/lidar_perception:/opt/ros/humble /usr/bin/cmake --build /home/jae/Lidar_ws/build/velodyne_msgs -- -j12 -l12
[0.206s] DEBUG:colcon.colcon_core.event_handler.log_command:Invoking command in '/home/jae/Lidar_ws/build/velodyne_laserscan': CMAKE_PREFIX_PATH=${CMAKE_PREFIX_PATH}:/home/jae/Lidar_ws/install/lidar_processing:/home/jae/ros2_ws/install/lidar_perception:/opt/ros/humble /usr/bin/cmake --build /home/jae/Lidar_ws/build/velodyne_laserscan -- -j12 -l12
[0.404s] INFO:colcon.colcon_core.task.python.build:Building Python package in '/home/jae/Lidar_ws/src/lidar_processing'
[0.404s] INFO:colcon.colcon_core.shell:Skip shell extension 'powershell' for command environment: Not usable outside of PowerShell
[0.404s] DEBUG:colcon.colcon_core.shell:Skip shell extension 'dsv' for command environment
[0.408s] DEBUG:colcon.colcon_core.event_handler.log_command:Invoked command in '/home/jae/Lidar_ws/build/velodyne_laserscan' returned '0': CMAKE_PREFIX_PATH=${CMAKE_PREFIX_PATH}:/home/jae/Lidar_ws/install/lidar_processing:/home/jae/ros2_ws/install/lidar_perception:/opt/ros/humble /usr/bin/cmake --build /home/jae/Lidar_ws/build/velodyne_laserscan -- -j12 -l12
[0.419s] DEBUG:colcon.colcon_core.event_handler.log_command:Invoking command in '/home/jae/Lidar_ws/build/velodyne_laserscan': CMAKE_PREFIX_PATH=${CMAKE_PREFIX_PATH}:/home/jae/Lidar_ws/install/lidar_processing:/home/jae/ros2_ws/install/lidar_perception:/opt/ros/humble /usr/bin/cmake --install /home/jae/Lidar_ws/build/velodyne_laserscan
[0.441s] Level 1:colcon.colcon_core.environment:create_environment_scripts_only(velodyne_laserscan)
[0.441s] DEBUG:colcon.colcon_core.event_handler.log_command:Invoked command in '/home/jae/Lidar_ws/build/velodyne_laserscan' returned '0': CMAKE_PREFIX_PATH=${CMAKE_PREFIX_PATH}:/home/jae/Lidar_ws/install/lidar_processing:/home/jae/ros2_ws/install/lidar_perception:/opt/ros/humble /usr/bin/cmake --install /home/jae/Lidar_ws/build/velodyne_laserscan
[0.443s] Level 1:colcon.colcon_core.environment:checking '/home/jae/Lidar_ws/install/velodyne_laserscan' for CMake module files
[0.444s] Level 1:colcon.colcon_core.environment:checking '/home/jae/Lidar_ws/install/velodyne_laserscan' for CMake config files
[0.444s] Level 1:colcon.colcon_core.shell:create_environment_hook('velodyne_laserscan', 'cmake_prefix_path')
[0.444s] INFO:colcon.colcon_core.shell:Creating environment hook '/home/jae/Lidar_ws/install/velodyne_laserscan/share/velodyne_laserscan/hook/cmake_prefix_path.ps1'
[0.445s] INFO:colcon.colcon_core.shell:Creating environment descriptor '/home/jae/Lidar_ws/install/velodyne_laserscan/share/velodyne_laserscan/hook/cmake_prefix_path.dsv'
[0.445s] INFO:colcon.colcon_core.shell:Creating environment hook '/home/jae/Lidar_ws/install/velodyne_laserscan/share/velodyne_laserscan/hook/cmake_prefix_path.sh'
[0.445s] Level 1:colcon.colcon_core.environment:checking '/home/jae/Lidar_ws/install/velodyne_laserscan/lib'
[0.446s] Level 1:colcon.colcon_core.shell:create_environment_hook('velodyne_laserscan', 'ld_library_path_lib')
[0.446s] INFO:colcon.colcon_core.shell:Creating environment hook '/home/jae/Lidar_ws/install/velodyne_laserscan/share/velodyne_laserscan/hook/ld_library_path_lib.ps1'
[0.446s] INFO:colcon.colcon_core.shell:Creating environment descriptor '/home/jae/Lidar_ws/install/velodyne_laserscan/share/velodyne_laserscan/hook/ld_library_path_lib.dsv'
[0.446s] INFO:colcon.colcon_core.shell:Creating environment hook '/home/jae/Lidar_ws/install/velodyne_laserscan/share/velodyne_laserscan/hook/ld_library_path_lib.sh'
[0.447s] Level 1:colcon.colcon_core.environment:checking '/home/jae/Lidar_ws/install/velodyne_laserscan/bin'
[0.447s] Level 1:colcon.colcon_core.environment:checking '/home/jae/Lidar_ws/install/velodyne_laserscan/lib/pkgconfig/velodyne_laserscan.pc'
[0.447s] Level 1:colcon.colcon_core.environment:checking '/home/jae/Lidar_ws/install/velodyne_laserscan/lib/python3.10/site-packages'
[0.447s] Level 1:colcon.colcon_core.environment:checking '/home/jae/Lidar_ws/install/velodyne_laserscan/bin'
[0.447s] INFO:colcon.colcon_core.shell:Creating package script '/home/jae/Lidar_ws/install/velodyne_laserscan/share/velodyne_laserscan/package.ps1'
[0.448s] INFO:colcon.colcon_core.shell:Creating package descriptor '/home/jae/Lidar_ws/install/velodyne_laserscan/share/velodyne_laserscan/package.dsv'
[0.448s] INFO:colcon.colcon_core.shell:Creating package script '/home/jae/Lidar_ws/install/velodyne_laserscan/share/velodyne_laserscan/package.sh'
[0.449s] INFO:colcon.colcon_core.shell:Creating package script '/home/jae/Lidar_ws/install/velodyne_laserscan/share/velodyne_laserscan/package.bash'
[0.450s] INFO:colcon.colcon_core.shell:Creating package script '/home/jae/Lidar_ws/install/velodyne_laserscan/share/velodyne_laserscan/package.zsh'
[0.450s] Level 1:colcon.colcon_core.environment:create_file_with_runtime_dependencies(/home/jae/Lidar_ws/install/velodyne_laserscan/share/colcon-core/packages/velodyne_laserscan)
[0.451s] Level 1:colcon.colcon_core.environment:create_environment_scripts_only(velodyne_laserscan)
[0.451s] Level 1:colcon.colcon_core.environment:checking '/home/jae/Lidar_ws/install/velodyne_laserscan' for CMake module files
[0.451s] Level 1:colcon.colcon_core.environment:checking '/home/jae/Lidar_ws/install/velodyne_laserscan' for CMake config files
[0.452s] Level 1:colcon.colcon_core.shell:create_environment_hook('velodyne_laserscan', 'cmake_prefix_path')
[0.452s] INFO:colcon.colcon_core.shell:Creating environment hook '/home/jae/Lidar_ws/install/velodyne_laserscan/share/velodyne_laserscan/hook/cmake_prefix_path.ps1'
[0.452s] INFO:colcon.colcon_core.shell:Creating environment descriptor '/home/jae/Lidar_ws/install/velodyne_laserscan/share/velodyne_laserscan/hook/cmake_prefix_path.dsv'
[0.452s] INFO:colcon.colcon_core.shell:Creating environment hook '/home/jae/Lidar_ws/install/velodyne_laserscan/share/velodyne_laserscan/hook/cmake_prefix_path.sh'
[0.453s] Level 1:colcon.colcon_core.environment:checking '/home/jae/Lidar_ws/install/velodyne_laserscan/lib'
[0.453s] Level 1:colcon.colcon_core.shell:create_environment_hook('velodyne_laserscan', 'ld_library_path_lib')
[0.453s] INFO:colcon.colcon_core.shell:Creating environment hook '/home/jae/Lidar_ws/install/velodyne_laserscan/share/velodyne_laserscan/hook/ld_library_path_lib.ps1'
[0.453s] INFO:colcon.colcon_core.shell:Creating environment descriptor '/home/jae/Lidar_ws/install/velodyne_laserscan/share/velodyne_laserscan/hook/ld_library_path_lib.dsv'
[0.454s] INFO:colcon.colcon_core.shell:Creating environment hook '/home/jae/Lidar_ws/install/velodyne_laserscan/share/velodyne_laserscan/hook/ld_library_path_lib.sh'
[0.454s] Level 1:colcon.colcon_core.environment:checking '/home/jae/Lidar_ws/install/velodyne_laserscan/bin'
[0.454s] Level 1:colcon.colcon_core.environment:checking '/home/jae/Lidar_ws/install/velodyne_laserscan/lib/pkgconfig/velodyne_laserscan.pc'
[0.454s] Level 1:colcon.colcon_core.environment:checking '/home/jae/Lidar_ws/install/velodyne_laserscan/lib/python3.10/site-packages'
[0.454s] Level 1:colcon.colcon_core.environment:checking '/home/jae/Lidar_ws/install/velodyne_laserscan/bin'
[0.455s] INFO:colcon.colcon_core.shell:Creating package script '/home/jae/Lidar_ws/install/velodyne_laserscan/share/velodyne_laserscan/package.ps1'
[0.455s] INFO:colcon.colcon_core.shell:Creating package descriptor '/home/jae/Lidar_ws/install/velodyne_laserscan/share/velodyne_laserscan/package.dsv'
[0.456s] INFO:colcon.colcon_core.shell:Creating package script '/home/jae/Lidar_ws/install/velodyne_laserscan/share/velodyne_laserscan/package.sh'
[0.456s] INFO:colcon.colcon_core.shell:Creating package script '/home/jae/Lidar_ws/install/velodyne_laserscan/share/velodyne_laserscan/package.bash'
[0.456s] INFO:colcon.colcon_core.shell:Creating package script '/home/jae/Lidar_ws/install/velodyne_laserscan/share/velodyne_laserscan/package.zsh'
[0.457s] Level 1:colcon.colcon_core.environment:create_file_with_runtime_dependencies(/home/jae/Lidar_ws/install/velodyne_laserscan/share/colcon-core/packages/velodyne_laserscan)
[0.553s] DEBUG:colcon.colcon_core.event_handler.log_command:Invoked command in '/home/jae/Lidar_ws/build/velodyne_msgs' returned '0': CMAKE_PREFIX_PATH=${CMAKE_PREFIX_PATH}:/home/jae/Lidar_ws/install/lidar_processing:/home/jae/ros2_ws/install/lidar_perception:/opt/ros/humble /usr/bin/cmake --build /home/jae/Lidar_ws/build/velodyne_msgs -- -j12 -l12
[0.555s] DEBUG:colcon.colcon_core.event_handler.log_command:Invoking command in '/home/jae/Lidar_ws/build/velodyne_msgs': CMAKE_PREFIX_PATH=${CMAKE_PREFIX_PATH}:/home/jae/Lidar_ws/install/lidar_processing:/home/jae/ros2_ws/install/lidar_perception:/opt/ros/humble /usr/bin/cmake --install /home/jae/Lidar_ws/build/velodyne_msgs
[0.619s] Level 1:colcon.colcon_core.environment:create_environment_scripts_only(velodyne_msgs)
[0.620s] DEBUG:colcon.colcon_core.event_handler.log_command:Invoked command in '/home/jae/Lidar_ws/build/velodyne_msgs' returned '0': CMAKE_PREFIX_PATH=${CMAKE_PREFIX_PATH}:/home/jae/Lidar_ws/install/lidar_processing:/home/jae/ros2_ws/install/lidar_perception:/opt/ros/humble /usr/bin/cmake --install /home/jae/Lidar_ws/build/velodyne_msgs
[0.620s] Level 1:colcon.colcon_core.environment:checking '/home/jae/Lidar_ws/install/velodyne_msgs' for CMake module files
[0.621s] Level 1:colcon.colcon_core.environment:checking '/home/jae/Lidar_ws/install/velodyne_msgs' for CMake config files
[0.621s] Level 1:colcon.colcon_core.shell:create_environment_hook('velodyne_msgs', 'cmake_prefix_path')
[0.621s] INFO:colcon.colcon_core.shell:Creating environment hook '/home/jae/Lidar_ws/install/velodyne_msgs/share/velodyne_msgs/hook/cmake_prefix_path.ps1'
[0.622s] INFO:colcon.colcon_core.shell:Creating environment descriptor '/home/jae/Lidar_ws/install/velodyne_msgs/share/velodyne_msgs/hook/cmake_prefix_path.dsv'
[0.622s] INFO:colcon.colcon_core.shell:Creating environment hook '/home/jae/Lidar_ws/install/velodyne_msgs/share/velodyne_msgs/hook/cmake_prefix_path.sh'
[0.622s] Level 1:colcon.colcon_core.environment:checking '/home/jae/Lidar_ws/install/velodyne_msgs/lib'
[0.622s] Level 1:colcon.colcon_core.shell:create_environment_hook('velodyne_msgs', 'ld_library_path_lib')
[0.623s] INFO:colcon.colcon_core.shell:Creating environment hook '/home/jae/Lidar_ws/install/velodyne_msgs/share/velodyne_msgs/hook/ld_library_path_lib.ps1'
[0.623s] INFO:colcon.colcon_core.shell:Creating environment descriptor '/home/jae/Lidar_ws/install/velodyne_msgs/share/velodyne_msgs/hook/ld_library_path_lib.dsv'
[0.623s] INFO:colcon.colcon_core.shell:Creating environment hook '/home/jae/Lidar_ws/install/velodyne_msgs/share/velodyne_msgs/hook/ld_library_path_lib.sh'
[0.623s] Level 1:colcon.colcon_core.environment:checking '/home/jae/Lidar_ws/install/velodyne_msgs/bin'
[0.623s] Level 1:colcon.colcon_core.environment:checking '/home/jae/Lidar_ws/install/velodyne_msgs/lib/pkgconfig/velodyne_msgs.pc'
[0.624s] Level 1:colcon.colcon_core.environment:checking '/home/jae/Lidar_ws/install/velodyne_msgs/lib/python3.10/site-packages'
[0.624s] Level 1:colcon.colcon_core.environment:checking '/home/jae/Lidar_ws/install/velodyne_msgs/bin'
[0.624s] INFO:colcon.colcon_core.shell:Creating package script '/home/jae/Lidar_ws/install/velodyne_msgs/share/velodyne_msgs/package.ps1'
[0.624s] INFO:colcon.colcon_core.shell:Creating package descriptor '/home/jae/Lidar_ws/install/velodyne_msgs/share/velodyne_msgs/package.dsv'
[0.625s] INFO:colcon.colcon_core.shell:Creating package script '/home/jae/Lidar_ws/install/velodyne_msgs/share/velodyne_msgs/package.sh'
[0.625s] INFO:colcon.colcon_core.shell:Creating package script '/home/jae/Lidar_ws/install/velodyne_msgs/share/velodyne_msgs/package.bash'
[0.625s] INFO:colcon.colcon_core.shell:Creating package script '/home/jae/Lidar_ws/install/velodyne_msgs/share/velodyne_msgs/package.zsh'
[0.626s] Level 1:colcon.colcon_core.environment:create_file_with_runtime_dependencies(/home/jae/Lidar_ws/install/velodyne_msgs/share/colcon-core/packages/velodyne_msgs)
[0.626s] Level 1:colcon.colcon_core.environment:create_environment_scripts_only(velodyne_msgs)
[0.626s] Level 1:colcon.colcon_core.environment:checking '/home/jae/Lidar_ws/install/velodyne_msgs' for CMake module files
[0.627s] Level 1:colcon.colcon_core.environment:checking '/home/jae/Lidar_ws/install/velodyne_msgs' for CMake config files
[0.627s] Level 1:colcon.colcon_core.shell:create_environment_hook('velodyne_msgs', 'cmake_prefix_path')
[0.627s] INFO:colcon.colcon_core.shell:Creating environment hook '/home/jae/Lidar_ws/install/velodyne_msgs/share/velodyne_msgs/hook/cmake_prefix_path.ps1'
[0.628s] INFO:colcon.colcon_core.shell:Creating environment descriptor '/home/jae/Lidar_ws/install/velodyne_msgs/share/velodyne_msgs/hook/cmake_prefix_path.dsv'
[0.628s] INFO:colcon.colcon_core.shell:Creating environment hook '/home/jae/Lidar_ws/install/velodyne_msgs/share/velodyne_msgs/hook/cmake_prefix_path.sh'
[0.628s] Level 1:colcon.colcon_core.environment:checking '/home/jae/Lidar_ws/install/velodyne_msgs/lib'
[0.628s] Level 1:colcon.colcon_core.shell:create_environment_hook('velodyne_msgs', 'ld_library_path_lib')
[0.628s] INFO:colcon.colcon_core.shell:Creating environment hook '/home/jae/Lidar_ws/install/velodyne_msgs/share/velodyne_msgs/hook/ld_library_path_lib.ps1'
[0.629s] INFO:colcon.colcon_core.shell:Creating environment descriptor '/home/jae/Lidar_ws/install/velodyne_msgs/share/velodyne_msgs/hook/ld_library_path_lib.dsv'
[0.629s] INFO:colcon.colcon_core.shell:Creating environment hook '/home/jae/Lidar_ws/install/velodyne_msgs/share/velodyne_msgs/hook/ld_library_path_lib.sh'
[0.629s] Level 1:colcon.colcon_core.environment:checking '/home/jae/Lidar_ws/install/velodyne_msgs/bin'
[0.629s] Level 1:colcon.colcon_core.environment:checking '/home/jae/Lidar_ws/install/velodyne_msgs/lib/pkgconfig/velodyne_msgs.pc'
[0.630s] Level 1:colcon.colcon_core.environment:checking '/home/jae/Lidar_ws/install/velodyne_msgs/lib/python3.10/site-packages'
[0.630s] Level 1:colcon.colcon_core.environment:checking '/home/jae/Lidar_ws/install/velodyne_msgs/bin'
[0.630s] INFO:colcon.colcon_core.shell:Creating package script '/home/jae/Lidar_ws/install/velodyne_msgs/share/velodyne_msgs/package.ps1'
[0.630s] INFO:colcon.colcon_core.shell:Creating package descriptor '/home/jae/Lidar_ws/install/velodyne_msgs/share/velodyne_msgs/package.dsv'
[0.631s] INFO:colcon.colcon_core.shell:Creating package script '/home/jae/Lidar_ws/install/velodyne_msgs/share/velodyne_msgs/package.sh'
[0.631s] INFO:colcon.colcon_core.shell:Creating package script '/home/jae/Lidar_ws/install/velodyne_msgs/share/velodyne_msgs/package.bash'
[0.631s] INFO:colcon.colcon_core.shell:Creating package script '/home/jae/Lidar_ws/install/velodyne_msgs/share/velodyne_msgs/package.zsh'
[0.632s] Level 1:colcon.colcon_core.environment:create_file_with_runtime_dependencies(/home/jae/Lidar_ws/install/velodyne_msgs/share/colcon-core/packages/velodyne_msgs)
[0.632s] INFO:colcon.colcon_ros.task.ament_cmake.build:Building ROS package in '/home/jae/Lidar_ws/src/velodyne/velodyne_driver' with build type 'ament_cmake'
[0.632s] INFO:colcon.colcon_cmake.task.cmake.build:Building CMake package in '/home/jae/Lidar_ws/src/velodyne/velodyne_driver'
[0.632s] INFO:colcon.colcon_core.shell:Skip shell extension 'powershell' for command environment: Not usable outside of PowerShell
[0.632s] DEBUG:colcon.colcon_core.shell:Skip shell extension 'dsv' for command environment
[0.636s] INFO:colcon.colcon_ros.task.ament_cmake.build:Building ROS package in '/home/jae/Lidar_ws/src/velodyne/velodyne_pointcloud' with build type 'ament_cmake'
[0.636s] INFO:colcon.colcon_cmake.task.cmake.build:Building CMake package in '/home/jae/Lidar_ws/src/velodyne/velodyne_pointcloud'
[0.636s] INFO:colcon.colcon_core.shell:Skip shell extension 'powershell' for command environment: Not usable outside of PowerShell
[0.636s] DEBUG:colcon.colcon_core.shell:Skip shell extension 'dsv' for command environment
[0.642s] DEBUG:colcon.colcon_core.event_handler.log_command:Invoking command in '/home/jae/Lidar_ws/build/velodyne_driver': CMAKE_PREFIX_PATH=/home/jae/Lidar_ws/install/velodyne_msgs:/home/jae/Lidar_ws/install/velodyne:/home/jae/Lidar_ws/install/velodyne_pointcloud:/home/jae/Lidar_ws/install/velodyne_driver:/home/jae/Lidar_ws/install/velodyne_laserscan:/home/jae/Lidar_ws/install/lidar_processing:/home/jae/ros2_ws/install/lidar_perception:/opt/ros/humble LD_LIBRARY_PATH=/home/jae/Lidar_ws/install/velodyne_msgs/lib:/home/jae/Lidar_ws/install/velodyne_pointcloud/lib:/home/jae/Lidar_ws/install/velodyne_driver/lib:/home/jae/Lidar_ws/install/velodyne_laserscan/lib:/opt/ros/humble/opt/rviz_ogre_vendor/lib:/opt/ros/humble/lib/x86_64-linux-gnu:/opt/ros/humble/lib /usr/bin/cmake --build /home/jae/Lidar_ws/build/velodyne_driver -- -j12 -l12
[0.646s] DEBUG:colcon.colcon_core.event_handler.log_command:Invoking command in '/home/jae/Lidar_ws/build/velodyne_pointcloud': CMAKE_PREFIX_PATH=/home/jae/Lidar_ws/install/velodyne_msgs:/home/jae/Lidar_ws/install/velodyne:/home/jae/Lidar_ws/install/velodyne_pointcloud:/home/jae/Lidar_ws/install/velodyne_driver:/home/jae/Lidar_ws/install/velodyne_laserscan:/home/jae/Lidar_ws/install/lidar_processing:/home/jae/ros2_ws/install/lidar_perception:/opt/ros/humble LD_LIBRARY_PATH=/home/jae/Lidar_ws/install/velodyne_msgs/lib:/home/jae/Lidar_ws/install/velodyne_pointcloud/lib:/home/jae/Lidar_ws/install/velodyne_driver/lib:/home/jae/Lidar_ws/install/velodyne_laserscan/lib:/opt/ros/humble/opt/rviz_ogre_vendor/lib:/opt/ros/humble/lib/x86_64-linux-gnu:/opt/ros/humble/lib /usr/bin/cmake --build /home/jae/Lidar_ws/build/velodyne_pointcloud -- -j12 -l12
[0.776s] DEBUG:colcon.colcon_core.event_handler.log_command:Invoked command in '/home/jae/Lidar_ws/build/velodyne_driver' returned '0': CMAKE_PREFIX_PATH=/home/jae/Lidar_ws/install/velodyne_msgs:/home/jae/Lidar_ws/install/velodyne:/home/jae/Lidar_ws/install/velodyne_pointcloud:/home/jae/Lidar_ws/install/velodyne_driver:/home/jae/Lidar_ws/install/velodyne_laserscan:/home/jae/Lidar_ws/install/lidar_processing:/home/jae/ros2_ws/install/lidar_perception:/opt/ros/humble LD_LIBRARY_PATH=/home/jae/Lidar_ws/install/velodyne_msgs/lib:/home/jae/Lidar_ws/install/velodyne_pointcloud/lib:/home/jae/Lidar_ws/install/velodyne_driver/lib:/home/jae/Lidar_ws/install/velodyne_laserscan/lib:/opt/ros/humble/opt/rviz_ogre_vendor/lib:/opt/ros/humble/lib/x86_64-linux-gnu:/opt/ros/humble/lib /usr/bin/cmake --build /home/jae/Lidar_ws/build/velodyne_driver -- -j12 -l12
[0.777s] DEBUG:colcon.colcon_core.event_handler.log_command:Invoking command in '/home/jae/Lidar_ws/build/velodyne_driver': CMAKE_PREFIX_PATH=/home/jae/Lidar_ws/install/velodyne_msgs:/home/jae/Lidar_ws/install/velodyne:/home/jae/Lidar_ws/install/velodyne_pointcloud:/home/jae/Lidar_ws/install/velodyne_driver:/home/jae/Lidar_ws/install/velodyne_laserscan:/home/jae/Lidar_ws/install/lidar_processing:/home/jae/ros2_ws/install/lidar_perception:/opt/ros/humble LD_LIBRARY_PATH=/home/jae/Lidar_ws/install/velodyne_msgs/lib:/home/jae/Lidar_ws/install/velodyne_pointcloud/lib:/home/jae/Lidar_ws/install/velodyne_driver/lib:/home/jae/Lidar_ws/install/velodyne_laserscan/lib:/opt/ros/humble/opt/rviz_ogre_vendor/lib:/opt/ros/humble/lib/x86_64-linux-gnu:/opt/ros/humble/lib /usr/bin/cmake --install /home/jae/Lidar_ws/build/velodyne_driver
[0.795s] DEBUG:colcon.colcon_core.event_handler.log_command:Invoked command in '/home/jae/Lidar_ws/build/velodyne_pointcloud' returned '0': CMAKE_PREFIX_PATH=/home/jae/Lidar_ws/install/velodyne_msgs:/home/jae/Lidar_ws/install/velodyne:/home/jae/Lidar_ws/install/velodyne_pointcloud:/home/jae/Lidar_ws/install/velodyne_driver:/home/jae/Lidar_ws/install/velodyne_laserscan:/home/jae/Lidar_ws/install/lidar_processing:/home/jae/ros2_ws/install/lidar_perception:/opt/ros/humble LD_LIBRARY_PATH=/home/jae/Lidar_ws/install/velodyne_msgs/lib:/home/jae/Lidar_ws/install/velodyne_pointcloud/lib:/home/jae/Lidar_ws/install/velodyne_driver/lib:/home/jae/Lidar_ws/install/velodyne_laserscan/lib:/opt/ros/humble/opt/rviz_ogre_vendor/lib:/opt/ros/humble/lib/x86_64-linux-gnu:/opt/ros/humble/lib /usr/bin/cmake --build /home/jae/Lidar_ws/build/velodyne_pointcloud -- -j12 -l12
[0.797s] DEBUG:colcon.colcon_core.event_handler.log_command:Invoking command in '/home/jae/Lidar_ws/build/velodyne_pointcloud': CMAKE_PREFIX_PATH=/home/jae/Lidar_ws/install/velodyne_msgs:/home/jae/Lidar_ws/install/velodyne:/home/jae/Lidar_ws/install/velodyne_pointcloud:/home/jae/Lidar_ws/install/velodyne_driver:/home/jae/Lidar_ws/install/velodyne_laserscan:/home/jae/Lidar_ws/install/lidar_processing:/home/jae/ros2_ws/install/lidar_perception:/opt/ros/humble LD_LIBRARY_PATH=/home/jae/Lidar_ws/install/velodyne_msgs/lib:/home/jae/Lidar_ws/install/velodyne_pointcloud/lib:/home/jae/Lidar_ws/install/velodyne_driver/lib:/home/jae/Lidar_ws/install/velodyne_laserscan/lib:/opt/ros/humble/opt/rviz_ogre_vendor/lib:/opt/ros/humble/lib/x86_64-linux-gnu:/opt/ros/humble/lib /usr/bin/cmake --install /home/jae/Lidar_ws/build/velodyne_pointcloud
[0.802s] Level 1:colcon.colcon_core.environment:create_environment_scripts_only(velodyne_driver)
[0.802s] Level 1:colcon.colcon_core.environment:checking '/home/jae/Lidar_ws/install/velodyne_driver' for CMake module files
[0.803s] DEBUG:colcon.colcon_core.event_handler.log_command:Invoked command in '/home/jae/Lidar_ws/build/velodyne_driver' returned '0': CMAKE_PREFIX_PATH=/home/jae/Lidar_ws/install/velodyne_msgs:/home/jae/Lidar_ws/install/velodyne:/home/jae/Lidar_ws/install/velodyne_pointcloud:/home/jae/Lidar_ws/install/velodyne_driver:/home/jae/Lidar_ws/install/velodyne_laserscan:/home/jae/Lidar_ws/install/lidar_processing:/home/jae/ros2_ws/install/lidar_perception:/opt/ros/humble LD_LIBRARY_PATH=/home/jae/Lidar_ws/install/velodyne_msgs/lib:/home/jae/Lidar_ws/install/velodyne_pointcloud/lib:/home/jae/Lidar_ws/install/velodyne_driver/lib:/home/jae/Lidar_ws/install/velodyne_laserscan/lib:/opt/ros/humble/opt/rviz_ogre_vendor/lib:/opt/ros/humble/lib/x86_64-linux-gnu:/opt/ros/humble/lib /usr/bin/cmake --install /home/jae/Lidar_ws/build/velodyne_driver
[0.803s] Level 1:colcon.colcon_core.environment:checking '/home/jae/Lidar_ws/install/velodyne_driver' for CMake config files
[0.803s] Level 1:colcon.colcon_core.shell:create_environment_hook('velodyne_driver', 'cmake_prefix_path')
[0.804s] INFO:colcon.colcon_core.shell:Creating environment hook '/home/jae/Lidar_ws/install/velodyne_driver/share/velodyne_driver/hook/cmake_prefix_path.ps1'
[0.804s] INFO:colcon.colcon_core.shell:Creating environment descriptor '/home/jae/Lidar_ws/install/velodyne_driver/share/velodyne_driver/hook/cmake_prefix_path.dsv'
[0.805s] INFO:colcon.colcon_core.shell:Creating environment hook '/home/jae/Lidar_ws/install/velodyne_driver/share/velodyne_driver/hook/cmake_prefix_path.sh'
[0.807s] Level 1:colcon.colcon_core.environment:checking '/home/jae/Lidar_ws/install/velodyne_driver/lib'
[0.807s] Level 1:colcon.colcon_core.shell:create_environment_hook('velodyne_driver', 'ld_library_path_lib')
[0.808s] INFO:colcon.colcon_core.shell:Creating environment hook '/home/jae/Lidar_ws/install/velodyne_driver/share/velodyne_driver/hook/ld_library_path_lib.ps1'
[0.808s] INFO:colcon.colcon_core.shell:Creating environment descriptor '/home/jae/Lidar_ws/install/velodyne_driver/share/velodyne_driver/hook/ld_library_path_lib.dsv'
[0.811s] INFO:colcon.colcon_core.shell:Creating environment hook '/home/jae/Lidar_ws/install/velodyne_driver/share/velodyne_driver/hook/ld_library_path_lib.sh'
[0.812s] Level 1:colcon.colcon_core.environment:checking '/home/jae/Lidar_ws/install/velodyne_driver/bin'
[0.812s] Level 1:colcon.colcon_core.environment:checking '/home/jae/Lidar_ws/install/velodyne_driver/lib/pkgconfig/velodyne_driver.pc'
[0.812s] Level 1:colcon.colcon_core.environment:checking '/home/jae/Lidar_ws/install/velodyne_driver/lib/python3.10/site-packages'
[0.812s] Level 1:colcon.colcon_core.environment:checking '/home/jae/Lidar_ws/install/velodyne_driver/bin'
[0.812s] INFO:colcon.colcon_core.shell:Creating package script '/home/jae/Lidar_ws/install/velodyne_driver/share/velodyne_driver/package.ps1'
[0.813s] INFO:colcon.colcon_core.shell:Creating package descriptor '/home/jae/Lidar_ws/install/velodyne_driver/share/velodyne_driver/package.dsv'
[0.813s] INFO:colcon.colcon_core.shell:Creating package script '/home/jae/Lidar_ws/install/velodyne_driver/share/velodyne_driver/package.sh'
[0.814s] INFO:colcon.colcon_core.shell:Creating package script '/home/jae/Lidar_ws/install/velodyne_driver/share/velodyne_driver/package.bash'
[0.814s] INFO:colcon.colcon_core.shell:Creating package script '/home/jae/Lidar_ws/install/velodyne_driver/share/velodyne_driver/package.zsh'
[0.814s] Level 1:colcon.colcon_core.environment:create_file_with_runtime_dependencies(/home/jae/Lidar_ws/install/velodyne_driver/share/colcon-core/packages/velodyne_driver)
[0.815s] Level 1:colcon.colcon_core.environment:create_environment_scripts_only(velodyne_driver)
[0.815s] Level 1:colcon.colcon_core.environment:checking '/home/jae/Lidar_ws/install/velodyne_driver' for CMake module files
[0.815s] Level 1:colcon.colcon_core.environment:checking '/home/jae/Lidar_ws/install/velodyne_driver' for CMake config files
[0.816s] Level 1:colcon.colcon_core.shell:create_environment_hook('velodyne_driver', 'cmake_prefix_path')
[0.816s] INFO:colcon.colcon_core.shell:Creating environment hook '/home/jae/Lidar_ws/install/velodyne_driver/share/velodyne_driver/hook/cmake_prefix_path.ps1'
[0.816s] INFO:colcon.colcon_core.shell:Creating environment descriptor '/home/jae/Lidar_ws/install/velodyne_driver/share/velodyne_driver/hook/cmake_prefix_path.dsv'
[0.816s] INFO:colcon.colcon_core.shell:Creating environment hook '/home/jae/Lidar_ws/install/velodyne_driver/share/velodyne_driver/hook/cmake_prefix_path.sh'
[0.817s] Level 1:colcon.colcon_core.environment:checking '/home/jae/Lidar_ws/install/velodyne_driver/lib'
[0.817s] Level 1:colcon.colcon_core.shell:create_environment_hook('velodyne_driver', 'ld_library_path_lib')
[0.817s] INFO:colcon.colcon_core.shell:Creating environment hook '/home/jae/Lidar_ws/install/velodyne_driver/share/velodyne_driver/hook/ld_library_path_lib.ps1'
[0.818s] INFO:colcon.colcon_core.shell:Creating environment descriptor '/home/jae/Lidar_ws/install/velodyne_driver/share/velodyne_driver/hook/ld_library_path_lib.dsv'
[0.818s] INFO:colcon.colcon_core.shell:Creating environment hook '/home/jae/Lidar_ws/install/velodyne_driver/share/velodyne_driver/hook/ld_library_path_lib.sh'
[0.818s] Level 1:colcon.colcon_core.environment:checking '/home/jae/Lidar_ws/install/velodyne_driver/bin'
[0.818s] Level 1:colcon.colcon_core.environment:checking '/home/jae/Lidar_ws/install/velodyne_driver/lib/pkgconfig/velodyne_driver.pc'
[0.818s] Level 1:colcon.colcon_core.environment:checking '/home/jae/Lidar_ws/install/velodyne_driver/lib/python3.10/site-packages'
[0.819s] Level 1:colcon.colcon_core.environment:checking '/home/jae/Lidar_ws/install/velodyne_driver/bin'
[0.819s] INFO:colcon.colcon_core.shell:Creating package script '/home/jae/Lidar_ws/install/velodyne_driver/share/velodyne_driver/package.ps1'
[0.819s] INFO:colcon.colcon_core.shell:Creating package descriptor '/home/jae/Lidar_ws/install/velodyne_driver/share/velodyne_driver/package.dsv'
[0.820s] INFO:colcon.colcon_core.shell:Creating package script '/home/jae/Lidar_ws/install/velodyne_driver/share/velodyne_driver/package.sh'
[0.820s] INFO:colcon.colcon_core.shell:Creating package script '/home/jae/Lidar_ws/install/velodyne_driver/share/velodyne_driver/package.bash'
[0.820s] INFO:colcon.colcon_core.shell:Creating package script '/home/jae/Lidar_ws/install/velodyne_driver/share/velodyne_driver/package.zsh'
[0.821s] Level 1:colcon.colcon_core.environment:create_file_with_runtime_dependencies(/home/jae/Lidar_ws/install/velodyne_driver/share/colcon-core/packages/velodyne_driver)
[0.825s] Level 1:colcon.colcon_core.environment:create_environment_scripts_only(velodyne_pointcloud)
[0.826s] Level 1:colcon.colcon_core.environment:checking '/home/jae/Lidar_ws/install/velodyne_pointcloud' for CMake module files
[0.826s] DEBUG:colcon.colcon_core.event_handler.log_command:Invoked command in '/home/jae/Lidar_ws/build/velodyne_pointcloud' returned '0': CMAKE_PREFIX_PATH=/home/jae/Lidar_ws/install/velodyne_msgs:/home/jae/Lidar_ws/install/velodyne:/home/jae/Lidar_ws/install/velodyne_pointcloud:/home/jae/Lidar_ws/install/velodyne_driver:/home/jae/Lidar_ws/install/velodyne_laserscan:/home/jae/Lidar_ws/install/lidar_processing:/home/jae/ros2_ws/install/lidar_perception:/opt/ros/humble LD_LIBRARY_PATH=/home/jae/Lidar_ws/install/velodyne_msgs/lib:/home/jae/Lidar_ws/install/velodyne_pointcloud/lib:/home/jae/Lidar_ws/install/velodyne_driver/lib:/home/jae/Lidar_ws/install/velodyne_laserscan/lib:/opt/ros/humble/opt/rviz_ogre_vendor/lib:/opt/ros/humble/lib/x86_64-linux-gnu:/opt/ros/humble/lib /usr/bin/cmake --install /home/jae/Lidar_ws/build/velodyne_pointcloud
[0.826s] Level 1:colcon.colcon_core.environment:checking '/home/jae/Lidar_ws/install/velodyne_pointcloud' for CMake config files
[0.827s] Level 1:colcon.colcon_core.shell:create_environment_hook('velodyne_pointcloud', 'cmake_prefix_path')
[0.827s] INFO:colcon.colcon_core.shell:Creating environment hook '/home/jae/Lidar_ws/install/velodyne_pointcloud/share/velodyne_pointcloud/hook/cmake_prefix_path.ps1'
[0.827s] INFO:colcon.colcon_core.shell:Creating environment descriptor '/home/jae/Lidar_ws/install/velodyne_pointcloud/share/velodyne_pointcloud/hook/cmake_prefix_path.dsv'
[0.828s] INFO:colcon.colcon_core.shell:Creating environment hook '/home/jae/Lidar_ws/install/velodyne_pointcloud/share/velodyne_pointcloud/hook/cmake_prefix_path.sh'
[0.828s] Level 1:colcon.colcon_core.environment:checking '/home/jae/Lidar_ws/install/velodyne_pointcloud/lib'
[0.828s] Level 1:colcon.colcon_core.shell:create_environment_hook('velodyne_pointcloud', 'ld_library_path_lib')
[0.828s] INFO:colcon.colcon_core.shell:Creating environment hook '/home/jae/Lidar_ws/install/velodyne_pointcloud/share/velodyne_pointcloud/hook/ld_library_path_lib.ps1'
[0.829s] INFO:colcon.colcon_core.shell:Creating environment descriptor '/home/jae/Lidar_ws/install/velodyne_pointcloud/share/velodyne_pointcloud/hook/ld_library_path_lib.dsv'
[0.829s] INFO:colcon.colcon_core.shell:Creating environment hook '/home/jae/Lidar_ws/install/velodyne_pointcloud/share/velodyne_pointcloud/hook/ld_library_path_lib.sh'
[0.829s] Level 1:colcon.colcon_core.environment:checking '/home/jae/Lidar_ws/install/velodyne_pointcloud/bin'
[0.829s] Level 1:colcon.colcon_core.environment:checking '/home/jae/Lidar_ws/install/velodyne_pointcloud/lib/pkgconfig/velodyne_pointcloud.pc'
[0.829s] Level 1:colcon.colcon_core.environment:checking '/home/jae/Lidar_ws/install/velodyne_pointcloud/lib/python3.10/site-packages'
[0.829s] Level 1:colcon.colcon_core.environment:checking '/home/jae/Lidar_ws/install/velodyne_pointcloud/bin'
[0.830s] INFO:colcon.colcon_core.shell:Creating package script '/home/jae/Lidar_ws/install/velodyne_pointcloud/share/velodyne_pointcloud/package.ps1'
[0.830s] INFO:colcon.colcon_core.shell:Creating package descriptor '/home/jae/Lidar_ws/install/velodyne_pointcloud/share/velodyne_pointcloud/package.dsv'
[0.830s] INFO:colcon.colcon_core.shell:Creating package script '/home/jae/Lidar_ws/install/velodyne_pointcloud/share/velodyne_pointcloud/package.sh'
[0.831s] INFO:colcon.colcon_core.shell:Creating package script '/home/jae/Lidar_ws/install/velodyne_pointcloud/share/velodyne_pointcloud/package.bash'
[0.831s] INFO:colcon.colcon_core.shell:Creating package script '/home/jae/Lidar_ws/install/velodyne_pointcloud/share/velodyne_pointcloud/package.zsh'
[0.832s] Level 1:colcon.colcon_core.environment:create_file_with_runtime_dependencies(/home/jae/Lidar_ws/install/velodyne_pointcloud/share/colcon-core/packages/velodyne_pointcloud)
[0.832s] Level 1:colcon.colcon_core.environment:create_environment_scripts_only(velodyne_pointcloud)
[0.832s] Level 1:colcon.colcon_core.environment:checking '/home/jae/Lidar_ws/install/velodyne_pointcloud' for CMake module files
[0.833s] Level 1:colcon.colcon_core.environment:checking '/home/jae/Lidar_ws/install/velodyne_pointcloud' for CMake config files
[0.833s] Level 1:colcon.colcon_core.shell:create_environment_hook('velodyne_pointcloud', 'cmake_prefix_path')
[0.833s] INFO:colcon.colcon_core.shell:Creating environment hook '/home/jae/Lidar_ws/install/velodyne_pointcloud/share/velodyne_pointcloud/hook/cmake_prefix_path.ps1'
[0.833s] INFO:colcon.colcon_core.shell:Creating environment descriptor '/home/jae/Lidar_ws/install/velodyne_pointcloud/share/velodyne_pointcloud/hook/cmake_prefix_path.dsv'
[0.834s] INFO:colcon.colcon_core.shell:Creating environment hook '/home/jae/Lidar_ws/install/velodyne_pointcloud/share/velodyne_pointcloud/hook/cmake_prefix_path.sh'
[0.834s] Level 1:colcon.colcon_core.environment:checking '/home/jae/Lidar_ws/install/velodyne_pointcloud/lib'
[0.834s] Level 1:colcon.colcon_core.shell:create_environment_hook('velodyne_pointcloud', 'ld_library_path_lib')
[0.834s] INFO:colcon.colcon_core.shell:Creating environment hook '/home/jae/Lidar_ws/install/velodyne_pointcloud/share/velodyne_pointcloud/hook/ld_library_path_lib.ps1'
[0.834s] INFO:colcon.colcon_core.shell:Creating environment descriptor '/home/jae/Lidar_ws/install/velodyne_pointcloud/share/velodyne_pointcloud/hook/ld_library_path_lib.dsv'
[0.835s] INFO:colcon.colcon_core.shell:Creating environment hook '/home/jae/Lidar_ws/install/velodyne_pointcloud/share/velodyne_pointcloud/hook/ld_library_path_lib.sh'
[0.835s] Level 1:colcon.colcon_core.environment:checking '/home/jae/Lidar_ws/install/velodyne_pointcloud/bin'
[0.835s] Level 1:colcon.colcon_core.environment:checking '/home/jae/Lidar_ws/install/velodyne_pointcloud/lib/pkgconfig/velodyne_pointcloud.pc'
[0.835s] Level 1:colcon.colcon_core.environment:checking '/home/jae/Lidar_ws/install/velodyne_pointcloud/lib/python3.10/site-packages'
[0.835s] Level 1:colcon.colcon_core.environment:checking '/home/jae/Lidar_ws/install/velodyne_pointcloud/bin'
[0.836s] INFO:colcon.colcon_core.shell:Creating package script '/home/jae/Lidar_ws/install/velodyne_pointcloud/share/velodyne_pointcloud/package.ps1'
[0.836s] INFO:colcon.colcon_core.shell:Creating package descriptor '/home/jae/Lidar_ws/install/velodyne_pointcloud/share/velodyne_pointcloud/package.dsv'
[0.837s] INFO:colcon.colcon_core.shell:Creating package script '/home/jae/Lidar_ws/install/velodyne_pointcloud/share/velodyne_pointcloud/package.sh'
[0.837s] INFO:colcon.colcon_core.shell:Creating package script '/home/jae/Lidar_ws/install/velodyne_pointcloud/share/velodyne_pointcloud/package.bash'
[0.837s] INFO:colcon.colcon_core.shell:Creating package script '/home/jae/Lidar_ws/install/velodyne_pointcloud/share/velodyne_pointcloud/package.zsh'
[0.838s] Level 1:colcon.colcon_core.environment:create_file_with_runtime_dependencies(/home/jae/Lidar_ws/install/velodyne_pointcloud/share/colcon-core/packages/velodyne_pointcloud)
[0.838s] INFO:colcon.colcon_ros.task.ament_cmake.build:Building ROS package in '/home/jae/Lidar_ws/src/velodyne/velodyne' with build type 'ament_cmake'
[0.838s] INFO:colcon.colcon_cmake.task.cmake.build:Building CMake package in '/home/jae/Lidar_ws/src/velodyne/velodyne'
[0.838s] INFO:colcon.colcon_core.shell:Skip shell extension 'powershell' for command environment: Not usable outside of PowerShell
[0.838s] DEBUG:colcon.colcon_core.shell:Skip shell extension 'dsv' for command environment
[0.851s] DEBUG:colcon.colcon_core.event_handler.log_command:Invoking command in '/home/jae/Lidar_ws/build/velodyne': CMAKE_PREFIX_PATH=/home/jae/Lidar_ws/install/velodyne_pointcloud:/home/jae/Lidar_ws/install/velodyne_driver:/home/jae/Lidar_ws/install/velodyne_msgs:/home/jae/Lidar_ws/install/velodyne_laserscan:/home/jae/Lidar_ws/install/velodyne:/home/jae/Lidar_ws/install/lidar_processing:/home/jae/ros2_ws/install/lidar_perception:/opt/ros/humble /usr/bin/cmake --build /home/jae/Lidar_ws/build/velodyne -- -j12 -l12
[0.885s] DEBUG:colcon.colcon_core.event_handler.log_command:Invoked command in '/home/jae/Lidar_ws/build/velodyne' returned '0': CMAKE_PREFIX_PATH=/home/jae/Lidar_ws/install/velodyne_pointcloud:/home/jae/Lidar_ws/install/velodyne_driver:/home/jae/Lidar_ws/install/velodyne_msgs:/home/jae/Lidar_ws/install/velodyne_laserscan:/home/jae/Lidar_ws/install/velodyne:/home/jae/Lidar_ws/install/lidar_processing:/home/jae/ros2_ws/install/lidar_perception:/opt/ros/humble /usr/bin/cmake --build /home/jae/Lidar_ws/build/velodyne -- -j12 -l12
[0.887s] DEBUG:colcon.colcon_core.event_handler.log_command:Invoking command in '/home/jae/Lidar_ws/build/velodyne': CMAKE_PREFIX_PATH=/home/jae/Lidar_ws/install/velodyne_pointcloud:/home/jae/Lidar_ws/install/velodyne_driver:/home/jae/Lidar_ws/install/velodyne_msgs:/home/jae/Lidar_ws/install/velodyne_laserscan:/home/jae/Lidar_ws/install/velodyne:/home/jae/Lidar_ws/install/lidar_processing:/home/jae/ros2_ws/install/lidar_perception:/opt/ros/humble /usr/bin/cmake --install /home/jae/Lidar_ws/build/velodyne
[0.906s] Level 1:colcon.colcon_core.environment:create_environment_scripts_only(velodyne)
[0.907s] Level 1:colcon.colcon_core.environment:checking '/home/jae/Lidar_ws/install/velodyne' for CMake module files
[0.907s] DEBUG:colcon.colcon_core.event_handler.log_command:Invoked command in '/home/jae/Lidar_ws/build/velodyne' returned '0': CMAKE_PREFIX_PATH=/home/jae/Lidar_ws/install/velodyne_pointcloud:/home/jae/Lidar_ws/install/velodyne_driver:/home/jae/Lidar_ws/install/velodyne_msgs:/home/jae/Lidar_ws/install/velodyne_laserscan:/home/jae/Lidar_ws/install/velodyne:/home/jae/Lidar_ws/install/lidar_processing:/home/jae/ros2_ws/install/lidar_perception:/opt/ros/humble /usr/bin/cmake --install /home/jae/Lidar_ws/build/velodyne
[0.907s] Level 1:colcon.colcon_core.environment:checking '/home/jae/Lidar_ws/install/velodyne' for CMake config files
[0.907s] Level 1:colcon.colcon_core.shell:create_environment_hook('velodyne', 'cmake_prefix_path')
[0.908s] INFO:colcon.colcon_core.shell:Creating environment hook '/home/jae/Lidar_ws/install/velodyne/share/velodyne/hook/cmake_prefix_path.ps1'
[0.908s] INFO:colcon.colcon_core.shell:Creating environment descriptor '/home/jae/Lidar_ws/install/velodyne/share/velodyne/hook/cmake_prefix_path.dsv'
[0.908s] INFO:colcon.colcon_core.shell:Creating environment hook '/home/jae/Lidar_ws/install/velodyne/share/velodyne/hook/cmake_prefix_path.sh'
[0.909s] Level 1:colcon.colcon_core.environment:checking '/home/jae/Lidar_ws/install/velodyne/bin'
[0.909s] Level 1:colcon.colcon_core.environment:checking '/home/jae/Lidar_ws/install/velodyne/lib/pkgconfig/velodyne.pc'
[0.909s] Level 1:colcon.colcon_core.environment:checking '/home/jae/Lidar_ws/install/velodyne/lib/python3.10/site-packages'
[0.909s] Level 1:colcon.colcon_core.environment:checking '/home/jae/Lidar_ws/install/velodyne/bin'
[0.909s] INFO:colcon.colcon_core.shell:Creating package script '/home/jae/Lidar_ws/install/velodyne/share/velodyne/package.ps1'
[0.910s] INFO:colcon.colcon_core.shell:Creating package descriptor '/home/jae/Lidar_ws/install/velodyne/share/velodyne/package.dsv'
[0.910s] INFO:colcon.colcon_core.shell:Creating package script '/home/jae/Lidar_ws/install/velodyne/share/velodyne/package.sh'
[0.911s] INFO:colcon.colcon_core.shell:Creating package script '/home/jae/Lidar_ws/install/velodyne/share/velodyne/package.bash'
[0.911s] INFO:colcon.colcon_core.shell:Creating package script '/home/jae/Lidar_ws/install/velodyne/share/velodyne/package.zsh'
[0.911s] Level 1:colcon.colcon_core.environment:create_file_with_runtime_dependencies(/home/jae/Lidar_ws/install/velodyne/share/colcon-core/packages/velodyne)
[0.912s] Level 1:colcon.colcon_core.environment:create_environment_scripts_only(velodyne)
[0.912s] Level 1:colcon.colcon_core.environment:checking '/home/jae/Lidar_ws/install/velodyne' for CMake module files
[0.912s] Level 1:colcon.colcon_core.environment:checking '/home/jae/Lidar_ws/install/velodyne' for CMake config files
[0.912s] Level 1:colcon.colcon_core.shell:create_environment_hook('velodyne', 'cmake_prefix_path')
[0.912s] INFO:colcon.colcon_core.shell:Creating environment hook '/home/jae/Lidar_ws/install/velodyne/share/velodyne/hook/cmake_prefix_path.ps1'
[0.913s] INFO:colcon.colcon_core.shell:Creating environment descriptor '/home/jae/Lidar_ws/install/velodyne/share/velodyne/hook/cmake_prefix_path.dsv'
[0.913s] INFO:colcon.colcon_core.shell:Creating environment hook '/home/jae/Lidar_ws/install/velodyne/share/velodyne/hook/cmake_prefix_path.sh'
[0.913s] Level 1:colcon.colcon_core.environment:checking '/home/jae/Lidar_ws/install/velodyne/bin'
[0.913s] Level 1:colcon.colcon_core.environment:checking '/home/jae/Lidar_ws/install/velodyne/lib/pkgconfig/velodyne.pc'
[0.914s] Level 1:colcon.colcon_core.environment:checking '/home/jae/Lidar_ws/install/velodyne/lib/python3.10/site-packages'
[0.914s] Level 1:colcon.colcon_core.environment:checking '/home/jae/Lidar_ws/install/velodyne/bin'
[0.914s] INFO:colcon.colcon_core.shell:Creating package script '/home/jae/Lidar_ws/install/velodyne/share/velodyne/package.ps1'
[0.914s] INFO:colcon.colcon_core.shell:Creating package descriptor '/home/jae/Lidar_ws/install/velodyne/share/velodyne/package.dsv'
[0.915s] INFO:colcon.colcon_core.shell:Creating package script '/home/jae/Lidar_ws/install/velodyne/share/velodyne/package.sh'
[0.915s] INFO:colcon.colcon_core.shell:Creating package script '/home/jae/Lidar_ws/install/velodyne/share/velodyne/package.bash'
[0.915s] INFO:colcon.colcon_core.shell:Creating package script '/home/jae/Lidar_ws/install/velodyne/share/velodyne/package.zsh'
[0.916s] Level 1:colcon.colcon_core.environment:create_file_with_runtime_dependencies(/home/jae/Lidar_ws/install/velodyne/share/colcon-core/packages/velodyne)
[0.953s] DEBUG:colcon.colcon_core.event_handler.log_command:Invoking command in '/home/jae/Lidar_ws/build/lidar_processing': PYTHONPATH=/home/jae/Lidar_ws/build/lidar_processing/prefix_override:/usr/lib/python3/dist-packages/colcon_core/task/python/colcon_distutils_commands:/home/jae/Lidar_ws/install/lidar_processing/lib/python3.10/site-packages:${PYTHONPATH} /usr/bin/python3 -W ignore:setup.py install is deprecated -W ignore:easy_install command is deprecated setup.py develop --editable --build-directory /home/jae/Lidar_ws/build/lidar_processing/build --no-deps symlink_data
[1.567s] Level 1:colcon.colcon_core.shell:create_environment_hook('lidar_processing', 'pythonpath_develop')
[1.567s] INFO:colcon.colcon_core.shell:Creating environment hook '/home/jae/Lidar_ws/build/lidar_processing/share/lidar_processing/hook/pythonpath_develop.ps1'
[1.568s] DEBUG:colcon.colcon_core.event_handler.log_command:Invoked command in '/home/jae/Lidar_ws/build/lidar_processing' returned '0': PYTHONPATH=/home/jae/Lidar_ws/build/lidar_processing/prefix_override:/usr/lib/python3/dist-packages/colcon_core/task/python/colcon_distutils_commands:/home/jae/Lidar_ws/install/lidar_processing/lib/python3.10/site-packages:${PYTHONPATH} /usr/bin/python3 -W ignore:setup.py install is deprecated -W ignore:easy_install command is deprecated setup.py develop --editable --build-directory /home/jae/Lidar_ws/build/lidar_processing/build --no-deps symlink_data
[1.568s] INFO:colcon.colcon_core.shell:Creating environment descriptor '/home/jae/Lidar_ws/build/lidar_processing/share/lidar_processing/hook/pythonpath_develop.dsv'
[1.568s] INFO:colcon.colcon_core.shell:Creating environment hook '/home/jae/Lidar_ws/build/lidar_processing/share/lidar_processing/hook/pythonpath_develop.sh'
[1.569s] Level 1:colcon.colcon_core.environment:checking '/home/jae/Lidar_ws/install/lidar_processing' for CMake module files
[1.569s] Level 1:colcon.colcon_core.environment:checking '/home/jae/Lidar_ws/install/lidar_processing' for CMake config files
[1.569s] Level 1:colcon.colcon_core.environment:checking '/home/jae/Lidar_ws/install/lidar_processing/lib'
[1.569s] Level 1:colcon.colcon_core.environment:checking '/home/jae/Lidar_ws/install/lidar_processing/bin'
[1.569s] Level 1:colcon.colcon_core.environment:checking '/home/jae/Lidar_ws/install/lidar_processing/lib/pkgconfig/lidar_processing.pc'
[1.570s] Level 1:colcon.colcon_core.environment:checking '/home/jae/Lidar_ws/install/lidar_processing/lib/python3.10/site-packages'
[1.570s] Level 1:colcon.colcon_core.shell:create_environment_hook('lidar_processing', 'pythonpath')
[1.570s] INFO:colcon.colcon_core.shell:Creating environment hook '/home/jae/Lidar_ws/install/lidar_processing/share/lidar_processing/hook/pythonpath.ps1'
[1.570s] INFO:colcon.colcon_core.shell:Creating environment descriptor '/home/jae/Lidar_ws/install/lidar_processing/share/lidar_processing/hook/pythonpath.dsv'
[1.570s] INFO:colcon.colcon_core.shell:Creating environment hook '/home/jae/Lidar_ws/install/lidar_processing/share/lidar_processing/hook/pythonpath.sh'
[1.571s] Level 1:colcon.colcon_core.environment:checking '/home/jae/Lidar_ws/install/lidar_processing/bin'
[1.571s] Level 1:colcon.colcon_core.environment:create_environment_scripts_only(lidar_processing)
[1.571s] INFO:colcon.colcon_core.shell:Creating package script '/home/jae/Lidar_ws/install/lidar_processing/share/lidar_processing/package.ps1'
[1.571s] INFO:colcon.colcon_core.shell:Creating package descriptor '/home/jae/Lidar_ws/install/lidar_processing/share/lidar_processing/package.dsv'
[1.572s] INFO:colcon.colcon_core.shell:Creating package script '/home/jae/Lidar_ws/install/lidar_processing/share/lidar_processing/package.sh'
[1.572s] INFO:colcon.colcon_core.shell:Creating package script '/home/jae/Lidar_ws/install/lidar_processing/share/lidar_processing/package.bash'
[1.572s] INFO:colcon.colcon_core.shell:Creating package script '/home/jae/Lidar_ws/install/lidar_processing/share/lidar_processing/package.zsh'
[1.573s] Level 1:colcon.colcon_core.environment:create_file_with_runtime_dependencies(/home/jae/Lidar_ws/install/lidar_processing/share/colcon-core/packages/lidar_processing)
[1.573s] DEBUG:colcon.colcon_parallel_executor.executor.parallel:closing loop
[1.573s] DEBUG:colcon.colcon_parallel_executor.executor.parallel:loop closed
[1.573s] DEBUG:colcon.colcon_parallel_executor.executor.parallel:run_until_complete finished with '0'
[1.573s] DEBUG:colcon.colcon_core.event_reactor:joining thread
[1.577s] INFO:colcon.colcon_core.plugin_system:Skipping extension 'colcon_notification.desktop_notification.terminal_notifier': Not used on non-Darwin systems
[1.577s] INFO:colcon.colcon_core.plugin_system:Skipping extension 'colcon_notification.desktop_notification.win32': Not used on non-Windows systems
[1.577s] INFO:colcon.colcon_notification.desktop_notification:Sending desktop notification using 'notify2'
[1.586s] DEBUG:colcon.colcon_core.event_reactor:joined thread
[1.586s] INFO:colcon.colcon_core.shell:Creating prefix script '/home/jae/Lidar_ws/install/local_setup.ps1'
[1.587s] INFO:colcon.colcon_core.shell:Creating prefix util module '/home/jae/Lidar_ws/install/_local_setup_util_ps1.py'
[1.588s] INFO:colcon.colcon_core.shell:Creating prefix chain script '/home/jae/Lidar_ws/install/setup.ps1'
[1.589s] INFO:colcon.colcon_core.shell:Creating prefix script '/home/jae/Lidar_ws/install/local_setup.sh'
[1.590s] INFO:colcon.colcon_core.shell:Creating prefix util module '/home/jae/Lidar_ws/install/_local_setup_util_sh.py'
[1.590s] INFO:colcon.colcon_core.shell:Creating prefix chain script '/home/jae/Lidar_ws/install/setup.sh'
[1.591s] INFO:colcon.colcon_core.shell:Creating prefix script '/home/jae/Lidar_ws/install/local_setup.bash'
[1.591s] INFO:colcon.colcon_core.shell:Creating prefix chain script '/home/jae/Lidar_ws/install/setup.bash'
[1.592s] INFO:colcon.colcon_core.shell:Creating prefix script '/home/jae/Lidar_ws/install/local_setup.zsh'
[1.592s] INFO:colcon.colcon_core.shell:Creating prefix chain script '/home/jae/Lidar_ws/install/setup.zsh'
