[0.014s] Invoking command in '/home/jae/Lidar_ws/src/build/velodyne_driver': AMENT_PREFIX_PATH=/home/jae/Lidar_ws/src/install/velodyne_msgs:${AMENT_PREFIX_PATH} CMAKE_PREFIX_PATH=/home/jae/Lidar_ws/src/install/velodyne_msgs:/home/jae/Lidar_ws/install/velodyne:/home/jae/Lidar_ws/install/velodyne_pointcloud:/home/jae/Lidar_ws/install/velodyne_driver:/home/jae/Lidar_ws/install/velodyne_msgs:/home/jae/Lidar_ws/install/velodyne_laserscan:/home/jae/Lidar_ws/install/lidar_processing:/home/jae/ros2_ws/install/lidar_perception:/opt/ros/humble LD_LIBRARY_PATH=/home/jae/Lidar_ws/src/install/velodyne_msgs/lib:${LD_LIBRARY_PATH} PYTHONPATH=/home/jae/Lidar_ws/src/install/velodyne_msgs/local/lib/python3.10/dist-packages:${PYTHONPATH} /usr/bin/cmake --build /home/jae/Lidar_ws/src/build/velodyne_driver -- -j12 -l12
[0.067s] [35m[1mConsolidate compiler generated dependencies of target gtest_main[0m
[0.067s] [35m[1mConsolidate compiler generated dependencies of target gtest[0m
[0.067s] [35m[1mConsolidate compiler generated dependencies of target velodyne_input[0m
[0.085s] [ 16%] Built target gtest_main
[0.085s] [ 33%] Built target gtest
[0.092s] [ 50%] Built target velodyne_input
[0.105s] [35m[1mConsolidate compiler generated dependencies of target time_test[0m
[0.107s] [35m[1mConsolidate compiler generated dependencies of target velodyne_driver[0m
[0.135s] [ 66%] Built target time_test
[0.137s] [ 83%] Built target velodyne_driver
[0.150s] [35m[1mConsolidate compiler generated dependencies of target velodyne_driver_node[0m
[0.169s] [100%] Built target velodyne_driver_node
[0.181s] Invoked command in '/home/jae/Lidar_ws/src/build/velodyne_driver' returned '0': AMENT_PREFIX_PATH=/home/jae/Lidar_ws/src/install/velodyne_msgs:${AMENT_PREFIX_PATH} CMAKE_PREFIX_PATH=/home/jae/Lidar_ws/src/install/velodyne_msgs:/home/jae/Lidar_ws/install/velodyne:/home/jae/Lidar_ws/install/velodyne_pointcloud:/home/jae/Lidar_ws/install/velodyne_driver:/home/jae/Lidar_ws/install/velodyne_msgs:/home/jae/Lidar_ws/install/velodyne_laserscan:/home/jae/Lidar_ws/install/lidar_processing:/home/jae/ros2_ws/install/lidar_perception:/opt/ros/humble LD_LIBRARY_PATH=/home/jae/Lidar_ws/src/install/velodyne_msgs/lib:${LD_LIBRARY_PATH} PYTHONPATH=/home/jae/Lidar_ws/src/install/velodyne_msgs/local/lib/python3.10/dist-packages:${PYTHONPATH} /usr/bin/cmake --build /home/jae/Lidar_ws/src/build/velodyne_driver -- -j12 -l12
[0.182s] Invoking command in '/home/jae/Lidar_ws/src/build/velodyne_driver': AMENT_PREFIX_PATH=/home/jae/Lidar_ws/src/install/velodyne_msgs:${AMENT_PREFIX_PATH} CMAKE_PREFIX_PATH=/home/jae/Lidar_ws/src/install/velodyne_msgs:/home/jae/Lidar_ws/install/velodyne:/home/jae/Lidar_ws/install/velodyne_pointcloud:/home/jae/Lidar_ws/install/velodyne_driver:/home/jae/Lidar_ws/install/velodyne_msgs:/home/jae/Lidar_ws/install/velodyne_laserscan:/home/jae/Lidar_ws/install/lidar_processing:/home/jae/ros2_ws/install/lidar_perception:/opt/ros/humble LD_LIBRARY_PATH=/home/jae/Lidar_ws/src/install/velodyne_msgs/lib:${LD_LIBRARY_PATH} PYTHONPATH=/home/jae/Lidar_ws/src/install/velodyne_msgs/local/lib/python3.10/dist-packages:${PYTHONPATH} /usr/bin/cmake --install /home/jae/Lidar_ws/src/build/velodyne_driver
[0.190s] -- Install configuration: ""
[0.191s] -- Execute custom install script
[0.191s] -- Up-to-date symlink: /home/jae/Lidar_ws/src/install/velodyne_driver/lib/velodyne_driver/velodyne_driver_node
[0.192s] -- Up-to-date symlink: /home/jae/Lidar_ws/src/install/velodyne_driver/include/velodyne_driver/driver.hpp
[0.192s] -- Up-to-date symlink: /home/jae/Lidar_ws/src/install/velodyne_driver/include/velodyne_driver/input.hpp
[0.192s] -- Up-to-date symlink: /home/jae/Lidar_ws/src/install/velodyne_driver/include/velodyne_driver/time_conversion.hpp
[0.192s] -- Up-to-date symlink: /home/jae/Lidar_ws/src/install/velodyne_driver/share/velodyne_driver/config/VLP16-velodyne_driver_node-params.yaml
[0.192s] -- Up-to-date symlink: /home/jae/Lidar_ws/src/install/velodyne_driver/share/velodyne_driver/config/VLP32C-velodyne_driver_node-params.yaml
[0.192s] -- Up-to-date symlink: /home/jae/Lidar_ws/src/install/velodyne_driver/share/velodyne_driver/config/VLS128-velodyne_driver_node-params.yaml
[0.192s] -- Up-to-date symlink: /home/jae/Lidar_ws/src/install/velodyne_driver/share/velodyne_driver/launch/velodyne_driver_node-VLP16-composed-launch.py
[0.193s] -- Up-to-date symlink: /home/jae/Lidar_ws/src/install/velodyne_driver/share/velodyne_driver/launch/velodyne_driver_node-VLP16-launch.py
[0.193s] -- Up-to-date symlink: /home/jae/Lidar_ws/src/install/velodyne_driver/share/velodyne_driver/launch/velodyne_driver_node-VLP32C-composed-launch.py
[0.193s] -- Up-to-date symlink: /home/jae/Lidar_ws/src/install/velodyne_driver/share/velodyne_driver/launch/velodyne_driver_node-VLP32C-launch.py
[0.193s] -- Up-to-date symlink: /home/jae/Lidar_ws/src/install/velodyne_driver/share/velodyne_driver/launch/velodyne_driver_node-VLS128-composed-launch.py
[0.193s] -- Up-to-date symlink: /home/jae/Lidar_ws/src/install/velodyne_driver/share/velodyne_driver/launch/velodyne_driver_node-VLS128-launch.py
[0.193s] -- Up-to-date symlink: /home/jae/Lidar_ws/src/install/velodyne_driver/lib/velodyne_driver/vdump
[0.193s] -- Up-to-date symlink: /home/jae/Lidar_ws/src/install/velodyne_driver/share/ament_index/resource_index/package_run_dependencies/velodyne_driver
[0.193s] -- Up-to-date symlink: /home/jae/Lidar_ws/src/install/velodyne_driver/share/ament_index/resource_index/parent_prefix_path/velodyne_driver
[0.194s] -- Up-to-date symlink: /home/jae/Lidar_ws/src/install/velodyne_driver/share/velodyne_driver/environment/ament_prefix_path.sh
[0.194s] -- Up-to-date symlink: /home/jae/Lidar_ws/src/install/velodyne_driver/share/velodyne_driver/environment/ament_prefix_path.dsv
[0.194s] -- Up-to-date symlink: /home/jae/Lidar_ws/src/install/velodyne_driver/share/velodyne_driver/environment/path.sh
[0.194s] -- Up-to-date symlink: /home/jae/Lidar_ws/src/install/velodyne_driver/share/velodyne_driver/environment/path.dsv
[0.194s] -- Up-to-date symlink: /home/jae/Lidar_ws/src/install/velodyne_driver/share/velodyne_driver/local_setup.bash
[0.194s] -- Up-to-date symlink: /home/jae/Lidar_ws/src/install/velodyne_driver/share/velodyne_driver/local_setup.sh
[0.195s] -- Up-to-date symlink: /home/jae/Lidar_ws/src/install/velodyne_driver/share/velodyne_driver/local_setup.zsh
[0.195s] -- Up-to-date symlink: /home/jae/Lidar_ws/src/install/velodyne_driver/share/velodyne_driver/local_setup.dsv
[0.195s] -- Symlinking: /home/jae/Lidar_ws/src/install/velodyne_driver/share/velodyne_driver/package.dsv
[0.203s] -- Up-to-date symlink: /home/jae/Lidar_ws/src/install/velodyne_driver/share/ament_index/resource_index/packages/velodyne_driver
[0.203s] -- Up-to-date symlink: /home/jae/Lidar_ws/src/install/velodyne_driver/share/ament_index/resource_index/rclcpp_components/velodyne_driver
[0.204s] -- Up-to-date symlink: /home/jae/Lidar_ws/src/install/velodyne_driver/share/velodyne_driver/cmake/ament_cmake_export_include_directories-extras.cmake
[0.204s] -- Up-to-date symlink: /home/jae/Lidar_ws/src/install/velodyne_driver/share/velodyne_driver/cmake/ament_cmake_export_targets-extras.cmake
[0.204s] -- Up-to-date symlink: /home/jae/Lidar_ws/src/install/velodyne_driver/share/velodyne_driver/cmake/ament_cmake_export_dependencies-extras.cmake
[0.204s] -- Up-to-date symlink: /home/jae/Lidar_ws/src/install/velodyne_driver/share/velodyne_driver/cmake/velodyne_driverConfig.cmake
[0.204s] -- Up-to-date symlink: /home/jae/Lidar_ws/src/install/velodyne_driver/share/velodyne_driver/cmake/velodyne_driverConfig-version.cmake
[0.204s] -- Up-to-date symlink: /home/jae/Lidar_ws/src/install/velodyne_driver/share/velodyne_driver/package.xml
[0.205s] -- Up-to-date: /home/jae/Lidar_ws/src/install/velodyne_driver/lib/libvelodyne_input.so
[0.206s] -- Up-to-date: /home/jae/Lidar_ws/src/install/velodyne_driver/lib/libvelodyne_driver.so
[0.206s] -- Up-to-date: /home/jae/Lidar_ws/src/install/velodyne_driver/share/velodyne_driver/cmake/velodyne_driverExport.cmake
[0.206s] -- Up-to-date: /home/jae/Lidar_ws/src/install/velodyne_driver/share/velodyne_driver/cmake/velodyne_driverExport-noconfig.cmake
[0.209s] Invoked command in '/home/jae/Lidar_ws/src/build/velodyne_driver' returned '0': AMENT_PREFIX_PATH=/home/jae/Lidar_ws/src/install/velodyne_msgs:${AMENT_PREFIX_PATH} CMAKE_PREFIX_PATH=/home/jae/Lidar_ws/src/install/velodyne_msgs:/home/jae/Lidar_ws/install/velodyne:/home/jae/Lidar_ws/install/velodyne_pointcloud:/home/jae/Lidar_ws/install/velodyne_driver:/home/jae/Lidar_ws/install/velodyne_msgs:/home/jae/Lidar_ws/install/velodyne_laserscan:/home/jae/Lidar_ws/install/lidar_processing:/home/jae/ros2_ws/install/lidar_perception:/opt/ros/humble LD_LIBRARY_PATH=/home/jae/Lidar_ws/src/install/velodyne_msgs/lib:${LD_LIBRARY_PATH} PYTHONPATH=/home/jae/Lidar_ws/src/install/velodyne_msgs/local/lib/python3.10/dist-packages:${PYTHONPATH} /usr/bin/cmake --install /home/jae/Lidar_ws/src/build/velodyne_driver
