[0.010s] Invoking command in '/home/jae/Lidar_ws/src/build/velodyne_driver': AMENT_PREFIX_PATH=/home/jae/Lidar_ws/src/install/velodyne_msgs:${AMENT_PREFIX_PATH} CMAKE_PREFIX_PATH=/home/jae/Lidar_ws/src/install/velodyne_msgs:/home/jae/Lidar_ws/install/velodyne:/home/jae/Lidar_ws/install/velodyne_pointcloud:/home/jae/Lidar_ws/install/velodyne_driver:/home/jae/Lidar_ws/install/velodyne_msgs:/home/jae/Lidar_ws/install/velodyne_laserscan:/home/jae/Lidar_ws/install/lidar_processing:/home/jae/ros2_ws/install/lidar_perception:/opt/ros/humble LD_LIBRARY_PATH=/home/jae/Lidar_ws/src/install/velodyne_msgs/lib:${LD_LIBRARY_PATH} PYTHONPATH=/home/jae/Lidar_ws/src/install/velodyne_msgs/local/lib/python3.10/dist-packages:${PYTHONPATH} /usr/bin/cmake /home/jae/Lidar_ws/src/velodyne/velodyne_driver -DAMENT_CMAKE_SYMLINK_INSTALL=1 -DCMAKE_INSTALL_PREFIX=/home/jae/Lidar_ws/src/install/velodyne_driver
[0.063s] -- The C compiler identification is GNU 11.4.0
[0.115s] -- The CXX compiler identification is GNU 11.4.0
[0.121s] -- Detecting C compiler ABI info
[0.190s] -- Detecting C compiler ABI info - done
[0.196s] -- Check for working C compiler: /usr/bin/cc - skipped
[0.197s] -- Detecting C compile features
[0.197s] -- Detecting C compile features - done
[0.200s] -- Detecting CXX compiler ABI info
[0.276s] -- Detecting CXX compiler ABI info - done
[0.283s] -- Check for working CXX compiler: /usr/bin/c++ - skipped
[0.283s] -- Detecting CXX compile features
[0.283s] -- Detecting CXX compile features - done
[0.286s] -- Found ament_cmake_ros: 0.10.0 (/opt/ros/humble/share/ament_cmake_ros/cmake)
[0.638s] -- Found Python3: /usr/bin/python3 (found version "3.10.12") found components: Interpreter 
[0.695s] -- Override CMake install command with custom implementation using symlinks instead of copying resources
[0.734s] -- Found diagnostic_updater: 4.0.0 (/opt/ros/humble/share/diagnostic_updater/cmake)
[0.774s] -- Found rosidl_generator_c: 3.1.6 (/opt/ros/humble/share/rosidl_generator_c/cmake)
[0.780s] -- Found rosidl_adapter: 3.1.6 (/opt/ros/humble/share/rosidl_adapter/cmake)
[0.788s] -- Found rosidl_generator_cpp: 3.1.6 (/opt/ros/humble/share/rosidl_generator_cpp/cmake)
[0.800s] -- Using all available rosidl_typesupport_c: rosidl_typesupport_fastrtps_c;rosidl_typesupport_introspection_c
[0.816s] -- Using all available rosidl_typesupport_cpp: rosidl_typesupport_fastrtps_cpp;rosidl_typesupport_introspection_cpp
[0.899s] -- Found rmw_implementation_cmake: 6.1.2 (/opt/ros/humble/share/rmw_implementation_cmake/cmake)
[0.902s] -- Found rmw_fastrtps_cpp: 6.2.7 (/opt/ros/humble/share/rmw_fastrtps_cpp/cmake)
[0.989s] -- Found OpenSSL: /usr/lib/x86_64-linux-gnu/libcrypto.so (found version "3.0.2")  
[1.016s] -- Found FastRTPS: /opt/ros/humble/include  
[1.058s] -- Using RMW implementation 'rmw_fastrtps_cpp' as default
[1.068s] -- Looking for pthread.h
[1.141s] -- Looking for pthread.h - found
[1.141s] -- Performing Test CMAKE_HAVE_LIBC_PTHREAD
[1.215s] -- Performing Test CMAKE_HAVE_LIBC_PTHREAD - Success
[1.216s] -- Found Threads: TRUE  
[1.256s] -- Found rclcpp_components: 16.0.11 (/opt/ros/humble/share/rclcpp_components/cmake)
[1.284s] -- Found tf2_ros: 0.25.11 (/opt/ros/humble/share/tf2_ros/cmake)
[1.375s] -- Found velodyne_msgs: 2.5.1 (/home/jae/Lidar_ws/src/install/velodyne_msgs/share/velodyne_msgs/cmake)
[1.390s] -- Found ament_lint_auto: 0.12.11 (/opt/ros/humble/share/ament_lint_auto/cmake)
[1.475s] -- Found gtest sources under '/opt/ros/humble/src/gtest_vendor': C++ tests using 'Google Test' will be built
[1.484s] -- Added test 'copyright' to check source files copyright and LICENSE
[1.488s] -- Added test 'cppcheck' to perform static code analysis on C / C++ code
[1.488s] -- Configured cppcheck include dirs: $<BUILD_INTERFACE:/home/jae/Lidar_ws/src/velodyne/velodyne_driver/include>
[1.488s] -- Configured cppcheck exclude dirs and/or files: 
[1.490s] -- Added test 'cpplint' to check C / C++ code against the Google style
[1.490s] -- Configured cpplint exclude dirs and/or files: 
[1.491s] -- Added test 'flake8' to check Python code syntax and style conventions
[1.492s] -- Added test 'lint_cmake' to check CMake code style
[1.493s] -- Added test 'pep257' to check Python code against some of the docstring style conventions in PEP 257
[1.495s] -- Added test 'uncrustify' to check C / C++ code style
[1.495s] -- Configured uncrustify additional arguments: 
[1.496s] -- Added test 'xmllint' to check XML markup files
[1.500s] -- Configuring done
[1.526s] -- Generating done
[1.536s] -- Build files have been written to: /home/jae/Lidar_ws/src/build/velodyne_driver
[1.548s] Invoked command in '/home/jae/Lidar_ws/src/build/velodyne_driver' returned '0': AMENT_PREFIX_PATH=/home/jae/Lidar_ws/src/install/velodyne_msgs:${AMENT_PREFIX_PATH} CMAKE_PREFIX_PATH=/home/jae/Lidar_ws/src/install/velodyne_msgs:/home/jae/Lidar_ws/install/velodyne:/home/jae/Lidar_ws/install/velodyne_pointcloud:/home/jae/Lidar_ws/install/velodyne_driver:/home/jae/Lidar_ws/install/velodyne_msgs:/home/jae/Lidar_ws/install/velodyne_laserscan:/home/jae/Lidar_ws/install/lidar_processing:/home/jae/ros2_ws/install/lidar_perception:/opt/ros/humble LD_LIBRARY_PATH=/home/jae/Lidar_ws/src/install/velodyne_msgs/lib:${LD_LIBRARY_PATH} PYTHONPATH=/home/jae/Lidar_ws/src/install/velodyne_msgs/local/lib/python3.10/dist-packages:${PYTHONPATH} /usr/bin/cmake /home/jae/Lidar_ws/src/velodyne/velodyne_driver -DAMENT_CMAKE_SYMLINK_INSTALL=1 -DCMAKE_INSTALL_PREFIX=/home/jae/Lidar_ws/src/install/velodyne_driver
[1.550s] Invoking command in '/home/jae/Lidar_ws/src/build/velodyne_driver': AMENT_PREFIX_PATH=/home/jae/Lidar_ws/src/install/velodyne_msgs:${AMENT_PREFIX_PATH} CMAKE_PREFIX_PATH=/home/jae/Lidar_ws/src/install/velodyne_msgs:/home/jae/Lidar_ws/install/velodyne:/home/jae/Lidar_ws/install/velodyne_pointcloud:/home/jae/Lidar_ws/install/velodyne_driver:/home/jae/Lidar_ws/install/velodyne_msgs:/home/jae/Lidar_ws/install/velodyne_laserscan:/home/jae/Lidar_ws/install/lidar_processing:/home/jae/ros2_ws/install/lidar_perception:/opt/ros/humble LD_LIBRARY_PATH=/home/jae/Lidar_ws/src/install/velodyne_msgs/lib:${LD_LIBRARY_PATH} PYTHONPATH=/home/jae/Lidar_ws/src/install/velodyne_msgs/local/lib/python3.10/dist-packages:${PYTHONPATH} /usr/bin/cmake --build /home/jae/Lidar_ws/src/build/velodyne_driver -- -j12 -l12
[1.607s] [ 25%] [32mBuilding CXX object gtest/CMakeFiles/gtest.dir/src/gtest-all.cc.o[0m
[1.607s] [ 25%] [32mBuilding CXX object CMakeFiles/velodyne_input.dir/src/lib/input.cpp.o[0m
[1.607s] [ 25%] [32mBuilding CXX object gtest/CMakeFiles/gtest_main.dir/src/gtest_main.cc.o[0m
[2.467s] [ 33%] [32m[1mLinking CXX static library libgtest_main.a[0m
[2.529s] [ 33%] Built target gtest_main
[5.370s] [ 41%] [32m[1mLinking CXX static library libgtest.a[0m
[5.476s] [ 41%] Built target gtest
[6.338s] [ 50%] [32m[1mLinking CXX shared library libvelodyne_input.so[0m
[6.555s] [ 50%] Built target velodyne_input
[6.593s] [ 66%] [32mBuilding CXX object CMakeFiles/velodyne_driver.dir/src/driver/driver.cpp.o[0m
[6.594s] [ 66%] [32mBuilding CXX object CMakeFiles/time_test.dir/tests/timeconversiontest.cpp.o[0m
[10.712s] [ 75%] [32m[1mLinking CXX executable time_test[0m
[10.951s] [ 75%] Built target time_test
[17.084s] [ 83%] [32m[1mLinking CXX shared library libvelodyne_driver.so[0m
[17.541s] [ 83%] Built target velodyne_driver
[17.565s] [ 91%] [32mBuilding CXX object CMakeFiles/velodyne_driver_node.dir/src/driver/velodyne_node.cpp.o[0m
[20.587s] [100%] [32m[1mLinking CXX executable velodyne_driver_node[0m
[20.796s] [100%] Built target velodyne_driver_node
[20.809s] Invoked command in '/home/jae/Lidar_ws/src/build/velodyne_driver' returned '0': AMENT_PREFIX_PATH=/home/jae/Lidar_ws/src/install/velodyne_msgs:${AMENT_PREFIX_PATH} CMAKE_PREFIX_PATH=/home/jae/Lidar_ws/src/install/velodyne_msgs:/home/jae/Lidar_ws/install/velodyne:/home/jae/Lidar_ws/install/velodyne_pointcloud:/home/jae/Lidar_ws/install/velodyne_driver:/home/jae/Lidar_ws/install/velodyne_msgs:/home/jae/Lidar_ws/install/velodyne_laserscan:/home/jae/Lidar_ws/install/lidar_processing:/home/jae/ros2_ws/install/lidar_perception:/opt/ros/humble LD_LIBRARY_PATH=/home/jae/Lidar_ws/src/install/velodyne_msgs/lib:${LD_LIBRARY_PATH} PYTHONPATH=/home/jae/Lidar_ws/src/install/velodyne_msgs/local/lib/python3.10/dist-packages:${PYTHONPATH} /usr/bin/cmake --build /home/jae/Lidar_ws/src/build/velodyne_driver -- -j12 -l12
[20.810s] Invoking command in '/home/jae/Lidar_ws/src/build/velodyne_driver': AMENT_PREFIX_PATH=/home/jae/Lidar_ws/src/install/velodyne_msgs:${AMENT_PREFIX_PATH} CMAKE_PREFIX_PATH=/home/jae/Lidar_ws/src/install/velodyne_msgs:/home/jae/Lidar_ws/install/velodyne:/home/jae/Lidar_ws/install/velodyne_pointcloud:/home/jae/Lidar_ws/install/velodyne_driver:/home/jae/Lidar_ws/install/velodyne_msgs:/home/jae/Lidar_ws/install/velodyne_laserscan:/home/jae/Lidar_ws/install/lidar_processing:/home/jae/ros2_ws/install/lidar_perception:/opt/ros/humble LD_LIBRARY_PATH=/home/jae/Lidar_ws/src/install/velodyne_msgs/lib:${LD_LIBRARY_PATH} PYTHONPATH=/home/jae/Lidar_ws/src/install/velodyne_msgs/local/lib/python3.10/dist-packages:${PYTHONPATH} /usr/bin/cmake --install /home/jae/Lidar_ws/src/build/velodyne_driver
[20.817s] -- Install configuration: ""
[20.818s] -- Execute custom install script
[20.818s] -- Symlinking: /home/jae/Lidar_ws/src/install/velodyne_driver/lib/velodyne_driver/velodyne_driver_node
[20.828s] -- Symlinking: /home/jae/Lidar_ws/src/install/velodyne_driver/include/velodyne_driver/driver.hpp
[20.838s] -- Symlinking: /home/jae/Lidar_ws/src/install/velodyne_driver/include/velodyne_driver/input.hpp
[20.847s] -- Symlinking: /home/jae/Lidar_ws/src/install/velodyne_driver/include/velodyne_driver/time_conversion.hpp
[20.856s] -- Symlinking: /home/jae/Lidar_ws/src/install/velodyne_driver/share/velodyne_driver/config/VLP16-velodyne_driver_node-params.yaml
[20.866s] -- Symlinking: /home/jae/Lidar_ws/src/install/velodyne_driver/share/velodyne_driver/config/VLP32C-velodyne_driver_node-params.yaml
[20.875s] -- Symlinking: /home/jae/Lidar_ws/src/install/velodyne_driver/share/velodyne_driver/config/VLS128-velodyne_driver_node-params.yaml
[20.884s] -- Symlinking: /home/jae/Lidar_ws/src/install/velodyne_driver/share/velodyne_driver/launch/velodyne_driver_node-VLP16-composed-launch.py
[20.894s] -- Symlinking: /home/jae/Lidar_ws/src/install/velodyne_driver/share/velodyne_driver/launch/velodyne_driver_node-VLP16-launch.py
[20.903s] -- Symlinking: /home/jae/Lidar_ws/src/install/velodyne_driver/share/velodyne_driver/launch/velodyne_driver_node-VLP32C-composed-launch.py
[20.912s] -- Symlinking: /home/jae/Lidar_ws/src/install/velodyne_driver/share/velodyne_driver/launch/velodyne_driver_node-VLP32C-launch.py
[20.921s] -- Symlinking: /home/jae/Lidar_ws/src/install/velodyne_driver/share/velodyne_driver/launch/velodyne_driver_node-VLS128-composed-launch.py
[20.931s] -- Symlinking: /home/jae/Lidar_ws/src/install/velodyne_driver/share/velodyne_driver/launch/velodyne_driver_node-VLS128-launch.py
[20.940s] -- Symlinking: /home/jae/Lidar_ws/src/install/velodyne_driver/lib/velodyne_driver/vdump
[20.950s] -- Symlinking: /home/jae/Lidar_ws/src/install/velodyne_driver/share/ament_index/resource_index/package_run_dependencies/velodyne_driver
[20.960s] -- Symlinking: /home/jae/Lidar_ws/src/install/velodyne_driver/share/ament_index/resource_index/parent_prefix_path/velodyne_driver
[20.970s] -- Symlinking: /home/jae/Lidar_ws/src/install/velodyne_driver/share/velodyne_driver/environment/ament_prefix_path.sh
[20.979s] -- Symlinking: /home/jae/Lidar_ws/src/install/velodyne_driver/share/velodyne_driver/environment/ament_prefix_path.dsv
[20.986s] -- Symlinking: /home/jae/Lidar_ws/src/install/velodyne_driver/share/velodyne_driver/environment/path.sh
[20.995s] -- Symlinking: /home/jae/Lidar_ws/src/install/velodyne_driver/share/velodyne_driver/environment/path.dsv
[21.005s] -- Symlinking: /home/jae/Lidar_ws/src/install/velodyne_driver/share/velodyne_driver/local_setup.bash
[21.014s] -- Symlinking: /home/jae/Lidar_ws/src/install/velodyne_driver/share/velodyne_driver/local_setup.sh
[21.025s] -- Symlinking: /home/jae/Lidar_ws/src/install/velodyne_driver/share/velodyne_driver/local_setup.zsh
[21.034s] -- Symlinking: /home/jae/Lidar_ws/src/install/velodyne_driver/share/velodyne_driver/local_setup.dsv
[21.043s] -- Symlinking: /home/jae/Lidar_ws/src/install/velodyne_driver/share/velodyne_driver/package.dsv
[21.054s] -- Symlinking: /home/jae/Lidar_ws/src/install/velodyne_driver/share/ament_index/resource_index/packages/velodyne_driver
[21.064s] -- Symlinking: /home/jae/Lidar_ws/src/install/velodyne_driver/share/ament_index/resource_index/rclcpp_components/velodyne_driver
[21.074s] -- Symlinking: /home/jae/Lidar_ws/src/install/velodyne_driver/share/velodyne_driver/cmake/ament_cmake_export_include_directories-extras.cmake
[21.084s] -- Symlinking: /home/jae/Lidar_ws/src/install/velodyne_driver/share/velodyne_driver/cmake/ament_cmake_export_targets-extras.cmake
[21.094s] -- Symlinking: /home/jae/Lidar_ws/src/install/velodyne_driver/share/velodyne_driver/cmake/ament_cmake_export_dependencies-extras.cmake
[21.105s] -- Symlinking: /home/jae/Lidar_ws/src/install/velodyne_driver/share/velodyne_driver/cmake/velodyne_driverConfig.cmake
[21.115s] -- Symlinking: /home/jae/Lidar_ws/src/install/velodyne_driver/share/velodyne_driver/cmake/velodyne_driverConfig-version.cmake
[21.126s] -- Symlinking: /home/jae/Lidar_ws/src/install/velodyne_driver/share/velodyne_driver/package.xml
[21.135s] -- Installing: /home/jae/Lidar_ws/src/install/velodyne_driver/lib/libvelodyne_input.so
[21.135s] -- Set runtime path of "/home/jae/Lidar_ws/src/install/velodyne_driver/lib/libvelodyne_input.so" to ""
[21.135s] -- Installing: /home/jae/Lidar_ws/src/install/velodyne_driver/lib/libvelodyne_driver.so
[21.144s] -- Set runtime path of "/home/jae/Lidar_ws/src/install/velodyne_driver/lib/libvelodyne_driver.so" to ""
[21.144s] -- Installing: /home/jae/Lidar_ws/src/install/velodyne_driver/share/velodyne_driver/cmake/velodyne_driverExport.cmake
[21.144s] -- Installing: /home/jae/Lidar_ws/src/install/velodyne_driver/share/velodyne_driver/cmake/velodyne_driverExport-noconfig.cmake
[21.146s] Invoked command in '/home/jae/Lidar_ws/src/build/velodyne_driver' returned '0': AMENT_PREFIX_PATH=/home/jae/Lidar_ws/src/install/velodyne_msgs:${AMENT_PREFIX_PATH} CMAKE_PREFIX_PATH=/home/jae/Lidar_ws/src/install/velodyne_msgs:/home/jae/Lidar_ws/install/velodyne:/home/jae/Lidar_ws/install/velodyne_pointcloud:/home/jae/Lidar_ws/install/velodyne_driver:/home/jae/Lidar_ws/install/velodyne_msgs:/home/jae/Lidar_ws/install/velodyne_laserscan:/home/jae/Lidar_ws/install/lidar_processing:/home/jae/ros2_ws/install/lidar_perception:/opt/ros/humble LD_LIBRARY_PATH=/home/jae/Lidar_ws/src/install/velodyne_msgs/lib:${LD_LIBRARY_PATH} PYTHONPATH=/home/jae/Lidar_ws/src/install/velodyne_msgs/local/lib/python3.10/dist-packages:${PYTHONPATH} /usr/bin/cmake --install /home/jae/Lidar_ws/src/build/velodyne_driver
