[0.014s] Invoking command in '/home/jae/Lidar_ws/src/build/velodyne': AMENT_PREFIX_PATH=/home/jae/Lidar_ws/src/install/velodyne_pointcloud:/home/jae/Lidar_ws/src/install/velodyne_driver:/home/jae/Lidar_ws/src/install/velodyne_msgs:/home/jae/Lidar_ws/src/install/velodyne_laserscan:${AMENT_PREFIX_PATH} CMAKE_PREFIX_PATH=/home/jae/Lidar_ws/src/install/velodyne_pointcloud:/home/jae/Lidar_ws/src/install/velodyne_driver:/home/jae/Lidar_ws/src/install/velodyne_msgs:/home/jae/Lidar_ws/src/install/velodyne_laserscan:/home/jae/Lidar_ws/install/velodyne:/home/jae/Lidar_ws/install/velodyne_pointcloud:/home/jae/Lidar_ws/install/velodyne_driver:/home/jae/Lidar_ws/install/velodyne_msgs:/home/jae/Lidar_ws/install/velodyne_laserscan:/home/jae/Lidar_ws/install/lidar_processing:/home/jae/ros2_ws/install/lidar_perception:/opt/ros/humble LD_LIBRARY_PATH=/home/jae/Lidar_ws/src/install/velodyne_pointcloud/lib:/home/jae/Lidar_ws/src/install/velodyne_driver/lib:/home/jae/Lidar_ws/src/install/velodyne_msgs/lib:/home/jae/Lidar_ws/src/install/velodyne_laserscan/lib:${LD_LIBRARY_PATH} PYTHONPATH=/home/jae/Lidar_ws/src/install/velodyne_msgs/local/lib/python3.10/dist-packages:${PYTHONPATH} /usr/bin/cmake /home/jae/Lidar_ws/src/velodyne/velodyne -DAMENT_CMAKE_SYMLINK_INSTALL=1 -DCMAKE_INSTALL_PREFIX=/home/jae/Lidar_ws/src/install/velodyne
[0.066s] -- The C compiler identification is GNU 11.4.0
[0.115s] -- The CXX compiler identification is GNU 11.4.0
[0.122s] -- Detecting C compiler ABI info
[0.190s] -- Detecting C compiler ABI info - done
[0.195s] -- Check for working C compiler: /usr/bin/cc - skipped
[0.195s] -- Detecting C compile features
[0.195s] -- Detecting C compile features - done
[0.198s] -- Detecting CXX compiler ABI info
[0.276s] -- Detecting CXX compiler ABI info - done
[0.281s] -- Check for working CXX compiler: /usr/bin/c++ - skipped
[0.282s] -- Detecting CXX compile features
[0.282s] -- Detecting CXX compile features - done
[0.285s] -- Found ament_cmake: 1.3.11 (/opt/ros/humble/share/ament_cmake/cmake)
[0.578s] -- Found Python3: /usr/bin/python3 (found version "3.10.12") found components: Interpreter 
[0.629s] -- Override CMake install command with custom implementation using symlinks instead of copying resources
[0.713s] -- Configuring done
[0.715s] -- Generating done
[0.717s] -- Build files have been written to: /home/jae/Lidar_ws/src/build/velodyne
[0.721s] Invoked command in '/home/jae/Lidar_ws/src/build/velodyne' returned '0': AMENT_PREFIX_PATH=/home/jae/Lidar_ws/src/install/velodyne_pointcloud:/home/jae/Lidar_ws/src/install/velodyne_driver:/home/jae/Lidar_ws/src/install/velodyne_msgs:/home/jae/Lidar_ws/src/install/velodyne_laserscan:${AMENT_PREFIX_PATH} CMAKE_PREFIX_PATH=/home/jae/Lidar_ws/src/install/velodyne_pointcloud:/home/jae/Lidar_ws/src/install/velodyne_driver:/home/jae/Lidar_ws/src/install/velodyne_msgs:/home/jae/Lidar_ws/src/install/velodyne_laserscan:/home/jae/Lidar_ws/install/velodyne:/home/jae/Lidar_ws/install/velodyne_pointcloud:/home/jae/Lidar_ws/install/velodyne_driver:/home/jae/Lidar_ws/install/velodyne_msgs:/home/jae/Lidar_ws/install/velodyne_laserscan:/home/jae/Lidar_ws/install/lidar_processing:/home/jae/ros2_ws/install/lidar_perception:/opt/ros/humble LD_LIBRARY_PATH=/home/jae/Lidar_ws/src/install/velodyne_pointcloud/lib:/home/jae/Lidar_ws/src/install/velodyne_driver/lib:/home/jae/Lidar_ws/src/install/velodyne_msgs/lib:/home/jae/Lidar_ws/src/install/velodyne_laserscan/lib:${LD_LIBRARY_PATH} PYTHONPATH=/home/jae/Lidar_ws/src/install/velodyne_msgs/local/lib/python3.10/dist-packages:${PYTHONPATH} /usr/bin/cmake /home/jae/Lidar_ws/src/velodyne/velodyne -DAMENT_CMAKE_SYMLINK_INSTALL=1 -DCMAKE_INSTALL_PREFIX=/home/jae/Lidar_ws/src/install/velodyne
[0.722s] Invoking command in '/home/jae/Lidar_ws/src/build/velodyne': AMENT_PREFIX_PATH=/home/jae/Lidar_ws/src/install/velodyne_pointcloud:/home/jae/Lidar_ws/src/install/velodyne_driver:/home/jae/Lidar_ws/src/install/velodyne_msgs:/home/jae/Lidar_ws/src/install/velodyne_laserscan:${AMENT_PREFIX_PATH} CMAKE_PREFIX_PATH=/home/jae/Lidar_ws/src/install/velodyne_pointcloud:/home/jae/Lidar_ws/src/install/velodyne_driver:/home/jae/Lidar_ws/src/install/velodyne_msgs:/home/jae/Lidar_ws/src/install/velodyne_laserscan:/home/jae/Lidar_ws/install/velodyne:/home/jae/Lidar_ws/install/velodyne_pointcloud:/home/jae/Lidar_ws/install/velodyne_driver:/home/jae/Lidar_ws/install/velodyne_msgs:/home/jae/Lidar_ws/install/velodyne_laserscan:/home/jae/Lidar_ws/install/lidar_processing:/home/jae/ros2_ws/install/lidar_perception:/opt/ros/humble LD_LIBRARY_PATH=/home/jae/Lidar_ws/src/install/velodyne_pointcloud/lib:/home/jae/Lidar_ws/src/install/velodyne_driver/lib:/home/jae/Lidar_ws/src/install/velodyne_msgs/lib:/home/jae/Lidar_ws/src/install/velodyne_laserscan/lib:${LD_LIBRARY_PATH} PYTHONPATH=/home/jae/Lidar_ws/src/install/velodyne_msgs/local/lib/python3.10/dist-packages:${PYTHONPATH} /usr/bin/cmake --build /home/jae/Lidar_ws/src/build/velodyne -- -j12 -l12
[0.762s] Invoked command in '/home/jae/Lidar_ws/src/build/velodyne' returned '0': AMENT_PREFIX_PATH=/home/jae/Lidar_ws/src/install/velodyne_pointcloud:/home/jae/Lidar_ws/src/install/velodyne_driver:/home/jae/Lidar_ws/src/install/velodyne_msgs:/home/jae/Lidar_ws/src/install/velodyne_laserscan:${AMENT_PREFIX_PATH} CMAKE_PREFIX_PATH=/home/jae/Lidar_ws/src/install/velodyne_pointcloud:/home/jae/Lidar_ws/src/install/velodyne_driver:/home/jae/Lidar_ws/src/install/velodyne_msgs:/home/jae/Lidar_ws/src/install/velodyne_laserscan:/home/jae/Lidar_ws/install/velodyne:/home/jae/Lidar_ws/install/velodyne_pointcloud:/home/jae/Lidar_ws/install/velodyne_driver:/home/jae/Lidar_ws/install/velodyne_msgs:/home/jae/Lidar_ws/install/velodyne_laserscan:/home/jae/Lidar_ws/install/lidar_processing:/home/jae/ros2_ws/install/lidar_perception:/opt/ros/humble LD_LIBRARY_PATH=/home/jae/Lidar_ws/src/install/velodyne_pointcloud/lib:/home/jae/Lidar_ws/src/install/velodyne_driver/lib:/home/jae/Lidar_ws/src/install/velodyne_msgs/lib:/home/jae/Lidar_ws/src/install/velodyne_laserscan/lib:${LD_LIBRARY_PATH} PYTHONPATH=/home/jae/Lidar_ws/src/install/velodyne_msgs/local/lib/python3.10/dist-packages:${PYTHONPATH} /usr/bin/cmake --build /home/jae/Lidar_ws/src/build/velodyne -- -j12 -l12
[0.764s] Invoking command in '/home/jae/Lidar_ws/src/build/velodyne': AMENT_PREFIX_PATH=/home/jae/Lidar_ws/src/install/velodyne_pointcloud:/home/jae/Lidar_ws/src/install/velodyne_driver:/home/jae/Lidar_ws/src/install/velodyne_msgs:/home/jae/Lidar_ws/src/install/velodyne_laserscan:${AMENT_PREFIX_PATH} CMAKE_PREFIX_PATH=/home/jae/Lidar_ws/src/install/velodyne_pointcloud:/home/jae/Lidar_ws/src/install/velodyne_driver:/home/jae/Lidar_ws/src/install/velodyne_msgs:/home/jae/Lidar_ws/src/install/velodyne_laserscan:/home/jae/Lidar_ws/install/velodyne:/home/jae/Lidar_ws/install/velodyne_pointcloud:/home/jae/Lidar_ws/install/velodyne_driver:/home/jae/Lidar_ws/install/velodyne_msgs:/home/jae/Lidar_ws/install/velodyne_laserscan:/home/jae/Lidar_ws/install/lidar_processing:/home/jae/ros2_ws/install/lidar_perception:/opt/ros/humble LD_LIBRARY_PATH=/home/jae/Lidar_ws/src/install/velodyne_pointcloud/lib:/home/jae/Lidar_ws/src/install/velodyne_driver/lib:/home/jae/Lidar_ws/src/install/velodyne_msgs/lib:/home/jae/Lidar_ws/src/install/velodyne_laserscan/lib:${LD_LIBRARY_PATH} PYTHONPATH=/home/jae/Lidar_ws/src/install/velodyne_msgs/local/lib/python3.10/dist-packages:${PYTHONPATH} /usr/bin/cmake --install /home/jae/Lidar_ws/src/build/velodyne
[0.771s] -- Install configuration: ""
[0.772s] -- Execute custom install script
[0.772s] -- Symlinking: /home/jae/Lidar_ws/src/install/velodyne/share/velodyne/launch/velodyne-all-nodes-VLP16-composed-launch.py
[0.781s] -- Symlinking: /home/jae/Lidar_ws/src/install/velodyne/share/velodyne/launch/velodyne-all-nodes-VLP16-launch.py
[0.790s] -- Symlinking: /home/jae/Lidar_ws/src/install/velodyne/share/velodyne/launch/velodyne-all-nodes-VLP32C-composed-launch.py
[0.799s] -- Symlinking: /home/jae/Lidar_ws/src/install/velodyne/share/velodyne/launch/velodyne-all-nodes-VLP32C-launch.py
[0.807s] -- Symlinking: /home/jae/Lidar_ws/src/install/velodyne/share/velodyne/launch/velodyne-all-nodes-VLS128-composed-launch.py
[0.816s] -- Symlinking: /home/jae/Lidar_ws/src/install/velodyne/share/velodyne/launch/velodyne-all-nodes-VLS128-launch.py
[0.825s] -- Symlinking: /home/jae/Lidar_ws/src/install/velodyne/share/ament_index/resource_index/package_run_dependencies/velodyne
[0.835s] -- Symlinking: /home/jae/Lidar_ws/src/install/velodyne/share/ament_index/resource_index/parent_prefix_path/velodyne
[0.844s] -- Symlinking: /home/jae/Lidar_ws/src/install/velodyne/share/velodyne/environment/ament_prefix_path.sh
[0.853s] -- Symlinking: /home/jae/Lidar_ws/src/install/velodyne/share/velodyne/environment/ament_prefix_path.dsv
[0.862s] -- Symlinking: /home/jae/Lidar_ws/src/install/velodyne/share/velodyne/environment/path.sh
[0.872s] -- Symlinking: /home/jae/Lidar_ws/src/install/velodyne/share/velodyne/environment/path.dsv
[0.880s] -- Symlinking: /home/jae/Lidar_ws/src/install/velodyne/share/velodyne/local_setup.bash
[0.889s] -- Symlinking: /home/jae/Lidar_ws/src/install/velodyne/share/velodyne/local_setup.sh
[0.898s] -- Symlinking: /home/jae/Lidar_ws/src/install/velodyne/share/velodyne/local_setup.zsh
[0.907s] -- Symlinking: /home/jae/Lidar_ws/src/install/velodyne/share/velodyne/local_setup.dsv
[0.916s] -- Symlinking: /home/jae/Lidar_ws/src/install/velodyne/share/velodyne/package.dsv
[0.925s] -- Symlinking: /home/jae/Lidar_ws/src/install/velodyne/share/ament_index/resource_index/packages/velodyne
[0.935s] -- Symlinking: /home/jae/Lidar_ws/src/install/velodyne/share/velodyne/cmake/velodyneConfig.cmake
[0.944s] -- Symlinking: /home/jae/Lidar_ws/src/install/velodyne/share/velodyne/cmake/velodyneConfig-version.cmake
[0.952s] -- Symlinking: /home/jae/Lidar_ws/src/install/velodyne/share/velodyne/package.xml
[0.966s] Invoked command in '/home/jae/Lidar_ws/src/build/velodyne' returned '0': AMENT_PREFIX_PATH=/home/jae/Lidar_ws/src/install/velodyne_pointcloud:/home/jae/Lidar_ws/src/install/velodyne_driver:/home/jae/Lidar_ws/src/install/velodyne_msgs:/home/jae/Lidar_ws/src/install/velodyne_laserscan:${AMENT_PREFIX_PATH} CMAKE_PREFIX_PATH=/home/jae/Lidar_ws/src/install/velodyne_pointcloud:/home/jae/Lidar_ws/src/install/velodyne_driver:/home/jae/Lidar_ws/src/install/velodyne_msgs:/home/jae/Lidar_ws/src/install/velodyne_laserscan:/home/jae/Lidar_ws/install/velodyne:/home/jae/Lidar_ws/install/velodyne_pointcloud:/home/jae/Lidar_ws/install/velodyne_driver:/home/jae/Lidar_ws/install/velodyne_msgs:/home/jae/Lidar_ws/install/velodyne_laserscan:/home/jae/Lidar_ws/install/lidar_processing:/home/jae/ros2_ws/install/lidar_perception:/opt/ros/humble LD_LIBRARY_PATH=/home/jae/Lidar_ws/src/install/velodyne_pointcloud/lib:/home/jae/Lidar_ws/src/install/velodyne_driver/lib:/home/jae/Lidar_ws/src/install/velodyne_msgs/lib:/home/jae/Lidar_ws/src/install/velodyne_laserscan/lib:${LD_LIBRARY_PATH} PYTHONPATH=/home/jae/Lidar_ws/src/install/velodyne_msgs/local/lib/python3.10/dist-packages:${PYTHONPATH} /usr/bin/cmake --install /home/jae/Lidar_ws/src/build/velodyne
