[0.016s] Invoking command in '/home/jae/Lidar_ws/src/build/velodyne_msgs': CMAKE_PREFIX_PATH=${CMAKE_PREFIX_PATH}:/home/jae/Lidar_ws/install/lidar_processing:/home/jae/ros2_ws/install/lidar_perception:/opt/ros/humble /usr/bin/cmake --build /home/jae/Lidar_ws/src/build/velodyne_msgs -- -j12 -l12
[0.057s] [35m[1mConsolidate compiler generated dependencies of target velodyne_msgs__rosidl_generator_c[0m
[0.067s] [  2%] Built target velodyne_msgs__cpp
[0.069s] [ 12%] Built target velodyne_msgs__rosidl_generator_c
[0.078s] [ 12%] Built target ament_cmake_python_symlink_velodyne_msgs
[0.079s] [35m[1mConsolidate compiler generated dependencies of target velodyne_msgs__rosidl_typesupport_fastrtps_cpp[0m
[0.081s] [35m[1mConsolidate compiler generated dependencies of target velodyne_msgs__rosidl_typesupport_cpp[0m
[0.082s] [35m[1mConsolidate compiler generated dependencies of target velodyne_msgs__rosidl_typesupport_introspection_cpp[0m
[0.085s] [35m[1mConsolidate compiler generated dependencies of target velodyne_msgs__rosidl_typesupport_fastrtps_c[0m
[0.085s] [35m[1mConsolidate compiler generated dependencies of target velodyne_msgs__rosidl_typesupport_introspection_c[0m
[0.087s] [35m[1mConsolidate compiler generated dependencies of target velodyne_msgs__rosidl_typesupport_c[0m
[0.100s] [ 23%] Built target velodyne_msgs__rosidl_typesupport_fastrtps_cpp
[0.101s] [ 33%] Built target velodyne_msgs__rosidl_typesupport_cpp
[0.101s] [ 43%] Built target velodyne_msgs__rosidl_typesupport_introspection_cpp
[0.101s] [ 53%] Built target velodyne_msgs__rosidl_typesupport_c
[0.102s] [ 64%] Built target velodyne_msgs__rosidl_typesupport_introspection_c
[0.105s] [ 74%] Built target velodyne_msgs__rosidl_typesupport_fastrtps_c
[0.129s] [ 74%] Built target velodyne_msgs
[0.152s] [ 76%] Built target velodyne_msgs__py
[0.164s] [35m[1mConsolidate compiler generated dependencies of target velodyne_msgs__rosidl_generator_py[0m
[0.179s] [ 84%] Built target velodyne_msgs__rosidl_generator_py
[0.191s] [35m[1mConsolidate compiler generated dependencies of target velodyne_msgs__rosidl_typesupport_fastrtps_c__pyext[0m
[0.191s] [35m[1mConsolidate compiler generated dependencies of target velodyne_msgs__rosidl_typesupport_introspection_c__pyext[0m
[0.191s] [35m[1mConsolidate compiler generated dependencies of target velodyne_msgs__rosidl_typesupport_c__pyext[0m
[0.206s] [100%] Built target velodyne_msgs__rosidl_typesupport_c__pyext
[0.206s] [100%] Built target velodyne_msgs__rosidl_typesupport_introspection_c__pyext
[0.206s] [100%] Built target velodyne_msgs__rosidl_typesupport_fastrtps_c__pyext
[0.297s] running egg_info
[0.313s] writing velodyne_msgs.egg-info/PKG-INFO
[0.314s] writing dependency_links to velodyne_msgs.egg-info/dependency_links.txt
[0.314s] writing top-level names to velodyne_msgs.egg-info/top_level.txt
[0.361s] reading manifest file 'velodyne_msgs.egg-info/SOURCES.txt'
[0.362s] writing manifest file 'velodyne_msgs.egg-info/SOURCES.txt'
[0.391s] [100%] Built target ament_cmake_python_build_velodyne_msgs_egg
[0.403s] Invoked command in '/home/jae/Lidar_ws/src/build/velodyne_msgs' returned '0': CMAKE_PREFIX_PATH=${CMAKE_PREFIX_PATH}:/home/jae/Lidar_ws/install/lidar_processing:/home/jae/ros2_ws/install/lidar_perception:/opt/ros/humble /usr/bin/cmake --build /home/jae/Lidar_ws/src/build/velodyne_msgs -- -j12 -l12
[0.405s] Invoking command in '/home/jae/Lidar_ws/src/build/velodyne_msgs': CMAKE_PREFIX_PATH=${CMAKE_PREFIX_PATH}:/home/jae/Lidar_ws/install/lidar_processing:/home/jae/ros2_ws/install/lidar_perception:/opt/ros/humble /usr/bin/cmake --install /home/jae/Lidar_ws/src/build/velodyne_msgs
[0.413s] -- Install configuration: ""
[0.413s] -- Execute custom install script
[0.414s] -- Up-to-date symlink: /home/jae/Lidar_ws/src/install/velodyne_msgs/share/ament_index/resource_index/rosidl_interfaces/velodyne_msgs
[0.414s] -- Up-to-date symlink: /home/jae/Lidar_ws/src/install/velodyne_msgs/include/velodyne_msgs/velodyne_msgs/msg/detail/velodyne_packet__functions.h
[0.414s] -- Up-to-date symlink: /home/jae/Lidar_ws/src/install/velodyne_msgs/include/velodyne_msgs/velodyne_msgs/msg/detail/velodyne_packet__struct.h
[0.414s] -- Up-to-date symlink: /home/jae/Lidar_ws/src/install/velodyne_msgs/include/velodyne_msgs/velodyne_msgs/msg/detail/velodyne_packet__type_support.h
[0.414s] -- Up-to-date symlink: /home/jae/Lidar_ws/src/install/velodyne_msgs/include/velodyne_msgs/velodyne_msgs/msg/detail/velodyne_scan__functions.h
[0.414s] -- Up-to-date symlink: /home/jae/Lidar_ws/src/install/velodyne_msgs/include/velodyne_msgs/velodyne_msgs/msg/detail/velodyne_scan__struct.h
[0.415s] -- Up-to-date symlink: /home/jae/Lidar_ws/src/install/velodyne_msgs/include/velodyne_msgs/velodyne_msgs/msg/detail/velodyne_scan__type_support.h
[0.415s] -- Up-to-date symlink: /home/jae/Lidar_ws/src/install/velodyne_msgs/include/velodyne_msgs/velodyne_msgs/msg/rosidl_generator_c__visibility_control.h
[0.415s] -- Up-to-date symlink: /home/jae/Lidar_ws/src/install/velodyne_msgs/include/velodyne_msgs/velodyne_msgs/msg/velodyne_packet.h
[0.415s] -- Up-to-date symlink: /home/jae/Lidar_ws/src/install/velodyne_msgs/include/velodyne_msgs/velodyne_msgs/msg/velodyne_scan.h
[0.415s] -- Up-to-date symlink: /home/jae/Lidar_ws/src/install/velodyne_msgs/share/velodyne_msgs/environment/library_path.sh
[0.415s] -- Up-to-date symlink: /home/jae/Lidar_ws/src/install/velodyne_msgs/share/velodyne_msgs/environment/library_path.dsv
[0.416s] -- Up-to-date symlink: /home/jae/Lidar_ws/src/install/velodyne_msgs/include/velodyne_msgs/velodyne_msgs/msg/detail/velodyne_packet__rosidl_typesupport_fastrtps_c.h
[0.416s] -- Up-to-date symlink: /home/jae/Lidar_ws/src/install/velodyne_msgs/include/velodyne_msgs/velodyne_msgs/msg/detail/velodyne_scan__rosidl_typesupport_fastrtps_c.h
[0.416s] -- Up-to-date symlink: /home/jae/Lidar_ws/src/install/velodyne_msgs/include/velodyne_msgs/velodyne_msgs/msg/rosidl_typesupport_fastrtps_c__visibility_control.h
[0.416s] -- Up-to-date symlink: /home/jae/Lidar_ws/src/install/velodyne_msgs/include/velodyne_msgs/velodyne_msgs/msg/detail/velodyne_packet__builder.hpp
[0.416s] -- Up-to-date symlink: /home/jae/Lidar_ws/src/install/velodyne_msgs/include/velodyne_msgs/velodyne_msgs/msg/detail/velodyne_packet__struct.hpp
[0.417s] -- Up-to-date symlink: /home/jae/Lidar_ws/src/install/velodyne_msgs/include/velodyne_msgs/velodyne_msgs/msg/detail/velodyne_packet__traits.hpp
[0.417s] -- Up-to-date symlink: /home/jae/Lidar_ws/src/install/velodyne_msgs/include/velodyne_msgs/velodyne_msgs/msg/detail/velodyne_packet__type_support.hpp
[0.417s] -- Up-to-date symlink: /home/jae/Lidar_ws/src/install/velodyne_msgs/include/velodyne_msgs/velodyne_msgs/msg/detail/velodyne_scan__builder.hpp
[0.417s] -- Up-to-date symlink: /home/jae/Lidar_ws/src/install/velodyne_msgs/include/velodyne_msgs/velodyne_msgs/msg/detail/velodyne_scan__struct.hpp
[0.417s] -- Up-to-date symlink: /home/jae/Lidar_ws/src/install/velodyne_msgs/include/velodyne_msgs/velodyne_msgs/msg/detail/velodyne_scan__traits.hpp
[0.417s] -- Up-to-date symlink: /home/jae/Lidar_ws/src/install/velodyne_msgs/include/velodyne_msgs/velodyne_msgs/msg/detail/velodyne_scan__type_support.hpp
[0.417s] -- Up-to-date symlink: /home/jae/Lidar_ws/src/install/velodyne_msgs/include/velodyne_msgs/velodyne_msgs/msg/rosidl_generator_cpp__visibility_control.hpp
[0.417s] -- Up-to-date symlink: /home/jae/Lidar_ws/src/install/velodyne_msgs/include/velodyne_msgs/velodyne_msgs/msg/velodyne_packet.hpp
[0.418s] -- Up-to-date symlink: /home/jae/Lidar_ws/src/install/velodyne_msgs/include/velodyne_msgs/velodyne_msgs/msg/velodyne_scan.hpp
[0.418s] -- Up-to-date symlink: /home/jae/Lidar_ws/src/install/velodyne_msgs/include/velodyne_msgs/velodyne_msgs/msg/detail/velodyne_packet__rosidl_typesupport_fastrtps_cpp.hpp
[0.418s] -- Up-to-date symlink: /home/jae/Lidar_ws/src/install/velodyne_msgs/include/velodyne_msgs/velodyne_msgs/msg/detail/velodyne_scan__rosidl_typesupport_fastrtps_cpp.hpp
[0.418s] -- Up-to-date symlink: /home/jae/Lidar_ws/src/install/velodyne_msgs/include/velodyne_msgs/velodyne_msgs/msg/rosidl_typesupport_fastrtps_cpp__visibility_control.h
[0.419s] -- Up-to-date symlink: /home/jae/Lidar_ws/src/install/velodyne_msgs/include/velodyne_msgs/velodyne_msgs/msg/detail/velodyne_packet__rosidl_typesupport_introspection_c.h
[0.419s] -- Up-to-date symlink: /home/jae/Lidar_ws/src/install/velodyne_msgs/include/velodyne_msgs/velodyne_msgs/msg/detail/velodyne_scan__rosidl_typesupport_introspection_c.h
[0.419s] -- Up-to-date symlink: /home/jae/Lidar_ws/src/install/velodyne_msgs/include/velodyne_msgs/velodyne_msgs/msg/rosidl_typesupport_introspection_c__visibility_control.h
[0.419s] -- Up-to-date symlink: /home/jae/Lidar_ws/src/install/velodyne_msgs/include/velodyne_msgs/velodyne_msgs/msg/detail/velodyne_packet__rosidl_typesupport_introspection_cpp.hpp
[0.419s] -- Up-to-date symlink: /home/jae/Lidar_ws/src/install/velodyne_msgs/include/velodyne_msgs/velodyne_msgs/msg/detail/velodyne_scan__rosidl_typesupport_introspection_cpp.hpp
[0.419s] -- Up-to-date symlink: /home/jae/Lidar_ws/src/install/velodyne_msgs/share/velodyne_msgs/environment/pythonpath.sh
[0.420s] -- Up-to-date symlink: /home/jae/Lidar_ws/src/install/velodyne_msgs/share/velodyne_msgs/environment/pythonpath.dsv
[0.420s] -- Up-to-date symlink: /home/jae/Lidar_ws/src/install/velodyne_msgs/local/lib/python3.10/dist-packages/velodyne_msgs-2.5.1-py3.10.egg-info/PKG-INFO
[0.420s] -- Up-to-date symlink: /home/jae/Lidar_ws/src/install/velodyne_msgs/local/lib/python3.10/dist-packages/velodyne_msgs-2.5.1-py3.10.egg-info/SOURCES.txt
[0.420s] -- Up-to-date symlink: /home/jae/Lidar_ws/src/install/velodyne_msgs/local/lib/python3.10/dist-packages/velodyne_msgs-2.5.1-py3.10.egg-info/dependency_links.txt
[0.420s] -- Up-to-date symlink: /home/jae/Lidar_ws/src/install/velodyne_msgs/local/lib/python3.10/dist-packages/velodyne_msgs-2.5.1-py3.10.egg-info/top_level.txt
[0.421s] -- Up-to-date symlink: /home/jae/Lidar_ws/src/install/velodyne_msgs/local/lib/python3.10/dist-packages/velodyne_msgs/__init__.py
[0.421s] -- Up-to-date symlink: /home/jae/Lidar_ws/src/install/velodyne_msgs/local/lib/python3.10/dist-packages/velodyne_msgs/_velodyne_msgs_s.ep.rosidl_typesupport_c.c
[0.421s] -- Up-to-date symlink: /home/jae/Lidar_ws/src/install/velodyne_msgs/local/lib/python3.10/dist-packages/velodyne_msgs/_velodyne_msgs_s.ep.rosidl_typesupport_fastrtps_c.c
[0.421s] -- Up-to-date symlink: /home/jae/Lidar_ws/src/install/velodyne_msgs/local/lib/python3.10/dist-packages/velodyne_msgs/_velodyne_msgs_s.ep.rosidl_typesupport_introspection_c.c
[0.422s] -- Up-to-date symlink: /home/jae/Lidar_ws/src/install/velodyne_msgs/local/lib/python3.10/dist-packages/velodyne_msgs/libvelodyne_msgs__rosidl_generator_py.so
[0.422s] -- Up-to-date symlink: /home/jae/Lidar_ws/src/install/velodyne_msgs/local/lib/python3.10/dist-packages/velodyne_msgs/msg/__init__.py
[0.422s] -- Up-to-date symlink: /home/jae/Lidar_ws/src/install/velodyne_msgs/local/lib/python3.10/dist-packages/velodyne_msgs/msg/_velodyne_packet.py
[0.422s] -- Up-to-date symlink: /home/jae/Lidar_ws/src/install/velodyne_msgs/local/lib/python3.10/dist-packages/velodyne_msgs/msg/_velodyne_packet_s.c
[0.422s] -- Up-to-date symlink: /home/jae/Lidar_ws/src/install/velodyne_msgs/local/lib/python3.10/dist-packages/velodyne_msgs/msg/_velodyne_scan.py
[0.422s] -- Up-to-date symlink: /home/jae/Lidar_ws/src/install/velodyne_msgs/local/lib/python3.10/dist-packages/velodyne_msgs/msg/_velodyne_scan_s.c
[0.422s] -- Up-to-date symlink: /home/jae/Lidar_ws/src/install/velodyne_msgs/local/lib/python3.10/dist-packages/velodyne_msgs/velodyne_msgs_s__rosidl_typesupport_c.cpython-310-x86_64-linux-gnu.so
[0.422s] -- Up-to-date symlink: /home/jae/Lidar_ws/src/install/velodyne_msgs/local/lib/python3.10/dist-packages/velodyne_msgs/velodyne_msgs_s__rosidl_typesupport_fastrtps_c.cpython-310-x86_64-linux-gnu.so
[0.422s] -- Up-to-date symlink: /home/jae/Lidar_ws/src/install/velodyne_msgs/local/lib/python3.10/dist-packages/velodyne_msgs/velodyne_msgs_s__rosidl_typesupport_introspection_c.cpython-310-x86_64-linux-gnu.so
[0.423s] -- Up-to-date symlink: /home/jae/Lidar_ws/src/install/velodyne_msgs/local/lib/python3.10/dist-packages/velodyne_msgs/velodyne_msgs_s__rosidl_typesupport_fastrtps_c.cpython-310-x86_64-linux-gnu.so
[0.423s] -- Up-to-date symlink: /home/jae/Lidar_ws/src/install/velodyne_msgs/local/lib/python3.10/dist-packages/velodyne_msgs/velodyne_msgs_s__rosidl_typesupport_introspection_c.cpython-310-x86_64-linux-gnu.so
[0.423s] -- Up-to-date symlink: /home/jae/Lidar_ws/src/install/velodyne_msgs/local/lib/python3.10/dist-packages/velodyne_msgs/velodyne_msgs_s__rosidl_typesupport_c.cpython-310-x86_64-linux-gnu.so
[0.424s] -- Up-to-date symlink: /home/jae/Lidar_ws/src/install/velodyne_msgs/share/velodyne_msgs/msg/VelodynePacket.idl
[0.424s] -- Up-to-date symlink: /home/jae/Lidar_ws/src/install/velodyne_msgs/share/velodyne_msgs/msg/VelodyneScan.idl
[0.424s] -- Up-to-date symlink: /home/jae/Lidar_ws/src/install/velodyne_msgs/share/velodyne_msgs/msg/VelodynePacket.msg
[0.424s] -- Up-to-date symlink: /home/jae/Lidar_ws/src/install/velodyne_msgs/share/velodyne_msgs/msg/VelodyneScan.msg
[0.424s] -- Up-to-date symlink: /home/jae/Lidar_ws/src/install/velodyne_msgs/share/ament_index/resource_index/package_run_dependencies/velodyne_msgs
[0.424s] -- Up-to-date symlink: /home/jae/Lidar_ws/src/install/velodyne_msgs/share/ament_index/resource_index/parent_prefix_path/velodyne_msgs
[0.424s] -- Up-to-date symlink: /home/jae/Lidar_ws/src/install/velodyne_msgs/share/velodyne_msgs/environment/ament_prefix_path.sh
[0.425s] -- Up-to-date symlink: /home/jae/Lidar_ws/src/install/velodyne_msgs/share/velodyne_msgs/environment/ament_prefix_path.dsv
[0.425s] -- Up-to-date symlink: /home/jae/Lidar_ws/src/install/velodyne_msgs/share/velodyne_msgs/environment/path.sh
[0.425s] -- Up-to-date symlink: /home/jae/Lidar_ws/src/install/velodyne_msgs/share/velodyne_msgs/environment/path.dsv
[0.425s] -- Up-to-date symlink: /home/jae/Lidar_ws/src/install/velodyne_msgs/share/velodyne_msgs/local_setup.bash
[0.425s] -- Up-to-date symlink: /home/jae/Lidar_ws/src/install/velodyne_msgs/share/velodyne_msgs/local_setup.sh
[0.425s] -- Up-to-date symlink: /home/jae/Lidar_ws/src/install/velodyne_msgs/share/velodyne_msgs/local_setup.zsh
[0.426s] -- Up-to-date symlink: /home/jae/Lidar_ws/src/install/velodyne_msgs/share/velodyne_msgs/local_setup.dsv
[0.426s] -- Symlinking: /home/jae/Lidar_ws/src/install/velodyne_msgs/share/velodyne_msgs/package.dsv
[0.435s] -- Up-to-date symlink: /home/jae/Lidar_ws/src/install/velodyne_msgs/share/ament_index/resource_index/packages/velodyne_msgs
[0.435s] -- Up-to-date symlink: /home/jae/Lidar_ws/src/install/velodyne_msgs/share/velodyne_msgs/cmake/rosidl_cmake-extras.cmake
[0.435s] -- Up-to-date symlink: /home/jae/Lidar_ws/src/install/velodyne_msgs/share/velodyne_msgs/cmake/ament_cmake_export_dependencies-extras.cmake
[0.436s] -- Up-to-date symlink: /home/jae/Lidar_ws/src/install/velodyne_msgs/share/velodyne_msgs/cmake/ament_cmake_export_include_directories-extras.cmake
[0.436s] -- Up-to-date symlink: /home/jae/Lidar_ws/src/install/velodyne_msgs/share/velodyne_msgs/cmake/ament_cmake_export_libraries-extras.cmake
[0.436s] -- Up-to-date symlink: /home/jae/Lidar_ws/src/install/velodyne_msgs/share/velodyne_msgs/cmake/ament_cmake_export_targets-extras.cmake
[0.436s] -- Up-to-date symlink: /home/jae/Lidar_ws/src/install/velodyne_msgs/share/velodyne_msgs/cmake/rosidl_cmake_export_typesupport_targets-extras.cmake
[0.436s] -- Up-to-date symlink: /home/jae/Lidar_ws/src/install/velodyne_msgs/share/velodyne_msgs/cmake/rosidl_cmake_export_typesupport_libraries-extras.cmake
[0.436s] -- Up-to-date symlink: /home/jae/Lidar_ws/src/install/velodyne_msgs/share/velodyne_msgs/cmake/velodyne_msgsConfig.cmake
[0.437s] -- Up-to-date symlink: /home/jae/Lidar_ws/src/install/velodyne_msgs/share/velodyne_msgs/cmake/velodyne_msgsConfig-version.cmake
[0.437s] -- Up-to-date symlink: /home/jae/Lidar_ws/src/install/velodyne_msgs/share/velodyne_msgs/package.xml
[0.437s] -- Up-to-date: /home/jae/Lidar_ws/src/install/velodyne_msgs/lib/libvelodyne_msgs__rosidl_generator_c.so
[0.438s] -- Up-to-date: /home/jae/Lidar_ws/src/install/velodyne_msgs/lib/libvelodyne_msgs__rosidl_typesupport_fastrtps_c.so
[0.438s] -- Up-to-date: /home/jae/Lidar_ws/src/install/velodyne_msgs/lib/libvelodyne_msgs__rosidl_typesupport_fastrtps_cpp.so
[0.439s] -- Up-to-date: /home/jae/Lidar_ws/src/install/velodyne_msgs/lib/libvelodyne_msgs__rosidl_typesupport_introspection_c.so
[0.439s] -- Up-to-date: /home/jae/Lidar_ws/src/install/velodyne_msgs/lib/libvelodyne_msgs__rosidl_typesupport_c.so
[0.439s] -- Up-to-date: /home/jae/Lidar_ws/src/install/velodyne_msgs/lib/libvelodyne_msgs__rosidl_typesupport_introspection_cpp.so
[0.440s] -- Up-to-date: /home/jae/Lidar_ws/src/install/velodyne_msgs/lib/libvelodyne_msgs__rosidl_typesupport_cpp.so
[0.470s] Listing '/home/jae/Lidar_ws/src/install/velodyne_msgs/local/lib/python3.10/dist-packages/velodyne_msgs'...
[0.470s] Listing '/home/jae/Lidar_ws/src/install/velodyne_msgs/local/lib/python3.10/dist-packages/velodyne_msgs/msg'...
[0.475s] -- Up-to-date: /home/jae/Lidar_ws/src/install/velodyne_msgs/lib/libvelodyne_msgs__rosidl_generator_py.so
[0.475s] -- Up-to-date: /home/jae/Lidar_ws/src/install/velodyne_msgs/share/velodyne_msgs/cmake/export_velodyne_msgs__rosidl_generator_cExport.cmake
[0.475s] -- Up-to-date: /home/jae/Lidar_ws/src/install/velodyne_msgs/share/velodyne_msgs/cmake/export_velodyne_msgs__rosidl_generator_cExport-noconfig.cmake
[0.475s] -- Up-to-date: /home/jae/Lidar_ws/src/install/velodyne_msgs/share/velodyne_msgs/cmake/export_velodyne_msgs__rosidl_typesupport_fastrtps_cExport.cmake
[0.475s] -- Up-to-date: /home/jae/Lidar_ws/src/install/velodyne_msgs/share/velodyne_msgs/cmake/export_velodyne_msgs__rosidl_typesupport_fastrtps_cExport-noconfig.cmake
[0.476s] -- Up-to-date: /home/jae/Lidar_ws/src/install/velodyne_msgs/share/velodyne_msgs/cmake/export_velodyne_msgs__rosidl_generator_cppExport.cmake
[0.476s] -- Up-to-date: /home/jae/Lidar_ws/src/install/velodyne_msgs/share/velodyne_msgs/cmake/export_velodyne_msgs__rosidl_typesupport_fastrtps_cppExport.cmake
[0.476s] -- Up-to-date: /home/jae/Lidar_ws/src/install/velodyne_msgs/share/velodyne_msgs/cmake/export_velodyne_msgs__rosidl_typesupport_fastrtps_cppExport-noconfig.cmake
[0.476s] -- Up-to-date: /home/jae/Lidar_ws/src/install/velodyne_msgs/share/velodyne_msgs/cmake/velodyne_msgs__rosidl_typesupport_introspection_cExport.cmake
[0.476s] -- Up-to-date: /home/jae/Lidar_ws/src/install/velodyne_msgs/share/velodyne_msgs/cmake/velodyne_msgs__rosidl_typesupport_introspection_cExport-noconfig.cmake
[0.476s] -- Up-to-date: /home/jae/Lidar_ws/src/install/velodyne_msgs/share/velodyne_msgs/cmake/velodyne_msgs__rosidl_typesupport_cExport.cmake
[0.477s] -- Up-to-date: /home/jae/Lidar_ws/src/install/velodyne_msgs/share/velodyne_msgs/cmake/velodyne_msgs__rosidl_typesupport_cExport-noconfig.cmake
[0.477s] -- Up-to-date: /home/jae/Lidar_ws/src/install/velodyne_msgs/share/velodyne_msgs/cmake/velodyne_msgs__rosidl_typesupport_introspection_cppExport.cmake
[0.477s] -- Up-to-date: /home/jae/Lidar_ws/src/install/velodyne_msgs/share/velodyne_msgs/cmake/velodyne_msgs__rosidl_typesupport_introspection_cppExport-noconfig.cmake
[0.477s] -- Up-to-date: /home/jae/Lidar_ws/src/install/velodyne_msgs/share/velodyne_msgs/cmake/velodyne_msgs__rosidl_typesupport_cppExport.cmake
[0.477s] -- Up-to-date: /home/jae/Lidar_ws/src/install/velodyne_msgs/share/velodyne_msgs/cmake/velodyne_msgs__rosidl_typesupport_cppExport-noconfig.cmake
[0.477s] -- Up-to-date: /home/jae/Lidar_ws/src/install/velodyne_msgs/share/velodyne_msgs/cmake/export_velodyne_msgs__rosidl_generator_pyExport.cmake
[0.477s] -- Up-to-date: /home/jae/Lidar_ws/src/install/velodyne_msgs/share/velodyne_msgs/cmake/export_velodyne_msgs__rosidl_generator_pyExport-noconfig.cmake
[0.480s] Invoked command in '/home/jae/Lidar_ws/src/build/velodyne_msgs' returned '0': CMAKE_PREFIX_PATH=${CMAKE_PREFIX_PATH}:/home/jae/Lidar_ws/install/lidar_processing:/home/jae/ros2_ws/install/lidar_perception:/opt/ros/humble /usr/bin/cmake --install /home/jae/Lidar_ws/src/build/velodyne_msgs
