[0.013s] Invoking command in '/home/jae/Lidar_ws/src/build/velodyne_pointcloud': AMENT_PREFIX_PATH=/home/jae/Lidar_ws/src/install/velodyne_msgs:${AMENT_PREFIX_PATH} CMAKE_PREFIX_PATH=/home/jae/Lidar_ws/src/install/velodyne_msgs:/home/jae/Lidar_ws/install/velodyne:/home/jae/Lidar_ws/install/velodyne_pointcloud:/home/jae/Lidar_ws/install/velodyne_driver:/home/jae/Lidar_ws/install/velodyne_msgs:/home/jae/Lidar_ws/install/velodyne_laserscan:/home/jae/Lidar_ws/install/lidar_processing:/home/jae/ros2_ws/install/lidar_perception:/opt/ros/humble LD_LIBRARY_PATH=/home/jae/Lidar_ws/src/install/velodyne_msgs/lib:${LD_LIBRARY_PATH} PYTHONPATH=/home/jae/Lidar_ws/src/install/velodyne_msgs/local/lib/python3.10/dist-packages:${PYTHONPATH} /usr/bin/cmake --build /home/jae/Lidar_ws/src/build/velodyne_pointcloud -- -j12 -l12
[0.063s] [35m[1mConsolidate compiler generated dependencies of target gtest_main[0m
[0.063s] [35m[1mConsolidate compiler generated dependencies of target gtest[0m
[0.066s] [35m[1mConsolidate compiler generated dependencies of target velodyne_cloud_types[0m
[0.066s] [35m[1mConsolidate compiler generated dependencies of target velodyne_rawdata[0m
[0.081s] [ 11%] Built target gtest_main
[0.082s] [ 22%] Built target gtest
[0.097s] [35m[1mConsolidate compiler generated dependencies of target test_row_step[0m
[0.103s] [ 38%] Built target velodyne_rawdata
[0.103s] [ 55%] Built target velodyne_cloud_types
[0.120s] [35m[1mConsolidate compiler generated dependencies of target test_calibration[0m
[0.121s] [35m[1mConsolidate compiler generated dependencies of target transform[0m
[0.131s] [ 66%] Built target test_row_step
[0.141s] [ 77%] Built target test_calibration
[0.158s] [ 88%] Built target transform
[0.170s] [35m[1mConsolidate compiler generated dependencies of target velodyne_transform_node[0m
[0.195s] [100%] Built target velodyne_transform_node
[0.218s] Invoked command in '/home/jae/Lidar_ws/src/build/velodyne_pointcloud' returned '0': AMENT_PREFIX_PATH=/home/jae/Lidar_ws/src/install/velodyne_msgs:${AMENT_PREFIX_PATH} CMAKE_PREFIX_PATH=/home/jae/Lidar_ws/src/install/velodyne_msgs:/home/jae/Lidar_ws/install/velodyne:/home/jae/Lidar_ws/install/velodyne_pointcloud:/home/jae/Lidar_ws/install/velodyne_driver:/home/jae/Lidar_ws/install/velodyne_msgs:/home/jae/Lidar_ws/install/velodyne_laserscan:/home/jae/Lidar_ws/install/lidar_processing:/home/jae/ros2_ws/install/lidar_perception:/opt/ros/humble LD_LIBRARY_PATH=/home/jae/Lidar_ws/src/install/velodyne_msgs/lib:${LD_LIBRARY_PATH} PYTHONPATH=/home/jae/Lidar_ws/src/install/velodyne_msgs/local/lib/python3.10/dist-packages:${PYTHONPATH} /usr/bin/cmake --build /home/jae/Lidar_ws/src/build/velodyne_pointcloud -- -j12 -l12
[0.220s] Invoking command in '/home/jae/Lidar_ws/src/build/velodyne_pointcloud': AMENT_PREFIX_PATH=/home/jae/Lidar_ws/src/install/velodyne_msgs:${AMENT_PREFIX_PATH} CMAKE_PREFIX_PATH=/home/jae/Lidar_ws/src/install/velodyne_msgs:/home/jae/Lidar_ws/install/velodyne:/home/jae/Lidar_ws/install/velodyne_pointcloud:/home/jae/Lidar_ws/install/velodyne_driver:/home/jae/Lidar_ws/install/velodyne_msgs:/home/jae/Lidar_ws/install/velodyne_laserscan:/home/jae/Lidar_ws/install/lidar_processing:/home/jae/ros2_ws/install/lidar_perception:/opt/ros/humble LD_LIBRARY_PATH=/home/jae/Lidar_ws/src/install/velodyne_msgs/lib:${LD_LIBRARY_PATH} PYTHONPATH=/home/jae/Lidar_ws/src/install/velodyne_msgs/local/lib/python3.10/dist-packages:${PYTHONPATH} /usr/bin/cmake --install /home/jae/Lidar_ws/src/build/velodyne_pointcloud
[0.227s] -- Install configuration: ""
[0.228s] -- Execute custom install script
[0.228s] -- Up-to-date symlink: /home/jae/Lidar_ws/src/install/velodyne_pointcloud/lib/velodyne_pointcloud/velodyne_transform_node
[0.228s] -- Up-to-date symlink: /home/jae/Lidar_ws/src/install/velodyne_pointcloud/include/velodyne_pointcloud/calibration.hpp
[0.228s] -- Up-to-date symlink: /home/jae/Lidar_ws/src/install/velodyne_pointcloud/include/velodyne_pointcloud/datacontainerbase.hpp
[0.229s] -- Up-to-date symlink: /home/jae/Lidar_ws/src/install/velodyne_pointcloud/include/velodyne_pointcloud/organized_cloudXYZIRT.hpp
[0.229s] -- Up-to-date symlink: /home/jae/Lidar_ws/src/install/velodyne_pointcloud/include/velodyne_pointcloud/pointcloudXYZIRT.hpp
[0.229s] -- Up-to-date symlink: /home/jae/Lidar_ws/src/install/velodyne_pointcloud/include/velodyne_pointcloud/rawdata.hpp
[0.229s] -- Up-to-date symlink: /home/jae/Lidar_ws/src/install/velodyne_pointcloud/include/velodyne_pointcloud/transform.hpp
[0.229s] -- Up-to-date symlink: /home/jae/Lidar_ws/src/install/velodyne_pointcloud/share/velodyne_pointcloud/config/VLP16-velodyne_transform_node-params.yaml
[0.229s] -- Up-to-date symlink: /home/jae/Lidar_ws/src/install/velodyne_pointcloud/share/velodyne_pointcloud/config/VLP32C-velodyne_transform_node-params.yaml
[0.229s] -- Up-to-date symlink: /home/jae/Lidar_ws/src/install/velodyne_pointcloud/share/velodyne_pointcloud/config/VLS128-velodyne_transform_node-params.yaml
[0.230s] -- Up-to-date symlink: /home/jae/Lidar_ws/src/install/velodyne_pointcloud/share/velodyne_pointcloud/launch/velodyne_transform_node-VLP16-composed-launch.py
[0.230s] -- Up-to-date symlink: /home/jae/Lidar_ws/src/install/velodyne_pointcloud/share/velodyne_pointcloud/launch/velodyne_transform_node-VLP16-launch.py
[0.230s] -- Up-to-date symlink: /home/jae/Lidar_ws/src/install/velodyne_pointcloud/share/velodyne_pointcloud/launch/velodyne_transform_node-VLP32C-composed-launch.py
[0.230s] -- Up-to-date symlink: /home/jae/Lidar_ws/src/install/velodyne_pointcloud/share/velodyne_pointcloud/launch/velodyne_transform_node-VLP32C-launch.py
[0.230s] -- Up-to-date symlink: /home/jae/Lidar_ws/src/install/velodyne_pointcloud/share/velodyne_pointcloud/launch/velodyne_transform_node-VLS128-composed-launch.py
[0.230s] -- Up-to-date symlink: /home/jae/Lidar_ws/src/install/velodyne_pointcloud/share/velodyne_pointcloud/launch/velodyne_transform_node-VLS128-launch.py
[0.230s] -- Up-to-date symlink: /home/jae/Lidar_ws/src/install/velodyne_pointcloud/share/velodyne_pointcloud/params/32db.yaml
[0.230s] -- Up-to-date symlink: /home/jae/Lidar_ws/src/install/velodyne_pointcloud/share/velodyne_pointcloud/params/64e_s2.1-sztaki.yaml
[0.231s] -- Up-to-date symlink: /home/jae/Lidar_ws/src/install/velodyne_pointcloud/share/velodyne_pointcloud/params/64e_s3-xiesc.yaml
[0.231s] -- Up-to-date symlink: /home/jae/Lidar_ws/src/install/velodyne_pointcloud/share/velodyne_pointcloud/params/64e_utexas.yaml
[0.231s] -- Up-to-date symlink: /home/jae/Lidar_ws/src/install/velodyne_pointcloud/share/velodyne_pointcloud/params/VLP16_hires_db.yaml
[0.231s] -- Up-to-date symlink: /home/jae/Lidar_ws/src/install/velodyne_pointcloud/share/velodyne_pointcloud/params/VLP16db.yaml
[0.231s] -- Up-to-date symlink: /home/jae/Lidar_ws/src/install/velodyne_pointcloud/share/velodyne_pointcloud/params/VLS128.yaml
[0.231s] -- Up-to-date symlink: /home/jae/Lidar_ws/src/install/velodyne_pointcloud/share/velodyne_pointcloud/params/VeloView-VLP-32C.yaml
[0.231s] -- Up-to-date symlink: /home/jae/Lidar_ws/src/install/velodyne_pointcloud/share/velodyne_pointcloud/params/issue_84_float_intensities.yaml
[0.231s] -- Up-to-date symlink: /home/jae/Lidar_ws/src/install/velodyne_pointcloud/share/velodyne_pointcloud/params/rviz_points.vcg
[0.231s] -- Up-to-date symlink: /home/jae/Lidar_ws/src/install/velodyne_pointcloud/share/velodyne_pointcloud/environment/library_path.sh
[0.232s] -- Up-to-date symlink: /home/jae/Lidar_ws/src/install/velodyne_pointcloud/share/velodyne_pointcloud/environment/library_path.dsv
[0.232s] -- Up-to-date symlink: /home/jae/Lidar_ws/src/install/velodyne_pointcloud/share/ament_index/resource_index/package_run_dependencies/velodyne_pointcloud
[0.232s] -- Up-to-date symlink: /home/jae/Lidar_ws/src/install/velodyne_pointcloud/share/ament_index/resource_index/parent_prefix_path/velodyne_pointcloud
[0.232s] -- Up-to-date symlink: /home/jae/Lidar_ws/src/install/velodyne_pointcloud/share/velodyne_pointcloud/environment/ament_prefix_path.sh
[0.232s] -- Up-to-date symlink: /home/jae/Lidar_ws/src/install/velodyne_pointcloud/share/velodyne_pointcloud/environment/ament_prefix_path.dsv
[0.232s] -- Up-to-date symlink: /home/jae/Lidar_ws/src/install/velodyne_pointcloud/share/velodyne_pointcloud/environment/path.sh
[0.232s] -- Up-to-date symlink: /home/jae/Lidar_ws/src/install/velodyne_pointcloud/share/velodyne_pointcloud/environment/path.dsv
[0.232s] -- Up-to-date symlink: /home/jae/Lidar_ws/src/install/velodyne_pointcloud/share/velodyne_pointcloud/local_setup.bash
[0.233s] -- Up-to-date symlink: /home/jae/Lidar_ws/src/install/velodyne_pointcloud/share/velodyne_pointcloud/local_setup.sh
[0.233s] -- Up-to-date symlink: /home/jae/Lidar_ws/src/install/velodyne_pointcloud/share/velodyne_pointcloud/local_setup.zsh
[0.233s] -- Up-to-date symlink: /home/jae/Lidar_ws/src/install/velodyne_pointcloud/share/velodyne_pointcloud/local_setup.dsv
[0.233s] -- Symlinking: /home/jae/Lidar_ws/src/install/velodyne_pointcloud/share/velodyne_pointcloud/package.dsv
[0.242s] -- Up-to-date symlink: /home/jae/Lidar_ws/src/install/velodyne_pointcloud/share/ament_index/resource_index/packages/velodyne_pointcloud
[0.243s] -- Up-to-date symlink: /home/jae/Lidar_ws/src/install/velodyne_pointcloud/share/ament_index/resource_index/rclcpp_components/velodyne_pointcloud
[0.243s] -- Up-to-date symlink: /home/jae/Lidar_ws/src/install/velodyne_pointcloud/share/velodyne_pointcloud/cmake/ament_cmake_export_include_directories-extras.cmake
[0.243s] -- Up-to-date symlink: /home/jae/Lidar_ws/src/install/velodyne_pointcloud/share/velodyne_pointcloud/cmake/ament_cmake_export_dependencies-extras.cmake
[0.243s] -- Up-to-date symlink: /home/jae/Lidar_ws/src/install/velodyne_pointcloud/share/velodyne_pointcloud/cmake/ament_cmake_export_libraries-extras.cmake
[0.243s] -- Up-to-date symlink: /home/jae/Lidar_ws/src/install/velodyne_pointcloud/share/velodyne_pointcloud/cmake/ament_cmake_export_targets-extras.cmake
[0.243s] -- Up-to-date symlink: /home/jae/Lidar_ws/src/install/velodyne_pointcloud/share/velodyne_pointcloud/cmake/velodyne_pointcloudConfig.cmake
[0.243s] -- Up-to-date symlink: /home/jae/Lidar_ws/src/install/velodyne_pointcloud/share/velodyne_pointcloud/cmake/velodyne_pointcloudConfig-version.cmake
[0.244s] -- Up-to-date symlink: /home/jae/Lidar_ws/src/install/velodyne_pointcloud/share/velodyne_pointcloud/package.xml
[0.244s] -- Up-to-date: /home/jae/Lidar_ws/src/install/velodyne_pointcloud/lib/libvelodyne_cloud_types.so
[0.245s] -- Up-to-date: /home/jae/Lidar_ws/src/install/velodyne_pointcloud/lib/libvelodyne_rawdata.so
[0.245s] -- Up-to-date: /home/jae/Lidar_ws/src/install/velodyne_pointcloud/lib/libtransform.so
[0.246s] -- Up-to-date: /home/jae/Lidar_ws/src/install/velodyne_pointcloud/share/velodyne_pointcloud/cmake/velodyne_pointcloudExport.cmake
[0.246s] -- Up-to-date: /home/jae/Lidar_ws/src/install/velodyne_pointcloud/share/velodyne_pointcloud/cmake/velodyne_pointcloudExport-noconfig.cmake
[0.249s] Invoked command in '/home/jae/Lidar_ws/src/build/velodyne_pointcloud' returned '0': AMENT_PREFIX_PATH=/home/jae/Lidar_ws/src/install/velodyne_msgs:${AMENT_PREFIX_PATH} CMAKE_PREFIX_PATH=/home/jae/Lidar_ws/src/install/velodyne_msgs:/home/jae/Lidar_ws/install/velodyne:/home/jae/Lidar_ws/install/velodyne_pointcloud:/home/jae/Lidar_ws/install/velodyne_driver:/home/jae/Lidar_ws/install/velodyne_msgs:/home/jae/Lidar_ws/install/velodyne_laserscan:/home/jae/Lidar_ws/install/lidar_processing:/home/jae/ros2_ws/install/lidar_perception:/opt/ros/humble LD_LIBRARY_PATH=/home/jae/Lidar_ws/src/install/velodyne_msgs/lib:${LD_LIBRARY_PATH} PYTHONPATH=/home/jae/Lidar_ws/src/install/velodyne_msgs/local/lib/python3.10/dist-packages:${PYTHONPATH} /usr/bin/cmake --install /home/jae/Lidar_ws/src/build/velodyne_pointcloud
