[0.090s] DEBUG:colcon:Command line arguments: ['/usr/bin/colcon', 'build', '--symlink-install']
[0.090s] DEBUG:colcon:Parsed command line arguments: Namespace(log_base=None, log_level=None, verb_name='build', build_base='build', install_base='install', merge_install=False, symlink_install=True, test_result_base=None, continue_on_error=False, executor='parallel', parallel_workers=12, event_handlers=None, ignore_user_meta=False, metas=['./colcon.meta'], base_paths=['.'], packages_ignore=None, packages_ignore_regex=None, paths=None, packages_up_to=None, packages_up_to_regex=None, packages_above=None, packages_above_and_dependencies=None, packages_above_depth=None, packages_select_by_dep=None, packages_skip_by_dep=None, packages_skip_up_to=None, packages_select_build_failed=False, packages_skip_build_finished=False, packages_select_test_failures=False, packages_skip_test_passed=False, packages_select=None, packages_skip=None, packages_select_regex=None, packages_skip_regex=None, packages_start=None, packages_end=None, allow_overriding=[], cmake_args=None, cmake_target=None, cmake_target_skip_unavailable=False, cmake_clean_cache=False, cmake_clean_first=False, cmake_force_configure=False, ament_cmake_args=None, catkin_cmake_args=None, catkin_skip_building_tests=False, mixin_files=None, mixin=None, verb_parser=<colcon_mixin.mixin.mixin_argument.MixinArgumentDecorator object at 0x70653eb53400>, verb_extension=<colcon_core.verb.build.BuildVerb object at 0x70653eb0c8e0>, main=<bound method BuildVerb.main of <colcon_core.verb.build.BuildVerb object at 0x70653eb0c8e0>>, mixin_verb=('build',))
[0.119s] Level 1:colcon.colcon_core.package_discovery:discover_packages(colcon_meta) check parameters
[0.119s] Level 1:colcon.colcon_core.package_discovery:discover_packages(recursive) check parameters
[0.119s] Level 1:colcon.colcon_core.package_discovery:discover_packages(ignore) check parameters
[0.119s] Level 1:colcon.colcon_core.package_discovery:discover_packages(path) check parameters
[0.119s] Level 1:colcon.colcon_core.package_discovery:discover_packages(colcon_meta) discover
[0.119s] Level 1:colcon.colcon_core.package_discovery:discover_packages(recursive) discover
[0.119s] INFO:colcon.colcon_core.package_discovery:Crawling recursively for packages in '/home/jae/Lidar_ws/src'
[0.119s] Level 1:colcon.colcon_core.package_identification:_identify(.) by extensions ['ignore', 'ignore_ament_install']
[0.120s] Level 1:colcon.colcon_core.package_identification:_identify(.) by extension 'ignore'
[0.120s] Level 1:colcon.colcon_core.package_identification:_identify(.) by extension 'ignore_ament_install'
[0.120s] Level 1:colcon.colcon_core.package_identification:_identify(.) by extensions ['colcon_pkg']
[0.120s] Level 1:colcon.colcon_core.package_identification:_identify(.) by extension 'colcon_pkg'
[0.120s] Level 1:colcon.colcon_core.package_identification:_identify(.) by extensions ['colcon_meta']
[0.120s] Level 1:colcon.colcon_core.package_identification:_identify(.) by extension 'colcon_meta'
[0.120s] Level 1:colcon.colcon_core.package_identification:_identify(.) by extensions ['ros']
[0.120s] Level 1:colcon.colcon_core.package_identification:_identify(.) by extension 'ros'
[0.131s] Level 1:colcon.colcon_core.package_identification:_identify(.) by extensions ['cmake', 'python']
[0.131s] Level 1:colcon.colcon_core.package_identification:_identify(.) by extension 'cmake'
[0.131s] Level 1:colcon.colcon_core.package_identification:_identify(.) by extension 'python'
[0.131s] Level 1:colcon.colcon_core.package_identification:_identify(.) by extensions ['python_setup_py']
[0.131s] Level 1:colcon.colcon_core.package_identification:_identify(.) by extension 'python_setup_py'
[0.132s] Level 1:colcon.colcon_core.package_identification:_identify(build) by extensions ['ignore', 'ignore_ament_install']
[0.132s] Level 1:colcon.colcon_core.package_identification:_identify(build) by extension 'ignore'
[0.132s] Level 1:colcon.colcon_core.package_identification:_identify(build) ignored
[0.132s] Level 1:colcon.colcon_core.package_identification:_identify(install) by extensions ['ignore', 'ignore_ament_install']
[0.132s] Level 1:colcon.colcon_core.package_identification:_identify(install) by extension 'ignore'
[0.132s] Level 1:colcon.colcon_core.package_identification:_identify(install) ignored
[0.132s] Level 1:colcon.colcon_core.package_identification:_identify(lidar_processing) by extensions ['ignore', 'ignore_ament_install']
[0.132s] Level 1:colcon.colcon_core.package_identification:_identify(lidar_processing) by extension 'ignore'
[0.132s] Level 1:colcon.colcon_core.package_identification:_identify(lidar_processing) by extension 'ignore_ament_install'
[0.132s] Level 1:colcon.colcon_core.package_identification:_identify(lidar_processing) by extensions ['colcon_pkg']
[0.132s] Level 1:colcon.colcon_core.package_identification:_identify(lidar_processing) by extension 'colcon_pkg'
[0.132s] Level 1:colcon.colcon_core.package_identification:_identify(lidar_processing) by extensions ['colcon_meta']
[0.132s] Level 1:colcon.colcon_core.package_identification:_identify(lidar_processing) by extension 'colcon_meta'
[0.132s] Level 1:colcon.colcon_core.package_identification:_identify(lidar_processing) by extensions ['ros']
[0.132s] Level 1:colcon.colcon_core.package_identification:_identify(lidar_processing) by extension 'ros'
[0.134s] DEBUG:colcon.colcon_core.package_identification:Package 'lidar_processing' with type 'ros.ament_python' and name 'lidar_processing'
[0.135s] Level 1:colcon.colcon_core.package_identification:_identify(log) by extensions ['ignore', 'ignore_ament_install']
[0.135s] Level 1:colcon.colcon_core.package_identification:_identify(log) by extension 'ignore'
[0.135s] Level 1:colcon.colcon_core.package_identification:_identify(log) ignored
[0.135s] Level 1:colcon.colcon_core.package_identification:_identify(velodyne) by extensions ['ignore', 'ignore_ament_install']
[0.135s] Level 1:colcon.colcon_core.package_identification:_identify(velodyne) by extension 'ignore'
[0.135s] Level 1:colcon.colcon_core.package_identification:_identify(velodyne) by extension 'ignore_ament_install'
[0.135s] Level 1:colcon.colcon_core.package_identification:_identify(velodyne) by extensions ['colcon_pkg']
[0.135s] Level 1:colcon.colcon_core.package_identification:_identify(velodyne) by extension 'colcon_pkg'
[0.135s] Level 1:colcon.colcon_core.package_identification:_identify(velodyne) by extensions ['colcon_meta']
[0.135s] Level 1:colcon.colcon_core.package_identification:_identify(velodyne) by extension 'colcon_meta'
[0.135s] Level 1:colcon.colcon_core.package_identification:_identify(velodyne) by extensions ['ros']
[0.135s] Level 1:colcon.colcon_core.package_identification:_identify(velodyne) by extension 'ros'
[0.135s] Level 1:colcon.colcon_core.package_identification:_identify(velodyne) by extensions ['cmake', 'python']
[0.135s] Level 1:colcon.colcon_core.package_identification:_identify(velodyne) by extension 'cmake'
[0.135s] Level 1:colcon.colcon_core.package_identification:_identify(velodyne) by extension 'python'
[0.135s] Level 1:colcon.colcon_core.package_identification:_identify(velodyne) by extensions ['python_setup_py']
[0.135s] Level 1:colcon.colcon_core.package_identification:_identify(velodyne) by extension 'python_setup_py'
[0.135s] Level 1:colcon.colcon_core.package_identification:_identify(velodyne/velodyne) by extensions ['ignore', 'ignore_ament_install']
[0.135s] Level 1:colcon.colcon_core.package_identification:_identify(velodyne/velodyne) by extension 'ignore'
[0.135s] Level 1:colcon.colcon_core.package_identification:_identify(velodyne/velodyne) by extension 'ignore_ament_install'
[0.135s] Level 1:colcon.colcon_core.package_identification:_identify(velodyne/velodyne) by extensions ['colcon_pkg']
[0.135s] Level 1:colcon.colcon_core.package_identification:_identify(velodyne/velodyne) by extension 'colcon_pkg'
[0.135s] Level 1:colcon.colcon_core.package_identification:_identify(velodyne/velodyne) by extensions ['colcon_meta']
[0.135s] Level 1:colcon.colcon_core.package_identification:_identify(velodyne/velodyne) by extension 'colcon_meta'
[0.135s] Level 1:colcon.colcon_core.package_identification:_identify(velodyne/velodyne) by extensions ['ros']
[0.135s] Level 1:colcon.colcon_core.package_identification:_identify(velodyne/velodyne) by extension 'ros'
[0.136s] DEBUG:colcon.colcon_core.package_identification:Package 'velodyne/velodyne' with type 'ros.ament_cmake' and name 'velodyne'
[0.136s] Level 1:colcon.colcon_core.package_identification:_identify(velodyne/velodyne_driver) by extensions ['ignore', 'ignore_ament_install']
[0.136s] Level 1:colcon.colcon_core.package_identification:_identify(velodyne/velodyne_driver) by extension 'ignore'
[0.136s] Level 1:colcon.colcon_core.package_identification:_identify(velodyne/velodyne_driver) by extension 'ignore_ament_install'
[0.136s] Level 1:colcon.colcon_core.package_identification:_identify(velodyne/velodyne_driver) by extensions ['colcon_pkg']
[0.136s] Level 1:colcon.colcon_core.package_identification:_identify(velodyne/velodyne_driver) by extension 'colcon_pkg'
[0.136s] Level 1:colcon.colcon_core.package_identification:_identify(velodyne/velodyne_driver) by extensions ['colcon_meta']
[0.136s] Level 1:colcon.colcon_core.package_identification:_identify(velodyne/velodyne_driver) by extension 'colcon_meta'
[0.136s] Level 1:colcon.colcon_core.package_identification:_identify(velodyne/velodyne_driver) by extensions ['ros']
[0.136s] Level 1:colcon.colcon_core.package_identification:_identify(velodyne/velodyne_driver) by extension 'ros'
[0.137s] DEBUG:colcon.colcon_core.package_identification:Package 'velodyne/velodyne_driver' with type 'ros.ament_cmake' and name 'velodyne_driver'
[0.137s] Level 1:colcon.colcon_core.package_identification:_identify(velodyne/velodyne_laserscan) by extensions ['ignore', 'ignore_ament_install']
[0.137s] Level 1:colcon.colcon_core.package_identification:_identify(velodyne/velodyne_laserscan) by extension 'ignore'
[0.137s] Level 1:colcon.colcon_core.package_identification:_identify(velodyne/velodyne_laserscan) by extension 'ignore_ament_install'
[0.137s] Level 1:colcon.colcon_core.package_identification:_identify(velodyne/velodyne_laserscan) by extensions ['colcon_pkg']
[0.137s] Level 1:colcon.colcon_core.package_identification:_identify(velodyne/velodyne_laserscan) by extension 'colcon_pkg'
[0.137s] Level 1:colcon.colcon_core.package_identification:_identify(velodyne/velodyne_laserscan) by extensions ['colcon_meta']
[0.137s] Level 1:colcon.colcon_core.package_identification:_identify(velodyne/velodyne_laserscan) by extension 'colcon_meta'
[0.137s] Level 1:colcon.colcon_core.package_identification:_identify(velodyne/velodyne_laserscan) by extensions ['ros']
[0.137s] Level 1:colcon.colcon_core.package_identification:_identify(velodyne/velodyne_laserscan) by extension 'ros'
[0.138s] DEBUG:colcon.colcon_core.package_identification:Package 'velodyne/velodyne_laserscan' with type 'ros.ament_cmake' and name 'velodyne_laserscan'
[0.138s] Level 1:colcon.colcon_core.package_identification:_identify(velodyne/velodyne_msgs) by extensions ['ignore', 'ignore_ament_install']
[0.138s] Level 1:colcon.colcon_core.package_identification:_identify(velodyne/velodyne_msgs) by extension 'ignore'
[0.138s] Level 1:colcon.colcon_core.package_identification:_identify(velodyne/velodyne_msgs) by extension 'ignore_ament_install'
[0.138s] Level 1:colcon.colcon_core.package_identification:_identify(velodyne/velodyne_msgs) by extensions ['colcon_pkg']
[0.138s] Level 1:colcon.colcon_core.package_identification:_identify(velodyne/velodyne_msgs) by extension 'colcon_pkg'
[0.138s] Level 1:colcon.colcon_core.package_identification:_identify(velodyne/velodyne_msgs) by extensions ['colcon_meta']
[0.138s] Level 1:colcon.colcon_core.package_identification:_identify(velodyne/velodyne_msgs) by extension 'colcon_meta'
[0.138s] Level 1:colcon.colcon_core.package_identification:_identify(velodyne/velodyne_msgs) by extensions ['ros']
[0.138s] Level 1:colcon.colcon_core.package_identification:_identify(velodyne/velodyne_msgs) by extension 'ros'
[0.139s] DEBUG:colcon.colcon_core.package_identification:Package 'velodyne/velodyne_msgs' with type 'ros.ament_cmake' and name 'velodyne_msgs'
[0.139s] Level 1:colcon.colcon_core.package_identification:_identify(velodyne/velodyne_pointcloud) by extensions ['ignore', 'ignore_ament_install']
[0.139s] Level 1:colcon.colcon_core.package_identification:_identify(velodyne/velodyne_pointcloud) by extension 'ignore'
[0.139s] Level 1:colcon.colcon_core.package_identification:_identify(velodyne/velodyne_pointcloud) by extension 'ignore_ament_install'
[0.139s] Level 1:colcon.colcon_core.package_identification:_identify(velodyne/velodyne_pointcloud) by extensions ['colcon_pkg']
[0.139s] Level 1:colcon.colcon_core.package_identification:_identify(velodyne/velodyne_pointcloud) by extension 'colcon_pkg'
[0.139s] Level 1:colcon.colcon_core.package_identification:_identify(velodyne/velodyne_pointcloud) by extensions ['colcon_meta']
[0.139s] Level 1:colcon.colcon_core.package_identification:_identify(velodyne/velodyne_pointcloud) by extension 'colcon_meta'
[0.139s] Level 1:colcon.colcon_core.package_identification:_identify(velodyne/velodyne_pointcloud) by extensions ['ros']
[0.139s] Level 1:colcon.colcon_core.package_identification:_identify(velodyne/velodyne_pointcloud) by extension 'ros'
[0.140s] DEBUG:colcon.colcon_core.package_identification:Package 'velodyne/velodyne_pointcloud' with type 'ros.ament_cmake' and name 'velodyne_pointcloud'
[0.140s] Level 1:colcon.colcon_core.package_discovery:discover_packages(recursive) using defaults
[0.140s] Level 1:colcon.colcon_core.package_discovery:discover_packages(ignore) discover
[0.140s] Level 1:colcon.colcon_core.package_discovery:discover_packages(ignore) using defaults
[0.140s] Level 1:colcon.colcon_core.package_discovery:discover_packages(path) discover
[0.140s] Level 1:colcon.colcon_core.package_discovery:discover_packages(path) using defaults
[0.156s] Level 1:colcon.colcon_core.package_discovery:discover_packages(prefix_path) check parameters
[0.156s] Level 1:colcon.colcon_core.package_discovery:discover_packages(prefix_path) discover
[0.158s] DEBUG:colcon.colcon_installed_package_information.package_discovery:Found 6 installed packages in /home/jae/Lidar_ws/install
[0.158s] DEBUG:colcon.colcon_installed_package_information.package_discovery:Found 1 installed packages in /home/jae/ros2_ws/install
[0.159s] DEBUG:colcon.colcon_installed_package_information.package_discovery:Found 219 installed packages in /opt/ros/humble
[0.160s] Level 1:colcon.colcon_core.package_discovery:discover_packages(prefix_path) using defaults
[0.182s] Level 5:colcon.colcon_core.verb:set package 'lidar_processing' build argument 'cmake_args' from command line to 'None'
[0.182s] Level 5:colcon.colcon_core.verb:set package 'lidar_processing' build argument 'cmake_target' from command line to 'None'
[0.182s] Level 5:colcon.colcon_core.verb:set package 'lidar_processing' build argument 'cmake_target_skip_unavailable' from command line to 'False'
[0.182s] Level 5:colcon.colcon_core.verb:set package 'lidar_processing' build argument 'cmake_clean_cache' from command line to 'False'
[0.182s] Level 5:colcon.colcon_core.verb:set package 'lidar_processing' build argument 'cmake_clean_first' from command line to 'False'
[0.182s] Level 5:colcon.colcon_core.verb:set package 'lidar_processing' build argument 'cmake_force_configure' from command line to 'False'
[0.182s] Level 5:colcon.colcon_core.verb:set package 'lidar_processing' build argument 'ament_cmake_args' from command line to 'None'
[0.182s] Level 5:colcon.colcon_core.verb:set package 'lidar_processing' build argument 'catkin_cmake_args' from command line to 'None'
[0.182s] Level 5:colcon.colcon_core.verb:set package 'lidar_processing' build argument 'catkin_skip_building_tests' from command line to 'False'
[0.182s] DEBUG:colcon.colcon_core.verb:Building package 'lidar_processing' with the following arguments: {'ament_cmake_args': None, 'build_base': '/home/jae/Lidar_ws/src/build/lidar_processing', 'catkin_cmake_args': None, 'catkin_skip_building_tests': False, 'cmake_args': None, 'cmake_clean_cache': False, 'cmake_clean_first': False, 'cmake_force_configure': False, 'cmake_target': None, 'cmake_target_skip_unavailable': False, 'install_base': '/home/jae/Lidar_ws/src/install/lidar_processing', 'merge_install': False, 'path': '/home/jae/Lidar_ws/src/lidar_processing', 'symlink_install': True, 'test_result_base': None}
[0.182s] Level 5:colcon.colcon_core.verb:set package 'velodyne_laserscan' build argument 'cmake_args' from command line to 'None'
[0.182s] Level 5:colcon.colcon_core.verb:set package 'velodyne_laserscan' build argument 'cmake_target' from command line to 'None'
[0.182s] Level 5:colcon.colcon_core.verb:set package 'velodyne_laserscan' build argument 'cmake_target_skip_unavailable' from command line to 'False'
[0.182s] Level 5:colcon.colcon_core.verb:set package 'velodyne_laserscan' build argument 'cmake_clean_cache' from command line to 'False'
[0.182s] Level 5:colcon.colcon_core.verb:set package 'velodyne_laserscan' build argument 'cmake_clean_first' from command line to 'False'
[0.183s] Level 5:colcon.colcon_core.verb:set package 'velodyne_laserscan' build argument 'cmake_force_configure' from command line to 'False'
[0.183s] Level 5:colcon.colcon_core.verb:set package 'velodyne_laserscan' build argument 'ament_cmake_args' from command line to 'None'
[0.183s] Level 5:colcon.colcon_core.verb:set package 'velodyne_laserscan' build argument 'catkin_cmake_args' from command line to 'None'
[0.183s] Level 5:colcon.colcon_core.verb:set package 'velodyne_laserscan' build argument 'catkin_skip_building_tests' from command line to 'False'
[0.183s] DEBUG:colcon.colcon_core.verb:Building package 'velodyne_laserscan' with the following arguments: {'ament_cmake_args': None, 'build_base': '/home/jae/Lidar_ws/src/build/velodyne_laserscan', 'catkin_cmake_args': None, 'catkin_skip_building_tests': False, 'cmake_args': None, 'cmake_clean_cache': False, 'cmake_clean_first': False, 'cmake_force_configure': False, 'cmake_target': None, 'cmake_target_skip_unavailable': False, 'install_base': '/home/jae/Lidar_ws/src/install/velodyne_laserscan', 'merge_install': False, 'path': '/home/jae/Lidar_ws/src/velodyne/velodyne_laserscan', 'symlink_install': True, 'test_result_base': None}
[0.183s] Level 5:colcon.colcon_core.verb:set package 'velodyne_msgs' build argument 'cmake_args' from command line to 'None'
[0.183s] Level 5:colcon.colcon_core.verb:set package 'velodyne_msgs' build argument 'cmake_target' from command line to 'None'
[0.183s] Level 5:colcon.colcon_core.verb:set package 'velodyne_msgs' build argument 'cmake_target_skip_unavailable' from command line to 'False'
[0.183s] Level 5:colcon.colcon_core.verb:set package 'velodyne_msgs' build argument 'cmake_clean_cache' from command line to 'False'
[0.183s] Level 5:colcon.colcon_core.verb:set package 'velodyne_msgs' build argument 'cmake_clean_first' from command line to 'False'
[0.183s] Level 5:colcon.colcon_core.verb:set package 'velodyne_msgs' build argument 'cmake_force_configure' from command line to 'False'
[0.183s] Level 5:colcon.colcon_core.verb:set package 'velodyne_msgs' build argument 'ament_cmake_args' from command line to 'None'
[0.183s] Level 5:colcon.colcon_core.verb:set package 'velodyne_msgs' build argument 'catkin_cmake_args' from command line to 'None'
[0.183s] Level 5:colcon.colcon_core.verb:set package 'velodyne_msgs' build argument 'catkin_skip_building_tests' from command line to 'False'
[0.183s] DEBUG:colcon.colcon_core.verb:Building package 'velodyne_msgs' with the following arguments: {'ament_cmake_args': None, 'build_base': '/home/jae/Lidar_ws/src/build/velodyne_msgs', 'catkin_cmake_args': None, 'catkin_skip_building_tests': False, 'cmake_args': None, 'cmake_clean_cache': False, 'cmake_clean_first': False, 'cmake_force_configure': False, 'cmake_target': None, 'cmake_target_skip_unavailable': False, 'install_base': '/home/jae/Lidar_ws/src/install/velodyne_msgs', 'merge_install': False, 'path': '/home/jae/Lidar_ws/src/velodyne/velodyne_msgs', 'symlink_install': True, 'test_result_base': None}
[0.183s] Level 5:colcon.colcon_core.verb:set package 'velodyne_driver' build argument 'cmake_args' from command line to 'None'
[0.183s] Level 5:colcon.colcon_core.verb:set package 'velodyne_driver' build argument 'cmake_target' from command line to 'None'
[0.183s] Level 5:colcon.colcon_core.verb:set package 'velodyne_driver' build argument 'cmake_target_skip_unavailable' from command line to 'False'
[0.183s] Level 5:colcon.colcon_core.verb:set package 'velodyne_driver' build argument 'cmake_clean_cache' from command line to 'False'
[0.183s] Level 5:colcon.colcon_core.verb:set package 'velodyne_driver' build argument 'cmake_clean_first' from command line to 'False'
[0.183s] Level 5:colcon.colcon_core.verb:set package 'velodyne_driver' build argument 'cmake_force_configure' from command line to 'False'
[0.183s] Level 5:colcon.colcon_core.verb:set package 'velodyne_driver' build argument 'ament_cmake_args' from command line to 'None'
[0.183s] Level 5:colcon.colcon_core.verb:set package 'velodyne_driver' build argument 'catkin_cmake_args' from command line to 'None'
[0.183s] Level 5:colcon.colcon_core.verb:set package 'velodyne_driver' build argument 'catkin_skip_building_tests' from command line to 'False'
[0.183s] DEBUG:colcon.colcon_core.verb:Building package 'velodyne_driver' with the following arguments: {'ament_cmake_args': None, 'build_base': '/home/jae/Lidar_ws/src/build/velodyne_driver', 'catkin_cmake_args': None, 'catkin_skip_building_tests': False, 'cmake_args': None, 'cmake_clean_cache': False, 'cmake_clean_first': False, 'cmake_force_configure': False, 'cmake_target': None, 'cmake_target_skip_unavailable': False, 'install_base': '/home/jae/Lidar_ws/src/install/velodyne_driver', 'merge_install': False, 'path': '/home/jae/Lidar_ws/src/velodyne/velodyne_driver', 'symlink_install': True, 'test_result_base': None}
[0.184s] Level 5:colcon.colcon_core.verb:set package 'velodyne_pointcloud' build argument 'cmake_args' from command line to 'None'
[0.184s] Level 5:colcon.colcon_core.verb:set package 'velodyne_pointcloud' build argument 'cmake_target' from command line to 'None'
[0.184s] Level 5:colcon.colcon_core.verb:set package 'velodyne_pointcloud' build argument 'cmake_target_skip_unavailable' from command line to 'False'
[0.184s] Level 5:colcon.colcon_core.verb:set package 'velodyne_pointcloud' build argument 'cmake_clean_cache' from command line to 'False'
[0.184s] Level 5:colcon.colcon_core.verb:set package 'velodyne_pointcloud' build argument 'cmake_clean_first' from command line to 'False'
[0.184s] Level 5:colcon.colcon_core.verb:set package 'velodyne_pointcloud' build argument 'cmake_force_configure' from command line to 'False'
[0.184s] Level 5:colcon.colcon_core.verb:set package 'velodyne_pointcloud' build argument 'ament_cmake_args' from command line to 'None'
[0.184s] Level 5:colcon.colcon_core.verb:set package 'velodyne_pointcloud' build argument 'catkin_cmake_args' from command line to 'None'
[0.184s] Level 5:colcon.colcon_core.verb:set package 'velodyne_pointcloud' build argument 'catkin_skip_building_tests' from command line to 'False'
[0.184s] DEBUG:colcon.colcon_core.verb:Building package 'velodyne_pointcloud' with the following arguments: {'ament_cmake_args': None, 'build_base': '/home/jae/Lidar_ws/src/build/velodyne_pointcloud', 'catkin_cmake_args': None, 'catkin_skip_building_tests': False, 'cmake_args': None, 'cmake_clean_cache': False, 'cmake_clean_first': False, 'cmake_force_configure': False, 'cmake_target': None, 'cmake_target_skip_unavailable': False, 'install_base': '/home/jae/Lidar_ws/src/install/velodyne_pointcloud', 'merge_install': False, 'path': '/home/jae/Lidar_ws/src/velodyne/velodyne_pointcloud', 'symlink_install': True, 'test_result_base': None}
[0.184s] Level 5:colcon.colcon_core.verb:set package 'velodyne' build argument 'cmake_args' from command line to 'None'
[0.184s] Level 5:colcon.colcon_core.verb:set package 'velodyne' build argument 'cmake_target' from command line to 'None'
[0.184s] Level 5:colcon.colcon_core.verb:set package 'velodyne' build argument 'cmake_target_skip_unavailable' from command line to 'False'
[0.184s] Level 5:colcon.colcon_core.verb:set package 'velodyne' build argument 'cmake_clean_cache' from command line to 'False'
[0.184s] Level 5:colcon.colcon_core.verb:set package 'velodyne' build argument 'cmake_clean_first' from command line to 'False'
[0.184s] Level 5:colcon.colcon_core.verb:set package 'velodyne' build argument 'cmake_force_configure' from command line to 'False'
[0.184s] Level 5:colcon.colcon_core.verb:set package 'velodyne' build argument 'ament_cmake_args' from command line to 'None'
[0.184s] Level 5:colcon.colcon_core.verb:set package 'velodyne' build argument 'catkin_cmake_args' from command line to 'None'
[0.184s] Level 5:colcon.colcon_core.verb:set package 'velodyne' build argument 'catkin_skip_building_tests' from command line to 'False'
[0.184s] DEBUG:colcon.colcon_core.verb:Building package 'velodyne' with the following arguments: {'ament_cmake_args': None, 'build_base': '/home/jae/Lidar_ws/src/build/velodyne', 'catkin_cmake_args': None, 'catkin_skip_building_tests': False, 'cmake_args': None, 'cmake_clean_cache': False, 'cmake_clean_first': False, 'cmake_force_configure': False, 'cmake_target': None, 'cmake_target_skip_unavailable': False, 'install_base': '/home/jae/Lidar_ws/src/install/velodyne', 'merge_install': False, 'path': '/home/jae/Lidar_ws/src/velodyne/velodyne', 'symlink_install': True, 'test_result_base': None}
[0.184s] INFO:colcon.colcon_core.executor:Executing jobs using 'parallel' executor
[0.185s] DEBUG:colcon.colcon_parallel_executor.executor.parallel:run_until_complete
[0.186s] INFO:colcon.colcon_ros.task.ament_cmake.build:Building ROS package in '/home/jae/Lidar_ws/src/velodyne/velodyne_msgs' with build type 'ament_cmake'
[0.186s] INFO:colcon.colcon_cmake.task.cmake.build:Building CMake package in '/home/jae/Lidar_ws/src/velodyne/velodyne_msgs'
[0.187s] INFO:colcon.colcon_core.plugin_system:Skipping extension 'colcon_core.shell.bat': Not used on non-Windows systems
[0.187s] INFO:colcon.colcon_core.shell:Skip shell extension 'powershell' for command environment: Not usable outside of PowerShell
[0.187s] DEBUG:colcon.colcon_core.shell:Skip shell extension 'dsv' for command environment
[0.190s] INFO:colcon.colcon_ros.task.ament_cmake.build:Building ROS package in '/home/jae/Lidar_ws/src/velodyne/velodyne_laserscan' with build type 'ament_cmake'
[0.190s] INFO:colcon.colcon_cmake.task.cmake.build:Building CMake package in '/home/jae/Lidar_ws/src/velodyne/velodyne_laserscan'
[0.190s] INFO:colcon.colcon_core.shell:Skip shell extension 'powershell' for command environment: Not usable outside of PowerShell
[0.190s] DEBUG:colcon.colcon_core.shell:Skip shell extension 'dsv' for command environment
[0.193s] INFO:colcon.colcon_ros.task.ament_python.build:Building ROS package in '/home/jae/Lidar_ws/src/lidar_processing' with build type 'ament_python'
[0.193s] Level 1:colcon.colcon_core.shell:create_environment_hook('lidar_processing', 'ament_prefix_path')
[0.193s] INFO:colcon.colcon_core.shell:Creating environment hook '/home/jae/Lidar_ws/src/install/lidar_processing/share/lidar_processing/hook/ament_prefix_path.ps1'
[0.194s] INFO:colcon.colcon_core.shell:Creating environment descriptor '/home/jae/Lidar_ws/src/install/lidar_processing/share/lidar_processing/hook/ament_prefix_path.dsv'
[0.194s] INFO:colcon.colcon_core.shell:Creating environment hook '/home/jae/Lidar_ws/src/install/lidar_processing/share/lidar_processing/hook/ament_prefix_path.sh'
[0.195s] INFO:colcon.colcon_core.shell:Skip shell extension 'powershell' for command environment: Not usable outside of PowerShell
[0.195s] DEBUG:colcon.colcon_core.shell:Skip shell extension 'dsv' for command environment
[0.202s] DEBUG:colcon.colcon_core.event_handler.log_command:Invoking command in '/home/jae/Lidar_ws/src/build/velodyne_msgs': CMAKE_PREFIX_PATH=${CMAKE_PREFIX_PATH}:/home/jae/Lidar_ws/install/lidar_processing:/home/jae/ros2_ws/install/lidar_perception:/opt/ros/humble /usr/bin/cmake /home/jae/Lidar_ws/src/velodyne/velodyne_msgs -DAMENT_CMAKE_SYMLINK_INSTALL=1 -DCMAKE_INSTALL_PREFIX=/home/jae/Lidar_ws/src/install/velodyne_msgs
[0.205s] DEBUG:colcon.colcon_core.event_handler.log_command:Invoking command in '/home/jae/Lidar_ws/src/build/velodyne_laserscan': CMAKE_PREFIX_PATH=${CMAKE_PREFIX_PATH}:/home/jae/Lidar_ws/install/lidar_processing:/home/jae/ros2_ws/install/lidar_perception:/opt/ros/humble /usr/bin/cmake /home/jae/Lidar_ws/src/velodyne/velodyne_laserscan -DAMENT_CMAKE_SYMLINK_INSTALL=1 -DCMAKE_INSTALL_PREFIX=/home/jae/Lidar_ws/src/install/velodyne_laserscan
[0.397s] INFO:colcon.colcon_core.task.python.build:Building Python package in '/home/jae/Lidar_ws/src/lidar_processing'
[0.398s] INFO:colcon.colcon_core.shell:Skip shell extension 'powershell' for command environment: Not usable outside of PowerShell
[0.398s] DEBUG:colcon.colcon_core.shell:Skip shell extension 'dsv' for command environment
[0.963s] DEBUG:colcon.colcon_core.event_handler.log_command:Invoking command in '/home/jae/Lidar_ws/src/build/lidar_processing': PYTHONPATH=/home/jae/Lidar_ws/src/build/lidar_processing/prefix_override:/usr/lib/python3/dist-packages/colcon_core/task/python/colcon_distutils_commands:/home/jae/Lidar_ws/src/install/lidar_processing/lib/python3.10/site-packages:${PYTHONPATH} /usr/bin/python3 -W ignore:setup.py install is deprecated -W ignore:easy_install command is deprecated setup.py develop --editable --build-directory /home/jae/Lidar_ws/src/build/lidar_processing/build --no-deps symlink_data
[1.662s] Level 1:colcon.colcon_core.shell:create_environment_hook('lidar_processing', 'pythonpath_develop')
[1.662s] INFO:colcon.colcon_core.shell:Creating environment hook '/home/jae/Lidar_ws/src/build/lidar_processing/share/lidar_processing/hook/pythonpath_develop.ps1'
[1.663s] DEBUG:colcon.colcon_core.event_handler.log_command:Invoked command in '/home/jae/Lidar_ws/src/build/lidar_processing' returned '0': PYTHONPATH=/home/jae/Lidar_ws/src/build/lidar_processing/prefix_override:/usr/lib/python3/dist-packages/colcon_core/task/python/colcon_distutils_commands:/home/jae/Lidar_ws/src/install/lidar_processing/lib/python3.10/site-packages:${PYTHONPATH} /usr/bin/python3 -W ignore:setup.py install is deprecated -W ignore:easy_install command is deprecated setup.py develop --editable --build-directory /home/jae/Lidar_ws/src/build/lidar_processing/build --no-deps symlink_data
[1.663s] INFO:colcon.colcon_core.shell:Creating environment descriptor '/home/jae/Lidar_ws/src/build/lidar_processing/share/lidar_processing/hook/pythonpath_develop.dsv'
[1.664s] INFO:colcon.colcon_core.shell:Creating environment hook '/home/jae/Lidar_ws/src/build/lidar_processing/share/lidar_processing/hook/pythonpath_develop.sh'
[1.666s] Level 1:colcon.colcon_core.environment:checking '/home/jae/Lidar_ws/src/install/lidar_processing' for CMake module files
[1.666s] Level 1:colcon.colcon_core.environment:checking '/home/jae/Lidar_ws/src/install/lidar_processing' for CMake config files
[1.667s] Level 1:colcon.colcon_core.environment:checking '/home/jae/Lidar_ws/src/install/lidar_processing/lib'
[1.667s] Level 1:colcon.colcon_core.environment:checking '/home/jae/Lidar_ws/src/install/lidar_processing/bin'
[1.667s] Level 1:colcon.colcon_core.environment:checking '/home/jae/Lidar_ws/src/install/lidar_processing/lib/pkgconfig/lidar_processing.pc'
[1.667s] Level 1:colcon.colcon_core.environment:checking '/home/jae/Lidar_ws/src/install/lidar_processing/lib/python3.10/site-packages'
[1.667s] Level 1:colcon.colcon_core.shell:create_environment_hook('lidar_processing', 'pythonpath')
[1.667s] INFO:colcon.colcon_core.shell:Creating environment hook '/home/jae/Lidar_ws/src/install/lidar_processing/share/lidar_processing/hook/pythonpath.ps1'
[1.668s] INFO:colcon.colcon_core.shell:Creating environment descriptor '/home/jae/Lidar_ws/src/install/lidar_processing/share/lidar_processing/hook/pythonpath.dsv'
[1.668s] INFO:colcon.colcon_core.shell:Creating environment hook '/home/jae/Lidar_ws/src/install/lidar_processing/share/lidar_processing/hook/pythonpath.sh'
[1.668s] Level 1:colcon.colcon_core.environment:checking '/home/jae/Lidar_ws/src/install/lidar_processing/bin'
[1.668s] Level 1:colcon.colcon_core.environment:create_environment_scripts_only(lidar_processing)
[1.669s] INFO:colcon.colcon_core.shell:Creating package script '/home/jae/Lidar_ws/src/install/lidar_processing/share/lidar_processing/package.ps1'
[1.669s] INFO:colcon.colcon_core.shell:Creating package descriptor '/home/jae/Lidar_ws/src/install/lidar_processing/share/lidar_processing/package.dsv'
[1.670s] INFO:colcon.colcon_core.shell:Creating package script '/home/jae/Lidar_ws/src/install/lidar_processing/share/lidar_processing/package.sh'
[1.671s] INFO:colcon.colcon_core.shell:Creating package script '/home/jae/Lidar_ws/src/install/lidar_processing/share/lidar_processing/package.bash'
[1.672s] INFO:colcon.colcon_core.shell:Creating package script '/home/jae/Lidar_ws/src/install/lidar_processing/share/lidar_processing/package.zsh'
[1.672s] Level 1:colcon.colcon_core.environment:create_file_with_runtime_dependencies(/home/jae/Lidar_ws/src/install/lidar_processing/share/colcon-core/packages/lidar_processing)
[1.688s] DEBUG:colcon.colcon_core.event_handler.log_command:Invoked command in '/home/jae/Lidar_ws/src/build/velodyne_laserscan' returned '0': CMAKE_PREFIX_PATH=${CMAKE_PREFIX_PATH}:/home/jae/Lidar_ws/install/lidar_processing:/home/jae/ros2_ws/install/lidar_perception:/opt/ros/humble /usr/bin/cmake /home/jae/Lidar_ws/src/velodyne/velodyne_laserscan -DAMENT_CMAKE_SYMLINK_INSTALL=1 -DCMAKE_INSTALL_PREFIX=/home/jae/Lidar_ws/src/install/velodyne_laserscan
[1.689s] DEBUG:colcon.colcon_core.event_handler.log_command:Invoking command in '/home/jae/Lidar_ws/src/build/velodyne_laserscan': CMAKE_PREFIX_PATH=${CMAKE_PREFIX_PATH}:/home/jae/Lidar_ws/install/lidar_processing:/home/jae/ros2_ws/install/lidar_perception:/opt/ros/humble /usr/bin/cmake --build /home/jae/Lidar_ws/src/build/velodyne_laserscan -- -j12 -l12
[1.987s] DEBUG:colcon.colcon_core.event_handler.log_command:Invoked command in '/home/jae/Lidar_ws/src/build/velodyne_msgs' returned '0': CMAKE_PREFIX_PATH=${CMAKE_PREFIX_PATH}:/home/jae/Lidar_ws/install/lidar_processing:/home/jae/ros2_ws/install/lidar_perception:/opt/ros/humble /usr/bin/cmake /home/jae/Lidar_ws/src/velodyne/velodyne_msgs -DAMENT_CMAKE_SYMLINK_INSTALL=1 -DCMAKE_INSTALL_PREFIX=/home/jae/Lidar_ws/src/install/velodyne_msgs
[1.988s] DEBUG:colcon.colcon_core.event_handler.log_command:Invoking command in '/home/jae/Lidar_ws/src/build/velodyne_msgs': CMAKE_PREFIX_PATH=${CMAKE_PREFIX_PATH}:/home/jae/Lidar_ws/install/lidar_processing:/home/jae/ros2_ws/install/lidar_perception:/opt/ros/humble /usr/bin/cmake --build /home/jae/Lidar_ws/src/build/velodyne_msgs -- -j12 -l12
[4.318s] DEBUG:colcon.colcon_core.event_handler.log_command:Invoked command in '/home/jae/Lidar_ws/src/build/velodyne_msgs' returned '0': CMAKE_PREFIX_PATH=${CMAKE_PREFIX_PATH}:/home/jae/Lidar_ws/install/lidar_processing:/home/jae/ros2_ws/install/lidar_perception:/opt/ros/humble /usr/bin/cmake --build /home/jae/Lidar_ws/src/build/velodyne_msgs -- -j12 -l12
[4.330s] DEBUG:colcon.colcon_core.event_handler.log_command:Invoking command in '/home/jae/Lidar_ws/src/build/velodyne_msgs': CMAKE_PREFIX_PATH=${CMAKE_PREFIX_PATH}:/home/jae/Lidar_ws/install/lidar_processing:/home/jae/ros2_ws/install/lidar_perception:/opt/ros/humble /usr/bin/cmake --install /home/jae/Lidar_ws/src/build/velodyne_msgs
[5.117s] Level 1:colcon.colcon_core.environment:create_environment_scripts_only(velodyne_msgs)
[5.117s] Level 1:colcon.colcon_core.environment:checking '/home/jae/Lidar_ws/src/install/velodyne_msgs' for CMake module files
[5.118s] DEBUG:colcon.colcon_core.event_handler.log_command:Invoked command in '/home/jae/Lidar_ws/src/build/velodyne_msgs' returned '0': CMAKE_PREFIX_PATH=${CMAKE_PREFIX_PATH}:/home/jae/Lidar_ws/install/lidar_processing:/home/jae/ros2_ws/install/lidar_perception:/opt/ros/humble /usr/bin/cmake --install /home/jae/Lidar_ws/src/build/velodyne_msgs
[5.118s] Level 1:colcon.colcon_core.environment:checking '/home/jae/Lidar_ws/src/install/velodyne_msgs' for CMake config files
[5.119s] Level 1:colcon.colcon_core.shell:create_environment_hook('velodyne_msgs', 'cmake_prefix_path')
[5.119s] INFO:colcon.colcon_core.shell:Creating environment hook '/home/jae/Lidar_ws/src/install/velodyne_msgs/share/velodyne_msgs/hook/cmake_prefix_path.ps1'
[5.119s] INFO:colcon.colcon_core.shell:Creating environment descriptor '/home/jae/Lidar_ws/src/install/velodyne_msgs/share/velodyne_msgs/hook/cmake_prefix_path.dsv'
[5.119s] INFO:colcon.colcon_core.shell:Creating environment hook '/home/jae/Lidar_ws/src/install/velodyne_msgs/share/velodyne_msgs/hook/cmake_prefix_path.sh'
[5.120s] Level 1:colcon.colcon_core.environment:checking '/home/jae/Lidar_ws/src/install/velodyne_msgs/lib'
[5.120s] Level 1:colcon.colcon_core.shell:create_environment_hook('velodyne_msgs', 'ld_library_path_lib')
[5.120s] INFO:colcon.colcon_core.shell:Creating environment hook '/home/jae/Lidar_ws/src/install/velodyne_msgs/share/velodyne_msgs/hook/ld_library_path_lib.ps1'
[5.120s] INFO:colcon.colcon_core.shell:Creating environment descriptor '/home/jae/Lidar_ws/src/install/velodyne_msgs/share/velodyne_msgs/hook/ld_library_path_lib.dsv'
[5.121s] INFO:colcon.colcon_core.shell:Creating environment hook '/home/jae/Lidar_ws/src/install/velodyne_msgs/share/velodyne_msgs/hook/ld_library_path_lib.sh'
[5.121s] Level 1:colcon.colcon_core.environment:checking '/home/jae/Lidar_ws/src/install/velodyne_msgs/bin'
[5.121s] Level 1:colcon.colcon_core.environment:checking '/home/jae/Lidar_ws/src/install/velodyne_msgs/lib/pkgconfig/velodyne_msgs.pc'
[5.121s] Level 1:colcon.colcon_core.environment:checking '/home/jae/Lidar_ws/src/install/velodyne_msgs/lib/python3.10/site-packages'
[5.121s] Level 1:colcon.colcon_core.environment:checking '/home/jae/Lidar_ws/src/install/velodyne_msgs/bin'
[5.121s] INFO:colcon.colcon_core.shell:Creating package script '/home/jae/Lidar_ws/src/install/velodyne_msgs/share/velodyne_msgs/package.ps1'
[5.122s] INFO:colcon.colcon_core.shell:Creating package descriptor '/home/jae/Lidar_ws/src/install/velodyne_msgs/share/velodyne_msgs/package.dsv'
[5.122s] INFO:colcon.colcon_core.shell:Creating package script '/home/jae/Lidar_ws/src/install/velodyne_msgs/share/velodyne_msgs/package.sh'
[5.122s] INFO:colcon.colcon_core.shell:Creating package script '/home/jae/Lidar_ws/src/install/velodyne_msgs/share/velodyne_msgs/package.bash'
[5.123s] INFO:colcon.colcon_core.shell:Creating package script '/home/jae/Lidar_ws/src/install/velodyne_msgs/share/velodyne_msgs/package.zsh'
[5.123s] Level 1:colcon.colcon_core.environment:create_file_with_runtime_dependencies(/home/jae/Lidar_ws/src/install/velodyne_msgs/share/colcon-core/packages/velodyne_msgs)
[5.123s] Level 1:colcon.colcon_core.environment:create_environment_scripts_only(velodyne_msgs)
[5.123s] Level 1:colcon.colcon_core.environment:checking '/home/jae/Lidar_ws/src/install/velodyne_msgs' for CMake module files
[5.124s] Level 1:colcon.colcon_core.environment:checking '/home/jae/Lidar_ws/src/install/velodyne_msgs' for CMake config files
[5.124s] Level 1:colcon.colcon_core.shell:create_environment_hook('velodyne_msgs', 'cmake_prefix_path')
[5.124s] INFO:colcon.colcon_core.shell:Creating environment hook '/home/jae/Lidar_ws/src/install/velodyne_msgs/share/velodyne_msgs/hook/cmake_prefix_path.ps1'
[5.125s] INFO:colcon.colcon_core.shell:Creating environment descriptor '/home/jae/Lidar_ws/src/install/velodyne_msgs/share/velodyne_msgs/hook/cmake_prefix_path.dsv'
[5.125s] INFO:colcon.colcon_core.shell:Creating environment hook '/home/jae/Lidar_ws/src/install/velodyne_msgs/share/velodyne_msgs/hook/cmake_prefix_path.sh'
[5.126s] Level 1:colcon.colcon_core.environment:checking '/home/jae/Lidar_ws/src/install/velodyne_msgs/lib'
[5.126s] Level 1:colcon.colcon_core.shell:create_environment_hook('velodyne_msgs', 'ld_library_path_lib')
[5.126s] INFO:colcon.colcon_core.shell:Creating environment hook '/home/jae/Lidar_ws/src/install/velodyne_msgs/share/velodyne_msgs/hook/ld_library_path_lib.ps1'
[5.126s] INFO:colcon.colcon_core.shell:Creating environment descriptor '/home/jae/Lidar_ws/src/install/velodyne_msgs/share/velodyne_msgs/hook/ld_library_path_lib.dsv'
[5.126s] INFO:colcon.colcon_core.shell:Creating environment hook '/home/jae/Lidar_ws/src/install/velodyne_msgs/share/velodyne_msgs/hook/ld_library_path_lib.sh'
[5.127s] Level 1:colcon.colcon_core.environment:checking '/home/jae/Lidar_ws/src/install/velodyne_msgs/bin'
[5.127s] Level 1:colcon.colcon_core.environment:checking '/home/jae/Lidar_ws/src/install/velodyne_msgs/lib/pkgconfig/velodyne_msgs.pc'
[5.127s] Level 1:colcon.colcon_core.environment:checking '/home/jae/Lidar_ws/src/install/velodyne_msgs/lib/python3.10/site-packages'
[5.127s] Level 1:colcon.colcon_core.environment:checking '/home/jae/Lidar_ws/src/install/velodyne_msgs/bin'
[5.128s] INFO:colcon.colcon_core.shell:Creating package script '/home/jae/Lidar_ws/src/install/velodyne_msgs/share/velodyne_msgs/package.ps1'
[5.128s] INFO:colcon.colcon_core.shell:Creating package descriptor '/home/jae/Lidar_ws/src/install/velodyne_msgs/share/velodyne_msgs/package.dsv'
[5.128s] INFO:colcon.colcon_core.shell:Creating package script '/home/jae/Lidar_ws/src/install/velodyne_msgs/share/velodyne_msgs/package.sh'
[5.129s] INFO:colcon.colcon_core.shell:Creating package script '/home/jae/Lidar_ws/src/install/velodyne_msgs/share/velodyne_msgs/package.bash'
[5.129s] INFO:colcon.colcon_core.shell:Creating package script '/home/jae/Lidar_ws/src/install/velodyne_msgs/share/velodyne_msgs/package.zsh'
[5.130s] Level 1:colcon.colcon_core.environment:create_file_with_runtime_dependencies(/home/jae/Lidar_ws/src/install/velodyne_msgs/share/colcon-core/packages/velodyne_msgs)
[5.130s] INFO:colcon.colcon_ros.task.ament_cmake.build:Building ROS package in '/home/jae/Lidar_ws/src/velodyne/velodyne_driver' with build type 'ament_cmake'
[5.130s] INFO:colcon.colcon_cmake.task.cmake.build:Building CMake package in '/home/jae/Lidar_ws/src/velodyne/velodyne_driver'
[5.130s] INFO:colcon.colcon_core.shell:Skip shell extension 'powershell' for command environment: Not usable outside of PowerShell
[5.130s] DEBUG:colcon.colcon_core.shell:Skip shell extension 'dsv' for command environment
[5.134s] INFO:colcon.colcon_ros.task.ament_cmake.build:Building ROS package in '/home/jae/Lidar_ws/src/velodyne/velodyne_pointcloud' with build type 'ament_cmake'
[5.134s] INFO:colcon.colcon_cmake.task.cmake.build:Building CMake package in '/home/jae/Lidar_ws/src/velodyne/velodyne_pointcloud'
[5.134s] INFO:colcon.colcon_core.shell:Skip shell extension 'powershell' for command environment: Not usable outside of PowerShell
[5.134s] DEBUG:colcon.colcon_core.shell:Skip shell extension 'dsv' for command environment
[5.141s] DEBUG:colcon.colcon_core.event_handler.log_command:Invoking command in '/home/jae/Lidar_ws/src/build/velodyne_driver': AMENT_PREFIX_PATH=/home/jae/Lidar_ws/src/install/velodyne_msgs:${AMENT_PREFIX_PATH} CMAKE_PREFIX_PATH=/home/jae/Lidar_ws/src/install/velodyne_msgs:/home/jae/Lidar_ws/install/velodyne:/home/jae/Lidar_ws/install/velodyne_pointcloud:/home/jae/Lidar_ws/install/velodyne_driver:/home/jae/Lidar_ws/install/velodyne_msgs:/home/jae/Lidar_ws/install/velodyne_laserscan:/home/jae/Lidar_ws/install/lidar_processing:/home/jae/ros2_ws/install/lidar_perception:/opt/ros/humble LD_LIBRARY_PATH=/home/jae/Lidar_ws/src/install/velodyne_msgs/lib:${LD_LIBRARY_PATH} PYTHONPATH=/home/jae/Lidar_ws/src/install/velodyne_msgs/local/lib/python3.10/dist-packages:${PYTHONPATH} /usr/bin/cmake /home/jae/Lidar_ws/src/velodyne/velodyne_driver -DAMENT_CMAKE_SYMLINK_INSTALL=1 -DCMAKE_INSTALL_PREFIX=/home/jae/Lidar_ws/src/install/velodyne_driver
[5.143s] DEBUG:colcon.colcon_core.event_handler.log_command:Invoking command in '/home/jae/Lidar_ws/src/build/velodyne_pointcloud': AMENT_PREFIX_PATH=/home/jae/Lidar_ws/src/install/velodyne_msgs:${AMENT_PREFIX_PATH} CMAKE_PREFIX_PATH=/home/jae/Lidar_ws/src/install/velodyne_msgs:/home/jae/Lidar_ws/install/velodyne:/home/jae/Lidar_ws/install/velodyne_pointcloud:/home/jae/Lidar_ws/install/velodyne_driver:/home/jae/Lidar_ws/install/velodyne_msgs:/home/jae/Lidar_ws/install/velodyne_laserscan:/home/jae/Lidar_ws/install/lidar_processing:/home/jae/ros2_ws/install/lidar_perception:/opt/ros/humble LD_LIBRARY_PATH=/home/jae/Lidar_ws/src/install/velodyne_msgs/lib:${LD_LIBRARY_PATH} PYTHONPATH=/home/jae/Lidar_ws/src/install/velodyne_msgs/local/lib/python3.10/dist-packages:${PYTHONPATH} /usr/bin/cmake /home/jae/Lidar_ws/src/velodyne/velodyne_pointcloud -DAMENT_CMAKE_SYMLINK_INSTALL=1 -DCMAKE_INSTALL_PREFIX=/home/jae/Lidar_ws/src/install/velodyne_pointcloud
[6.679s] DEBUG:colcon.colcon_core.event_handler.log_command:Invoked command in '/home/jae/Lidar_ws/src/build/velodyne_driver' returned '0': AMENT_PREFIX_PATH=/home/jae/Lidar_ws/src/install/velodyne_msgs:${AMENT_PREFIX_PATH} CMAKE_PREFIX_PATH=/home/jae/Lidar_ws/src/install/velodyne_msgs:/home/jae/Lidar_ws/install/velodyne:/home/jae/Lidar_ws/install/velodyne_pointcloud:/home/jae/Lidar_ws/install/velodyne_driver:/home/jae/Lidar_ws/install/velodyne_msgs:/home/jae/Lidar_ws/install/velodyne_laserscan:/home/jae/Lidar_ws/install/lidar_processing:/home/jae/ros2_ws/install/lidar_perception:/opt/ros/humble LD_LIBRARY_PATH=/home/jae/Lidar_ws/src/install/velodyne_msgs/lib:${LD_LIBRARY_PATH} PYTHONPATH=/home/jae/Lidar_ws/src/install/velodyne_msgs/local/lib/python3.10/dist-packages:${PYTHONPATH} /usr/bin/cmake /home/jae/Lidar_ws/src/velodyne/velodyne_driver -DAMENT_CMAKE_SYMLINK_INSTALL=1 -DCMAKE_INSTALL_PREFIX=/home/jae/Lidar_ws/src/install/velodyne_driver
[6.680s] DEBUG:colcon.colcon_core.event_handler.log_command:Invoking command in '/home/jae/Lidar_ws/src/build/velodyne_driver': AMENT_PREFIX_PATH=/home/jae/Lidar_ws/src/install/velodyne_msgs:${AMENT_PREFIX_PATH} CMAKE_PREFIX_PATH=/home/jae/Lidar_ws/src/install/velodyne_msgs:/home/jae/Lidar_ws/install/velodyne:/home/jae/Lidar_ws/install/velodyne_pointcloud:/home/jae/Lidar_ws/install/velodyne_driver:/home/jae/Lidar_ws/install/velodyne_msgs:/home/jae/Lidar_ws/install/velodyne_laserscan:/home/jae/Lidar_ws/install/lidar_processing:/home/jae/ros2_ws/install/lidar_perception:/opt/ros/humble LD_LIBRARY_PATH=/home/jae/Lidar_ws/src/install/velodyne_msgs/lib:${LD_LIBRARY_PATH} PYTHONPATH=/home/jae/Lidar_ws/src/install/velodyne_msgs/local/lib/python3.10/dist-packages:${PYTHONPATH} /usr/bin/cmake --build /home/jae/Lidar_ws/src/build/velodyne_driver -- -j12 -l12
[6.756s] DEBUG:colcon.colcon_core.event_handler.log_command:Invoked command in '/home/jae/Lidar_ws/src/build/velodyne_pointcloud' returned '0': AMENT_PREFIX_PATH=/home/jae/Lidar_ws/src/install/velodyne_msgs:${AMENT_PREFIX_PATH} CMAKE_PREFIX_PATH=/home/jae/Lidar_ws/src/install/velodyne_msgs:/home/jae/Lidar_ws/install/velodyne:/home/jae/Lidar_ws/install/velodyne_pointcloud:/home/jae/Lidar_ws/install/velodyne_driver:/home/jae/Lidar_ws/install/velodyne_msgs:/home/jae/Lidar_ws/install/velodyne_laserscan:/home/jae/Lidar_ws/install/lidar_processing:/home/jae/ros2_ws/install/lidar_perception:/opt/ros/humble LD_LIBRARY_PATH=/home/jae/Lidar_ws/src/install/velodyne_msgs/lib:${LD_LIBRARY_PATH} PYTHONPATH=/home/jae/Lidar_ws/src/install/velodyne_msgs/local/lib/python3.10/dist-packages:${PYTHONPATH} /usr/bin/cmake /home/jae/Lidar_ws/src/velodyne/velodyne_pointcloud -DAMENT_CMAKE_SYMLINK_INSTALL=1 -DCMAKE_INSTALL_PREFIX=/home/jae/Lidar_ws/src/install/velodyne_pointcloud
[6.758s] DEBUG:colcon.colcon_core.event_handler.log_command:Invoking command in '/home/jae/Lidar_ws/src/build/velodyne_pointcloud': AMENT_PREFIX_PATH=/home/jae/Lidar_ws/src/install/velodyne_msgs:${AMENT_PREFIX_PATH} CMAKE_PREFIX_PATH=/home/jae/Lidar_ws/src/install/velodyne_msgs:/home/jae/Lidar_ws/install/velodyne:/home/jae/Lidar_ws/install/velodyne_pointcloud:/home/jae/Lidar_ws/install/velodyne_driver:/home/jae/Lidar_ws/install/velodyne_msgs:/home/jae/Lidar_ws/install/velodyne_laserscan:/home/jae/Lidar_ws/install/lidar_processing:/home/jae/ros2_ws/install/lidar_perception:/opt/ros/humble LD_LIBRARY_PATH=/home/jae/Lidar_ws/src/install/velodyne_msgs/lib:${LD_LIBRARY_PATH} PYTHONPATH=/home/jae/Lidar_ws/src/install/velodyne_msgs/local/lib/python3.10/dist-packages:${PYTHONPATH} /usr/bin/cmake --build /home/jae/Lidar_ws/src/build/velodyne_pointcloud -- -j12 -l12
[16.091s] DEBUG:colcon.colcon_core.event_handler.log_command:Invoked command in '/home/jae/Lidar_ws/src/build/velodyne_laserscan' returned '0': CMAKE_PREFIX_PATH=${CMAKE_PREFIX_PATH}:/home/jae/Lidar_ws/install/lidar_processing:/home/jae/ros2_ws/install/lidar_perception:/opt/ros/humble /usr/bin/cmake --build /home/jae/Lidar_ws/src/build/velodyne_laserscan -- -j12 -l12
[16.093s] DEBUG:colcon.colcon_core.event_handler.log_command:Invoking command in '/home/jae/Lidar_ws/src/build/velodyne_laserscan': CMAKE_PREFIX_PATH=${CMAKE_PREFIX_PATH}:/home/jae/Lidar_ws/install/lidar_processing:/home/jae/ros2_ws/install/lidar_perception:/opt/ros/humble /usr/bin/cmake --install /home/jae/Lidar_ws/src/build/velodyne_laserscan
[16.370s] Level 1:colcon.colcon_core.environment:create_environment_scripts_only(velodyne_laserscan)
[16.371s] Level 1:colcon.colcon_core.environment:checking '/home/jae/Lidar_ws/src/install/velodyne_laserscan' for CMake module files
[16.372s] DEBUG:colcon.colcon_core.event_handler.log_command:Invoked command in '/home/jae/Lidar_ws/src/build/velodyne_laserscan' returned '0': CMAKE_PREFIX_PATH=${CMAKE_PREFIX_PATH}:/home/jae/Lidar_ws/install/lidar_processing:/home/jae/ros2_ws/install/lidar_perception:/opt/ros/humble /usr/bin/cmake --install /home/jae/Lidar_ws/src/build/velodyne_laserscan
[16.372s] Level 1:colcon.colcon_core.environment:checking '/home/jae/Lidar_ws/src/install/velodyne_laserscan' for CMake config files
[16.373s] Level 1:colcon.colcon_core.shell:create_environment_hook('velodyne_laserscan', 'cmake_prefix_path')
[16.373s] INFO:colcon.colcon_core.shell:Creating environment hook '/home/jae/Lidar_ws/src/install/velodyne_laserscan/share/velodyne_laserscan/hook/cmake_prefix_path.ps1'
[16.374s] INFO:colcon.colcon_core.shell:Creating environment descriptor '/home/jae/Lidar_ws/src/install/velodyne_laserscan/share/velodyne_laserscan/hook/cmake_prefix_path.dsv'
[16.374s] INFO:colcon.colcon_core.shell:Creating environment hook '/home/jae/Lidar_ws/src/install/velodyne_laserscan/share/velodyne_laserscan/hook/cmake_prefix_path.sh'
[16.375s] Level 1:colcon.colcon_core.environment:checking '/home/jae/Lidar_ws/src/install/velodyne_laserscan/lib'
[16.375s] Level 1:colcon.colcon_core.shell:create_environment_hook('velodyne_laserscan', 'ld_library_path_lib')
[16.376s] INFO:colcon.colcon_core.shell:Creating environment hook '/home/jae/Lidar_ws/src/install/velodyne_laserscan/share/velodyne_laserscan/hook/ld_library_path_lib.ps1'
[16.376s] INFO:colcon.colcon_core.shell:Creating environment descriptor '/home/jae/Lidar_ws/src/install/velodyne_laserscan/share/velodyne_laserscan/hook/ld_library_path_lib.dsv'
[16.377s] INFO:colcon.colcon_core.shell:Creating environment hook '/home/jae/Lidar_ws/src/install/velodyne_laserscan/share/velodyne_laserscan/hook/ld_library_path_lib.sh'
[16.377s] Level 1:colcon.colcon_core.environment:checking '/home/jae/Lidar_ws/src/install/velodyne_laserscan/bin'
[16.377s] Level 1:colcon.colcon_core.environment:checking '/home/jae/Lidar_ws/src/install/velodyne_laserscan/lib/pkgconfig/velodyne_laserscan.pc'
[16.377s] Level 1:colcon.colcon_core.environment:checking '/home/jae/Lidar_ws/src/install/velodyne_laserscan/lib/python3.10/site-packages'
[16.378s] Level 1:colcon.colcon_core.environment:checking '/home/jae/Lidar_ws/src/install/velodyne_laserscan/bin'
[16.378s] INFO:colcon.colcon_core.shell:Creating package script '/home/jae/Lidar_ws/src/install/velodyne_laserscan/share/velodyne_laserscan/package.ps1'
[16.379s] INFO:colcon.colcon_core.shell:Creating package descriptor '/home/jae/Lidar_ws/src/install/velodyne_laserscan/share/velodyne_laserscan/package.dsv'
[16.379s] INFO:colcon.colcon_core.shell:Creating package script '/home/jae/Lidar_ws/src/install/velodyne_laserscan/share/velodyne_laserscan/package.sh'
[16.380s] INFO:colcon.colcon_core.shell:Creating package script '/home/jae/Lidar_ws/src/install/velodyne_laserscan/share/velodyne_laserscan/package.bash'
[16.380s] INFO:colcon.colcon_core.shell:Creating package script '/home/jae/Lidar_ws/src/install/velodyne_laserscan/share/velodyne_laserscan/package.zsh'
[16.381s] Level 1:colcon.colcon_core.environment:create_file_with_runtime_dependencies(/home/jae/Lidar_ws/src/install/velodyne_laserscan/share/colcon-core/packages/velodyne_laserscan)
[16.382s] Level 1:colcon.colcon_core.environment:create_environment_scripts_only(velodyne_laserscan)
[16.382s] Level 1:colcon.colcon_core.environment:checking '/home/jae/Lidar_ws/src/install/velodyne_laserscan' for CMake module files
[16.383s] Level 1:colcon.colcon_core.environment:checking '/home/jae/Lidar_ws/src/install/velodyne_laserscan' for CMake config files
[16.383s] Level 1:colcon.colcon_core.shell:create_environment_hook('velodyne_laserscan', 'cmake_prefix_path')
[16.383s] INFO:colcon.colcon_core.shell:Creating environment hook '/home/jae/Lidar_ws/src/install/velodyne_laserscan/share/velodyne_laserscan/hook/cmake_prefix_path.ps1'
[16.384s] INFO:colcon.colcon_core.shell:Creating environment descriptor '/home/jae/Lidar_ws/src/install/velodyne_laserscan/share/velodyne_laserscan/hook/cmake_prefix_path.dsv'
[16.384s] INFO:colcon.colcon_core.shell:Creating environment hook '/home/jae/Lidar_ws/src/install/velodyne_laserscan/share/velodyne_laserscan/hook/cmake_prefix_path.sh'
[16.385s] Level 1:colcon.colcon_core.environment:checking '/home/jae/Lidar_ws/src/install/velodyne_laserscan/lib'
[16.385s] Level 1:colcon.colcon_core.shell:create_environment_hook('velodyne_laserscan', 'ld_library_path_lib')
[16.385s] INFO:colcon.colcon_core.shell:Creating environment hook '/home/jae/Lidar_ws/src/install/velodyne_laserscan/share/velodyne_laserscan/hook/ld_library_path_lib.ps1'
[16.386s] INFO:colcon.colcon_core.shell:Creating environment descriptor '/home/jae/Lidar_ws/src/install/velodyne_laserscan/share/velodyne_laserscan/hook/ld_library_path_lib.dsv'
[16.386s] INFO:colcon.colcon_core.shell:Creating environment hook '/home/jae/Lidar_ws/src/install/velodyne_laserscan/share/velodyne_laserscan/hook/ld_library_path_lib.sh'
[16.387s] Level 1:colcon.colcon_core.environment:checking '/home/jae/Lidar_ws/src/install/velodyne_laserscan/bin'
[16.387s] Level 1:colcon.colcon_core.environment:checking '/home/jae/Lidar_ws/src/install/velodyne_laserscan/lib/pkgconfig/velodyne_laserscan.pc'
[16.387s] Level 1:colcon.colcon_core.environment:checking '/home/jae/Lidar_ws/src/install/velodyne_laserscan/lib/python3.10/site-packages'
[16.388s] Level 1:colcon.colcon_core.environment:checking '/home/jae/Lidar_ws/src/install/velodyne_laserscan/bin'
[16.388s] INFO:colcon.colcon_core.shell:Creating package script '/home/jae/Lidar_ws/src/install/velodyne_laserscan/share/velodyne_laserscan/package.ps1'
[16.389s] INFO:colcon.colcon_core.shell:Creating package descriptor '/home/jae/Lidar_ws/src/install/velodyne_laserscan/share/velodyne_laserscan/package.dsv'
[16.389s] INFO:colcon.colcon_core.shell:Creating package script '/home/jae/Lidar_ws/src/install/velodyne_laserscan/share/velodyne_laserscan/package.sh'
[16.390s] INFO:colcon.colcon_core.shell:Creating package script '/home/jae/Lidar_ws/src/install/velodyne_laserscan/share/velodyne_laserscan/package.bash'
[16.390s] INFO:colcon.colcon_core.shell:Creating package script '/home/jae/Lidar_ws/src/install/velodyne_laserscan/share/velodyne_laserscan/package.zsh'
[16.391s] Level 1:colcon.colcon_core.environment:create_file_with_runtime_dependencies(/home/jae/Lidar_ws/src/install/velodyne_laserscan/share/colcon-core/packages/velodyne_laserscan)
[25.940s] DEBUG:colcon.colcon_core.event_handler.log_command:Invoked command in '/home/jae/Lidar_ws/src/build/velodyne_driver' returned '0': AMENT_PREFIX_PATH=/home/jae/Lidar_ws/src/install/velodyne_msgs:${AMENT_PREFIX_PATH} CMAKE_PREFIX_PATH=/home/jae/Lidar_ws/src/install/velodyne_msgs:/home/jae/Lidar_ws/install/velodyne:/home/jae/Lidar_ws/install/velodyne_pointcloud:/home/jae/Lidar_ws/install/velodyne_driver:/home/jae/Lidar_ws/install/velodyne_msgs:/home/jae/Lidar_ws/install/velodyne_laserscan:/home/jae/Lidar_ws/install/lidar_processing:/home/jae/ros2_ws/install/lidar_perception:/opt/ros/humble LD_LIBRARY_PATH=/home/jae/Lidar_ws/src/install/velodyne_msgs/lib:${LD_LIBRARY_PATH} PYTHONPATH=/home/jae/Lidar_ws/src/install/velodyne_msgs/local/lib/python3.10/dist-packages:${PYTHONPATH} /usr/bin/cmake --build /home/jae/Lidar_ws/src/build/velodyne_driver -- -j12 -l12
[25.941s] DEBUG:colcon.colcon_core.event_handler.log_command:Invoking command in '/home/jae/Lidar_ws/src/build/velodyne_driver': AMENT_PREFIX_PATH=/home/jae/Lidar_ws/src/install/velodyne_msgs:${AMENT_PREFIX_PATH} CMAKE_PREFIX_PATH=/home/jae/Lidar_ws/src/install/velodyne_msgs:/home/jae/Lidar_ws/install/velodyne:/home/jae/Lidar_ws/install/velodyne_pointcloud:/home/jae/Lidar_ws/install/velodyne_driver:/home/jae/Lidar_ws/install/velodyne_msgs:/home/jae/Lidar_ws/install/velodyne_laserscan:/home/jae/Lidar_ws/install/lidar_processing:/home/jae/ros2_ws/install/lidar_perception:/opt/ros/humble LD_LIBRARY_PATH=/home/jae/Lidar_ws/src/install/velodyne_msgs/lib:${LD_LIBRARY_PATH} PYTHONPATH=/home/jae/Lidar_ws/src/install/velodyne_msgs/local/lib/python3.10/dist-packages:${PYTHONPATH} /usr/bin/cmake --install /home/jae/Lidar_ws/src/build/velodyne_driver
[26.277s] Level 1:colcon.colcon_core.environment:create_environment_scripts_only(velodyne_driver)
[26.277s] DEBUG:colcon.colcon_core.event_handler.log_command:Invoked command in '/home/jae/Lidar_ws/src/build/velodyne_driver' returned '0': AMENT_PREFIX_PATH=/home/jae/Lidar_ws/src/install/velodyne_msgs:${AMENT_PREFIX_PATH} CMAKE_PREFIX_PATH=/home/jae/Lidar_ws/src/install/velodyne_msgs:/home/jae/Lidar_ws/install/velodyne:/home/jae/Lidar_ws/install/velodyne_pointcloud:/home/jae/Lidar_ws/install/velodyne_driver:/home/jae/Lidar_ws/install/velodyne_msgs:/home/jae/Lidar_ws/install/velodyne_laserscan:/home/jae/Lidar_ws/install/lidar_processing:/home/jae/ros2_ws/install/lidar_perception:/opt/ros/humble LD_LIBRARY_PATH=/home/jae/Lidar_ws/src/install/velodyne_msgs/lib:${LD_LIBRARY_PATH} PYTHONPATH=/home/jae/Lidar_ws/src/install/velodyne_msgs/local/lib/python3.10/dist-packages:${PYTHONPATH} /usr/bin/cmake --install /home/jae/Lidar_ws/src/build/velodyne_driver
[26.278s] Level 1:colcon.colcon_core.environment:checking '/home/jae/Lidar_ws/src/install/velodyne_driver' for CMake module files
[26.278s] Level 1:colcon.colcon_core.environment:checking '/home/jae/Lidar_ws/src/install/velodyne_driver' for CMake config files
[26.279s] Level 1:colcon.colcon_core.shell:create_environment_hook('velodyne_driver', 'cmake_prefix_path')
[26.279s] INFO:colcon.colcon_core.shell:Creating environment hook '/home/jae/Lidar_ws/src/install/velodyne_driver/share/velodyne_driver/hook/cmake_prefix_path.ps1'
[26.279s] INFO:colcon.colcon_core.shell:Creating environment descriptor '/home/jae/Lidar_ws/src/install/velodyne_driver/share/velodyne_driver/hook/cmake_prefix_path.dsv'
[26.280s] INFO:colcon.colcon_core.shell:Creating environment hook '/home/jae/Lidar_ws/src/install/velodyne_driver/share/velodyne_driver/hook/cmake_prefix_path.sh'
[26.280s] Level 1:colcon.colcon_core.environment:checking '/home/jae/Lidar_ws/src/install/velodyne_driver/lib'
[26.280s] Level 1:colcon.colcon_core.shell:create_environment_hook('velodyne_driver', 'ld_library_path_lib')
[26.280s] INFO:colcon.colcon_core.shell:Creating environment hook '/home/jae/Lidar_ws/src/install/velodyne_driver/share/velodyne_driver/hook/ld_library_path_lib.ps1'
[26.281s] INFO:colcon.colcon_core.shell:Creating environment descriptor '/home/jae/Lidar_ws/src/install/velodyne_driver/share/velodyne_driver/hook/ld_library_path_lib.dsv'
[26.281s] INFO:colcon.colcon_core.shell:Creating environment hook '/home/jae/Lidar_ws/src/install/velodyne_driver/share/velodyne_driver/hook/ld_library_path_lib.sh'
[26.281s] Level 1:colcon.colcon_core.environment:checking '/home/jae/Lidar_ws/src/install/velodyne_driver/bin'
[26.281s] Level 1:colcon.colcon_core.environment:checking '/home/jae/Lidar_ws/src/install/velodyne_driver/lib/pkgconfig/velodyne_driver.pc'
[26.281s] Level 1:colcon.colcon_core.environment:checking '/home/jae/Lidar_ws/src/install/velodyne_driver/lib/python3.10/site-packages'
[26.281s] Level 1:colcon.colcon_core.environment:checking '/home/jae/Lidar_ws/src/install/velodyne_driver/bin'
[26.282s] INFO:colcon.colcon_core.shell:Creating package script '/home/jae/Lidar_ws/src/install/velodyne_driver/share/velodyne_driver/package.ps1'
[26.282s] INFO:colcon.colcon_core.shell:Creating package descriptor '/home/jae/Lidar_ws/src/install/velodyne_driver/share/velodyne_driver/package.dsv'
[26.282s] INFO:colcon.colcon_core.shell:Creating package script '/home/jae/Lidar_ws/src/install/velodyne_driver/share/velodyne_driver/package.sh'
[26.283s] INFO:colcon.colcon_core.shell:Creating package script '/home/jae/Lidar_ws/src/install/velodyne_driver/share/velodyne_driver/package.bash'
[26.283s] INFO:colcon.colcon_core.shell:Creating package script '/home/jae/Lidar_ws/src/install/velodyne_driver/share/velodyne_driver/package.zsh'
[26.283s] Level 1:colcon.colcon_core.environment:create_file_with_runtime_dependencies(/home/jae/Lidar_ws/src/install/velodyne_driver/share/colcon-core/packages/velodyne_driver)
[26.284s] Level 1:colcon.colcon_core.environment:create_environment_scripts_only(velodyne_driver)
[26.284s] Level 1:colcon.colcon_core.environment:checking '/home/jae/Lidar_ws/src/install/velodyne_driver' for CMake module files
[26.284s] Level 1:colcon.colcon_core.environment:checking '/home/jae/Lidar_ws/src/install/velodyne_driver' for CMake config files
[26.285s] Level 1:colcon.colcon_core.shell:create_environment_hook('velodyne_driver', 'cmake_prefix_path')
[26.285s] INFO:colcon.colcon_core.shell:Creating environment hook '/home/jae/Lidar_ws/src/install/velodyne_driver/share/velodyne_driver/hook/cmake_prefix_path.ps1'
[26.285s] INFO:colcon.colcon_core.shell:Creating environment descriptor '/home/jae/Lidar_ws/src/install/velodyne_driver/share/velodyne_driver/hook/cmake_prefix_path.dsv'
[26.286s] INFO:colcon.colcon_core.shell:Creating environment hook '/home/jae/Lidar_ws/src/install/velodyne_driver/share/velodyne_driver/hook/cmake_prefix_path.sh'
[26.286s] Level 1:colcon.colcon_core.environment:checking '/home/jae/Lidar_ws/src/install/velodyne_driver/lib'
[26.286s] Level 1:colcon.colcon_core.shell:create_environment_hook('velodyne_driver', 'ld_library_path_lib')
[26.286s] INFO:colcon.colcon_core.shell:Creating environment hook '/home/jae/Lidar_ws/src/install/velodyne_driver/share/velodyne_driver/hook/ld_library_path_lib.ps1'
[26.287s] INFO:colcon.colcon_core.shell:Creating environment descriptor '/home/jae/Lidar_ws/src/install/velodyne_driver/share/velodyne_driver/hook/ld_library_path_lib.dsv'
[26.287s] INFO:colcon.colcon_core.shell:Creating environment hook '/home/jae/Lidar_ws/src/install/velodyne_driver/share/velodyne_driver/hook/ld_library_path_lib.sh'
[26.287s] Level 1:colcon.colcon_core.environment:checking '/home/jae/Lidar_ws/src/install/velodyne_driver/bin'
[26.287s] Level 1:colcon.colcon_core.environment:checking '/home/jae/Lidar_ws/src/install/velodyne_driver/lib/pkgconfig/velodyne_driver.pc'
[26.288s] Level 1:colcon.colcon_core.environment:checking '/home/jae/Lidar_ws/src/install/velodyne_driver/lib/python3.10/site-packages'
[26.288s] Level 1:colcon.colcon_core.environment:checking '/home/jae/Lidar_ws/src/install/velodyne_driver/bin'
[26.288s] INFO:colcon.colcon_core.shell:Creating package script '/home/jae/Lidar_ws/src/install/velodyne_driver/share/velodyne_driver/package.ps1'
[26.289s] INFO:colcon.colcon_core.shell:Creating package descriptor '/home/jae/Lidar_ws/src/install/velodyne_driver/share/velodyne_driver/package.dsv'
[26.289s] INFO:colcon.colcon_core.shell:Creating package script '/home/jae/Lidar_ws/src/install/velodyne_driver/share/velodyne_driver/package.sh'
[26.289s] INFO:colcon.colcon_core.shell:Creating package script '/home/jae/Lidar_ws/src/install/velodyne_driver/share/velodyne_driver/package.bash'
[26.290s] INFO:colcon.colcon_core.shell:Creating package script '/home/jae/Lidar_ws/src/install/velodyne_driver/share/velodyne_driver/package.zsh'
[26.290s] Level 1:colcon.colcon_core.environment:create_file_with_runtime_dependencies(/home/jae/Lidar_ws/src/install/velodyne_driver/share/colcon-core/packages/velodyne_driver)
[31.692s] DEBUG:colcon.colcon_core.event_handler.log_command:Invoked command in '/home/jae/Lidar_ws/src/build/velodyne_pointcloud' returned '0': AMENT_PREFIX_PATH=/home/jae/Lidar_ws/src/install/velodyne_msgs:${AMENT_PREFIX_PATH} CMAKE_PREFIX_PATH=/home/jae/Lidar_ws/src/install/velodyne_msgs:/home/jae/Lidar_ws/install/velodyne:/home/jae/Lidar_ws/install/velodyne_pointcloud:/home/jae/Lidar_ws/install/velodyne_driver:/home/jae/Lidar_ws/install/velodyne_msgs:/home/jae/Lidar_ws/install/velodyne_laserscan:/home/jae/Lidar_ws/install/lidar_processing:/home/jae/ros2_ws/install/lidar_perception:/opt/ros/humble LD_LIBRARY_PATH=/home/jae/Lidar_ws/src/install/velodyne_msgs/lib:${LD_LIBRARY_PATH} PYTHONPATH=/home/jae/Lidar_ws/src/install/velodyne_msgs/local/lib/python3.10/dist-packages:${PYTHONPATH} /usr/bin/cmake --build /home/jae/Lidar_ws/src/build/velodyne_pointcloud -- -j12 -l12
[31.694s] DEBUG:colcon.colcon_core.event_handler.log_command:Invoking command in '/home/jae/Lidar_ws/src/build/velodyne_pointcloud': AMENT_PREFIX_PATH=/home/jae/Lidar_ws/src/install/velodyne_msgs:${AMENT_PREFIX_PATH} CMAKE_PREFIX_PATH=/home/jae/Lidar_ws/src/install/velodyne_msgs:/home/jae/Lidar_ws/install/velodyne:/home/jae/Lidar_ws/install/velodyne_pointcloud:/home/jae/Lidar_ws/install/velodyne_driver:/home/jae/Lidar_ws/install/velodyne_msgs:/home/jae/Lidar_ws/install/velodyne_laserscan:/home/jae/Lidar_ws/install/lidar_processing:/home/jae/ros2_ws/install/lidar_perception:/opt/ros/humble LD_LIBRARY_PATH=/home/jae/Lidar_ws/src/install/velodyne_msgs/lib:${LD_LIBRARY_PATH} PYTHONPATH=/home/jae/Lidar_ws/src/install/velodyne_msgs/local/lib/python3.10/dist-packages:${PYTHONPATH} /usr/bin/cmake --install /home/jae/Lidar_ws/src/build/velodyne_pointcloud
[32.123s] Level 1:colcon.colcon_core.environment:create_environment_scripts_only(velodyne_pointcloud)
[32.123s] Level 1:colcon.colcon_core.environment:checking '/home/jae/Lidar_ws/src/install/velodyne_pointcloud' for CMake module files
[32.124s] DEBUG:colcon.colcon_core.event_handler.log_command:Invoked command in '/home/jae/Lidar_ws/src/build/velodyne_pointcloud' returned '0': AMENT_PREFIX_PATH=/home/jae/Lidar_ws/src/install/velodyne_msgs:${AMENT_PREFIX_PATH} CMAKE_PREFIX_PATH=/home/jae/Lidar_ws/src/install/velodyne_msgs:/home/jae/Lidar_ws/install/velodyne:/home/jae/Lidar_ws/install/velodyne_pointcloud:/home/jae/Lidar_ws/install/velodyne_driver:/home/jae/Lidar_ws/install/velodyne_msgs:/home/jae/Lidar_ws/install/velodyne_laserscan:/home/jae/Lidar_ws/install/lidar_processing:/home/jae/ros2_ws/install/lidar_perception:/opt/ros/humble LD_LIBRARY_PATH=/home/jae/Lidar_ws/src/install/velodyne_msgs/lib:${LD_LIBRARY_PATH} PYTHONPATH=/home/jae/Lidar_ws/src/install/velodyne_msgs/local/lib/python3.10/dist-packages:${PYTHONPATH} /usr/bin/cmake --install /home/jae/Lidar_ws/src/build/velodyne_pointcloud
[32.124s] Level 1:colcon.colcon_core.environment:checking '/home/jae/Lidar_ws/src/install/velodyne_pointcloud' for CMake config files
[32.124s] Level 1:colcon.colcon_core.shell:create_environment_hook('velodyne_pointcloud', 'cmake_prefix_path')
[32.124s] INFO:colcon.colcon_core.shell:Creating environment hook '/home/jae/Lidar_ws/src/install/velodyne_pointcloud/share/velodyne_pointcloud/hook/cmake_prefix_path.ps1'
[32.125s] INFO:colcon.colcon_core.shell:Creating environment descriptor '/home/jae/Lidar_ws/src/install/velodyne_pointcloud/share/velodyne_pointcloud/hook/cmake_prefix_path.dsv'
[32.125s] INFO:colcon.colcon_core.shell:Creating environment hook '/home/jae/Lidar_ws/src/install/velodyne_pointcloud/share/velodyne_pointcloud/hook/cmake_prefix_path.sh'
[32.125s] Level 1:colcon.colcon_core.environment:checking '/home/jae/Lidar_ws/src/install/velodyne_pointcloud/lib'
[32.125s] Level 1:colcon.colcon_core.shell:create_environment_hook('velodyne_pointcloud', 'ld_library_path_lib')
[32.126s] INFO:colcon.colcon_core.shell:Creating environment hook '/home/jae/Lidar_ws/src/install/velodyne_pointcloud/share/velodyne_pointcloud/hook/ld_library_path_lib.ps1'
[32.126s] INFO:colcon.colcon_core.shell:Creating environment descriptor '/home/jae/Lidar_ws/src/install/velodyne_pointcloud/share/velodyne_pointcloud/hook/ld_library_path_lib.dsv'
[32.126s] INFO:colcon.colcon_core.shell:Creating environment hook '/home/jae/Lidar_ws/src/install/velodyne_pointcloud/share/velodyne_pointcloud/hook/ld_library_path_lib.sh'
[32.126s] Level 1:colcon.colcon_core.environment:checking '/home/jae/Lidar_ws/src/install/velodyne_pointcloud/bin'
[32.126s] Level 1:colcon.colcon_core.environment:checking '/home/jae/Lidar_ws/src/install/velodyne_pointcloud/lib/pkgconfig/velodyne_pointcloud.pc'
[32.127s] Level 1:colcon.colcon_core.environment:checking '/home/jae/Lidar_ws/src/install/velodyne_pointcloud/lib/python3.10/site-packages'
[32.127s] Level 1:colcon.colcon_core.environment:checking '/home/jae/Lidar_ws/src/install/velodyne_pointcloud/bin'
[32.127s] INFO:colcon.colcon_core.shell:Creating package script '/home/jae/Lidar_ws/src/install/velodyne_pointcloud/share/velodyne_pointcloud/package.ps1'
[32.127s] INFO:colcon.colcon_core.shell:Creating package descriptor '/home/jae/Lidar_ws/src/install/velodyne_pointcloud/share/velodyne_pointcloud/package.dsv'
[32.128s] INFO:colcon.colcon_core.shell:Creating package script '/home/jae/Lidar_ws/src/install/velodyne_pointcloud/share/velodyne_pointcloud/package.sh'
[32.128s] INFO:colcon.colcon_core.shell:Creating package script '/home/jae/Lidar_ws/src/install/velodyne_pointcloud/share/velodyne_pointcloud/package.bash'
[32.128s] INFO:colcon.colcon_core.shell:Creating package script '/home/jae/Lidar_ws/src/install/velodyne_pointcloud/share/velodyne_pointcloud/package.zsh'
[32.129s] Level 1:colcon.colcon_core.environment:create_file_with_runtime_dependencies(/home/jae/Lidar_ws/src/install/velodyne_pointcloud/share/colcon-core/packages/velodyne_pointcloud)
[32.129s] Level 1:colcon.colcon_core.environment:create_environment_scripts_only(velodyne_pointcloud)
[32.129s] Level 1:colcon.colcon_core.environment:checking '/home/jae/Lidar_ws/src/install/velodyne_pointcloud' for CMake module files
[32.130s] Level 1:colcon.colcon_core.environment:checking '/home/jae/Lidar_ws/src/install/velodyne_pointcloud' for CMake config files
[32.130s] Level 1:colcon.colcon_core.shell:create_environment_hook('velodyne_pointcloud', 'cmake_prefix_path')
[32.130s] INFO:colcon.colcon_core.shell:Creating environment hook '/home/jae/Lidar_ws/src/install/velodyne_pointcloud/share/velodyne_pointcloud/hook/cmake_prefix_path.ps1'
[32.130s] INFO:colcon.colcon_core.shell:Creating environment descriptor '/home/jae/Lidar_ws/src/install/velodyne_pointcloud/share/velodyne_pointcloud/hook/cmake_prefix_path.dsv'
[32.130s] INFO:colcon.colcon_core.shell:Creating environment hook '/home/jae/Lidar_ws/src/install/velodyne_pointcloud/share/velodyne_pointcloud/hook/cmake_prefix_path.sh'
[32.131s] Level 1:colcon.colcon_core.environment:checking '/home/jae/Lidar_ws/src/install/velodyne_pointcloud/lib'
[32.131s] Level 1:colcon.colcon_core.shell:create_environment_hook('velodyne_pointcloud', 'ld_library_path_lib')
[32.131s] INFO:colcon.colcon_core.shell:Creating environment hook '/home/jae/Lidar_ws/src/install/velodyne_pointcloud/share/velodyne_pointcloud/hook/ld_library_path_lib.ps1'
[32.131s] INFO:colcon.colcon_core.shell:Creating environment descriptor '/home/jae/Lidar_ws/src/install/velodyne_pointcloud/share/velodyne_pointcloud/hook/ld_library_path_lib.dsv'
[32.132s] INFO:colcon.colcon_core.shell:Creating environment hook '/home/jae/Lidar_ws/src/install/velodyne_pointcloud/share/velodyne_pointcloud/hook/ld_library_path_lib.sh'
[32.132s] Level 1:colcon.colcon_core.environment:checking '/home/jae/Lidar_ws/src/install/velodyne_pointcloud/bin'
[32.132s] Level 1:colcon.colcon_core.environment:checking '/home/jae/Lidar_ws/src/install/velodyne_pointcloud/lib/pkgconfig/velodyne_pointcloud.pc'
[32.133s] Level 1:colcon.colcon_core.environment:checking '/home/jae/Lidar_ws/src/install/velodyne_pointcloud/lib/python3.10/site-packages'
[32.133s] Level 1:colcon.colcon_core.environment:checking '/home/jae/Lidar_ws/src/install/velodyne_pointcloud/bin'
[32.133s] INFO:colcon.colcon_core.shell:Creating package script '/home/jae/Lidar_ws/src/install/velodyne_pointcloud/share/velodyne_pointcloud/package.ps1'
[32.133s] INFO:colcon.colcon_core.shell:Creating package descriptor '/home/jae/Lidar_ws/src/install/velodyne_pointcloud/share/velodyne_pointcloud/package.dsv'
[32.134s] INFO:colcon.colcon_core.shell:Creating package script '/home/jae/Lidar_ws/src/install/velodyne_pointcloud/share/velodyne_pointcloud/package.sh'
[32.134s] INFO:colcon.colcon_core.shell:Creating package script '/home/jae/Lidar_ws/src/install/velodyne_pointcloud/share/velodyne_pointcloud/package.bash'
[32.135s] INFO:colcon.colcon_core.shell:Creating package script '/home/jae/Lidar_ws/src/install/velodyne_pointcloud/share/velodyne_pointcloud/package.zsh'
[32.135s] Level 1:colcon.colcon_core.environment:create_file_with_runtime_dependencies(/home/jae/Lidar_ws/src/install/velodyne_pointcloud/share/colcon-core/packages/velodyne_pointcloud)
[32.135s] INFO:colcon.colcon_ros.task.ament_cmake.build:Building ROS package in '/home/jae/Lidar_ws/src/velodyne/velodyne' with build type 'ament_cmake'
[32.135s] INFO:colcon.colcon_cmake.task.cmake.build:Building CMake package in '/home/jae/Lidar_ws/src/velodyne/velodyne'
[32.136s] INFO:colcon.colcon_core.shell:Skip shell extension 'powershell' for command environment: Not usable outside of PowerShell
[32.136s] DEBUG:colcon.colcon_core.shell:Skip shell extension 'dsv' for command environment
[32.150s] DEBUG:colcon.colcon_core.event_handler.log_command:Invoking command in '/home/jae/Lidar_ws/src/build/velodyne': AMENT_PREFIX_PATH=/home/jae/Lidar_ws/src/install/velodyne_pointcloud:/home/jae/Lidar_ws/src/install/velodyne_driver:/home/jae/Lidar_ws/src/install/velodyne_msgs:/home/jae/Lidar_ws/src/install/velodyne_laserscan:${AMENT_PREFIX_PATH} CMAKE_PREFIX_PATH=/home/jae/Lidar_ws/src/install/velodyne_pointcloud:/home/jae/Lidar_ws/src/install/velodyne_driver:/home/jae/Lidar_ws/src/install/velodyne_msgs:/home/jae/Lidar_ws/src/install/velodyne_laserscan:/home/jae/Lidar_ws/install/velodyne:/home/jae/Lidar_ws/install/velodyne_pointcloud:/home/jae/Lidar_ws/install/velodyne_driver:/home/jae/Lidar_ws/install/velodyne_msgs:/home/jae/Lidar_ws/install/velodyne_laserscan:/home/jae/Lidar_ws/install/lidar_processing:/home/jae/ros2_ws/install/lidar_perception:/opt/ros/humble LD_LIBRARY_PATH=/home/jae/Lidar_ws/src/install/velodyne_pointcloud/lib:/home/jae/Lidar_ws/src/install/velodyne_driver/lib:/home/jae/Lidar_ws/src/install/velodyne_msgs/lib:/home/jae/Lidar_ws/src/install/velodyne_laserscan/lib:${LD_LIBRARY_PATH} PYTHONPATH=/home/jae/Lidar_ws/src/install/velodyne_msgs/local/lib/python3.10/dist-packages:${PYTHONPATH} /usr/bin/cmake /home/jae/Lidar_ws/src/velodyne/velodyne -DAMENT_CMAKE_SYMLINK_INSTALL=1 -DCMAKE_INSTALL_PREFIX=/home/jae/Lidar_ws/src/install/velodyne
[32.857s] DEBUG:colcon.colcon_core.event_handler.log_command:Invoked command in '/home/jae/Lidar_ws/src/build/velodyne' returned '0': AMENT_PREFIX_PATH=/home/jae/Lidar_ws/src/install/velodyne_pointcloud:/home/jae/Lidar_ws/src/install/velodyne_driver:/home/jae/Lidar_ws/src/install/velodyne_msgs:/home/jae/Lidar_ws/src/install/velodyne_laserscan:${AMENT_PREFIX_PATH} CMAKE_PREFIX_PATH=/home/jae/Lidar_ws/src/install/velodyne_pointcloud:/home/jae/Lidar_ws/src/install/velodyne_driver:/home/jae/Lidar_ws/src/install/velodyne_msgs:/home/jae/Lidar_ws/src/install/velodyne_laserscan:/home/jae/Lidar_ws/install/velodyne:/home/jae/Lidar_ws/install/velodyne_pointcloud:/home/jae/Lidar_ws/install/velodyne_driver:/home/jae/Lidar_ws/install/velodyne_msgs:/home/jae/Lidar_ws/install/velodyne_laserscan:/home/jae/Lidar_ws/install/lidar_processing:/home/jae/ros2_ws/install/lidar_perception:/opt/ros/humble LD_LIBRARY_PATH=/home/jae/Lidar_ws/src/install/velodyne_pointcloud/lib:/home/jae/Lidar_ws/src/install/velodyne_driver/lib:/home/jae/Lidar_ws/src/install/velodyne_msgs/lib:/home/jae/Lidar_ws/src/install/velodyne_laserscan/lib:${LD_LIBRARY_PATH} PYTHONPATH=/home/jae/Lidar_ws/src/install/velodyne_msgs/local/lib/python3.10/dist-packages:${PYTHONPATH} /usr/bin/cmake /home/jae/Lidar_ws/src/velodyne/velodyne -DAMENT_CMAKE_SYMLINK_INSTALL=1 -DCMAKE_INSTALL_PREFIX=/home/jae/Lidar_ws/src/install/velodyne
[32.859s] DEBUG:colcon.colcon_core.event_handler.log_command:Invoking command in '/home/jae/Lidar_ws/src/build/velodyne': AMENT_PREFIX_PATH=/home/jae/Lidar_ws/src/install/velodyne_pointcloud:/home/jae/Lidar_ws/src/install/velodyne_driver:/home/jae/Lidar_ws/src/install/velodyne_msgs:/home/jae/Lidar_ws/src/install/velodyne_laserscan:${AMENT_PREFIX_PATH} CMAKE_PREFIX_PATH=/home/jae/Lidar_ws/src/install/velodyne_pointcloud:/home/jae/Lidar_ws/src/install/velodyne_driver:/home/jae/Lidar_ws/src/install/velodyne_msgs:/home/jae/Lidar_ws/src/install/velodyne_laserscan:/home/jae/Lidar_ws/install/velodyne:/home/jae/Lidar_ws/install/velodyne_pointcloud:/home/jae/Lidar_ws/install/velodyne_driver:/home/jae/Lidar_ws/install/velodyne_msgs:/home/jae/Lidar_ws/install/velodyne_laserscan:/home/jae/Lidar_ws/install/lidar_processing:/home/jae/ros2_ws/install/lidar_perception:/opt/ros/humble LD_LIBRARY_PATH=/home/jae/Lidar_ws/src/install/velodyne_pointcloud/lib:/home/jae/Lidar_ws/src/install/velodyne_driver/lib:/home/jae/Lidar_ws/src/install/velodyne_msgs/lib:/home/jae/Lidar_ws/src/install/velodyne_laserscan/lib:${LD_LIBRARY_PATH} PYTHONPATH=/home/jae/Lidar_ws/src/install/velodyne_msgs/local/lib/python3.10/dist-packages:${PYTHONPATH} /usr/bin/cmake --build /home/jae/Lidar_ws/src/build/velodyne -- -j12 -l12
[32.898s] DEBUG:colcon.colcon_core.event_handler.log_command:Invoked command in '/home/jae/Lidar_ws/src/build/velodyne' returned '0': AMENT_PREFIX_PATH=/home/jae/Lidar_ws/src/install/velodyne_pointcloud:/home/jae/Lidar_ws/src/install/velodyne_driver:/home/jae/Lidar_ws/src/install/velodyne_msgs:/home/jae/Lidar_ws/src/install/velodyne_laserscan:${AMENT_PREFIX_PATH} CMAKE_PREFIX_PATH=/home/jae/Lidar_ws/src/install/velodyne_pointcloud:/home/jae/Lidar_ws/src/install/velodyne_driver:/home/jae/Lidar_ws/src/install/velodyne_msgs:/home/jae/Lidar_ws/src/install/velodyne_laserscan:/home/jae/Lidar_ws/install/velodyne:/home/jae/Lidar_ws/install/velodyne_pointcloud:/home/jae/Lidar_ws/install/velodyne_driver:/home/jae/Lidar_ws/install/velodyne_msgs:/home/jae/Lidar_ws/install/velodyne_laserscan:/home/jae/Lidar_ws/install/lidar_processing:/home/jae/ros2_ws/install/lidar_perception:/opt/ros/humble LD_LIBRARY_PATH=/home/jae/Lidar_ws/src/install/velodyne_pointcloud/lib:/home/jae/Lidar_ws/src/install/velodyne_driver/lib:/home/jae/Lidar_ws/src/install/velodyne_msgs/lib:/home/jae/Lidar_ws/src/install/velodyne_laserscan/lib:${LD_LIBRARY_PATH} PYTHONPATH=/home/jae/Lidar_ws/src/install/velodyne_msgs/local/lib/python3.10/dist-packages:${PYTHONPATH} /usr/bin/cmake --build /home/jae/Lidar_ws/src/build/velodyne -- -j12 -l12
[32.900s] DEBUG:colcon.colcon_core.event_handler.log_command:Invoking command in '/home/jae/Lidar_ws/src/build/velodyne': AMENT_PREFIX_PATH=/home/jae/Lidar_ws/src/install/velodyne_pointcloud:/home/jae/Lidar_ws/src/install/velodyne_driver:/home/jae/Lidar_ws/src/install/velodyne_msgs:/home/jae/Lidar_ws/src/install/velodyne_laserscan:${AMENT_PREFIX_PATH} CMAKE_PREFIX_PATH=/home/jae/Lidar_ws/src/install/velodyne_pointcloud:/home/jae/Lidar_ws/src/install/velodyne_driver:/home/jae/Lidar_ws/src/install/velodyne_msgs:/home/jae/Lidar_ws/src/install/velodyne_laserscan:/home/jae/Lidar_ws/install/velodyne:/home/jae/Lidar_ws/install/velodyne_pointcloud:/home/jae/Lidar_ws/install/velodyne_driver:/home/jae/Lidar_ws/install/velodyne_msgs:/home/jae/Lidar_ws/install/velodyne_laserscan:/home/jae/Lidar_ws/install/lidar_processing:/home/jae/ros2_ws/install/lidar_perception:/opt/ros/humble LD_LIBRARY_PATH=/home/jae/Lidar_ws/src/install/velodyne_pointcloud/lib:/home/jae/Lidar_ws/src/install/velodyne_driver/lib:/home/jae/Lidar_ws/src/install/velodyne_msgs/lib:/home/jae/Lidar_ws/src/install/velodyne_laserscan/lib:${LD_LIBRARY_PATH} PYTHONPATH=/home/jae/Lidar_ws/src/install/velodyne_msgs/local/lib/python3.10/dist-packages:${PYTHONPATH} /usr/bin/cmake --install /home/jae/Lidar_ws/src/build/velodyne
[33.101s] Level 1:colcon.colcon_core.environment:create_environment_scripts_only(velodyne)
[33.102s] Level 1:colcon.colcon_core.environment:checking '/home/jae/Lidar_ws/src/install/velodyne' for CMake module files
[33.102s] DEBUG:colcon.colcon_core.event_handler.log_command:Invoked command in '/home/jae/Lidar_ws/src/build/velodyne' returned '0': AMENT_PREFIX_PATH=/home/jae/Lidar_ws/src/install/velodyne_pointcloud:/home/jae/Lidar_ws/src/install/velodyne_driver:/home/jae/Lidar_ws/src/install/velodyne_msgs:/home/jae/Lidar_ws/src/install/velodyne_laserscan:${AMENT_PREFIX_PATH} CMAKE_PREFIX_PATH=/home/jae/Lidar_ws/src/install/velodyne_pointcloud:/home/jae/Lidar_ws/src/install/velodyne_driver:/home/jae/Lidar_ws/src/install/velodyne_msgs:/home/jae/Lidar_ws/src/install/velodyne_laserscan:/home/jae/Lidar_ws/install/velodyne:/home/jae/Lidar_ws/install/velodyne_pointcloud:/home/jae/Lidar_ws/install/velodyne_driver:/home/jae/Lidar_ws/install/velodyne_msgs:/home/jae/Lidar_ws/install/velodyne_laserscan:/home/jae/Lidar_ws/install/lidar_processing:/home/jae/ros2_ws/install/lidar_perception:/opt/ros/humble LD_LIBRARY_PATH=/home/jae/Lidar_ws/src/install/velodyne_pointcloud/lib:/home/jae/Lidar_ws/src/install/velodyne_driver/lib:/home/jae/Lidar_ws/src/install/velodyne_msgs/lib:/home/jae/Lidar_ws/src/install/velodyne_laserscan/lib:${LD_LIBRARY_PATH} PYTHONPATH=/home/jae/Lidar_ws/src/install/velodyne_msgs/local/lib/python3.10/dist-packages:${PYTHONPATH} /usr/bin/cmake --install /home/jae/Lidar_ws/src/build/velodyne
[33.102s] Level 1:colcon.colcon_core.environment:checking '/home/jae/Lidar_ws/src/install/velodyne' for CMake config files
[33.103s] Level 1:colcon.colcon_core.shell:create_environment_hook('velodyne', 'cmake_prefix_path')
[33.103s] INFO:colcon.colcon_core.shell:Creating environment hook '/home/jae/Lidar_ws/src/install/velodyne/share/velodyne/hook/cmake_prefix_path.ps1'
[33.103s] INFO:colcon.colcon_core.shell:Creating environment descriptor '/home/jae/Lidar_ws/src/install/velodyne/share/velodyne/hook/cmake_prefix_path.dsv'
[33.104s] INFO:colcon.colcon_core.shell:Creating environment hook '/home/jae/Lidar_ws/src/install/velodyne/share/velodyne/hook/cmake_prefix_path.sh'
[33.104s] Level 1:colcon.colcon_core.environment:checking '/home/jae/Lidar_ws/src/install/velodyne/bin'
[33.104s] Level 1:colcon.colcon_core.environment:checking '/home/jae/Lidar_ws/src/install/velodyne/lib/pkgconfig/velodyne.pc'
[33.104s] Level 1:colcon.colcon_core.environment:checking '/home/jae/Lidar_ws/src/install/velodyne/lib/python3.10/site-packages'
[33.104s] Level 1:colcon.colcon_core.environment:checking '/home/jae/Lidar_ws/src/install/velodyne/bin'
[33.105s] INFO:colcon.colcon_core.shell:Creating package script '/home/jae/Lidar_ws/src/install/velodyne/share/velodyne/package.ps1'
[33.105s] INFO:colcon.colcon_core.shell:Creating package descriptor '/home/jae/Lidar_ws/src/install/velodyne/share/velodyne/package.dsv'
[33.105s] INFO:colcon.colcon_core.shell:Creating package script '/home/jae/Lidar_ws/src/install/velodyne/share/velodyne/package.sh'
[33.106s] INFO:colcon.colcon_core.shell:Creating package script '/home/jae/Lidar_ws/src/install/velodyne/share/velodyne/package.bash'
[33.106s] INFO:colcon.colcon_core.shell:Creating package script '/home/jae/Lidar_ws/src/install/velodyne/share/velodyne/package.zsh'
[33.106s] Level 1:colcon.colcon_core.environment:create_file_with_runtime_dependencies(/home/jae/Lidar_ws/src/install/velodyne/share/colcon-core/packages/velodyne)
[33.106s] Level 1:colcon.colcon_core.environment:create_environment_scripts_only(velodyne)
[33.107s] Level 1:colcon.colcon_core.environment:checking '/home/jae/Lidar_ws/src/install/velodyne' for CMake module files
[33.107s] Level 1:colcon.colcon_core.environment:checking '/home/jae/Lidar_ws/src/install/velodyne' for CMake config files
[33.107s] Level 1:colcon.colcon_core.shell:create_environment_hook('velodyne', 'cmake_prefix_path')
[33.107s] INFO:colcon.colcon_core.shell:Creating environment hook '/home/jae/Lidar_ws/src/install/velodyne/share/velodyne/hook/cmake_prefix_path.ps1'
[33.108s] INFO:colcon.colcon_core.shell:Creating environment descriptor '/home/jae/Lidar_ws/src/install/velodyne/share/velodyne/hook/cmake_prefix_path.dsv'
[33.108s] INFO:colcon.colcon_core.shell:Creating environment hook '/home/jae/Lidar_ws/src/install/velodyne/share/velodyne/hook/cmake_prefix_path.sh'
[33.108s] Level 1:colcon.colcon_core.environment:checking '/home/jae/Lidar_ws/src/install/velodyne/bin'
[33.108s] Level 1:colcon.colcon_core.environment:checking '/home/jae/Lidar_ws/src/install/velodyne/lib/pkgconfig/velodyne.pc'
[33.108s] Level 1:colcon.colcon_core.environment:checking '/home/jae/Lidar_ws/src/install/velodyne/lib/python3.10/site-packages'
[33.108s] Level 1:colcon.colcon_core.environment:checking '/home/jae/Lidar_ws/src/install/velodyne/bin'
[33.109s] INFO:colcon.colcon_core.shell:Creating package script '/home/jae/Lidar_ws/src/install/velodyne/share/velodyne/package.ps1'
[33.109s] INFO:colcon.colcon_core.shell:Creating package descriptor '/home/jae/Lidar_ws/src/install/velodyne/share/velodyne/package.dsv'
[33.109s] INFO:colcon.colcon_core.shell:Creating package script '/home/jae/Lidar_ws/src/install/velodyne/share/velodyne/package.sh'
[33.109s] INFO:colcon.colcon_core.shell:Creating package script '/home/jae/Lidar_ws/src/install/velodyne/share/velodyne/package.bash'
[33.110s] INFO:colcon.colcon_core.shell:Creating package script '/home/jae/Lidar_ws/src/install/velodyne/share/velodyne/package.zsh'
[33.110s] Level 1:colcon.colcon_core.environment:create_file_with_runtime_dependencies(/home/jae/Lidar_ws/src/install/velodyne/share/colcon-core/packages/velodyne)
[33.110s] DEBUG:colcon.colcon_parallel_executor.executor.parallel:closing loop
[33.111s] DEBUG:colcon.colcon_parallel_executor.executor.parallel:loop closed
[33.111s] DEBUG:colcon.colcon_parallel_executor.executor.parallel:run_until_complete finished with '0'
[33.111s] DEBUG:colcon.colcon_core.event_reactor:joining thread
[33.115s] INFO:colcon.colcon_core.plugin_system:Skipping extension 'colcon_notification.desktop_notification.terminal_notifier': Not used on non-Darwin systems
[33.115s] INFO:colcon.colcon_core.plugin_system:Skipping extension 'colcon_notification.desktop_notification.win32': Not used on non-Windows systems
[33.115s] INFO:colcon.colcon_notification.desktop_notification:Sending desktop notification using 'notify2'
[33.125s] DEBUG:colcon.colcon_core.event_reactor:joined thread
[33.126s] INFO:colcon.colcon_core.shell:Creating prefix script '/home/jae/Lidar_ws/src/install/local_setup.ps1'
[33.127s] INFO:colcon.colcon_core.shell:Creating prefix util module '/home/jae/Lidar_ws/src/install/_local_setup_util_ps1.py'
[33.128s] INFO:colcon.colcon_core.shell:Creating prefix chain script '/home/jae/Lidar_ws/src/install/setup.ps1'
[33.129s] INFO:colcon.colcon_core.shell:Creating prefix script '/home/jae/Lidar_ws/src/install/local_setup.sh'
[33.129s] INFO:colcon.colcon_core.shell:Creating prefix util module '/home/jae/Lidar_ws/src/install/_local_setup_util_sh.py'
[33.129s] INFO:colcon.colcon_core.shell:Creating prefix chain script '/home/jae/Lidar_ws/src/install/setup.sh'
[33.131s] INFO:colcon.colcon_core.shell:Creating prefix script '/home/jae/Lidar_ws/src/install/local_setup.bash'
[33.131s] INFO:colcon.colcon_core.shell:Creating prefix chain script '/home/jae/Lidar_ws/src/install/setup.bash'
[33.132s] INFO:colcon.colcon_core.shell:Creating prefix script '/home/jae/Lidar_ws/src/install/local_setup.zsh'
[33.132s] INFO:colcon.colcon_core.shell:Creating prefix chain script '/home/jae/Lidar_ws/src/install/setup.zsh'
