[0.769s] Invoking command in '/home/jae/Lidar_ws/src/build/lidar_processing': PYTHONPATH=/home/jae/Lidar_ws/src/build/lidar_processing/prefix_override:/usr/lib/python3/dist-packages/colcon_core/task/python/colcon_distutils_commands:/home/jae/Lidar_ws/src/install/lidar_processing/lib/python3.10/site-packages:${PYTHONPATH} /usr/bin/python3 -W ignore:setup.py install is deprecated -W ignore:easy_install command is deprecated setup.py develop --editable --build-directory /home/jae/Lidar_ws/src/build/lidar_processing/build --no-deps symlink_data
[1.088s] running develop
[1.311s] running egg_info
[1.327s] creating lidar_processing.egg-info
[1.327s] writing lidar_processing.egg-info/PKG-INFO
[1.328s] writing dependency_links to lidar_processing.egg-info/dependency_links.txt
[1.328s] writing entry points to lidar_processing.egg-info/entry_points.txt
[1.328s] writing requirements to lidar_processing.egg-info/requires.txt
[1.328s] writing top-level names to lidar_processing.egg-info/top_level.txt
[1.328s] writing manifest file 'lidar_processing.egg-info/SOURCES.txt'
[1.362s] reading manifest file 'lidar_processing.egg-info/SOURCES.txt'
[1.363s] writing manifest file 'lidar_processing.egg-info/SOURCES.txt'
[1.424s] running build_ext
[1.425s] Creating /home/jae/Lidar_ws/src/install/lidar_processing/lib/python3.10/site-packages/lidar-processing.egg-link (link to .)
[1.425s] Installing pointcloud_listener script to /home/jae/Lidar_ws/src/install/lidar_processing/lib/lidar_processing
[1.426s] 
[1.426s] Installed /home/jae/Lidar_ws/src/build/lidar_processing
[1.426s] running symlink_data
[1.426s] creating /home/jae/Lidar_ws/src/install/lidar_processing/share/ament_index/resource_index/packages
[1.426s] symbolically linking /home/jae/Lidar_ws/src/build/lidar_processing/resource/lidar_processing -> /home/jae/Lidar_ws/src/install/lidar_processing/share/ament_index/resource_index/packages
[1.426s] symbolically linking /home/jae/Lidar_ws/src/build/lidar_processing/package.xml -> /home/jae/Lidar_ws/src/install/lidar_processing/share/lidar_processing
[1.469s] Invoked command in '/home/jae/Lidar_ws/src/build/lidar_processing' returned '0': PYTHONPATH=/home/jae/Lidar_ws/src/build/lidar_processing/prefix_override:/usr/lib/python3/dist-packages/colcon_core/task/python/colcon_distutils_commands:/home/jae/Lidar_ws/src/install/lidar_processing/lib/python3.10/site-packages:${PYTHONPATH} /usr/bin/python3 -W ignore:setup.py install is deprecated -W ignore:easy_install command is deprecated setup.py develop --editable --build-directory /home/jae/Lidar_ws/src/build/lidar_processing/build --no-deps symlink_data
