[0.648s] Invoking command in '/home/jae/Lidar_ws/src/lidar_camera_calibration': PYTHONPATH=/home/jae/Lidar_ws/build/lidar_camera_calibration/prefix_override:/usr/lib/python3/dist-packages/colcon_core/task/python/colcon_distutils_commands:/home/jae/Lidar_ws/install/lidar_camera_calibration/lib/python3.10/site-packages:${PYTHONPATH} /usr/bin/python3 -W ignore:setup.py install is deprecated -W ignore:easy_install command is deprecated setup.py egg_info --egg-base ../../build/lidar_camera_calibration build --build-base /home/jae/Lidar_ws/build/lidar_camera_calibration/build install --record /home/jae/Lidar_ws/build/lidar_camera_calibration/install.log --single-version-externally-managed install_data
[0.867s] running egg_info
[0.883s] writing ../../build/lidar_camera_calibration/lidar_camera_calibration.egg-info/PKG-INFO
[0.883s] writing dependency_links to ../../build/lidar_camera_calibration/lidar_camera_calibration.egg-info/dependency_links.txt
[0.883s] writing entry points to ../../build/lidar_camera_calibration/lidar_camera_calibration.egg-info/entry_points.txt
[0.883s] writing requirements to ../../build/lidar_camera_calibration/lidar_camera_calibration.egg-info/requires.txt
[0.884s] writing top-level names to ../../build/lidar_camera_calibration/lidar_camera_calibration.egg-info/top_level.txt
[0.914s] reading manifest file '../../build/lidar_camera_calibration/lidar_camera_calibration.egg-info/SOURCES.txt'
[0.915s] writing manifest file '../../build/lidar_camera_calibration/lidar_camera_calibration.egg-info/SOURCES.txt'
[0.915s] running build
[0.915s] running build_py
[0.915s] copying lidar_camera_calibration/__init__.py -> /home/jae/Lidar_ws/build/lidar_camera_calibration/build/lib/lidar_camera_calibration
[0.916s] copying lidar_camera_calibration/calibration_node.py -> /home/jae/Lidar_ws/build/lidar_camera_calibration/build/lib/lidar_camera_calibration
[0.916s] running install
[0.919s] running install_lib
[0.935s] running install_data
[0.935s] copying resource/lidar_camera_calibration -> /home/jae/Lidar_ws/install/lidar_camera_calibration/share/ament_index/resource_index/packages
[0.935s] copying package.xml -> /home/jae/Lidar_ws/install/lidar_camera_calibration/share/lidar_camera_calibration
[0.935s] running install_egg_info
[0.950s] removing '/home/jae/Lidar_ws/install/lidar_camera_calibration/lib/python3.10/site-packages/lidar_camera_calibration-0.0.0-py3.10.egg-info' (and everything under it)
[0.951s] Copying ../../build/lidar_camera_calibration/lidar_camera_calibration.egg-info to /home/jae/Lidar_ws/install/lidar_camera_calibration/lib/python3.10/site-packages/lidar_camera_calibration-0.0.0-py3.10.egg-info
[0.951s] running install_scripts
[1.068s] Installing calibration_node script to /home/jae/Lidar_ws/install/lidar_camera_calibration/lib/lidar_camera_calibration
[1.068s] writing list of installed files to '/home/jae/Lidar_ws/build/lidar_camera_calibration/install.log'
[1.094s] Invoked command in '/home/jae/Lidar_ws/src/lidar_camera_calibration' returned '0': PYTHONPATH=/home/jae/Lidar_ws/build/lidar_camera_calibration/prefix_override:/usr/lib/python3/dist-packages/colcon_core/task/python/colcon_distutils_commands:/home/jae/Lidar_ws/install/lidar_camera_calibration/lib/python3.10/site-packages:${PYTHONPATH} /usr/bin/python3 -W ignore:setup.py install is deprecated -W ignore:easy_install command is deprecated setup.py egg_info --egg-base ../../build/lidar_camera_calibration build --build-base /home/jae/Lidar_ws/build/lidar_camera_calibration/build install --record /home/jae/Lidar_ws/build/lidar_camera_calibration/install.log --single-version-externally-managed install_data
