[0.017s] Invoking command in '/home/jae/Lidar_ws/build/velodyne_msgs': CMAKE_PREFIX_PATH=${CMAKE_PREFIX_PATH}:/home/jae/Lidar_ws/install/lidar_processing:/home/jae/ros2_ws/install/lidar_perception:/opt/ros/humble PS1=(venv) %m%# VIRTUAL_ENV_PROMPT=(venv) /usr/bin/cmake --build /home/jae/Lidar_ws/build/velodyne_msgs -- -j12 -l12
[0.069s] [  7%] Built target velodyne_msgs__cpp
[0.070s] [ 12%] Built target velodyne_msgs__rosidl_generator_c
[0.080s] [ 12%] Built target ament_cmake_python_symlink_velodyne_msgs
[0.097s] [ 33%] Built target velodyne_msgs__rosidl_typesupport_fastrtps_cpp
[0.098s] [ 33%] Built target velodyne_msgs__rosidl_typesupport_introspection_c
[0.099s] [ 43%] Built target velodyne_msgs__rosidl_typesupport_c
[0.100s] [ 53%] Built target velodyne_msgs__rosidl_typesupport_introspection_cpp
[0.100s] [ 64%] Built target velodyne_msgs__rosidl_typesupport_fastrtps_c
[0.100s] [ 74%] Built target velodyne_msgs__rosidl_typesupport_cpp
[0.122s] [ 74%] Built target velodyne_msgs
[0.145s] [ 76%] Built target velodyne_msgs__py
[0.168s] [ 84%] Built target velodyne_msgs__rosidl_generator_py
[0.191s] [100%] Built target velodyne_msgs__rosidl_typesupport_introspection_c__pyext
[0.191s] [100%] Built target velodyne_msgs__rosidl_typesupport_c__pyext
[0.191s] [100%] Built target velodyne_msgs__rosidl_typesupport_fastrtps_c__pyext
[0.280s] running egg_info
[0.295s] writing velodyne_msgs.egg-info/PKG-INFO
[0.296s] writing dependency_links to velodyne_msgs.egg-info/dependency_links.txt
[0.296s] writing top-level names to velodyne_msgs.egg-info/top_level.txt
[0.340s] reading manifest file 'velodyne_msgs.egg-info/SOURCES.txt'
[0.341s] writing manifest file 'velodyne_msgs.egg-info/SOURCES.txt'
[0.370s] [100%] Built target ament_cmake_python_build_velodyne_msgs_egg
[0.381s] Invoked command in '/home/jae/Lidar_ws/build/velodyne_msgs' returned '0': CMAKE_PREFIX_PATH=${CMAKE_PREFIX_PATH}:/home/jae/Lidar_ws/install/lidar_processing:/home/jae/ros2_ws/install/lidar_perception:/opt/ros/humble PS1=(venv) %m%# VIRTUAL_ENV_PROMPT=(venv) /usr/bin/cmake --build /home/jae/Lidar_ws/build/velodyne_msgs -- -j12 -l12
[0.382s] Invoking command in '/home/jae/Lidar_ws/build/velodyne_msgs': CMAKE_PREFIX_PATH=${CMAKE_PREFIX_PATH}:/home/jae/Lidar_ws/install/lidar_processing:/home/jae/ros2_ws/install/lidar_perception:/opt/ros/humble PS1=(venv) %m%# VIRTUAL_ENV_PROMPT=(venv) /usr/bin/cmake --install /home/jae/Lidar_ws/build/velodyne_msgs
[0.389s] -- Install configuration: ""
[0.390s] -- Execute custom install script
[0.390s] -- Up-to-date symlink: /home/jae/Lidar_ws/install/velodyne_msgs/share/ament_index/resource_index/rosidl_interfaces/velodyne_msgs
[0.390s] -- Up-to-date symlink: /home/jae/Lidar_ws/install/velodyne_msgs/include/velodyne_msgs/velodyne_msgs/msg/detail/velodyne_packet__functions.h
[0.390s] -- Up-to-date symlink: /home/jae/Lidar_ws/install/velodyne_msgs/include/velodyne_msgs/velodyne_msgs/msg/detail/velodyne_packet__struct.h
[0.391s] -- Up-to-date symlink: /home/jae/Lidar_ws/install/velodyne_msgs/include/velodyne_msgs/velodyne_msgs/msg/detail/velodyne_packet__type_support.h
[0.391s] -- Up-to-date symlink: /home/jae/Lidar_ws/install/velodyne_msgs/include/velodyne_msgs/velodyne_msgs/msg/detail/velodyne_scan__functions.h
[0.391s] -- Up-to-date symlink: /home/jae/Lidar_ws/install/velodyne_msgs/include/velodyne_msgs/velodyne_msgs/msg/detail/velodyne_scan__struct.h
[0.391s] -- Up-to-date symlink: /home/jae/Lidar_ws/install/velodyne_msgs/include/velodyne_msgs/velodyne_msgs/msg/detail/velodyne_scan__type_support.h
[0.391s] -- Up-to-date symlink: /home/jae/Lidar_ws/install/velodyne_msgs/include/velodyne_msgs/velodyne_msgs/msg/rosidl_generator_c__visibility_control.h
[0.391s] -- Up-to-date symlink: /home/jae/Lidar_ws/install/velodyne_msgs/include/velodyne_msgs/velodyne_msgs/msg/velodyne_packet.h
[0.391s] -- Up-to-date symlink: /home/jae/Lidar_ws/install/velodyne_msgs/include/velodyne_msgs/velodyne_msgs/msg/velodyne_scan.h
[0.392s] -- Up-to-date symlink: /home/jae/Lidar_ws/install/velodyne_msgs/share/velodyne_msgs/environment/library_path.sh
[0.392s] -- Up-to-date symlink: /home/jae/Lidar_ws/install/velodyne_msgs/share/velodyne_msgs/environment/library_path.dsv
[0.392s] -- Up-to-date symlink: /home/jae/Lidar_ws/install/velodyne_msgs/include/velodyne_msgs/velodyne_msgs/msg/detail/velodyne_packet__rosidl_typesupport_fastrtps_c.h
[0.392s] -- Up-to-date symlink: /home/jae/Lidar_ws/install/velodyne_msgs/include/velodyne_msgs/velodyne_msgs/msg/detail/velodyne_scan__rosidl_typesupport_fastrtps_c.h
[0.393s] -- Up-to-date symlink: /home/jae/Lidar_ws/install/velodyne_msgs/include/velodyne_msgs/velodyne_msgs/msg/rosidl_typesupport_fastrtps_c__visibility_control.h
[0.393s] -- Up-to-date symlink: /home/jae/Lidar_ws/install/velodyne_msgs/include/velodyne_msgs/velodyne_msgs/msg/detail/velodyne_packet__builder.hpp
[0.393s] -- Up-to-date symlink: /home/jae/Lidar_ws/install/velodyne_msgs/include/velodyne_msgs/velodyne_msgs/msg/detail/velodyne_packet__struct.hpp
[0.393s] -- Up-to-date symlink: /home/jae/Lidar_ws/install/velodyne_msgs/include/velodyne_msgs/velodyne_msgs/msg/detail/velodyne_packet__traits.hpp
[0.393s] -- Up-to-date symlink: /home/jae/Lidar_ws/install/velodyne_msgs/include/velodyne_msgs/velodyne_msgs/msg/detail/velodyne_packet__type_support.hpp
[0.394s] -- Up-to-date symlink: /home/jae/Lidar_ws/install/velodyne_msgs/include/velodyne_msgs/velodyne_msgs/msg/detail/velodyne_scan__builder.hpp
[0.394s] -- Up-to-date symlink: /home/jae/Lidar_ws/install/velodyne_msgs/include/velodyne_msgs/velodyne_msgs/msg/detail/velodyne_scan__struct.hpp
[0.394s] -- Up-to-date symlink: /home/jae/Lidar_ws/install/velodyne_msgs/include/velodyne_msgs/velodyne_msgs/msg/detail/velodyne_scan__traits.hpp
[0.394s] -- Up-to-date symlink: /home/jae/Lidar_ws/install/velodyne_msgs/include/velodyne_msgs/velodyne_msgs/msg/detail/velodyne_scan__type_support.hpp
[0.394s] -- Up-to-date symlink: /home/jae/Lidar_ws/install/velodyne_msgs/include/velodyne_msgs/velodyne_msgs/msg/rosidl_generator_cpp__visibility_control.hpp
[0.394s] -- Up-to-date symlink: /home/jae/Lidar_ws/install/velodyne_msgs/include/velodyne_msgs/velodyne_msgs/msg/velodyne_packet.hpp
[0.394s] -- Up-to-date symlink: /home/jae/Lidar_ws/install/velodyne_msgs/include/velodyne_msgs/velodyne_msgs/msg/velodyne_scan.hpp
[0.395s] -- Up-to-date symlink: /home/jae/Lidar_ws/install/velodyne_msgs/include/velodyne_msgs/velodyne_msgs/msg/detail/velodyne_packet__rosidl_typesupport_fastrtps_cpp.hpp
[0.395s] -- Up-to-date symlink: /home/jae/Lidar_ws/install/velodyne_msgs/include/velodyne_msgs/velodyne_msgs/msg/detail/velodyne_scan__rosidl_typesupport_fastrtps_cpp.hpp
[0.395s] -- Up-to-date symlink: /home/jae/Lidar_ws/install/velodyne_msgs/include/velodyne_msgs/velodyne_msgs/msg/rosidl_typesupport_fastrtps_cpp__visibility_control.h
[0.395s] -- Up-to-date symlink: /home/jae/Lidar_ws/install/velodyne_msgs/include/velodyne_msgs/velodyne_msgs/msg/detail/velodyne_packet__rosidl_typesupport_introspection_c.h
[0.395s] -- Up-to-date symlink: /home/jae/Lidar_ws/install/velodyne_msgs/include/velodyne_msgs/velodyne_msgs/msg/detail/velodyne_scan__rosidl_typesupport_introspection_c.h
[0.395s] -- Up-to-date symlink: /home/jae/Lidar_ws/install/velodyne_msgs/include/velodyne_msgs/velodyne_msgs/msg/rosidl_typesupport_introspection_c__visibility_control.h
[0.396s] -- Up-to-date symlink: /home/jae/Lidar_ws/install/velodyne_msgs/include/velodyne_msgs/velodyne_msgs/msg/detail/velodyne_packet__rosidl_typesupport_introspection_cpp.hpp
[0.396s] -- Up-to-date symlink: /home/jae/Lidar_ws/install/velodyne_msgs/include/velodyne_msgs/velodyne_msgs/msg/detail/velodyne_scan__rosidl_typesupport_introspection_cpp.hpp
[0.396s] -- Up-to-date symlink: /home/jae/Lidar_ws/install/velodyne_msgs/share/velodyne_msgs/environment/pythonpath.sh
[0.396s] -- Up-to-date symlink: /home/jae/Lidar_ws/install/velodyne_msgs/share/velodyne_msgs/environment/pythonpath.dsv
[0.396s] -- Up-to-date symlink: /home/jae/Lidar_ws/install/velodyne_msgs/local/lib/python3.10/dist-packages/velodyne_msgs-2.5.1-py3.10.egg-info/PKG-INFO
[0.396s] -- Up-to-date symlink: /home/jae/Lidar_ws/install/velodyne_msgs/local/lib/python3.10/dist-packages/velodyne_msgs-2.5.1-py3.10.egg-info/SOURCES.txt
[0.396s] -- Up-to-date symlink: /home/jae/Lidar_ws/install/velodyne_msgs/local/lib/python3.10/dist-packages/velodyne_msgs-2.5.1-py3.10.egg-info/dependency_links.txt
[0.397s] -- Up-to-date symlink: /home/jae/Lidar_ws/install/velodyne_msgs/local/lib/python3.10/dist-packages/velodyne_msgs-2.5.1-py3.10.egg-info/top_level.txt
[0.397s] -- Up-to-date symlink: /home/jae/Lidar_ws/install/velodyne_msgs/local/lib/python3.10/dist-packages/velodyne_msgs/__init__.py
[0.397s] -- Up-to-date symlink: /home/jae/Lidar_ws/install/velodyne_msgs/local/lib/python3.10/dist-packages/velodyne_msgs/_velodyne_msgs_s.ep.rosidl_typesupport_c.c
[0.397s] -- Up-to-date symlink: /home/jae/Lidar_ws/install/velodyne_msgs/local/lib/python3.10/dist-packages/velodyne_msgs/_velodyne_msgs_s.ep.rosidl_typesupport_fastrtps_c.c
[0.397s] -- Up-to-date symlink: /home/jae/Lidar_ws/install/velodyne_msgs/local/lib/python3.10/dist-packages/velodyne_msgs/_velodyne_msgs_s.ep.rosidl_typesupport_introspection_c.c
[0.397s] -- Up-to-date symlink: /home/jae/Lidar_ws/install/velodyne_msgs/local/lib/python3.10/dist-packages/velodyne_msgs/libvelodyne_msgs__rosidl_generator_py.so
[0.398s] -- Up-to-date symlink: /home/jae/Lidar_ws/install/velodyne_msgs/local/lib/python3.10/dist-packages/velodyne_msgs/msg/__init__.py
[0.398s] -- Up-to-date symlink: /home/jae/Lidar_ws/install/velodyne_msgs/local/lib/python3.10/dist-packages/velodyne_msgs/msg/_velodyne_packet.py
[0.398s] -- Up-to-date symlink: /home/jae/Lidar_ws/install/velodyne_msgs/local/lib/python3.10/dist-packages/velodyne_msgs/msg/_velodyne_packet_s.c
[0.398s] -- Up-to-date symlink: /home/jae/Lidar_ws/install/velodyne_msgs/local/lib/python3.10/dist-packages/velodyne_msgs/msg/_velodyne_scan.py
[0.398s] -- Up-to-date symlink: /home/jae/Lidar_ws/install/velodyne_msgs/local/lib/python3.10/dist-packages/velodyne_msgs/msg/_velodyne_scan_s.c
[0.398s] -- Up-to-date symlink: /home/jae/Lidar_ws/install/velodyne_msgs/local/lib/python3.10/dist-packages/velodyne_msgs/velodyne_msgs_s__rosidl_typesupport_c.cpython-310-x86_64-linux-gnu.so
[0.398s] -- Up-to-date symlink: /home/jae/Lidar_ws/install/velodyne_msgs/local/lib/python3.10/dist-packages/velodyne_msgs/velodyne_msgs_s__rosidl_typesupport_fastrtps_c.cpython-310-x86_64-linux-gnu.so
[0.398s] -- Up-to-date symlink: /home/jae/Lidar_ws/install/velodyne_msgs/local/lib/python3.10/dist-packages/velodyne_msgs/velodyne_msgs_s__rosidl_typesupport_introspection_c.cpython-310-x86_64-linux-gnu.so
[0.398s] -- Up-to-date symlink: /home/jae/Lidar_ws/install/velodyne_msgs/local/lib/python3.10/dist-packages/velodyne_msgs/velodyne_msgs_s__rosidl_typesupport_fastrtps_c.cpython-310-x86_64-linux-gnu.so
[0.399s] -- Up-to-date symlink: /home/jae/Lidar_ws/install/velodyne_msgs/local/lib/python3.10/dist-packages/velodyne_msgs/velodyne_msgs_s__rosidl_typesupport_introspection_c.cpython-310-x86_64-linux-gnu.so
[0.399s] -- Up-to-date symlink: /home/jae/Lidar_ws/install/velodyne_msgs/local/lib/python3.10/dist-packages/velodyne_msgs/velodyne_msgs_s__rosidl_typesupport_c.cpython-310-x86_64-linux-gnu.so
[0.399s] -- Up-to-date symlink: /home/jae/Lidar_ws/install/velodyne_msgs/share/velodyne_msgs/msg/VelodynePacket.idl
[0.399s] -- Up-to-date symlink: /home/jae/Lidar_ws/install/velodyne_msgs/share/velodyne_msgs/msg/VelodyneScan.idl
[0.399s] -- Up-to-date symlink: /home/jae/Lidar_ws/install/velodyne_msgs/share/velodyne_msgs/msg/VelodynePacket.msg
[0.399s] -- Up-to-date symlink: /home/jae/Lidar_ws/install/velodyne_msgs/share/velodyne_msgs/msg/VelodyneScan.msg
[0.400s] -- Up-to-date symlink: /home/jae/Lidar_ws/install/velodyne_msgs/share/ament_index/resource_index/package_run_dependencies/velodyne_msgs
[0.400s] -- Up-to-date symlink: /home/jae/Lidar_ws/install/velodyne_msgs/share/ament_index/resource_index/parent_prefix_path/velodyne_msgs
[0.400s] -- Up-to-date symlink: /home/jae/Lidar_ws/install/velodyne_msgs/share/velodyne_msgs/environment/ament_prefix_path.sh
[0.400s] -- Up-to-date symlink: /home/jae/Lidar_ws/install/velodyne_msgs/share/velodyne_msgs/environment/ament_prefix_path.dsv
[0.400s] -- Up-to-date symlink: /home/jae/Lidar_ws/install/velodyne_msgs/share/velodyne_msgs/environment/path.sh
[0.400s] -- Up-to-date symlink: /home/jae/Lidar_ws/install/velodyne_msgs/share/velodyne_msgs/environment/path.dsv
[0.400s] -- Up-to-date symlink: /home/jae/Lidar_ws/install/velodyne_msgs/share/velodyne_msgs/local_setup.bash
[0.401s] -- Up-to-date symlink: /home/jae/Lidar_ws/install/velodyne_msgs/share/velodyne_msgs/local_setup.sh
[0.401s] -- Up-to-date symlink: /home/jae/Lidar_ws/install/velodyne_msgs/share/velodyne_msgs/local_setup.zsh
[0.401s] -- Up-to-date symlink: /home/jae/Lidar_ws/install/velodyne_msgs/share/velodyne_msgs/local_setup.dsv
[0.401s] -- Symlinking: /home/jae/Lidar_ws/install/velodyne_msgs/share/velodyne_msgs/package.dsv
[0.411s] -- Up-to-date symlink: /home/jae/Lidar_ws/install/velodyne_msgs/share/ament_index/resource_index/packages/velodyne_msgs
[0.412s] -- Up-to-date symlink: /home/jae/Lidar_ws/install/velodyne_msgs/share/velodyne_msgs/cmake/rosidl_cmake-extras.cmake
[0.412s] -- Up-to-date symlink: /home/jae/Lidar_ws/install/velodyne_msgs/share/velodyne_msgs/cmake/ament_cmake_export_dependencies-extras.cmake
[0.412s] -- Up-to-date symlink: /home/jae/Lidar_ws/install/velodyne_msgs/share/velodyne_msgs/cmake/ament_cmake_export_include_directories-extras.cmake
[0.412s] -- Up-to-date symlink: /home/jae/Lidar_ws/install/velodyne_msgs/share/velodyne_msgs/cmake/ament_cmake_export_libraries-extras.cmake
[0.412s] -- Up-to-date symlink: /home/jae/Lidar_ws/install/velodyne_msgs/share/velodyne_msgs/cmake/ament_cmake_export_targets-extras.cmake
[0.413s] -- Up-to-date symlink: /home/jae/Lidar_ws/install/velodyne_msgs/share/velodyne_msgs/cmake/rosidl_cmake_export_typesupport_targets-extras.cmake
[0.413s] -- Up-to-date symlink: /home/jae/Lidar_ws/install/velodyne_msgs/share/velodyne_msgs/cmake/rosidl_cmake_export_typesupport_libraries-extras.cmake
[0.413s] -- Up-to-date symlink: /home/jae/Lidar_ws/install/velodyne_msgs/share/velodyne_msgs/cmake/velodyne_msgsConfig.cmake
[0.413s] -- Up-to-date symlink: /home/jae/Lidar_ws/install/velodyne_msgs/share/velodyne_msgs/cmake/velodyne_msgsConfig-version.cmake
[0.413s] -- Up-to-date symlink: /home/jae/Lidar_ws/install/velodyne_msgs/share/velodyne_msgs/package.xml
[0.414s] -- Up-to-date: /home/jae/Lidar_ws/install/velodyne_msgs/lib/libvelodyne_msgs__rosidl_generator_c.so
[0.414s] -- Up-to-date: /home/jae/Lidar_ws/install/velodyne_msgs/lib/libvelodyne_msgs__rosidl_typesupport_fastrtps_c.so
[0.414s] -- Up-to-date: /home/jae/Lidar_ws/install/velodyne_msgs/lib/libvelodyne_msgs__rosidl_typesupport_fastrtps_cpp.so
[0.415s] -- Up-to-date: /home/jae/Lidar_ws/install/velodyne_msgs/lib/libvelodyne_msgs__rosidl_typesupport_introspection_c.so
[0.415s] -- Up-to-date: /home/jae/Lidar_ws/install/velodyne_msgs/lib/libvelodyne_msgs__rosidl_typesupport_c.so
[0.415s] -- Up-to-date: /home/jae/Lidar_ws/install/velodyne_msgs/lib/libvelodyne_msgs__rosidl_typesupport_introspection_cpp.so
[0.416s] -- Up-to-date: /home/jae/Lidar_ws/install/velodyne_msgs/lib/libvelodyne_msgs__rosidl_typesupport_cpp.so
[0.442s] Listing '/home/jae/Lidar_ws/install/velodyne_msgs/local/lib/python3.10/dist-packages/velodyne_msgs'...
[0.442s] Listing '/home/jae/Lidar_ws/install/velodyne_msgs/local/lib/python3.10/dist-packages/velodyne_msgs/msg'...
[0.446s] -- Up-to-date: /home/jae/Lidar_ws/install/velodyne_msgs/lib/libvelodyne_msgs__rosidl_generator_py.so
[0.447s] -- Up-to-date: /home/jae/Lidar_ws/install/velodyne_msgs/share/velodyne_msgs/cmake/export_velodyne_msgs__rosidl_generator_cExport.cmake
[0.447s] -- Up-to-date: /home/jae/Lidar_ws/install/velodyne_msgs/share/velodyne_msgs/cmake/export_velodyne_msgs__rosidl_generator_cExport-noconfig.cmake
[0.447s] -- Up-to-date: /home/jae/Lidar_ws/install/velodyne_msgs/share/velodyne_msgs/cmake/export_velodyne_msgs__rosidl_typesupport_fastrtps_cExport.cmake
[0.447s] -- Up-to-date: /home/jae/Lidar_ws/install/velodyne_msgs/share/velodyne_msgs/cmake/export_velodyne_msgs__rosidl_typesupport_fastrtps_cExport-noconfig.cmake
[0.447s] -- Up-to-date: /home/jae/Lidar_ws/install/velodyne_msgs/share/velodyne_msgs/cmake/export_velodyne_msgs__rosidl_generator_cppExport.cmake
[0.447s] -- Up-to-date: /home/jae/Lidar_ws/install/velodyne_msgs/share/velodyne_msgs/cmake/export_velodyne_msgs__rosidl_typesupport_fastrtps_cppExport.cmake
[0.447s] -- Up-to-date: /home/jae/Lidar_ws/install/velodyne_msgs/share/velodyne_msgs/cmake/export_velodyne_msgs__rosidl_typesupport_fastrtps_cppExport-noconfig.cmake
[0.447s] -- Up-to-date: /home/jae/Lidar_ws/install/velodyne_msgs/share/velodyne_msgs/cmake/velodyne_msgs__rosidl_typesupport_introspection_cExport.cmake
[0.448s] -- Up-to-date: /home/jae/Lidar_ws/install/velodyne_msgs/share/velodyne_msgs/cmake/velodyne_msgs__rosidl_typesupport_introspection_cExport-noconfig.cmake
[0.448s] -- Up-to-date: /home/jae/Lidar_ws/install/velodyne_msgs/share/velodyne_msgs/cmake/velodyne_msgs__rosidl_typesupport_cExport.cmake
[0.448s] -- Up-to-date: /home/jae/Lidar_ws/install/velodyne_msgs/share/velodyne_msgs/cmake/velodyne_msgs__rosidl_typesupport_cExport-noconfig.cmake
[0.448s] -- Up-to-date: /home/jae/Lidar_ws/install/velodyne_msgs/share/velodyne_msgs/cmake/velodyne_msgs__rosidl_typesupport_introspection_cppExport.cmake
[0.448s] -- Up-to-date: /home/jae/Lidar_ws/install/velodyne_msgs/share/velodyne_msgs/cmake/velodyne_msgs__rosidl_typesupport_introspection_cppExport-noconfig.cmake
[0.448s] -- Up-to-date: /home/jae/Lidar_ws/install/velodyne_msgs/share/velodyne_msgs/cmake/velodyne_msgs__rosidl_typesupport_cppExport.cmake
[0.448s] -- Up-to-date: /home/jae/Lidar_ws/install/velodyne_msgs/share/velodyne_msgs/cmake/velodyne_msgs__rosidl_typesupport_cppExport-noconfig.cmake
[0.448s] -- Up-to-date: /home/jae/Lidar_ws/install/velodyne_msgs/share/velodyne_msgs/cmake/export_velodyne_msgs__rosidl_generator_pyExport.cmake
[0.448s] -- Up-to-date: /home/jae/Lidar_ws/install/velodyne_msgs/share/velodyne_msgs/cmake/export_velodyne_msgs__rosidl_generator_pyExport-noconfig.cmake
[0.451s] Invoked command in '/home/jae/Lidar_ws/build/velodyne_msgs' returned '0': CMAKE_PREFIX_PATH=${CMAKE_PREFIX_PATH}:/home/jae/Lidar_ws/install/lidar_processing:/home/jae/ros2_ws/install/lidar_perception:/opt/ros/humble PS1=(venv) %m%# VIRTUAL_ENV_PROMPT=(venv) /usr/bin/cmake --install /home/jae/Lidar_ws/build/velodyne_msgs
