[1.045s] Invoking command in '/home/jae/Lidar_ws/build/lidar_camera_calibration': PYTHONPATH=/home/jae/Lidar_ws/build/lidar_camera_calibration/prefix_override:/usr/lib/python3/dist-packages/colcon_core/task/python/colcon_distutils_commands:/home/jae/Lidar_ws/install/lidar_camera_calibration/lib/python3.10/site-packages:${PYTHONPATH} /usr/bin/python3 -W ignore:setup.py install is deprecated -W ignore:easy_install command is deprecated setup.py develop --uninstall --editable --build-directory /home/jae/Lidar_ws/build/lidar_camera_calibration/build
[1.466s] running develop
[1.794s] Removing /home/jae/Lidar_ws/install/lidar_camera_calibration/lib/python3.10/site-packages/lidar-camera-calibration.egg-link (link to .)
[1.832s] Invoked command in '/home/jae/Lidar_ws/build/lidar_camera_calibration' returned '0': PYTHONPATH=/home/jae/Lidar_ws/build/lidar_camera_calibration/prefix_override:/usr/lib/python3/dist-packages/colcon_core/task/python/colcon_distutils_commands:/home/jae/Lidar_ws/install/lidar_camera_calibration/lib/python3.10/site-packages:${PYTHONPATH} /usr/bin/python3 -W ignore:setup.py install is deprecated -W ignore:easy_install command is deprecated setup.py develop --uninstall --editable --build-directory /home/jae/Lidar_ws/build/lidar_camera_calibration/build
[1.833s] Invoking command in '/home/jae/Lidar_ws/src/lidar_camera_calibration': PYTHONPATH=/home/jae/Lidar_ws/build/lidar_camera_calibration/prefix_override:/usr/lib/python3/dist-packages/colcon_core/task/python/colcon_distutils_commands:/home/jae/Lidar_ws/install/lidar_camera_calibration/lib/python3.10/site-packages:${PYTHONPATH} /usr/bin/python3 -W ignore:setup.py install is deprecated -W ignore:easy_install command is deprecated setup.py egg_info --egg-base ../../build/lidar_camera_calibration build --build-base /home/jae/Lidar_ws/build/lidar_camera_calibration/build install --record /home/jae/Lidar_ws/build/lidar_camera_calibration/install.log --single-version-externally-managed install_data --force
[2.165s] running egg_info
[2.187s] writing ../../build/lidar_camera_calibration/lidar_camera_calibration.egg-info/PKG-INFO
[2.187s] writing dependency_links to ../../build/lidar_camera_calibration/lidar_camera_calibration.egg-info/dependency_links.txt
[2.187s] writing entry points to ../../build/lidar_camera_calibration/lidar_camera_calibration.egg-info/entry_points.txt
[2.188s] writing requirements to ../../build/lidar_camera_calibration/lidar_camera_calibration.egg-info/requires.txt
[2.188s] writing top-level names to ../../build/lidar_camera_calibration/lidar_camera_calibration.egg-info/top_level.txt
[2.235s] reading manifest file '../../build/lidar_camera_calibration/lidar_camera_calibration.egg-info/SOURCES.txt'
[2.236s] writing manifest file '../../build/lidar_camera_calibration/lidar_camera_calibration.egg-info/SOURCES.txt'
[2.236s] running build
[2.237s] running build_py
[2.237s] copying lidar_camera_calibration/__init__.py -> /home/jae/Lidar_ws/build/lidar_camera_calibration/build/lib/lidar_camera_calibration
[2.237s] copying lidar_camera_calibration/calibration_node.py -> /home/jae/Lidar_ws/build/lidar_camera_calibration/build/lib/lidar_camera_calibration
[2.237s] copying lidar_camera_calibration/calibration_algorithm.py -> /home/jae/Lidar_ws/build/lidar_camera_calibration/build/lib/lidar_camera_calibration
[2.238s] running install
[2.243s] running install_lib
[2.266s] creating /home/jae/Lidar_ws/install/lidar_camera_calibration/lib/python3.10/site-packages/lidar_camera_calibration
[2.266s] copying /home/jae/Lidar_ws/build/lidar_camera_calibration/build/lib/lidar_camera_calibration/__init__.py -> /home/jae/Lidar_ws/install/lidar_camera_calibration/lib/python3.10/site-packages/lidar_camera_calibration
[2.266s] copying /home/jae/Lidar_ws/build/lidar_camera_calibration/build/lib/lidar_camera_calibration/calibration_node.py -> /home/jae/Lidar_ws/install/lidar_camera_calibration/lib/python3.10/site-packages/lidar_camera_calibration
[2.266s] copying /home/jae/Lidar_ws/build/lidar_camera_calibration/build/lib/lidar_camera_calibration/calibration_algorithm.py -> /home/jae/Lidar_ws/install/lidar_camera_calibration/lib/python3.10/site-packages/lidar_camera_calibration
[2.267s] byte-compiling /home/jae/Lidar_ws/install/lidar_camera_calibration/lib/python3.10/site-packages/lidar_camera_calibration/__init__.py to __init__.cpython-310.pyc
[2.267s] byte-compiling /home/jae/Lidar_ws/install/lidar_camera_calibration/lib/python3.10/site-packages/lidar_camera_calibration/calibration_node.py to calibration_node.cpython-310.pyc
[2.269s] byte-compiling /home/jae/Lidar_ws/install/lidar_camera_calibration/lib/python3.10/site-packages/lidar_camera_calibration/calibration_algorithm.py to calibration_algorithm.cpython-310.pyc
[2.269s] running install_data
[2.269s] copying resource/lidar_camera_calibration -> /home/jae/Lidar_ws/install/lidar_camera_calibration/share/ament_index/resource_index/packages
[2.269s] copying package.xml -> /home/jae/Lidar_ws/install/lidar_camera_calibration/share/lidar_camera_calibration
[2.270s] running install_egg_info
[2.294s] Copying ../../build/lidar_camera_calibration/lidar_camera_calibration.egg-info to /home/jae/Lidar_ws/install/lidar_camera_calibration/lib/python3.10/site-packages/lidar_camera_calibration-0.0.0-py3.10.egg-info
[2.295s] running install_scripts
[2.475s] Installing calibration_node script to /home/jae/Lidar_ws/install/lidar_camera_calibration/lib/lidar_camera_calibration
[2.475s] writing list of installed files to '/home/jae/Lidar_ws/build/lidar_camera_calibration/install.log'
[2.501s] Invoked command in '/home/jae/Lidar_ws/src/lidar_camera_calibration' returned '0': PYTHONPATH=/home/jae/Lidar_ws/build/lidar_camera_calibration/prefix_override:/usr/lib/python3/dist-packages/colcon_core/task/python/colcon_distutils_commands:/home/jae/Lidar_ws/install/lidar_camera_calibration/lib/python3.10/site-packages:${PYTHONPATH} /usr/bin/python3 -W ignore:setup.py install is deprecated -W ignore:easy_install command is deprecated setup.py egg_info --egg-base ../../build/lidar_camera_calibration build --build-base /home/jae/Lidar_ws/build/lidar_camera_calibration/build install --record /home/jae/Lidar_ws/build/lidar_camera_calibration/install.log --single-version-externally-managed install_data --force
