[0.013s] Invoking command in '/home/jae/Lidar_ws/build/velodyne_laserscan': CMAKE_PREFIX_PATH=${CMAKE_PREFIX_PATH}:/home/jae/Lidar_ws/install/lidar_processing:/home/jae/ros2_ws/install/lidar_perception:/opt/ros/humble /usr/bin/cmake --build /home/jae/Lidar_ws/build/velodyne_laserscan -- -j12 -l12
[0.049s] [35m[1mConsolidate compiler generated dependencies of target velodyne_laserscan[0m
[0.071s] [ 50%] Built target velodyne_laserscan
[0.086s] [35m[1mConsolidate compiler generated dependencies of target velodyne_laserscan_node[0m
[0.111s] [100%] Built target velodyne_laserscan_node
[0.227s] Invoked command in '/home/jae/Lidar_ws/build/velodyne_laserscan' returned '0': CMAKE_PREFIX_PATH=${CMAKE_PREFIX_PATH}:/home/jae/Lidar_ws/install/lidar_processing:/home/jae/ros2_ws/install/lidar_perception:/opt/ros/humble /usr/bin/cmake --build /home/jae/Lidar_ws/build/velodyne_laserscan -- -j12 -l12
[0.239s] Invoking command in '/home/jae/Lidar_ws/build/velodyne_laserscan': CMAKE_PREFIX_PATH=${CMAKE_PREFIX_PATH}:/home/jae/Lidar_ws/install/lidar_processing:/home/jae/ros2_ws/install/lidar_perception:/opt/ros/humble /usr/bin/cmake --install /home/jae/Lidar_ws/build/velodyne_laserscan
[0.245s] -- Install configuration: ""
[0.245s] -- Execute custom install script
[0.246s] -- Up-to-date symlink: /home/jae/Lidar_ws/install/velodyne_laserscan/lib/velodyne_laserscan/velodyne_laserscan_node
[0.246s] -- Up-to-date symlink: /home/jae/Lidar_ws/install/velodyne_laserscan/include/velodyne_laserscan/velodyne_laserscan.hpp
[0.246s] -- Up-to-date symlink: /home/jae/Lidar_ws/install/velodyne_laserscan/share/velodyne_laserscan/config/default-velodyne_laserscan_node-params.yaml
[0.246s] -- Up-to-date symlink: /home/jae/Lidar_ws/install/velodyne_laserscan/share/velodyne_laserscan/launch/velodyne_laserscan_node-composed-launch.py
[0.246s] -- Up-to-date symlink: /home/jae/Lidar_ws/install/velodyne_laserscan/share/velodyne_laserscan/launch/velodyne_laserscan_node-launch.py
[0.247s] -- Up-to-date symlink: /home/jae/Lidar_ws/install/velodyne_laserscan/share/ament_index/resource_index/package_run_dependencies/velodyne_laserscan
[0.247s] -- Up-to-date symlink: /home/jae/Lidar_ws/install/velodyne_laserscan/share/ament_index/resource_index/parent_prefix_path/velodyne_laserscan
[0.247s] -- Up-to-date symlink: /home/jae/Lidar_ws/install/velodyne_laserscan/share/velodyne_laserscan/environment/ament_prefix_path.sh
[0.247s] -- Up-to-date symlink: /home/jae/Lidar_ws/install/velodyne_laserscan/share/velodyne_laserscan/environment/ament_prefix_path.dsv
[0.247s] -- Up-to-date symlink: /home/jae/Lidar_ws/install/velodyne_laserscan/share/velodyne_laserscan/environment/path.sh
[0.247s] -- Up-to-date symlink: /home/jae/Lidar_ws/install/velodyne_laserscan/share/velodyne_laserscan/environment/path.dsv
[0.247s] -- Up-to-date symlink: /home/jae/Lidar_ws/install/velodyne_laserscan/share/velodyne_laserscan/local_setup.bash
[0.247s] -- Up-to-date symlink: /home/jae/Lidar_ws/install/velodyne_laserscan/share/velodyne_laserscan/local_setup.sh
[0.248s] -- Up-to-date symlink: /home/jae/Lidar_ws/install/velodyne_laserscan/share/velodyne_laserscan/local_setup.zsh
[0.248s] -- Up-to-date symlink: /home/jae/Lidar_ws/install/velodyne_laserscan/share/velodyne_laserscan/local_setup.dsv
[0.248s] -- Symlinking: /home/jae/Lidar_ws/install/velodyne_laserscan/share/velodyne_laserscan/package.dsv
[0.257s] -- Up-to-date symlink: /home/jae/Lidar_ws/install/velodyne_laserscan/share/ament_index/resource_index/packages/velodyne_laserscan
[0.258s] -- Up-to-date symlink: /home/jae/Lidar_ws/install/velodyne_laserscan/share/ament_index/resource_index/rclcpp_components/velodyne_laserscan
[0.258s] -- Up-to-date symlink: /home/jae/Lidar_ws/install/velodyne_laserscan/share/velodyne_laserscan/cmake/ament_cmake_export_include_directories-extras.cmake
[0.258s] -- Up-to-date symlink: /home/jae/Lidar_ws/install/velodyne_laserscan/share/velodyne_laserscan/cmake/ament_cmake_export_targets-extras.cmake
[0.258s] -- Up-to-date symlink: /home/jae/Lidar_ws/install/velodyne_laserscan/share/velodyne_laserscan/cmake/ament_cmake_export_dependencies-extras.cmake
[0.258s] -- Up-to-date symlink: /home/jae/Lidar_ws/install/velodyne_laserscan/share/velodyne_laserscan/cmake/velodyne_laserscanConfig.cmake
[0.258s] -- Up-to-date symlink: /home/jae/Lidar_ws/install/velodyne_laserscan/share/velodyne_laserscan/cmake/velodyne_laserscanConfig-version.cmake
[0.258s] -- Up-to-date symlink: /home/jae/Lidar_ws/install/velodyne_laserscan/share/velodyne_laserscan/package.xml
[0.258s] -- Up-to-date: /home/jae/Lidar_ws/install/velodyne_laserscan/lib/libvelodyne_laserscan.so
[0.259s] -- Up-to-date: /home/jae/Lidar_ws/install/velodyne_laserscan/share/velodyne_laserscan/cmake/velodyne_laserscanExport.cmake
[0.259s] -- Up-to-date: /home/jae/Lidar_ws/install/velodyne_laserscan/share/velodyne_laserscan/cmake/velodyne_laserscanExport-noconfig.cmake
[0.261s] Invoked command in '/home/jae/Lidar_ws/build/velodyne_laserscan' returned '0': CMAKE_PREFIX_PATH=${CMAKE_PREFIX_PATH}:/home/jae/Lidar_ws/install/lidar_processing:/home/jae/ros2_ws/install/lidar_perception:/opt/ros/humble /usr/bin/cmake --install /home/jae/Lidar_ws/build/velodyne_laserscan
