[0.012s] Invoking command in '/home/jae/Lidar_ws/build/velodyne': CMAKE_PREFIX_PATH=/home/jae/Lidar_ws/install/velodyne_pointcloud:/home/jae/Lidar_ws/install/velodyne_driver:/home/jae/Lidar_ws/install/velodyne_msgs:/home/jae/Lidar_ws/install/velodyne_laserscan:/home/jae/Lidar_ws/install/velodyne:/home/jae/Lidar_ws/install/lidar_processing:/home/jae/ros2_ws/install/lidar_perception:/opt/ros/humble /usr/bin/cmake /home/jae/Lidar_ws/src/velodyne/velodyne -DAMENT_CMAKE_SYMLINK_INSTALL=1 -DCMAKE_INSTALL_PREFIX=/home/jae/Lidar_ws/install/velodyne
[0.057s] -- The C compiler identification is GNU 11.4.0
[0.102s] -- The CXX compiler identification is GNU 11.4.0
[0.108s] -- Detecting C compiler ABI info
[0.167s] -- Detecting C compiler ABI info - done
[0.172s] -- Check for working C compiler: /usr/bin/cc - skipped
[0.172s] -- Detecting C compile features
[0.173s] -- Detecting C compile features - done
[0.175s] -- Detecting CXX compiler ABI info
[0.243s] -- Detecting CXX compiler ABI info - done
[0.248s] -- Check for working CXX compiler: /usr/bin/c++ - skipped
[0.249s] -- Detecting CXX compile features
[0.249s] -- Detecting CXX compile features - done
[0.251s] -- Found ament_cmake: 1.3.11 (/opt/ros/humble/share/ament_cmake/cmake)
[0.534s] -- Found Python3: /usr/bin/python3 (found version "3.10.12") found components: Interpreter 
[0.584s] -- Override CMake install command with custom implementation using symlinks instead of copying resources
[0.657s] -- Configuring done
[0.659s] -- Generating done
[0.660s] -- Build files have been written to: /home/jae/Lidar_ws/build/velodyne
[0.665s] Invoked command in '/home/jae/Lidar_ws/build/velodyne' returned '0': CMAKE_PREFIX_PATH=/home/jae/Lidar_ws/install/velodyne_pointcloud:/home/jae/Lidar_ws/install/velodyne_driver:/home/jae/Lidar_ws/install/velodyne_msgs:/home/jae/Lidar_ws/install/velodyne_laserscan:/home/jae/Lidar_ws/install/velodyne:/home/jae/Lidar_ws/install/lidar_processing:/home/jae/ros2_ws/install/lidar_perception:/opt/ros/humble /usr/bin/cmake /home/jae/Lidar_ws/src/velodyne/velodyne -DAMENT_CMAKE_SYMLINK_INSTALL=1 -DCMAKE_INSTALL_PREFIX=/home/jae/Lidar_ws/install/velodyne
[0.666s] Invoking command in '/home/jae/Lidar_ws/build/velodyne': CMAKE_PREFIX_PATH=/home/jae/Lidar_ws/install/velodyne_pointcloud:/home/jae/Lidar_ws/install/velodyne_driver:/home/jae/Lidar_ws/install/velodyne_msgs:/home/jae/Lidar_ws/install/velodyne_laserscan:/home/jae/Lidar_ws/install/velodyne:/home/jae/Lidar_ws/install/lidar_processing:/home/jae/ros2_ws/install/lidar_perception:/opt/ros/humble /usr/bin/cmake --build /home/jae/Lidar_ws/build/velodyne -- -j12 -l12
[0.699s] Invoked command in '/home/jae/Lidar_ws/build/velodyne' returned '0': CMAKE_PREFIX_PATH=/home/jae/Lidar_ws/install/velodyne_pointcloud:/home/jae/Lidar_ws/install/velodyne_driver:/home/jae/Lidar_ws/install/velodyne_msgs:/home/jae/Lidar_ws/install/velodyne_laserscan:/home/jae/Lidar_ws/install/velodyne:/home/jae/Lidar_ws/install/lidar_processing:/home/jae/ros2_ws/install/lidar_perception:/opt/ros/humble /usr/bin/cmake --build /home/jae/Lidar_ws/build/velodyne -- -j12 -l12
[0.700s] Invoking command in '/home/jae/Lidar_ws/build/velodyne': CMAKE_PREFIX_PATH=/home/jae/Lidar_ws/install/velodyne_pointcloud:/home/jae/Lidar_ws/install/velodyne_driver:/home/jae/Lidar_ws/install/velodyne_msgs:/home/jae/Lidar_ws/install/velodyne_laserscan:/home/jae/Lidar_ws/install/velodyne:/home/jae/Lidar_ws/install/lidar_processing:/home/jae/ros2_ws/install/lidar_perception:/opt/ros/humble /usr/bin/cmake --install /home/jae/Lidar_ws/build/velodyne
[0.707s] -- Install configuration: ""
[0.707s] -- Execute custom install script
[0.707s] -- Symlinking: /home/jae/Lidar_ws/install/velodyne/share/velodyne/launch/velodyne-all-nodes-VLP16-composed-launch.py
[0.715s] -- Symlinking: /home/jae/Lidar_ws/install/velodyne/share/velodyne/launch/velodyne-all-nodes-VLP16-launch.py
[0.722s] -- Symlinking: /home/jae/Lidar_ws/install/velodyne/share/velodyne/launch/velodyne-all-nodes-VLP32C-composed-launch.py
[0.729s] -- Symlinking: /home/jae/Lidar_ws/install/velodyne/share/velodyne/launch/velodyne-all-nodes-VLP32C-launch.py
[0.737s] -- Symlinking: /home/jae/Lidar_ws/install/velodyne/share/velodyne/launch/velodyne-all-nodes-VLS128-composed-launch.py
[0.745s] -- Symlinking: /home/jae/Lidar_ws/install/velodyne/share/velodyne/launch/velodyne-all-nodes-VLS128-launch.py
[0.752s] -- Symlinking: /home/jae/Lidar_ws/install/velodyne/share/ament_index/resource_index/package_run_dependencies/velodyne
[0.760s] -- Symlinking: /home/jae/Lidar_ws/install/velodyne/share/ament_index/resource_index/parent_prefix_path/velodyne
[0.768s] -- Symlinking: /home/jae/Lidar_ws/install/velodyne/share/velodyne/environment/ament_prefix_path.sh
[0.775s] -- Symlinking: /home/jae/Lidar_ws/install/velodyne/share/velodyne/environment/ament_prefix_path.dsv
[0.783s] -- Symlinking: /home/jae/Lidar_ws/install/velodyne/share/velodyne/environment/path.sh
[0.791s] -- Symlinking: /home/jae/Lidar_ws/install/velodyne/share/velodyne/environment/path.dsv
[0.799s] -- Symlinking: /home/jae/Lidar_ws/install/velodyne/share/velodyne/local_setup.bash
[0.806s] -- Symlinking: /home/jae/Lidar_ws/install/velodyne/share/velodyne/local_setup.sh
[0.814s] -- Symlinking: /home/jae/Lidar_ws/install/velodyne/share/velodyne/local_setup.zsh
[0.822s] -- Symlinking: /home/jae/Lidar_ws/install/velodyne/share/velodyne/local_setup.dsv
[0.829s] -- Symlinking: /home/jae/Lidar_ws/install/velodyne/share/velodyne/package.dsv
[0.836s] -- Symlinking: /home/jae/Lidar_ws/install/velodyne/share/ament_index/resource_index/packages/velodyne
[0.844s] -- Symlinking: /home/jae/Lidar_ws/install/velodyne/share/velodyne/cmake/velodyneConfig.cmake
[0.851s] -- Symlinking: /home/jae/Lidar_ws/install/velodyne/share/velodyne/cmake/velodyneConfig-version.cmake
[0.859s] -- Symlinking: /home/jae/Lidar_ws/install/velodyne/share/velodyne/package.xml
[0.868s] Invoked command in '/home/jae/Lidar_ws/build/velodyne' returned '0': CMAKE_PREFIX_PATH=/home/jae/Lidar_ws/install/velodyne_pointcloud:/home/jae/Lidar_ws/install/velodyne_driver:/home/jae/Lidar_ws/install/velodyne_msgs:/home/jae/Lidar_ws/install/velodyne_laserscan:/home/jae/Lidar_ws/install/velodyne:/home/jae/Lidar_ws/install/lidar_processing:/home/jae/ros2_ws/install/lidar_perception:/opt/ros/humble /usr/bin/cmake --install /home/jae/Lidar_ws/build/velodyne
