[0.012s] Invoking command in '/home/jae/Lidar_ws/build/velodyne_laserscan': CMAKE_PREFIX_PATH=${CMAKE_PREFIX_PATH}:/home/jae/Lidar_ws/install/lidar_processing:/home/jae/ros2_ws/install/lidar_perception:/opt/ros/humble /usr/bin/cmake /home/jae/Lidar_ws/src/velodyne/velodyne_laserscan -DAMENT_CMAKE_SYMLINK_INSTALL=1 -DCMAKE_INSTALL_PREFIX=/home/jae/Lidar_ws/install/velodyne_laserscan
[0.055s] -- The C compiler identification is GNU 11.4.0
[0.103s] -- The CXX compiler identification is GNU 11.4.0
[0.110s] -- Detecting C compiler ABI info
[0.170s] -- Detecting C compiler ABI info - done
[0.177s] -- Check for working C compiler: /usr/bin/cc - skipped
[0.177s] -- Detecting C compile features
[0.177s] -- Detecting C compile features - done
[0.180s] -- Detecting CXX compiler ABI info
[0.250s] -- Detecting CXX compiler ABI info - done
[0.257s] -- Check for working CXX compiler: /usr/bin/c++ - skipped
[0.257s] -- Detecting CXX compile features
[0.257s] -- Detecting CXX compile features - done
[0.259s] -- Found ament_cmake_ros: 0.10.0 (/opt/ros/humble/share/ament_cmake_ros/cmake)
[0.594s] -- Found Python3: /usr/bin/python3 (found version "3.10.12") found components: Interpreter 
[0.657s] -- Override CMake install command with custom implementation using symlinks instead of copying resources
[0.679s] -- Found rclcpp: 16.0.11 (/opt/ros/humble/share/rclcpp/cmake)
[0.713s] -- Found rosidl_generator_c: 3.1.6 (/opt/ros/humble/share/rosidl_generator_c/cmake)
[0.717s] -- Found rosidl_adapter: 3.1.6 (/opt/ros/humble/share/rosidl_adapter/cmake)
[0.724s] -- Found rosidl_generator_cpp: 3.1.6 (/opt/ros/humble/share/rosidl_generator_cpp/cmake)
[0.734s] -- Using all available rosidl_typesupport_c: rosidl_typesupport_fastrtps_c;rosidl_typesupport_introspection_c
[0.747s] -- Using all available rosidl_typesupport_cpp: rosidl_typesupport_fastrtps_cpp;rosidl_typesupport_introspection_cpp
[0.779s] -- Found rmw_implementation_cmake: 6.1.2 (/opt/ros/humble/share/rmw_implementation_cmake/cmake)
[0.781s] -- Found rmw_fastrtps_cpp: 6.2.7 (/opt/ros/humble/share/rmw_fastrtps_cpp/cmake)
[0.860s] -- Found OpenSSL: /usr/lib/x86_64-linux-gnu/libcrypto.so (found version "3.0.2")  
[0.884s] -- Found FastRTPS: /opt/ros/humble/include  
[0.921s] -- Using RMW implementation 'rmw_fastrtps_cpp' as default
[0.928s] -- Looking for pthread.h
[0.995s] -- Looking for pthread.h - found
[0.995s] -- Performing Test CMAKE_HAVE_LIBC_PTHREAD
[1.067s] -- Performing Test CMAKE_HAVE_LIBC_PTHREAD - Success
[1.068s] -- Found Threads: TRUE  
[1.110s] -- Found rclcpp_components: 16.0.11 (/opt/ros/humble/share/rclcpp_components/cmake)
[1.132s] -- Found sensor_msgs: 4.2.4 (/opt/ros/humble/share/sensor_msgs/cmake)
[1.158s] -- Found ament_lint_auto: 0.12.11 (/opt/ros/humble/share/ament_lint_auto/cmake)
[1.232s] -- Added test 'copyright' to check source files copyright and LICENSE
[1.234s] -- Added test 'cppcheck' to perform static code analysis on C / C++ code
[1.234s] -- Configured cppcheck include dirs: $<BUILD_INTERFACE:/home/jae/Lidar_ws/src/velodyne/velodyne_laserscan/include>
[1.234s] -- Configured cppcheck exclude dirs and/or files: 
[1.236s] -- Added test 'cpplint' to check C / C++ code against the Google style
[1.236s] -- Configured cpplint exclude dirs and/or files: 
[1.236s] -- Added test 'flake8' to check Python code syntax and style conventions
[1.237s] -- Added test 'lint_cmake' to check CMake code style
[1.238s] -- Added test 'pep257' to check Python code against some of the docstring style conventions in PEP 257
[1.239s] -- Added test 'uncrustify' to check C / C++ code style
[1.239s] -- Configured uncrustify additional arguments: 
[1.240s] -- Added test 'xmllint' to check XML markup files
[1.243s] -- Configuring done
[1.256s] -- Generating done
[1.261s] -- Build files have been written to: /home/jae/Lidar_ws/build/velodyne_laserscan
[1.271s] Invoked command in '/home/jae/Lidar_ws/build/velodyne_laserscan' returned '0': CMAKE_PREFIX_PATH=${CMAKE_PREFIX_PATH}:/home/jae/Lidar_ws/install/lidar_processing:/home/jae/ros2_ws/install/lidar_perception:/opt/ros/humble /usr/bin/cmake /home/jae/Lidar_ws/src/velodyne/velodyne_laserscan -DAMENT_CMAKE_SYMLINK_INSTALL=1 -DCMAKE_INSTALL_PREFIX=/home/jae/Lidar_ws/install/velodyne_laserscan
[1.274s] Invoking command in '/home/jae/Lidar_ws/build/velodyne_laserscan': CMAKE_PREFIX_PATH=${CMAKE_PREFIX_PATH}:/home/jae/Lidar_ws/install/lidar_processing:/home/jae/ros2_ws/install/lidar_perception:/opt/ros/humble /usr/bin/cmake --build /home/jae/Lidar_ws/build/velodyne_laserscan -- -j12 -l12
[1.328s] [ 25%] [32mBuilding CXX object CMakeFiles/velodyne_laserscan.dir/src/velodyne_laserscan.cpp.o[0m
[10.658s] [ 50%] [32m[1mLinking CXX shared library libvelodyne_laserscan.so[0m
[11.088s] [ 50%] Built target velodyne_laserscan
[11.112s] [ 75%] [32mBuilding CXX object CMakeFiles/velodyne_laserscan_node.dir/src/node.cpp.o[0m
[14.155s] [100%] [32m[1mLinking CXX executable velodyne_laserscan_node[0m
[14.342s] [100%] Built target velodyne_laserscan_node
[14.354s] Invoked command in '/home/jae/Lidar_ws/build/velodyne_laserscan' returned '0': CMAKE_PREFIX_PATH=${CMAKE_PREFIX_PATH}:/home/jae/Lidar_ws/install/lidar_processing:/home/jae/ros2_ws/install/lidar_perception:/opt/ros/humble /usr/bin/cmake --build /home/jae/Lidar_ws/build/velodyne_laserscan -- -j12 -l12
[14.357s] Invoking command in '/home/jae/Lidar_ws/build/velodyne_laserscan': CMAKE_PREFIX_PATH=${CMAKE_PREFIX_PATH}:/home/jae/Lidar_ws/install/lidar_processing:/home/jae/ros2_ws/install/lidar_perception:/opt/ros/humble /usr/bin/cmake --install /home/jae/Lidar_ws/build/velodyne_laserscan
[14.365s] -- Install configuration: ""
[14.365s] -- Execute custom install script
[14.365s] -- Symlinking: /home/jae/Lidar_ws/install/velodyne_laserscan/lib/velodyne_laserscan/velodyne_laserscan_node
[14.377s] -- Symlinking: /home/jae/Lidar_ws/install/velodyne_laserscan/include/velodyne_laserscan/velodyne_laserscan.hpp
[14.388s] -- Symlinking: /home/jae/Lidar_ws/install/velodyne_laserscan/share/velodyne_laserscan/config/default-velodyne_laserscan_node-params.yaml
[14.398s] -- Symlinking: /home/jae/Lidar_ws/install/velodyne_laserscan/share/velodyne_laserscan/launch/velodyne_laserscan_node-composed-launch.py
[14.408s] -- Symlinking: /home/jae/Lidar_ws/install/velodyne_laserscan/share/velodyne_laserscan/launch/velodyne_laserscan_node-launch.py
[14.419s] -- Symlinking: /home/jae/Lidar_ws/install/velodyne_laserscan/share/ament_index/resource_index/package_run_dependencies/velodyne_laserscan
[14.431s] -- Symlinking: /home/jae/Lidar_ws/install/velodyne_laserscan/share/ament_index/resource_index/parent_prefix_path/velodyne_laserscan
[14.441s] -- Symlinking: /home/jae/Lidar_ws/install/velodyne_laserscan/share/velodyne_laserscan/environment/ament_prefix_path.sh
[14.451s] -- Symlinking: /home/jae/Lidar_ws/install/velodyne_laserscan/share/velodyne_laserscan/environment/ament_prefix_path.dsv
[14.462s] -- Symlinking: /home/jae/Lidar_ws/install/velodyne_laserscan/share/velodyne_laserscan/environment/path.sh
[14.473s] -- Symlinking: /home/jae/Lidar_ws/install/velodyne_laserscan/share/velodyne_laserscan/environment/path.dsv
[14.484s] -- Symlinking: /home/jae/Lidar_ws/install/velodyne_laserscan/share/velodyne_laserscan/local_setup.bash
[14.494s] -- Symlinking: /home/jae/Lidar_ws/install/velodyne_laserscan/share/velodyne_laserscan/local_setup.sh
[14.503s] -- Symlinking: /home/jae/Lidar_ws/install/velodyne_laserscan/share/velodyne_laserscan/local_setup.zsh
[14.514s] -- Symlinking: /home/jae/Lidar_ws/install/velodyne_laserscan/share/velodyne_laserscan/local_setup.dsv
[14.524s] -- Symlinking: /home/jae/Lidar_ws/install/velodyne_laserscan/share/velodyne_laserscan/package.dsv
[14.534s] -- Symlinking: /home/jae/Lidar_ws/install/velodyne_laserscan/share/ament_index/resource_index/packages/velodyne_laserscan
[14.545s] -- Symlinking: /home/jae/Lidar_ws/install/velodyne_laserscan/share/ament_index/resource_index/rclcpp_components/velodyne_laserscan
[14.555s] -- Symlinking: /home/jae/Lidar_ws/install/velodyne_laserscan/share/velodyne_laserscan/cmake/ament_cmake_export_include_directories-extras.cmake
[14.564s] -- Symlinking: /home/jae/Lidar_ws/install/velodyne_laserscan/share/velodyne_laserscan/cmake/ament_cmake_export_targets-extras.cmake
[14.574s] -- Symlinking: /home/jae/Lidar_ws/install/velodyne_laserscan/share/velodyne_laserscan/cmake/ament_cmake_export_dependencies-extras.cmake
[14.584s] -- Symlinking: /home/jae/Lidar_ws/install/velodyne_laserscan/share/velodyne_laserscan/cmake/velodyne_laserscanConfig.cmake
[14.595s] -- Symlinking: /home/jae/Lidar_ws/install/velodyne_laserscan/share/velodyne_laserscan/cmake/velodyne_laserscanConfig-version.cmake
[14.605s] -- Symlinking: /home/jae/Lidar_ws/install/velodyne_laserscan/share/velodyne_laserscan/package.xml
[14.616s] -- Installing: /home/jae/Lidar_ws/install/velodyne_laserscan/lib/libvelodyne_laserscan.so
[14.624s] -- Set runtime path of "/home/jae/Lidar_ws/install/velodyne_laserscan/lib/libvelodyne_laserscan.so" to ""
[14.624s] -- Installing: /home/jae/Lidar_ws/install/velodyne_laserscan/share/velodyne_laserscan/cmake/velodyne_laserscanExport.cmake
[14.624s] -- Installing: /home/jae/Lidar_ws/install/velodyne_laserscan/share/velodyne_laserscan/cmake/velodyne_laserscanExport-noconfig.cmake
[14.627s] Invoked command in '/home/jae/Lidar_ws/build/velodyne_laserscan' returned '0': CMAKE_PREFIX_PATH=${CMAKE_PREFIX_PATH}:/home/jae/Lidar_ws/install/lidar_processing:/home/jae/ros2_ws/install/lidar_perception:/opt/ros/humble /usr/bin/cmake --install /home/jae/Lidar_ws/build/velodyne_laserscan
