[0.011s] Invoking command in '/home/jae/Lidar_ws/build/velodyne_pointcloud': CMAKE_PREFIX_PATH=/home/jae/Lidar_ws/install/velodyne_msgs:/home/jae/Lidar_ws/install/velodyne:/home/jae/Lidar_ws/install/velodyne_pointcloud:/home/jae/Lidar_ws/install/velodyne_driver:/home/jae/Lidar_ws/install/velodyne_laserscan:/home/jae/Lidar_ws/install/lidar_processing:/home/jae/ros2_ws/install/lidar_perception:/opt/ros/humble LD_LIBRARY_PATH=/home/jae/Lidar_ws/install/velodyne_msgs/lib:/home/jae/Lidar_ws/install/velodyne_pointcloud/lib:/home/jae/Lidar_ws/install/velodyne_driver/lib:/home/jae/Lidar_ws/install/velodyne_laserscan/lib:/opt/ros/humble/opt/rviz_ogre_vendor/lib:/opt/ros/humble/lib/x86_64-linux-gnu:/opt/ros/humble/lib PS1=(venv) %m%# VIRTUAL_ENV_PROMPT=(venv) /usr/bin/cmake --build /home/jae/Lidar_ws/build/velodyne_pointcloud -- -j12 -l12
[0.089s] [ 11%] Built target gtest
[0.101s] [ 27%] Built target velodyne_rawdata
[0.101s] [ 38%] Built target gtest_main
[0.105s] [ 55%] Built target velodyne_cloud_types
[0.128s] [ 66%] Built target test_calibration
[0.135s] [ 77%] Built target test_row_step
[0.141s] [ 88%] Built target transform
[0.172s] [100%] Built target velodyne_transform_node
[0.188s] Invoked command in '/home/jae/Lidar_ws/build/velodyne_pointcloud' returned '0': CMAKE_PREFIX_PATH=/home/jae/Lidar_ws/install/velodyne_msgs:/home/jae/Lidar_ws/install/velodyne:/home/jae/Lidar_ws/install/velodyne_pointcloud:/home/jae/Lidar_ws/install/velodyne_driver:/home/jae/Lidar_ws/install/velodyne_laserscan:/home/jae/Lidar_ws/install/lidar_processing:/home/jae/ros2_ws/install/lidar_perception:/opt/ros/humble LD_LIBRARY_PATH=/home/jae/Lidar_ws/install/velodyne_msgs/lib:/home/jae/Lidar_ws/install/velodyne_pointcloud/lib:/home/jae/Lidar_ws/install/velodyne_driver/lib:/home/jae/Lidar_ws/install/velodyne_laserscan/lib:/opt/ros/humble/opt/rviz_ogre_vendor/lib:/opt/ros/humble/lib/x86_64-linux-gnu:/opt/ros/humble/lib PS1=(venv) %m%# VIRTUAL_ENV_PROMPT=(venv) /usr/bin/cmake --build /home/jae/Lidar_ws/build/velodyne_pointcloud -- -j12 -l12
[0.189s] Invoking command in '/home/jae/Lidar_ws/build/velodyne_pointcloud': CMAKE_PREFIX_PATH=/home/jae/Lidar_ws/install/velodyne_msgs:/home/jae/Lidar_ws/install/velodyne:/home/jae/Lidar_ws/install/velodyne_pointcloud:/home/jae/Lidar_ws/install/velodyne_driver:/home/jae/Lidar_ws/install/velodyne_laserscan:/home/jae/Lidar_ws/install/lidar_processing:/home/jae/ros2_ws/install/lidar_perception:/opt/ros/humble LD_LIBRARY_PATH=/home/jae/Lidar_ws/install/velodyne_msgs/lib:/home/jae/Lidar_ws/install/velodyne_pointcloud/lib:/home/jae/Lidar_ws/install/velodyne_driver/lib:/home/jae/Lidar_ws/install/velodyne_laserscan/lib:/opt/ros/humble/opt/rviz_ogre_vendor/lib:/opt/ros/humble/lib/x86_64-linux-gnu:/opt/ros/humble/lib PS1=(venv) %m%# VIRTUAL_ENV_PROMPT=(venv) /usr/bin/cmake --install /home/jae/Lidar_ws/build/velodyne_pointcloud
[0.196s] -- Install configuration: ""
[0.196s] -- Execute custom install script
[0.196s] -- Up-to-date symlink: /home/jae/Lidar_ws/install/velodyne_pointcloud/lib/velodyne_pointcloud/velodyne_transform_node
[0.197s] -- Up-to-date symlink: /home/jae/Lidar_ws/install/velodyne_pointcloud/include/velodyne_pointcloud/calibration.hpp
[0.197s] -- Up-to-date symlink: /home/jae/Lidar_ws/install/velodyne_pointcloud/include/velodyne_pointcloud/datacontainerbase.hpp
[0.197s] -- Up-to-date symlink: /home/jae/Lidar_ws/install/velodyne_pointcloud/include/velodyne_pointcloud/organized_cloudXYZIRT.hpp
[0.197s] -- Up-to-date symlink: /home/jae/Lidar_ws/install/velodyne_pointcloud/include/velodyne_pointcloud/pointcloudXYZIRT.hpp
[0.197s] -- Up-to-date symlink: /home/jae/Lidar_ws/install/velodyne_pointcloud/include/velodyne_pointcloud/rawdata.hpp
[0.197s] -- Up-to-date symlink: /home/jae/Lidar_ws/install/velodyne_pointcloud/include/velodyne_pointcloud/transform.hpp
[0.198s] -- Up-to-date symlink: /home/jae/Lidar_ws/install/velodyne_pointcloud/share/velodyne_pointcloud/config/VLP16-velodyne_transform_node-params.yaml
[0.198s] -- Up-to-date symlink: /home/jae/Lidar_ws/install/velodyne_pointcloud/share/velodyne_pointcloud/config/VLP32C-velodyne_transform_node-params.yaml
[0.198s] -- Up-to-date symlink: /home/jae/Lidar_ws/install/velodyne_pointcloud/share/velodyne_pointcloud/config/VLS128-velodyne_transform_node-params.yaml
[0.199s] -- Up-to-date symlink: /home/jae/Lidar_ws/install/velodyne_pointcloud/share/velodyne_pointcloud/launch/velodyne_transform_node-VLP16-composed-launch.py
[0.199s] -- Up-to-date symlink: /home/jae/Lidar_ws/install/velodyne_pointcloud/share/velodyne_pointcloud/launch/velodyne_transform_node-VLP16-launch.py
[0.199s] -- Up-to-date symlink: /home/jae/Lidar_ws/install/velodyne_pointcloud/share/velodyne_pointcloud/launch/velodyne_transform_node-VLP32C-composed-launch.py
[0.199s] -- Up-to-date symlink: /home/jae/Lidar_ws/install/velodyne_pointcloud/share/velodyne_pointcloud/launch/velodyne_transform_node-VLP32C-launch.py
[0.199s] -- Up-to-date symlink: /home/jae/Lidar_ws/install/velodyne_pointcloud/share/velodyne_pointcloud/launch/velodyne_transform_node-VLS128-composed-launch.py
[0.199s] -- Up-to-date symlink: /home/jae/Lidar_ws/install/velodyne_pointcloud/share/velodyne_pointcloud/launch/velodyne_transform_node-VLS128-launch.py
[0.199s] -- Up-to-date symlink: /home/jae/Lidar_ws/install/velodyne_pointcloud/share/velodyne_pointcloud/params/32db.yaml
[0.199s] -- Up-to-date symlink: /home/jae/Lidar_ws/install/velodyne_pointcloud/share/velodyne_pointcloud/params/64e_s2.1-sztaki.yaml
[0.199s] -- Up-to-date symlink: /home/jae/Lidar_ws/install/velodyne_pointcloud/share/velodyne_pointcloud/params/64e_s3-xiesc.yaml
[0.199s] -- Up-to-date symlink: /home/jae/Lidar_ws/install/velodyne_pointcloud/share/velodyne_pointcloud/params/64e_utexas.yaml
[0.200s] -- Up-to-date symlink: /home/jae/Lidar_ws/install/velodyne_pointcloud/share/velodyne_pointcloud/params/VLP16_hires_db.yaml
[0.200s] -- Up-to-date symlink: /home/jae/Lidar_ws/install/velodyne_pointcloud/share/velodyne_pointcloud/params/VLP16db.yaml
[0.200s] -- Up-to-date symlink: /home/jae/Lidar_ws/install/velodyne_pointcloud/share/velodyne_pointcloud/params/VLS128.yaml
[0.200s] -- Up-to-date symlink: /home/jae/Lidar_ws/install/velodyne_pointcloud/share/velodyne_pointcloud/params/VeloView-VLP-32C.yaml
[0.200s] -- Up-to-date symlink: /home/jae/Lidar_ws/install/velodyne_pointcloud/share/velodyne_pointcloud/params/issue_84_float_intensities.yaml
[0.200s] -- Up-to-date symlink: /home/jae/Lidar_ws/install/velodyne_pointcloud/share/velodyne_pointcloud/params/rviz_points.vcg
[0.200s] -- Up-to-date symlink: /home/jae/Lidar_ws/install/velodyne_pointcloud/share/velodyne_pointcloud/environment/library_path.sh
[0.200s] -- Up-to-date symlink: /home/jae/Lidar_ws/install/velodyne_pointcloud/share/velodyne_pointcloud/environment/library_path.dsv
[0.200s] -- Up-to-date symlink: /home/jae/Lidar_ws/install/velodyne_pointcloud/share/ament_index/resource_index/package_run_dependencies/velodyne_pointcloud
[0.200s] -- Up-to-date symlink: /home/jae/Lidar_ws/install/velodyne_pointcloud/share/ament_index/resource_index/parent_prefix_path/velodyne_pointcloud
[0.200s] -- Up-to-date symlink: /home/jae/Lidar_ws/install/velodyne_pointcloud/share/velodyne_pointcloud/environment/ament_prefix_path.sh
[0.201s] -- Up-to-date symlink: /home/jae/Lidar_ws/install/velodyne_pointcloud/share/velodyne_pointcloud/environment/ament_prefix_path.dsv
[0.201s] -- Up-to-date symlink: /home/jae/Lidar_ws/install/velodyne_pointcloud/share/velodyne_pointcloud/environment/path.sh
[0.201s] -- Up-to-date symlink: /home/jae/Lidar_ws/install/velodyne_pointcloud/share/velodyne_pointcloud/environment/path.dsv
[0.201s] -- Up-to-date symlink: /home/jae/Lidar_ws/install/velodyne_pointcloud/share/velodyne_pointcloud/local_setup.bash
[0.201s] -- Up-to-date symlink: /home/jae/Lidar_ws/install/velodyne_pointcloud/share/velodyne_pointcloud/local_setup.sh
[0.201s] -- Up-to-date symlink: /home/jae/Lidar_ws/install/velodyne_pointcloud/share/velodyne_pointcloud/local_setup.zsh
[0.201s] -- Up-to-date symlink: /home/jae/Lidar_ws/install/velodyne_pointcloud/share/velodyne_pointcloud/local_setup.dsv
[0.201s] -- Symlinking: /home/jae/Lidar_ws/install/velodyne_pointcloud/share/velodyne_pointcloud/package.dsv
[0.211s] -- Up-to-date symlink: /home/jae/Lidar_ws/install/velodyne_pointcloud/share/ament_index/resource_index/packages/velodyne_pointcloud
[0.211s] -- Up-to-date symlink: /home/jae/Lidar_ws/install/velodyne_pointcloud/share/ament_index/resource_index/rclcpp_components/velodyne_pointcloud
[0.211s] -- Up-to-date symlink: /home/jae/Lidar_ws/install/velodyne_pointcloud/share/velodyne_pointcloud/cmake/ament_cmake_export_include_directories-extras.cmake
[0.211s] -- Up-to-date symlink: /home/jae/Lidar_ws/install/velodyne_pointcloud/share/velodyne_pointcloud/cmake/ament_cmake_export_dependencies-extras.cmake
[0.211s] -- Up-to-date symlink: /home/jae/Lidar_ws/install/velodyne_pointcloud/share/velodyne_pointcloud/cmake/ament_cmake_export_libraries-extras.cmake
[0.212s] -- Up-to-date symlink: /home/jae/Lidar_ws/install/velodyne_pointcloud/share/velodyne_pointcloud/cmake/ament_cmake_export_targets-extras.cmake
[0.212s] -- Up-to-date symlink: /home/jae/Lidar_ws/install/velodyne_pointcloud/share/velodyne_pointcloud/cmake/velodyne_pointcloudConfig.cmake
[0.212s] -- Up-to-date symlink: /home/jae/Lidar_ws/install/velodyne_pointcloud/share/velodyne_pointcloud/cmake/velodyne_pointcloudConfig-version.cmake
[0.212s] -- Up-to-date symlink: /home/jae/Lidar_ws/install/velodyne_pointcloud/share/velodyne_pointcloud/package.xml
[0.212s] -- Up-to-date: /home/jae/Lidar_ws/install/velodyne_pointcloud/lib/libvelodyne_cloud_types.so
[0.212s] -- Up-to-date: /home/jae/Lidar_ws/install/velodyne_pointcloud/lib/libvelodyne_rawdata.so
[0.213s] -- Up-to-date: /home/jae/Lidar_ws/install/velodyne_pointcloud/lib/libtransform.so
[0.213s] -- Up-to-date: /home/jae/Lidar_ws/install/velodyne_pointcloud/share/velodyne_pointcloud/cmake/velodyne_pointcloudExport.cmake
[0.213s] -- Up-to-date: /home/jae/Lidar_ws/install/velodyne_pointcloud/share/velodyne_pointcloud/cmake/velodyne_pointcloudExport-noconfig.cmake
[0.216s] Invoked command in '/home/jae/Lidar_ws/build/velodyne_pointcloud' returned '0': CMAKE_PREFIX_PATH=/home/jae/Lidar_ws/install/velodyne_msgs:/home/jae/Lidar_ws/install/velodyne:/home/jae/Lidar_ws/install/velodyne_pointcloud:/home/jae/Lidar_ws/install/velodyne_driver:/home/jae/Lidar_ws/install/velodyne_laserscan:/home/jae/Lidar_ws/install/lidar_processing:/home/jae/ros2_ws/install/lidar_perception:/opt/ros/humble LD_LIBRARY_PATH=/home/jae/Lidar_ws/install/velodyne_msgs/lib:/home/jae/Lidar_ws/install/velodyne_pointcloud/lib:/home/jae/Lidar_ws/install/velodyne_driver/lib:/home/jae/Lidar_ws/install/velodyne_laserscan/lib:/opt/ros/humble/opt/rviz_ogre_vendor/lib:/opt/ros/humble/lib/x86_64-linux-gnu:/opt/ros/humble/lib PS1=(venv) %m%# VIRTUAL_ENV_PROMPT=(venv) /usr/bin/cmake --install /home/jae/Lidar_ws/build/velodyne_pointcloud
