[0.013s] Invoking command in '/home/jae/Lidar_ws/build/velodyne_msgs': CMAKE_PREFIX_PATH=${CMAKE_PREFIX_PATH}:/home/jae/Lidar_ws/install/lidar_processing:/home/jae/ros2_ws/install/lidar_perception:/opt/ros/humble /usr/bin/cmake /home/jae/Lidar_ws/src/velodyne/velodyne_msgs -DAMENT_CMAKE_SYMLINK_INSTALL=1 -DCMAKE_INSTALL_PREFIX=/home/jae/Lidar_ws/install/velodyne_msgs
[0.059s] -- The C compiler identification is GNU 11.4.0
[0.106s] -- The CXX compiler identification is GNU 11.4.0
[0.113s] -- Detecting C compiler ABI info
[0.174s] -- Detecting C compiler ABI info - done
[0.181s] -- Check for working C compiler: /usr/bin/cc - skipped
[0.181s] -- Detecting C compile features
[0.182s] -- Detecting C compile features - done
[0.184s] -- Detecting CXX compiler ABI info
[0.256s] -- Detecting CXX compiler ABI info - done
[0.262s] -- Check for working CXX compiler: /usr/bin/c++ - skipped
[0.263s] -- Detecting CXX compile features
[0.263s] -- Detecting CXX compile features - done
[0.265s] -- Found ament_cmake: 1.3.11 (/opt/ros/humble/share/ament_cmake/cmake)
[0.584s] -- Found Python3: /usr/bin/python3 (found version "3.10.12") found components: Interpreter 
[0.652s] -- Override CMake install command with custom implementation using symlinks instead of copying resources
[0.676s] -- Found builtin_interfaces: 1.2.1 (/opt/ros/humble/share/builtin_interfaces/cmake)
[0.703s] -- Found rosidl_generator_c: 3.1.6 (/opt/ros/humble/share/rosidl_generator_c/cmake)
[0.708s] -- Found rosidl_adapter: 3.1.6 (/opt/ros/humble/share/rosidl_adapter/cmake)
[0.715s] -- Found rosidl_generator_cpp: 3.1.6 (/opt/ros/humble/share/rosidl_generator_cpp/cmake)
[0.725s] -- Using all available rosidl_typesupport_c: rosidl_typesupport_fastrtps_c;rosidl_typesupport_introspection_c
[0.738s] -- Using all available rosidl_typesupport_cpp: rosidl_typesupport_fastrtps_cpp;rosidl_typesupport_introspection_cpp
[0.750s] -- Found rosidl_default_generators: 1.2.0 (/opt/ros/humble/share/rosidl_default_generators/cmake)
[0.757s] -- Found std_msgs: 4.2.4 (/opt/ros/humble/share/std_msgs/cmake)
[0.997s] -- Found ament_cmake_cppcheck: 0.12.11 (/opt/ros/humble/share/ament_cmake_cppcheck/cmake)
[0.999s] -- Found ament_cmake_cpplint: 0.12.11 (/opt/ros/humble/share/ament_cmake_cpplint/cmake)
[1.001s] -- Found ament_cmake_uncrustify: 0.12.11 (/opt/ros/humble/share/ament_cmake_uncrustify/cmake)
[1.004s] -- Found ament_cmake_ros: 0.10.0 (/opt/ros/humble/share/ament_cmake_ros/cmake)
[1.352s] -- Using all available rosidl_typesupport_c: rosidl_typesupport_fastrtps_c;rosidl_typesupport_introspection_c
[1.481s] -- Using all available rosidl_typesupport_cpp: rosidl_typesupport_fastrtps_cpp;rosidl_typesupport_introspection_cpp
[1.503s] -- Found PythonInterp: /usr/bin/python3 (found suitable version "3.10.12", minimum required is "3.6") 
[1.504s] -- Found python_cmake_module: 0.10.0 (/opt/ros/humble/share/python_cmake_module/cmake)
[1.529s] -- Found PythonLibs: /usr/lib/x86_64-linux-gnu/libpython3.10.so (found suitable version "3.10.12", minimum required is "3.5") 
[1.529s] -- Using PYTHON_EXECUTABLE: /usr/bin/python3
[1.529s] -- Using PYTHON_INCLUDE_DIRS: /usr/include/python3.10
[1.529s] -- Using PYTHON_LIBRARIES: /usr/lib/x86_64-linux-gnu/libpython3.10.so
[1.550s] -- Found PythonExtra: .so  
[1.601s] -- Found ament_cmake_flake8: 0.12.11 (/opt/ros/humble/share/ament_cmake_flake8/cmake)
[1.603s] -- Found ament_cmake_pep257: 0.12.11 (/opt/ros/humble/share/ament_cmake_pep257/cmake)
[1.605s] -- Found ament_lint_auto: 0.12.11 (/opt/ros/humble/share/ament_lint_auto/cmake)
[1.619s] -- Added test 'copyright' to check source files copyright and LICENSE
[1.620s] -- Added test 'lint_cmake' to check CMake code style
[1.620s] -- Added test 'xmllint' to check XML markup files
[1.624s] -- Configuring done
[1.659s] -- Generating done
[1.670s] -- Build files have been written to: /home/jae/Lidar_ws/build/velodyne_msgs
[1.681s] Invoked command in '/home/jae/Lidar_ws/build/velodyne_msgs' returned '0': CMAKE_PREFIX_PATH=${CMAKE_PREFIX_PATH}:/home/jae/Lidar_ws/install/lidar_processing:/home/jae/ros2_ws/install/lidar_perception:/opt/ros/humble /usr/bin/cmake /home/jae/Lidar_ws/src/velodyne/velodyne_msgs -DAMENT_CMAKE_SYMLINK_INSTALL=1 -DCMAKE_INSTALL_PREFIX=/home/jae/Lidar_ws/install/velodyne_msgs
[1.683s] Invoking command in '/home/jae/Lidar_ws/build/velodyne_msgs': CMAKE_PREFIX_PATH=${CMAKE_PREFIX_PATH}:/home/jae/Lidar_ws/install/lidar_processing:/home/jae/ros2_ws/install/lidar_perception:/opt/ros/humble /usr/bin/cmake --build /home/jae/Lidar_ws/build/velodyne_msgs -- -j12 -l12
[1.725s] [  2%] [34m[1mGenerating C code for ROS interfaces[0m
[1.736s] [  5%] [34m[1mGenerating C++ code for ROS interfaces[0m
[1.746s] [  5%] Built target ament_cmake_python_symlink_velodyne_msgs
[1.958s] running egg_info
[1.976s] creating velodyne_msgs.egg-info
[1.976s] writing velodyne_msgs.egg-info/PKG-INFO
[1.977s] writing dependency_links to velodyne_msgs.egg-info/dependency_links.txt
[1.977s] writing top-level names to velodyne_msgs.egg-info/top_level.txt
[1.977s] writing manifest file 'velodyne_msgs.egg-info/SOURCES.txt'
[2.040s] reading manifest file 'velodyne_msgs.egg-info/SOURCES.txt'
[2.040s] writing manifest file 'velodyne_msgs.egg-info/SOURCES.txt'
[2.047s] [  7%] [32mBuilding C object CMakeFiles/velodyne_msgs__rosidl_generator_c.dir/rosidl_generator_c/velodyne_msgs/msg/detail/velodyne_scan__functions.c.o[0m
[2.047s] [ 10%] [32mBuilding C object CMakeFiles/velodyne_msgs__rosidl_generator_c.dir/rosidl_generator_c/velodyne_msgs/msg/detail/velodyne_packet__functions.c.o[0m
[2.048s] [ 10%] Built target velodyne_msgs__cpp
[2.060s] [ 17%] [34m[1mGenerating C++ type support dispatch for ROS interfaces[0m
[2.060s] [ 17%] [34m[1mGenerating C++ type support for eProsima Fast-RTPS[0m
[2.060s] [ 17%] [34m[1mGenerating C++ introspection for ROS interfaces[0m
[2.088s] [ 17%] Built target ament_cmake_python_build_velodyne_msgs_egg
[2.097s] [ 20%] [32m[1mLinking C shared library libvelodyne_msgs__rosidl_generator_c.so[0m
[2.137s] [ 20%] Built target velodyne_msgs__rosidl_generator_c
[2.150s] [ 25%] [34m[1mGenerating C type support dispatch for ROS interfaces[0m
[2.150s] [ 25%] [34m[1mGenerating C introspection for ROS interfaces[0m
[2.152s] [ 28%] [34m[1mGenerating C type support for eProsima Fast-RTPS[0m
[2.369s] [ 30%] [32mBuilding CXX object CMakeFiles/velodyne_msgs__rosidl_typesupport_cpp.dir/rosidl_typesupport_cpp/velodyne_msgs/msg/velodyne_packet__type_support.cpp.o[0m
[2.371s] [ 33%] [32mBuilding CXX object CMakeFiles/velodyne_msgs__rosidl_typesupport_cpp.dir/rosidl_typesupport_cpp/velodyne_msgs/msg/velodyne_scan__type_support.cpp.o[0m
[2.415s] [ 35%] [32mBuilding CXX object CMakeFiles/velodyne_msgs__rosidl_typesupport_introspection_cpp.dir/rosidl_typesupport_introspection_cpp/velodyne_msgs/msg/detail/velodyne_scan__type_support.cpp.o[0m
[2.416s] [ 38%] [32mBuilding CXX object CMakeFiles/velodyne_msgs__rosidl_typesupport_introspection_cpp.dir/rosidl_typesupport_introspection_cpp/velodyne_msgs/msg/detail/velodyne_packet__type_support.cpp.o[0m
[2.435s] [ 41%] [32mBuilding CXX object CMakeFiles/velodyne_msgs__rosidl_typesupport_fastrtps_cpp.dir/rosidl_typesupport_fastrtps_cpp/velodyne_msgs/msg/detail/dds_fastrtps/velodyne_scan__type_support.cpp.o[0m
[2.435s] [ 43%] [32mBuilding CXX object CMakeFiles/velodyne_msgs__rosidl_typesupport_fastrtps_cpp.dir/rosidl_typesupport_fastrtps_cpp/velodyne_msgs/msg/detail/dds_fastrtps/velodyne_packet__type_support.cpp.o[0m
[2.511s] [ 48%] [32mBuilding CXX object CMakeFiles/velodyne_msgs__rosidl_typesupport_c.dir/rosidl_typesupport_c/velodyne_msgs/msg/velodyne_packet__type_support.cpp.o[0m
[2.512s] [ 48%] [32mBuilding CXX object CMakeFiles/velodyne_msgs__rosidl_typesupport_c.dir/rosidl_typesupport_c/velodyne_msgs/msg/velodyne_scan__type_support.cpp.o[0m
[2.565s] [ 51%] [32m[1mLinking CXX shared library libvelodyne_msgs__rosidl_typesupport_c.so[0m
[2.654s] [ 51%] Built target velodyne_msgs__rosidl_typesupport_c
[2.695s] [ 56%] [32mBuilding CXX object CMakeFiles/velodyne_msgs__rosidl_typesupport_fastrtps_c.dir/rosidl_typesupport_fastrtps_c/velodyne_msgs/msg/detail/velodyne_packet__type_support_c.cpp.o[0m
[2.695s] [ 56%] [32mBuilding C object CMakeFiles/velodyne_msgs__rosidl_typesupport_introspection_c.dir/rosidl_typesupport_introspection_c/velodyne_msgs/msg/detail/velodyne_scan__type_support.c.o[0m
[2.695s] [ 58%] [32mBuilding C object CMakeFiles/velodyne_msgs__rosidl_typesupport_introspection_c.dir/rosidl_typesupport_introspection_c/velodyne_msgs/msg/detail/velodyne_packet__type_support.c.o[0m
[2.699s] [ 61%] [32mBuilding CXX object CMakeFiles/velodyne_msgs__rosidl_typesupport_fastrtps_c.dir/rosidl_typesupport_fastrtps_c/velodyne_msgs/msg/detail/velodyne_scan__type_support_c.cpp.o[0m
[2.733s] [ 64%] [32m[1mLinking CXX shared library libvelodyne_msgs__rosidl_typesupport_cpp.so[0m
[2.752s] [ 66%] [32m[1mLinking C shared library libvelodyne_msgs__rosidl_typesupport_introspection_c.so[0m
[2.804s] [ 66%] Built target velodyne_msgs__rosidl_typesupport_introspection_c
[2.804s] [ 66%] Built target velodyne_msgs__rosidl_typesupport_cpp
[2.955s] [ 69%] [32m[1mLinking CXX shared library libvelodyne_msgs__rosidl_typesupport_introspection_cpp.so[0m
[3.001s] [ 71%] [32m[1mLinking CXX shared library libvelodyne_msgs__rosidl_typesupport_fastrtps_cpp.so[0m
[3.043s] [ 71%] Built target velodyne_msgs__rosidl_typesupport_introspection_cpp
[3.084s] [ 71%] Built target velodyne_msgs__rosidl_typesupport_fastrtps_cpp
[3.090s] [ 74%] [32m[1mLinking CXX shared library libvelodyne_msgs__rosidl_typesupport_fastrtps_c.so[0m
[3.153s] [ 74%] Built target velodyne_msgs__rosidl_typesupport_fastrtps_c
[3.171s] [ 74%] Built target velodyne_msgs
[3.190s] [ 76%] [34m[1mGenerating Python code for ROS interfaces[0m
[3.541s] [ 76%] Built target velodyne_msgs__py
[3.560s] [ 82%] [32mBuilding C object CMakeFiles/velodyne_msgs__rosidl_generator_py.dir/rosidl_generator_py/velodyne_msgs/msg/_velodyne_packet_s.c.o[0m
[3.560s] [ 82%] [32mBuilding C object CMakeFiles/velodyne_msgs__rosidl_generator_py.dir/rosidl_generator_py/velodyne_msgs/msg/_velodyne_scan_s.c.o[0m
[3.647s] [ 84%] [32m[1mLinking C shared library rosidl_generator_py/velodyne_msgs/libvelodyne_msgs__rosidl_generator_py.so[0m
[3.684s] [ 84%] Built target velodyne_msgs__rosidl_generator_py
[3.703s] [ 92%] [32mBuilding C object CMakeFiles/velodyne_msgs__rosidl_typesupport_fastrtps_c__pyext.dir/rosidl_generator_py/velodyne_msgs/_velodyne_msgs_s.ep.rosidl_typesupport_fastrtps_c.c.o[0m
[3.703s] [ 92%] [32mBuilding C object CMakeFiles/velodyne_msgs__rosidl_typesupport_c__pyext.dir/rosidl_generator_py/velodyne_msgs/_velodyne_msgs_s.ep.rosidl_typesupport_c.c.o[0m
[3.703s] [ 92%] [32mBuilding C object CMakeFiles/velodyne_msgs__rosidl_typesupport_introspection_c__pyext.dir/rosidl_generator_py/velodyne_msgs/_velodyne_msgs_s.ep.rosidl_typesupport_introspection_c.c.o[0m
[3.792s] [ 97%] [32m[1mLinking C shared library rosidl_generator_py/velodyne_msgs/velodyne_msgs_s__rosidl_typesupport_introspection_c.cpython-310-x86_64-linux-gnu.so[0m
[3.792s] [ 97%] [32m[1mLinking C shared library rosidl_generator_py/velodyne_msgs/velodyne_msgs_s__rosidl_typesupport_fastrtps_c.cpython-310-x86_64-linux-gnu.so[0m
[3.793s] [100%] [32m[1mLinking C shared library rosidl_generator_py/velodyne_msgs/velodyne_msgs_s__rosidl_typesupport_c.cpython-310-x86_64-linux-gnu.so[0m
[3.829s] [100%] Built target velodyne_msgs__rosidl_typesupport_introspection_c__pyext
[3.829s] [100%] Built target velodyne_msgs__rosidl_typesupport_c__pyext
[3.829s] [100%] Built target velodyne_msgs__rosidl_typesupport_fastrtps_c__pyext
[3.841s] Invoked command in '/home/jae/Lidar_ws/build/velodyne_msgs' returned '0': CMAKE_PREFIX_PATH=${CMAKE_PREFIX_PATH}:/home/jae/Lidar_ws/install/lidar_processing:/home/jae/ros2_ws/install/lidar_perception:/opt/ros/humble /usr/bin/cmake --build /home/jae/Lidar_ws/build/velodyne_msgs -- -j12 -l12
[3.851s] Invoking command in '/home/jae/Lidar_ws/build/velodyne_msgs': CMAKE_PREFIX_PATH=${CMAKE_PREFIX_PATH}:/home/jae/Lidar_ws/install/lidar_processing:/home/jae/ros2_ws/install/lidar_perception:/opt/ros/humble /usr/bin/cmake --install /home/jae/Lidar_ws/build/velodyne_msgs
[3.858s] -- Install configuration: ""
[3.858s] -- Execute custom install script
[3.858s] -- Symlinking: /home/jae/Lidar_ws/install/velodyne_msgs/share/ament_index/resource_index/rosidl_interfaces/velodyne_msgs
[3.867s] -- Symlinking: /home/jae/Lidar_ws/install/velodyne_msgs/include/velodyne_msgs/velodyne_msgs/msg/detail/velodyne_packet__functions.h
[3.874s] -- Symlinking: /home/jae/Lidar_ws/install/velodyne_msgs/include/velodyne_msgs/velodyne_msgs/msg/detail/velodyne_packet__struct.h
[3.882s] -- Symlinking: /home/jae/Lidar_ws/install/velodyne_msgs/include/velodyne_msgs/velodyne_msgs/msg/detail/velodyne_packet__type_support.h
[3.890s] -- Symlinking: /home/jae/Lidar_ws/install/velodyne_msgs/include/velodyne_msgs/velodyne_msgs/msg/detail/velodyne_scan__functions.h
[3.898s] -- Symlinking: /home/jae/Lidar_ws/install/velodyne_msgs/include/velodyne_msgs/velodyne_msgs/msg/detail/velodyne_scan__struct.h
[3.906s] -- Symlinking: /home/jae/Lidar_ws/install/velodyne_msgs/include/velodyne_msgs/velodyne_msgs/msg/detail/velodyne_scan__type_support.h
[3.914s] -- Symlinking: /home/jae/Lidar_ws/install/velodyne_msgs/include/velodyne_msgs/velodyne_msgs/msg/rosidl_generator_c__visibility_control.h
[3.922s] -- Symlinking: /home/jae/Lidar_ws/install/velodyne_msgs/include/velodyne_msgs/velodyne_msgs/msg/velodyne_packet.h
[3.930s] -- Symlinking: /home/jae/Lidar_ws/install/velodyne_msgs/include/velodyne_msgs/velodyne_msgs/msg/velodyne_scan.h
[3.938s] -- Symlinking: /home/jae/Lidar_ws/install/velodyne_msgs/share/velodyne_msgs/environment/library_path.sh
[3.945s] -- Symlinking: /home/jae/Lidar_ws/install/velodyne_msgs/share/velodyne_msgs/environment/library_path.dsv
[3.953s] -- Symlinking: /home/jae/Lidar_ws/install/velodyne_msgs/include/velodyne_msgs/velodyne_msgs/msg/detail/velodyne_packet__rosidl_typesupport_fastrtps_c.h
[3.961s] -- Symlinking: /home/jae/Lidar_ws/install/velodyne_msgs/include/velodyne_msgs/velodyne_msgs/msg/detail/velodyne_scan__rosidl_typesupport_fastrtps_c.h
[3.969s] -- Symlinking: /home/jae/Lidar_ws/install/velodyne_msgs/include/velodyne_msgs/velodyne_msgs/msg/rosidl_typesupport_fastrtps_c__visibility_control.h
[3.977s] -- Symlinking: /home/jae/Lidar_ws/install/velodyne_msgs/include/velodyne_msgs/velodyne_msgs/msg/detail/velodyne_packet__builder.hpp
[3.985s] -- Symlinking: /home/jae/Lidar_ws/install/velodyne_msgs/include/velodyne_msgs/velodyne_msgs/msg/detail/velodyne_packet__struct.hpp
[3.993s] -- Symlinking: /home/jae/Lidar_ws/install/velodyne_msgs/include/velodyne_msgs/velodyne_msgs/msg/detail/velodyne_packet__traits.hpp
[4.001s] -- Symlinking: /home/jae/Lidar_ws/install/velodyne_msgs/include/velodyne_msgs/velodyne_msgs/msg/detail/velodyne_packet__type_support.hpp
[4.008s] -- Symlinking: /home/jae/Lidar_ws/install/velodyne_msgs/include/velodyne_msgs/velodyne_msgs/msg/detail/velodyne_scan__builder.hpp
[4.016s] -- Symlinking: /home/jae/Lidar_ws/install/velodyne_msgs/include/velodyne_msgs/velodyne_msgs/msg/detail/velodyne_scan__struct.hpp
[4.023s] -- Symlinking: /home/jae/Lidar_ws/install/velodyne_msgs/include/velodyne_msgs/velodyne_msgs/msg/detail/velodyne_scan__traits.hpp
[4.030s] -- Symlinking: /home/jae/Lidar_ws/install/velodyne_msgs/include/velodyne_msgs/velodyne_msgs/msg/detail/velodyne_scan__type_support.hpp
[4.038s] -- Symlinking: /home/jae/Lidar_ws/install/velodyne_msgs/include/velodyne_msgs/velodyne_msgs/msg/rosidl_generator_cpp__visibility_control.hpp
[4.046s] -- Symlinking: /home/jae/Lidar_ws/install/velodyne_msgs/include/velodyne_msgs/velodyne_msgs/msg/velodyne_packet.hpp
[4.054s] -- Symlinking: /home/jae/Lidar_ws/install/velodyne_msgs/include/velodyne_msgs/velodyne_msgs/msg/velodyne_scan.hpp
[4.063s] -- Symlinking: /home/jae/Lidar_ws/install/velodyne_msgs/include/velodyne_msgs/velodyne_msgs/msg/detail/velodyne_packet__rosidl_typesupport_fastrtps_cpp.hpp
[4.071s] -- Symlinking: /home/jae/Lidar_ws/install/velodyne_msgs/include/velodyne_msgs/velodyne_msgs/msg/detail/velodyne_scan__rosidl_typesupport_fastrtps_cpp.hpp
[4.078s] -- Symlinking: /home/jae/Lidar_ws/install/velodyne_msgs/include/velodyne_msgs/velodyne_msgs/msg/rosidl_typesupport_fastrtps_cpp__visibility_control.h
[4.087s] -- Symlinking: /home/jae/Lidar_ws/install/velodyne_msgs/include/velodyne_msgs/velodyne_msgs/msg/detail/velodyne_packet__rosidl_typesupport_introspection_c.h
[4.095s] -- Symlinking: /home/jae/Lidar_ws/install/velodyne_msgs/include/velodyne_msgs/velodyne_msgs/msg/detail/velodyne_scan__rosidl_typesupport_introspection_c.h
[4.103s] -- Symlinking: /home/jae/Lidar_ws/install/velodyne_msgs/include/velodyne_msgs/velodyne_msgs/msg/rosidl_typesupport_introspection_c__visibility_control.h
[4.112s] -- Symlinking: /home/jae/Lidar_ws/install/velodyne_msgs/include/velodyne_msgs/velodyne_msgs/msg/detail/velodyne_packet__rosidl_typesupport_introspection_cpp.hpp
[4.120s] -- Symlinking: /home/jae/Lidar_ws/install/velodyne_msgs/include/velodyne_msgs/velodyne_msgs/msg/detail/velodyne_scan__rosidl_typesupport_introspection_cpp.hpp
[4.128s] -- Symlinking: /home/jae/Lidar_ws/install/velodyne_msgs/share/velodyne_msgs/environment/pythonpath.sh
[4.137s] -- Symlinking: /home/jae/Lidar_ws/install/velodyne_msgs/share/velodyne_msgs/environment/pythonpath.dsv
[4.145s] -- Symlinking: /home/jae/Lidar_ws/install/velodyne_msgs/local/lib/python3.10/dist-packages/velodyne_msgs-2.5.1-py3.10.egg-info/PKG-INFO
[4.153s] -- Symlinking: /home/jae/Lidar_ws/install/velodyne_msgs/local/lib/python3.10/dist-packages/velodyne_msgs-2.5.1-py3.10.egg-info/SOURCES.txt
[4.160s] -- Symlinking: /home/jae/Lidar_ws/install/velodyne_msgs/local/lib/python3.10/dist-packages/velodyne_msgs-2.5.1-py3.10.egg-info/dependency_links.txt
[4.168s] -- Symlinking: /home/jae/Lidar_ws/install/velodyne_msgs/local/lib/python3.10/dist-packages/velodyne_msgs-2.5.1-py3.10.egg-info/top_level.txt
[4.177s] -- Symlinking: /home/jae/Lidar_ws/install/velodyne_msgs/local/lib/python3.10/dist-packages/velodyne_msgs/__init__.py
[4.185s] -- Symlinking: /home/jae/Lidar_ws/install/velodyne_msgs/local/lib/python3.10/dist-packages/velodyne_msgs/_velodyne_msgs_s.ep.rosidl_typesupport_c.c
[4.193s] -- Symlinking: /home/jae/Lidar_ws/install/velodyne_msgs/local/lib/python3.10/dist-packages/velodyne_msgs/_velodyne_msgs_s.ep.rosidl_typesupport_fastrtps_c.c
[4.201s] -- Symlinking: /home/jae/Lidar_ws/install/velodyne_msgs/local/lib/python3.10/dist-packages/velodyne_msgs/_velodyne_msgs_s.ep.rosidl_typesupport_introspection_c.c
[4.209s] -- Symlinking: /home/jae/Lidar_ws/install/velodyne_msgs/local/lib/python3.10/dist-packages/velodyne_msgs/libvelodyne_msgs__rosidl_generator_py.so
[4.217s] -- Symlinking: /home/jae/Lidar_ws/install/velodyne_msgs/local/lib/python3.10/dist-packages/velodyne_msgs/msg/__init__.py
[4.225s] -- Symlinking: /home/jae/Lidar_ws/install/velodyne_msgs/local/lib/python3.10/dist-packages/velodyne_msgs/msg/_velodyne_packet.py
[4.233s] -- Symlinking: /home/jae/Lidar_ws/install/velodyne_msgs/local/lib/python3.10/dist-packages/velodyne_msgs/msg/_velodyne_packet_s.c
[4.241s] -- Symlinking: /home/jae/Lidar_ws/install/velodyne_msgs/local/lib/python3.10/dist-packages/velodyne_msgs/msg/_velodyne_scan.py
[4.250s] -- Symlinking: /home/jae/Lidar_ws/install/velodyne_msgs/local/lib/python3.10/dist-packages/velodyne_msgs/msg/_velodyne_scan_s.c
[4.258s] -- Symlinking: /home/jae/Lidar_ws/install/velodyne_msgs/local/lib/python3.10/dist-packages/velodyne_msgs/velodyne_msgs_s__rosidl_typesupport_c.cpython-310-x86_64-linux-gnu.so
[4.266s] -- Symlinking: /home/jae/Lidar_ws/install/velodyne_msgs/local/lib/python3.10/dist-packages/velodyne_msgs/velodyne_msgs_s__rosidl_typesupport_fastrtps_c.cpython-310-x86_64-linux-gnu.so
[4.273s] -- Symlinking: /home/jae/Lidar_ws/install/velodyne_msgs/local/lib/python3.10/dist-packages/velodyne_msgs/velodyne_msgs_s__rosidl_typesupport_introspection_c.cpython-310-x86_64-linux-gnu.so
[4.281s] -- Up-to-date symlink: /home/jae/Lidar_ws/install/velodyne_msgs/local/lib/python3.10/dist-packages/velodyne_msgs/velodyne_msgs_s__rosidl_typesupport_fastrtps_c.cpython-310-x86_64-linux-gnu.so
[4.281s] -- Up-to-date symlink: /home/jae/Lidar_ws/install/velodyne_msgs/local/lib/python3.10/dist-packages/velodyne_msgs/velodyne_msgs_s__rosidl_typesupport_introspection_c.cpython-310-x86_64-linux-gnu.so
[4.281s] -- Up-to-date symlink: /home/jae/Lidar_ws/install/velodyne_msgs/local/lib/python3.10/dist-packages/velodyne_msgs/velodyne_msgs_s__rosidl_typesupport_c.cpython-310-x86_64-linux-gnu.so
[4.281s] -- Symlinking: /home/jae/Lidar_ws/install/velodyne_msgs/share/velodyne_msgs/msg/VelodynePacket.idl
[4.289s] -- Symlinking: /home/jae/Lidar_ws/install/velodyne_msgs/share/velodyne_msgs/msg/VelodyneScan.idl
[4.297s] -- Symlinking: /home/jae/Lidar_ws/install/velodyne_msgs/share/velodyne_msgs/msg/VelodynePacket.msg
[4.304s] -- Symlinking: /home/jae/Lidar_ws/install/velodyne_msgs/share/velodyne_msgs/msg/VelodyneScan.msg
[4.312s] -- Symlinking: /home/jae/Lidar_ws/install/velodyne_msgs/share/ament_index/resource_index/package_run_dependencies/velodyne_msgs
[4.320s] -- Symlinking: /home/jae/Lidar_ws/install/velodyne_msgs/share/ament_index/resource_index/parent_prefix_path/velodyne_msgs
[4.327s] -- Symlinking: /home/jae/Lidar_ws/install/velodyne_msgs/share/velodyne_msgs/environment/ament_prefix_path.sh
[4.335s] -- Symlinking: /home/jae/Lidar_ws/install/velodyne_msgs/share/velodyne_msgs/environment/ament_prefix_path.dsv
[4.344s] -- Symlinking: /home/jae/Lidar_ws/install/velodyne_msgs/share/velodyne_msgs/environment/path.sh
[4.352s] -- Symlinking: /home/jae/Lidar_ws/install/velodyne_msgs/share/velodyne_msgs/environment/path.dsv
[4.360s] -- Symlinking: /home/jae/Lidar_ws/install/velodyne_msgs/share/velodyne_msgs/local_setup.bash
[4.368s] -- Symlinking: /home/jae/Lidar_ws/install/velodyne_msgs/share/velodyne_msgs/local_setup.sh
[4.375s] -- Symlinking: /home/jae/Lidar_ws/install/velodyne_msgs/share/velodyne_msgs/local_setup.zsh
[4.383s] -- Symlinking: /home/jae/Lidar_ws/install/velodyne_msgs/share/velodyne_msgs/local_setup.dsv
[4.391s] -- Symlinking: /home/jae/Lidar_ws/install/velodyne_msgs/share/velodyne_msgs/package.dsv
[4.398s] -- Symlinking: /home/jae/Lidar_ws/install/velodyne_msgs/share/ament_index/resource_index/packages/velodyne_msgs
[4.406s] -- Symlinking: /home/jae/Lidar_ws/install/velodyne_msgs/share/velodyne_msgs/cmake/rosidl_cmake-extras.cmake
[4.414s] -- Symlinking: /home/jae/Lidar_ws/install/velodyne_msgs/share/velodyne_msgs/cmake/ament_cmake_export_dependencies-extras.cmake
[4.423s] -- Symlinking: /home/jae/Lidar_ws/install/velodyne_msgs/share/velodyne_msgs/cmake/ament_cmake_export_include_directories-extras.cmake
[4.431s] -- Symlinking: /home/jae/Lidar_ws/install/velodyne_msgs/share/velodyne_msgs/cmake/ament_cmake_export_libraries-extras.cmake
[4.439s] -- Symlinking: /home/jae/Lidar_ws/install/velodyne_msgs/share/velodyne_msgs/cmake/ament_cmake_export_targets-extras.cmake
[4.447s] -- Symlinking: /home/jae/Lidar_ws/install/velodyne_msgs/share/velodyne_msgs/cmake/rosidl_cmake_export_typesupport_targets-extras.cmake
[4.455s] -- Symlinking: /home/jae/Lidar_ws/install/velodyne_msgs/share/velodyne_msgs/cmake/rosidl_cmake_export_typesupport_libraries-extras.cmake
[4.463s] -- Symlinking: /home/jae/Lidar_ws/install/velodyne_msgs/share/velodyne_msgs/cmake/velodyne_msgsConfig.cmake
[4.470s] -- Symlinking: /home/jae/Lidar_ws/install/velodyne_msgs/share/velodyne_msgs/cmake/velodyne_msgsConfig-version.cmake
[4.478s] -- Symlinking: /home/jae/Lidar_ws/install/velodyne_msgs/share/velodyne_msgs/package.xml
[4.486s] -- Installing: /home/jae/Lidar_ws/install/velodyne_msgs/lib/libvelodyne_msgs__rosidl_generator_c.so
[4.486s] -- Set runtime path of "/home/jae/Lidar_ws/install/velodyne_msgs/lib/libvelodyne_msgs__rosidl_generator_c.so" to ""
[4.486s] -- Installing: /home/jae/Lidar_ws/install/velodyne_msgs/lib/libvelodyne_msgs__rosidl_typesupport_fastrtps_c.so
[4.487s] -- Set runtime path of "/home/jae/Lidar_ws/install/velodyne_msgs/lib/libvelodyne_msgs__rosidl_typesupport_fastrtps_c.so" to ""
[4.487s] -- Installing: /home/jae/Lidar_ws/install/velodyne_msgs/lib/libvelodyne_msgs__rosidl_typesupport_fastrtps_cpp.so
[4.487s] -- Set runtime path of "/home/jae/Lidar_ws/install/velodyne_msgs/lib/libvelodyne_msgs__rosidl_typesupport_fastrtps_cpp.so" to ""
[4.487s] -- Installing: /home/jae/Lidar_ws/install/velodyne_msgs/lib/libvelodyne_msgs__rosidl_typesupport_introspection_c.so
[4.488s] -- Set runtime path of "/home/jae/Lidar_ws/install/velodyne_msgs/lib/libvelodyne_msgs__rosidl_typesupport_introspection_c.so" to ""
[4.488s] -- Installing: /home/jae/Lidar_ws/install/velodyne_msgs/lib/libvelodyne_msgs__rosidl_typesupport_c.so
[4.488s] -- Set runtime path of "/home/jae/Lidar_ws/install/velodyne_msgs/lib/libvelodyne_msgs__rosidl_typesupport_c.so" to ""
[4.488s] -- Installing: /home/jae/Lidar_ws/install/velodyne_msgs/lib/libvelodyne_msgs__rosidl_typesupport_introspection_cpp.so
[4.488s] -- Set runtime path of "/home/jae/Lidar_ws/install/velodyne_msgs/lib/libvelodyne_msgs__rosidl_typesupport_introspection_cpp.so" to ""
[4.488s] -- Installing: /home/jae/Lidar_ws/install/velodyne_msgs/lib/libvelodyne_msgs__rosidl_typesupport_cpp.so
[4.489s] -- Set runtime path of "/home/jae/Lidar_ws/install/velodyne_msgs/lib/libvelodyne_msgs__rosidl_typesupport_cpp.so" to ""
[4.518s] Listing '/home/jae/Lidar_ws/install/velodyne_msgs/local/lib/python3.10/dist-packages/velodyne_msgs'...
[4.518s] Compiling '/home/jae/Lidar_ws/install/velodyne_msgs/local/lib/python3.10/dist-packages/velodyne_msgs/__init__.py'...
[4.518s] Listing '/home/jae/Lidar_ws/install/velodyne_msgs/local/lib/python3.10/dist-packages/velodyne_msgs/msg'...
[4.518s] Compiling '/home/jae/Lidar_ws/install/velodyne_msgs/local/lib/python3.10/dist-packages/velodyne_msgs/msg/__init__.py'...
[4.518s] Compiling '/home/jae/Lidar_ws/install/velodyne_msgs/local/lib/python3.10/dist-packages/velodyne_msgs/msg/_velodyne_packet.py'...
[4.518s] Compiling '/home/jae/Lidar_ws/install/velodyne_msgs/local/lib/python3.10/dist-packages/velodyne_msgs/msg/_velodyne_scan.py'...
[4.522s] -- Installing: /home/jae/Lidar_ws/install/velodyne_msgs/lib/libvelodyne_msgs__rosidl_generator_py.so
[4.523s] -- Set runtime path of "/home/jae/Lidar_ws/install/velodyne_msgs/lib/libvelodyne_msgs__rosidl_generator_py.so" to ""
[4.523s] -- Installing: /home/jae/Lidar_ws/install/velodyne_msgs/share/velodyne_msgs/cmake/export_velodyne_msgs__rosidl_generator_cExport.cmake
[4.523s] -- Installing: /home/jae/Lidar_ws/install/velodyne_msgs/share/velodyne_msgs/cmake/export_velodyne_msgs__rosidl_generator_cExport-noconfig.cmake
[4.523s] -- Installing: /home/jae/Lidar_ws/install/velodyne_msgs/share/velodyne_msgs/cmake/export_velodyne_msgs__rosidl_typesupport_fastrtps_cExport.cmake
[4.523s] -- Installing: /home/jae/Lidar_ws/install/velodyne_msgs/share/velodyne_msgs/cmake/export_velodyne_msgs__rosidl_typesupport_fastrtps_cExport-noconfig.cmake
[4.523s] -- Installing: /home/jae/Lidar_ws/install/velodyne_msgs/share/velodyne_msgs/cmake/export_velodyne_msgs__rosidl_generator_cppExport.cmake
[4.523s] -- Installing: /home/jae/Lidar_ws/install/velodyne_msgs/share/velodyne_msgs/cmake/export_velodyne_msgs__rosidl_typesupport_fastrtps_cppExport.cmake
[4.524s] -- Installing: /home/jae/Lidar_ws/install/velodyne_msgs/share/velodyne_msgs/cmake/export_velodyne_msgs__rosidl_typesupport_fastrtps_cppExport-noconfig.cmake
[4.524s] -- Installing: /home/jae/Lidar_ws/install/velodyne_msgs/share/velodyne_msgs/cmake/velodyne_msgs__rosidl_typesupport_introspection_cExport.cmake
[4.524s] -- Installing: /home/jae/Lidar_ws/install/velodyne_msgs/share/velodyne_msgs/cmake/velodyne_msgs__rosidl_typesupport_introspection_cExport-noconfig.cmake
[4.524s] -- Installing: /home/jae/Lidar_ws/install/velodyne_msgs/share/velodyne_msgs/cmake/velodyne_msgs__rosidl_typesupport_cExport.cmake
[4.524s] -- Installing: /home/jae/Lidar_ws/install/velodyne_msgs/share/velodyne_msgs/cmake/velodyne_msgs__rosidl_typesupport_cExport-noconfig.cmake
[4.524s] -- Installing: /home/jae/Lidar_ws/install/velodyne_msgs/share/velodyne_msgs/cmake/velodyne_msgs__rosidl_typesupport_introspection_cppExport.cmake
[4.524s] -- Installing: /home/jae/Lidar_ws/install/velodyne_msgs/share/velodyne_msgs/cmake/velodyne_msgs__rosidl_typesupport_introspection_cppExport-noconfig.cmake
[4.525s] -- Installing: /home/jae/Lidar_ws/install/velodyne_msgs/share/velodyne_msgs/cmake/velodyne_msgs__rosidl_typesupport_cppExport.cmake
[4.525s] -- Installing: /home/jae/Lidar_ws/install/velodyne_msgs/share/velodyne_msgs/cmake/velodyne_msgs__rosidl_typesupport_cppExport-noconfig.cmake
[4.525s] -- Installing: /home/jae/Lidar_ws/install/velodyne_msgs/share/velodyne_msgs/cmake/export_velodyne_msgs__rosidl_generator_pyExport.cmake
[4.525s] -- Installing: /home/jae/Lidar_ws/install/velodyne_msgs/share/velodyne_msgs/cmake/export_velodyne_msgs__rosidl_generator_pyExport-noconfig.cmake
[4.527s] Invoked command in '/home/jae/Lidar_ws/build/velodyne_msgs' returned '0': CMAKE_PREFIX_PATH=${CMAKE_PREFIX_PATH}:/home/jae/Lidar_ws/install/lidar_processing:/home/jae/ros2_ws/install/lidar_perception:/opt/ros/humble /usr/bin/cmake --install /home/jae/Lidar_ws/build/velodyne_msgs
