[0.084s] DEBUG:colcon:Command line arguments: ['/usr/bin/colcon', 'build', '--symlink-install', '--packages-ignore', 'PCL']
[0.084s] DEBUG:colcon:Parsed command line arguments: Namespace(log_base=None, log_level=None, verb_name='build', build_base='build', install_base='install', merge_install=False, symlink_install=True, test_result_base=None, continue_on_error=False, executor='parallel', parallel_workers=12, event_handlers=None, ignore_user_meta=False, metas=['./colcon.meta'], base_paths=['.'], packages_ignore=['PCL'], packages_ignore_regex=None, paths=None, packages_up_to=None, packages_up_to_regex=None, packages_above=None, packages_above_and_dependencies=None, packages_above_depth=None, packages_select_by_dep=None, packages_skip_by_dep=None, packages_skip_up_to=None, packages_select_build_failed=False, packages_skip_build_finished=False, packages_select_test_failures=False, packages_skip_test_passed=False, packages_select=None, packages_skip=None, packages_select_regex=None, packages_skip_regex=None, packages_start=None, packages_end=None, allow_overriding=[], cmake_args=None, cmake_target=None, cmake_target_skip_unavailable=False, cmake_clean_cache=False, cmake_clean_first=False, cmake_force_configure=False, ament_cmake_args=None, catkin_cmake_args=None, catkin_skip_building_tests=False, mixin_files=None, mixin=None, verb_parser=<colcon_mixin.mixin.mixin_argument.MixinArgumentDecorator object at 0x77ea93657730>, verb_extension=<colcon_core.verb.build.BuildVerb object at 0x77ea93614c70>, main=<bound method BuildVerb.main of <colcon_core.verb.build.BuildVerb object at 0x77ea93614c70>>, mixin_verb=('build',))
[0.112s] Level 1:colcon.colcon_core.package_discovery:discover_packages(colcon_meta) check parameters
[0.112s] Level 1:colcon.colcon_core.package_discovery:discover_packages(recursive) check parameters
[0.112s] Level 1:colcon.colcon_core.package_discovery:discover_packages(ignore) check parameters
[0.113s] Level 1:colcon.colcon_core.package_discovery:discover_packages(path) check parameters
[0.113s] Level 1:colcon.colcon_core.package_discovery:discover_packages(colcon_meta) discover
[0.113s] Level 1:colcon.colcon_core.package_discovery:discover_packages(recursive) discover
[0.113s] INFO:colcon.colcon_core.package_discovery:Crawling recursively for packages in '/home/jae/Lidar_ws'
[0.113s] Level 1:colcon.colcon_core.package_identification:_identify(.) by extensions ['ignore', 'ignore_ament_install']
[0.113s] Level 1:colcon.colcon_core.package_identification:_identify(.) by extension 'ignore'
[0.113s] Level 1:colcon.colcon_core.package_identification:_identify(.) by extension 'ignore_ament_install'
[0.113s] Level 1:colcon.colcon_core.package_identification:_identify(.) by extensions ['colcon_pkg']
[0.113s] Level 1:colcon.colcon_core.package_identification:_identify(.) by extension 'colcon_pkg'
[0.113s] Level 1:colcon.colcon_core.package_identification:_identify(.) by extensions ['colcon_meta']
[0.113s] Level 1:colcon.colcon_core.package_identification:_identify(.) by extension 'colcon_meta'
[0.113s] Level 1:colcon.colcon_core.package_identification:_identify(.) by extensions ['ros']
[0.113s] Level 1:colcon.colcon_core.package_identification:_identify(.) by extension 'ros'
[0.126s] Level 1:colcon.colcon_core.package_identification:_identify(.) by extensions ['cmake', 'python']
[0.126s] Level 1:colcon.colcon_core.package_identification:_identify(.) by extension 'cmake'
[0.126s] Level 1:colcon.colcon_core.package_identification:_identify(.) by extension 'python'
[0.126s] Level 1:colcon.colcon_core.package_identification:_identify(.) by extensions ['python_setup_py']
[0.126s] Level 1:colcon.colcon_core.package_identification:_identify(.) by extension 'python_setup_py'
[0.126s] Level 1:colcon.colcon_core.package_identification:_identify(build) by extensions ['ignore', 'ignore_ament_install']
[0.126s] Level 1:colcon.colcon_core.package_identification:_identify(build) by extension 'ignore'
[0.126s] Level 1:colcon.colcon_core.package_identification:_identify(build) ignored
[0.126s] Level 1:colcon.colcon_core.package_identification:_identify(install) by extensions ['ignore', 'ignore_ament_install']
[0.126s] Level 1:colcon.colcon_core.package_identification:_identify(install) by extension 'ignore'
[0.126s] Level 1:colcon.colcon_core.package_identification:_identify(install) ignored
[0.126s] Level 1:colcon.colcon_core.package_identification:_identify(log) by extensions ['ignore', 'ignore_ament_install']
[0.126s] Level 1:colcon.colcon_core.package_identification:_identify(log) by extension 'ignore'
[0.126s] Level 1:colcon.colcon_core.package_identification:_identify(log) ignored
[0.126s] Level 1:colcon.colcon_core.package_identification:_identify(src) by extensions ['ignore', 'ignore_ament_install']
[0.127s] Level 1:colcon.colcon_core.package_identification:_identify(src) by extension 'ignore'
[0.127s] Level 1:colcon.colcon_core.package_identification:_identify(src) by extension 'ignore_ament_install'
[0.127s] Level 1:colcon.colcon_core.package_identification:_identify(src) by extensions ['colcon_pkg']
[0.127s] Level 1:colcon.colcon_core.package_identification:_identify(src) by extension 'colcon_pkg'
[0.127s] Level 1:colcon.colcon_core.package_identification:_identify(src) by extensions ['colcon_meta']
[0.127s] Level 1:colcon.colcon_core.package_identification:_identify(src) by extension 'colcon_meta'
[0.127s] Level 1:colcon.colcon_core.package_identification:_identify(src) by extensions ['ros']
[0.127s] Level 1:colcon.colcon_core.package_identification:_identify(src) by extension 'ros'
[0.127s] Level 1:colcon.colcon_core.package_identification:_identify(src) by extensions ['cmake', 'python']
[0.127s] Level 1:colcon.colcon_core.package_identification:_identify(src) by extension 'cmake'
[0.127s] Level 1:colcon.colcon_core.package_identification:_identify(src) by extension 'python'
[0.127s] Level 1:colcon.colcon_core.package_identification:_identify(src) by extensions ['python_setup_py']
[0.127s] Level 1:colcon.colcon_core.package_identification:_identify(src) by extension 'python_setup_py'
[0.127s] Level 1:colcon.colcon_core.package_identification:_identify(src/build) by extensions ['ignore', 'ignore_ament_install']
[0.127s] Level 1:colcon.colcon_core.package_identification:_identify(src/build) by extension 'ignore'
[0.127s] Level 1:colcon.colcon_core.package_identification:_identify(src/build) ignored
[0.127s] Level 1:colcon.colcon_core.package_identification:_identify(src/install) by extensions ['ignore', 'ignore_ament_install']
[0.127s] Level 1:colcon.colcon_core.package_identification:_identify(src/install) by extension 'ignore'
[0.127s] Level 1:colcon.colcon_core.package_identification:_identify(src/install) ignored
[0.127s] Level 1:colcon.colcon_core.package_identification:_identify(src/lidar_processing) by extensions ['ignore', 'ignore_ament_install']
[0.127s] Level 1:colcon.colcon_core.package_identification:_identify(src/lidar_processing) by extension 'ignore'
[0.127s] Level 1:colcon.colcon_core.package_identification:_identify(src/lidar_processing) by extension 'ignore_ament_install'
[0.127s] Level 1:colcon.colcon_core.package_identification:_identify(src/lidar_processing) by extensions ['colcon_pkg']
[0.127s] Level 1:colcon.colcon_core.package_identification:_identify(src/lidar_processing) by extension 'colcon_pkg'
[0.127s] Level 1:colcon.colcon_core.package_identification:_identify(src/lidar_processing) by extensions ['colcon_meta']
[0.128s] Level 1:colcon.colcon_core.package_identification:_identify(src/lidar_processing) by extension 'colcon_meta'
[0.128s] Level 1:colcon.colcon_core.package_identification:_identify(src/lidar_processing) by extensions ['ros']
[0.128s] Level 1:colcon.colcon_core.package_identification:_identify(src/lidar_processing) by extension 'ros'
[0.129s] DEBUG:colcon.colcon_core.package_identification:Package 'src/lidar_processing' with type 'ros.ament_python' and name 'lidar_processing'
[0.130s] Level 1:colcon.colcon_core.package_identification:_identify(src/log) by extensions ['ignore', 'ignore_ament_install']
[0.130s] Level 1:colcon.colcon_core.package_identification:_identify(src/log) by extension 'ignore'
[0.130s] Level 1:colcon.colcon_core.package_identification:_identify(src/log) ignored
[0.130s] Level 1:colcon.colcon_core.package_identification:_identify(src/velodyne) by extensions ['ignore', 'ignore_ament_install']
[0.130s] Level 1:colcon.colcon_core.package_identification:_identify(src/velodyne) by extension 'ignore'
[0.130s] Level 1:colcon.colcon_core.package_identification:_identify(src/velodyne) by extension 'ignore_ament_install'
[0.130s] Level 1:colcon.colcon_core.package_identification:_identify(src/velodyne) by extensions ['colcon_pkg']
[0.130s] Level 1:colcon.colcon_core.package_identification:_identify(src/velodyne) by extension 'colcon_pkg'
[0.130s] Level 1:colcon.colcon_core.package_identification:_identify(src/velodyne) by extensions ['colcon_meta']
[0.130s] Level 1:colcon.colcon_core.package_identification:_identify(src/velodyne) by extension 'colcon_meta'
[0.130s] Level 1:colcon.colcon_core.package_identification:_identify(src/velodyne) by extensions ['ros']
[0.130s] Level 1:colcon.colcon_core.package_identification:_identify(src/velodyne) by extension 'ros'
[0.130s] Level 1:colcon.colcon_core.package_identification:_identify(src/velodyne) by extensions ['cmake', 'python']
[0.130s] Level 1:colcon.colcon_core.package_identification:_identify(src/velodyne) by extension 'cmake'
[0.130s] Level 1:colcon.colcon_core.package_identification:_identify(src/velodyne) by extension 'python'
[0.130s] Level 1:colcon.colcon_core.package_identification:_identify(src/velodyne) by extensions ['python_setup_py']
[0.130s] Level 1:colcon.colcon_core.package_identification:_identify(src/velodyne) by extension 'python_setup_py'
[0.130s] Level 1:colcon.colcon_core.package_identification:_identify(src/velodyne/velodyne) by extensions ['ignore', 'ignore_ament_install']
[0.130s] Level 1:colcon.colcon_core.package_identification:_identify(src/velodyne/velodyne) by extension 'ignore'
[0.130s] Level 1:colcon.colcon_core.package_identification:_identify(src/velodyne/velodyne) by extension 'ignore_ament_install'
[0.130s] Level 1:colcon.colcon_core.package_identification:_identify(src/velodyne/velodyne) by extensions ['colcon_pkg']
[0.130s] Level 1:colcon.colcon_core.package_identification:_identify(src/velodyne/velodyne) by extension 'colcon_pkg'
[0.130s] Level 1:colcon.colcon_core.package_identification:_identify(src/velodyne/velodyne) by extensions ['colcon_meta']
[0.131s] Level 1:colcon.colcon_core.package_identification:_identify(src/velodyne/velodyne) by extension 'colcon_meta'
[0.131s] Level 1:colcon.colcon_core.package_identification:_identify(src/velodyne/velodyne) by extensions ['ros']
[0.131s] Level 1:colcon.colcon_core.package_identification:_identify(src/velodyne/velodyne) by extension 'ros'
[0.131s] DEBUG:colcon.colcon_core.package_identification:Package 'src/velodyne/velodyne' with type 'ros.ament_cmake' and name 'velodyne'
[0.131s] Level 1:colcon.colcon_core.package_identification:_identify(src/velodyne/velodyne_driver) by extensions ['ignore', 'ignore_ament_install']
[0.131s] Level 1:colcon.colcon_core.package_identification:_identify(src/velodyne/velodyne_driver) by extension 'ignore'
[0.131s] Level 1:colcon.colcon_core.package_identification:_identify(src/velodyne/velodyne_driver) by extension 'ignore_ament_install'
[0.131s] Level 1:colcon.colcon_core.package_identification:_identify(src/velodyne/velodyne_driver) by extensions ['colcon_pkg']
[0.131s] Level 1:colcon.colcon_core.package_identification:_identify(src/velodyne/velodyne_driver) by extension 'colcon_pkg'
[0.131s] Level 1:colcon.colcon_core.package_identification:_identify(src/velodyne/velodyne_driver) by extensions ['colcon_meta']
[0.131s] Level 1:colcon.colcon_core.package_identification:_identify(src/velodyne/velodyne_driver) by extension 'colcon_meta'
[0.131s] Level 1:colcon.colcon_core.package_identification:_identify(src/velodyne/velodyne_driver) by extensions ['ros']
[0.131s] Level 1:colcon.colcon_core.package_identification:_identify(src/velodyne/velodyne_driver) by extension 'ros'
[0.132s] DEBUG:colcon.colcon_core.package_identification:Package 'src/velodyne/velodyne_driver' with type 'ros.ament_cmake' and name 'velodyne_driver'
[0.132s] Level 1:colcon.colcon_core.package_identification:_identify(src/velodyne/velodyne_laserscan) by extensions ['ignore', 'ignore_ament_install']
[0.132s] Level 1:colcon.colcon_core.package_identification:_identify(src/velodyne/velodyne_laserscan) by extension 'ignore'
[0.132s] Level 1:colcon.colcon_core.package_identification:_identify(src/velodyne/velodyne_laserscan) by extension 'ignore_ament_install'
[0.132s] Level 1:colcon.colcon_core.package_identification:_identify(src/velodyne/velodyne_laserscan) by extensions ['colcon_pkg']
[0.132s] Level 1:colcon.colcon_core.package_identification:_identify(src/velodyne/velodyne_laserscan) by extension 'colcon_pkg'
[0.132s] Level 1:colcon.colcon_core.package_identification:_identify(src/velodyne/velodyne_laserscan) by extensions ['colcon_meta']
[0.132s] Level 1:colcon.colcon_core.package_identification:_identify(src/velodyne/velodyne_laserscan) by extension 'colcon_meta'
[0.132s] Level 1:colcon.colcon_core.package_identification:_identify(src/velodyne/velodyne_laserscan) by extensions ['ros']
[0.132s] Level 1:colcon.colcon_core.package_identification:_identify(src/velodyne/velodyne_laserscan) by extension 'ros'
[0.133s] DEBUG:colcon.colcon_core.package_identification:Package 'src/velodyne/velodyne_laserscan' with type 'ros.ament_cmake' and name 'velodyne_laserscan'
[0.133s] Level 1:colcon.colcon_core.package_identification:_identify(src/velodyne/velodyne_msgs) by extensions ['ignore', 'ignore_ament_install']
[0.133s] Level 1:colcon.colcon_core.package_identification:_identify(src/velodyne/velodyne_msgs) by extension 'ignore'
[0.133s] Level 1:colcon.colcon_core.package_identification:_identify(src/velodyne/velodyne_msgs) by extension 'ignore_ament_install'
[0.133s] Level 1:colcon.colcon_core.package_identification:_identify(src/velodyne/velodyne_msgs) by extensions ['colcon_pkg']
[0.133s] Level 1:colcon.colcon_core.package_identification:_identify(src/velodyne/velodyne_msgs) by extension 'colcon_pkg'
[0.133s] Level 1:colcon.colcon_core.package_identification:_identify(src/velodyne/velodyne_msgs) by extensions ['colcon_meta']
[0.133s] Level 1:colcon.colcon_core.package_identification:_identify(src/velodyne/velodyne_msgs) by extension 'colcon_meta'
[0.133s] Level 1:colcon.colcon_core.package_identification:_identify(src/velodyne/velodyne_msgs) by extensions ['ros']
[0.133s] Level 1:colcon.colcon_core.package_identification:_identify(src/velodyne/velodyne_msgs) by extension 'ros'
[0.134s] DEBUG:colcon.colcon_core.package_identification:Package 'src/velodyne/velodyne_msgs' with type 'ros.ament_cmake' and name 'velodyne_msgs'
[0.134s] Level 1:colcon.colcon_core.package_identification:_identify(src/velodyne/velodyne_pointcloud) by extensions ['ignore', 'ignore_ament_install']
[0.134s] Level 1:colcon.colcon_core.package_identification:_identify(src/velodyne/velodyne_pointcloud) by extension 'ignore'
[0.134s] Level 1:colcon.colcon_core.package_identification:_identify(src/velodyne/velodyne_pointcloud) by extension 'ignore_ament_install'
[0.134s] Level 1:colcon.colcon_core.package_identification:_identify(src/velodyne/velodyne_pointcloud) by extensions ['colcon_pkg']
[0.134s] Level 1:colcon.colcon_core.package_identification:_identify(src/velodyne/velodyne_pointcloud) by extension 'colcon_pkg'
[0.134s] Level 1:colcon.colcon_core.package_identification:_identify(src/velodyne/velodyne_pointcloud) by extensions ['colcon_meta']
[0.134s] Level 1:colcon.colcon_core.package_identification:_identify(src/velodyne/velodyne_pointcloud) by extension 'colcon_meta'
[0.134s] Level 1:colcon.colcon_core.package_identification:_identify(src/velodyne/velodyne_pointcloud) by extensions ['ros']
[0.134s] Level 1:colcon.colcon_core.package_identification:_identify(src/velodyne/velodyne_pointcloud) by extension 'ros'
[0.135s] DEBUG:colcon.colcon_core.package_identification:Package 'src/velodyne/velodyne_pointcloud' with type 'ros.ament_cmake' and name 'velodyne_pointcloud'
[0.135s] Level 1:colcon.colcon_core.package_discovery:discover_packages(recursive) using defaults
[0.135s] Level 1:colcon.colcon_core.package_discovery:discover_packages(ignore) discover
[0.135s] Level 1:colcon.colcon_core.package_discovery:discover_packages(ignore) using defaults
[0.135s] Level 1:colcon.colcon_core.package_discovery:discover_packages(path) discover
[0.135s] Level 1:colcon.colcon_core.package_discovery:discover_packages(path) using defaults
[0.150s] WARNING:colcon.colcon_core.package_discovery:ignoring unknown package 'PCL' in --packages-ignore
[0.151s] Level 1:colcon.colcon_core.package_discovery:discover_packages(prefix_path) check parameters
[0.151s] Level 1:colcon.colcon_core.package_discovery:discover_packages(prefix_path) discover
[0.153s] DEBUG:colcon.colcon_installed_package_information.package_discovery:Found 6 installed packages in /home/jae/Lidar_ws/install
[0.153s] DEBUG:colcon.colcon_installed_package_information.package_discovery:Found 1 installed packages in /home/jae/ros2_ws/install
[0.154s] DEBUG:colcon.colcon_installed_package_information.package_discovery:Found 219 installed packages in /opt/ros/humble
[0.155s] Level 1:colcon.colcon_core.package_discovery:discover_packages(prefix_path) using defaults
[0.176s] Level 5:colcon.colcon_core.verb:set package 'lidar_processing' build argument 'cmake_args' from command line to 'None'
[0.177s] Level 5:colcon.colcon_core.verb:set package 'lidar_processing' build argument 'cmake_target' from command line to 'None'
[0.177s] Level 5:colcon.colcon_core.verb:set package 'lidar_processing' build argument 'cmake_target_skip_unavailable' from command line to 'False'
[0.177s] Level 5:colcon.colcon_core.verb:set package 'lidar_processing' build argument 'cmake_clean_cache' from command line to 'False'
[0.177s] Level 5:colcon.colcon_core.verb:set package 'lidar_processing' build argument 'cmake_clean_first' from command line to 'False'
[0.177s] Level 5:colcon.colcon_core.verb:set package 'lidar_processing' build argument 'cmake_force_configure' from command line to 'False'
[0.177s] Level 5:colcon.colcon_core.verb:set package 'lidar_processing' build argument 'ament_cmake_args' from command line to 'None'
[0.177s] Level 5:colcon.colcon_core.verb:set package 'lidar_processing' build argument 'catkin_cmake_args' from command line to 'None'
[0.177s] Level 5:colcon.colcon_core.verb:set package 'lidar_processing' build argument 'catkin_skip_building_tests' from command line to 'False'
[0.177s] DEBUG:colcon.colcon_core.verb:Building package 'lidar_processing' with the following arguments: {'ament_cmake_args': None, 'build_base': '/home/jae/Lidar_ws/build/lidar_processing', 'catkin_cmake_args': None, 'catkin_skip_building_tests': False, 'cmake_args': None, 'cmake_clean_cache': False, 'cmake_clean_first': False, 'cmake_force_configure': False, 'cmake_target': None, 'cmake_target_skip_unavailable': False, 'install_base': '/home/jae/Lidar_ws/install/lidar_processing', 'merge_install': False, 'path': '/home/jae/Lidar_ws/src/lidar_processing', 'symlink_install': True, 'test_result_base': None}
[0.177s] Level 5:colcon.colcon_core.verb:set package 'velodyne_laserscan' build argument 'cmake_args' from command line to 'None'
[0.177s] Level 5:colcon.colcon_core.verb:set package 'velodyne_laserscan' build argument 'cmake_target' from command line to 'None'
[0.177s] Level 5:colcon.colcon_core.verb:set package 'velodyne_laserscan' build argument 'cmake_target_skip_unavailable' from command line to 'False'
[0.177s] Level 5:colcon.colcon_core.verb:set package 'velodyne_laserscan' build argument 'cmake_clean_cache' from command line to 'False'
[0.177s] Level 5:colcon.colcon_core.verb:set package 'velodyne_laserscan' build argument 'cmake_clean_first' from command line to 'False'
[0.177s] Level 5:colcon.colcon_core.verb:set package 'velodyne_laserscan' build argument 'cmake_force_configure' from command line to 'False'
[0.177s] Level 5:colcon.colcon_core.verb:set package 'velodyne_laserscan' build argument 'ament_cmake_args' from command line to 'None'
[0.177s] Level 5:colcon.colcon_core.verb:set package 'velodyne_laserscan' build argument 'catkin_cmake_args' from command line to 'None'
[0.177s] Level 5:colcon.colcon_core.verb:set package 'velodyne_laserscan' build argument 'catkin_skip_building_tests' from command line to 'False'
[0.177s] DEBUG:colcon.colcon_core.verb:Building package 'velodyne_laserscan' with the following arguments: {'ament_cmake_args': None, 'build_base': '/home/jae/Lidar_ws/build/velodyne_laserscan', 'catkin_cmake_args': None, 'catkin_skip_building_tests': False, 'cmake_args': None, 'cmake_clean_cache': False, 'cmake_clean_first': False, 'cmake_force_configure': False, 'cmake_target': None, 'cmake_target_skip_unavailable': False, 'install_base': '/home/jae/Lidar_ws/install/velodyne_laserscan', 'merge_install': False, 'path': '/home/jae/Lidar_ws/src/velodyne/velodyne_laserscan', 'symlink_install': True, 'test_result_base': None}
[0.178s] Level 5:colcon.colcon_core.verb:set package 'velodyne_msgs' build argument 'cmake_args' from command line to 'None'
[0.178s] Level 5:colcon.colcon_core.verb:set package 'velodyne_msgs' build argument 'cmake_target' from command line to 'None'
[0.178s] Level 5:colcon.colcon_core.verb:set package 'velodyne_msgs' build argument 'cmake_target_skip_unavailable' from command line to 'False'
[0.178s] Level 5:colcon.colcon_core.verb:set package 'velodyne_msgs' build argument 'cmake_clean_cache' from command line to 'False'
[0.178s] Level 5:colcon.colcon_core.verb:set package 'velodyne_msgs' build argument 'cmake_clean_first' from command line to 'False'
[0.178s] Level 5:colcon.colcon_core.verb:set package 'velodyne_msgs' build argument 'cmake_force_configure' from command line to 'False'
[0.178s] Level 5:colcon.colcon_core.verb:set package 'velodyne_msgs' build argument 'ament_cmake_args' from command line to 'None'
[0.178s] Level 5:colcon.colcon_core.verb:set package 'velodyne_msgs' build argument 'catkin_cmake_args' from command line to 'None'
[0.178s] Level 5:colcon.colcon_core.verb:set package 'velodyne_msgs' build argument 'catkin_skip_building_tests' from command line to 'False'
[0.178s] DEBUG:colcon.colcon_core.verb:Building package 'velodyne_msgs' with the following arguments: {'ament_cmake_args': None, 'build_base': '/home/jae/Lidar_ws/build/velodyne_msgs', 'catkin_cmake_args': None, 'catkin_skip_building_tests': False, 'cmake_args': None, 'cmake_clean_cache': False, 'cmake_clean_first': False, 'cmake_force_configure': False, 'cmake_target': None, 'cmake_target_skip_unavailable': False, 'install_base': '/home/jae/Lidar_ws/install/velodyne_msgs', 'merge_install': False, 'path': '/home/jae/Lidar_ws/src/velodyne/velodyne_msgs', 'symlink_install': True, 'test_result_base': None}
[0.178s] Level 5:colcon.colcon_core.verb:set package 'velodyne_driver' build argument 'cmake_args' from command line to 'None'
[0.178s] Level 5:colcon.colcon_core.verb:set package 'velodyne_driver' build argument 'cmake_target' from command line to 'None'
[0.178s] Level 5:colcon.colcon_core.verb:set package 'velodyne_driver' build argument 'cmake_target_skip_unavailable' from command line to 'False'
[0.178s] Level 5:colcon.colcon_core.verb:set package 'velodyne_driver' build argument 'cmake_clean_cache' from command line to 'False'
[0.178s] Level 5:colcon.colcon_core.verb:set package 'velodyne_driver' build argument 'cmake_clean_first' from command line to 'False'
[0.178s] Level 5:colcon.colcon_core.verb:set package 'velodyne_driver' build argument 'cmake_force_configure' from command line to 'False'
[0.178s] Level 5:colcon.colcon_core.verb:set package 'velodyne_driver' build argument 'ament_cmake_args' from command line to 'None'
[0.178s] Level 5:colcon.colcon_core.verb:set package 'velodyne_driver' build argument 'catkin_cmake_args' from command line to 'None'
[0.178s] Level 5:colcon.colcon_core.verb:set package 'velodyne_driver' build argument 'catkin_skip_building_tests' from command line to 'False'
[0.178s] DEBUG:colcon.colcon_core.verb:Building package 'velodyne_driver' with the following arguments: {'ament_cmake_args': None, 'build_base': '/home/jae/Lidar_ws/build/velodyne_driver', 'catkin_cmake_args': None, 'catkin_skip_building_tests': False, 'cmake_args': None, 'cmake_clean_cache': False, 'cmake_clean_first': False, 'cmake_force_configure': False, 'cmake_target': None, 'cmake_target_skip_unavailable': False, 'install_base': '/home/jae/Lidar_ws/install/velodyne_driver', 'merge_install': False, 'path': '/home/jae/Lidar_ws/src/velodyne/velodyne_driver', 'symlink_install': True, 'test_result_base': None}
[0.178s] Level 5:colcon.colcon_core.verb:set package 'velodyne_pointcloud' build argument 'cmake_args' from command line to 'None'
[0.178s] Level 5:colcon.colcon_core.verb:set package 'velodyne_pointcloud' build argument 'cmake_target' from command line to 'None'
[0.178s] Level 5:colcon.colcon_core.verb:set package 'velodyne_pointcloud' build argument 'cmake_target_skip_unavailable' from command line to 'False'
[0.178s] Level 5:colcon.colcon_core.verb:set package 'velodyne_pointcloud' build argument 'cmake_clean_cache' from command line to 'False'
[0.178s] Level 5:colcon.colcon_core.verb:set package 'velodyne_pointcloud' build argument 'cmake_clean_first' from command line to 'False'
[0.178s] Level 5:colcon.colcon_core.verb:set package 'velodyne_pointcloud' build argument 'cmake_force_configure' from command line to 'False'
[0.179s] Level 5:colcon.colcon_core.verb:set package 'velodyne_pointcloud' build argument 'ament_cmake_args' from command line to 'None'
[0.179s] Level 5:colcon.colcon_core.verb:set package 'velodyne_pointcloud' build argument 'catkin_cmake_args' from command line to 'None'
[0.179s] Level 5:colcon.colcon_core.verb:set package 'velodyne_pointcloud' build argument 'catkin_skip_building_tests' from command line to 'False'
[0.179s] DEBUG:colcon.colcon_core.verb:Building package 'velodyne_pointcloud' with the following arguments: {'ament_cmake_args': None, 'build_base': '/home/jae/Lidar_ws/build/velodyne_pointcloud', 'catkin_cmake_args': None, 'catkin_skip_building_tests': False, 'cmake_args': None, 'cmake_clean_cache': False, 'cmake_clean_first': False, 'cmake_force_configure': False, 'cmake_target': None, 'cmake_target_skip_unavailable': False, 'install_base': '/home/jae/Lidar_ws/install/velodyne_pointcloud', 'merge_install': False, 'path': '/home/jae/Lidar_ws/src/velodyne/velodyne_pointcloud', 'symlink_install': True, 'test_result_base': None}
[0.179s] Level 5:colcon.colcon_core.verb:set package 'velodyne' build argument 'cmake_args' from command line to 'None'
[0.179s] Level 5:colcon.colcon_core.verb:set package 'velodyne' build argument 'cmake_target' from command line to 'None'
[0.179s] Level 5:colcon.colcon_core.verb:set package 'velodyne' build argument 'cmake_target_skip_unavailable' from command line to 'False'
[0.179s] Level 5:colcon.colcon_core.verb:set package 'velodyne' build argument 'cmake_clean_cache' from command line to 'False'
[0.179s] Level 5:colcon.colcon_core.verb:set package 'velodyne' build argument 'cmake_clean_first' from command line to 'False'
[0.179s] Level 5:colcon.colcon_core.verb:set package 'velodyne' build argument 'cmake_force_configure' from command line to 'False'
[0.179s] Level 5:colcon.colcon_core.verb:set package 'velodyne' build argument 'ament_cmake_args' from command line to 'None'
[0.179s] Level 5:colcon.colcon_core.verb:set package 'velodyne' build argument 'catkin_cmake_args' from command line to 'None'
[0.179s] Level 5:colcon.colcon_core.verb:set package 'velodyne' build argument 'catkin_skip_building_tests' from command line to 'False'
[0.179s] DEBUG:colcon.colcon_core.verb:Building package 'velodyne' with the following arguments: {'ament_cmake_args': None, 'build_base': '/home/jae/Lidar_ws/build/velodyne', 'catkin_cmake_args': None, 'catkin_skip_building_tests': False, 'cmake_args': None, 'cmake_clean_cache': False, 'cmake_clean_first': False, 'cmake_force_configure': False, 'cmake_target': None, 'cmake_target_skip_unavailable': False, 'install_base': '/home/jae/Lidar_ws/install/velodyne', 'merge_install': False, 'path': '/home/jae/Lidar_ws/src/velodyne/velodyne', 'symlink_install': True, 'test_result_base': None}
[0.179s] INFO:colcon.colcon_core.executor:Executing jobs using 'parallel' executor
[0.180s] DEBUG:colcon.colcon_parallel_executor.executor.parallel:run_until_complete
[0.180s] INFO:colcon.colcon_ros.task.ament_cmake.build:Building ROS package in '/home/jae/Lidar_ws/src/velodyne/velodyne_msgs' with build type 'ament_cmake'
[0.180s] INFO:colcon.colcon_cmake.task.cmake.build:Building CMake package in '/home/jae/Lidar_ws/src/velodyne/velodyne_msgs'
[0.182s] INFO:colcon.colcon_core.plugin_system:Skipping extension 'colcon_core.shell.bat': Not used on non-Windows systems
[0.182s] INFO:colcon.colcon_core.shell:Skip shell extension 'powershell' for command environment: Not usable outside of PowerShell
[0.182s] DEBUG:colcon.colcon_core.shell:Skip shell extension 'dsv' for command environment
[0.185s] INFO:colcon.colcon_ros.task.ament_cmake.build:Building ROS package in '/home/jae/Lidar_ws/src/velodyne/velodyne_laserscan' with build type 'ament_cmake'
[0.185s] INFO:colcon.colcon_cmake.task.cmake.build:Building CMake package in '/home/jae/Lidar_ws/src/velodyne/velodyne_laserscan'
[0.185s] INFO:colcon.colcon_core.shell:Skip shell extension 'powershell' for command environment: Not usable outside of PowerShell
[0.185s] DEBUG:colcon.colcon_core.shell:Skip shell extension 'dsv' for command environment
[0.188s] INFO:colcon.colcon_ros.task.ament_python.build:Building ROS package in '/home/jae/Lidar_ws/src/lidar_processing' with build type 'ament_python'
[0.188s] Level 1:colcon.colcon_core.shell:create_environment_hook('lidar_processing', 'ament_prefix_path')
[0.188s] INFO:colcon.colcon_core.shell:Creating environment hook '/home/jae/Lidar_ws/install/lidar_processing/share/lidar_processing/hook/ament_prefix_path.ps1'
[0.189s] INFO:colcon.colcon_core.shell:Creating environment descriptor '/home/jae/Lidar_ws/install/lidar_processing/share/lidar_processing/hook/ament_prefix_path.dsv'
[0.189s] INFO:colcon.colcon_core.shell:Creating environment hook '/home/jae/Lidar_ws/install/lidar_processing/share/lidar_processing/hook/ament_prefix_path.sh'
[0.190s] INFO:colcon.colcon_core.shell:Skip shell extension 'powershell' for command environment: Not usable outside of PowerShell
[0.190s] DEBUG:colcon.colcon_core.shell:Skip shell extension 'dsv' for command environment
[0.198s] DEBUG:colcon.colcon_core.event_handler.log_command:Invoking command in '/home/jae/Lidar_ws/build/velodyne_msgs': CMAKE_PREFIX_PATH=${CMAKE_PREFIX_PATH}:/home/jae/Lidar_ws/install/lidar_processing:/home/jae/ros2_ws/install/lidar_perception:/opt/ros/humble PS1=(venv) %m%# VIRTUAL_ENV_PROMPT=(venv) /usr/bin/cmake --build /home/jae/Lidar_ws/build/velodyne_msgs -- -j12 -l12
[0.202s] DEBUG:colcon.colcon_core.event_handler.log_command:Invoking command in '/home/jae/Lidar_ws/build/velodyne_laserscan': CMAKE_PREFIX_PATH=${CMAKE_PREFIX_PATH}:/home/jae/Lidar_ws/install/lidar_processing:/home/jae/ros2_ws/install/lidar_perception:/opt/ros/humble PS1=(venv) %m%# VIRTUAL_ENV_PROMPT=(venv) /usr/bin/cmake --build /home/jae/Lidar_ws/build/velodyne_laserscan -- -j12 -l12
[0.406s] INFO:colcon.colcon_core.task.python.build:Building Python package in '/home/jae/Lidar_ws/src/lidar_processing'
[0.406s] INFO:colcon.colcon_core.shell:Skip shell extension 'powershell' for command environment: Not usable outside of PowerShell
[0.406s] DEBUG:colcon.colcon_core.shell:Skip shell extension 'dsv' for command environment
[0.411s] DEBUG:colcon.colcon_core.event_handler.log_command:Invoked command in '/home/jae/Lidar_ws/build/velodyne_laserscan' returned '0': CMAKE_PREFIX_PATH=${CMAKE_PREFIX_PATH}:/home/jae/Lidar_ws/install/lidar_processing:/home/jae/ros2_ws/install/lidar_perception:/opt/ros/humble PS1=(venv) %m%# VIRTUAL_ENV_PROMPT=(venv) /usr/bin/cmake --build /home/jae/Lidar_ws/build/velodyne_laserscan -- -j12 -l12
[0.421s] DEBUG:colcon.colcon_core.event_handler.log_command:Invoking command in '/home/jae/Lidar_ws/build/velodyne_laserscan': CMAKE_PREFIX_PATH=${CMAKE_PREFIX_PATH}:/home/jae/Lidar_ws/install/lidar_processing:/home/jae/ros2_ws/install/lidar_perception:/opt/ros/humble PS1=(venv) %m%# VIRTUAL_ENV_PROMPT=(venv) /usr/bin/cmake --install /home/jae/Lidar_ws/build/velodyne_laserscan
[0.443s] Level 1:colcon.colcon_core.environment:create_environment_scripts_only(velodyne_laserscan)
[0.443s] DEBUG:colcon.colcon_core.event_handler.log_command:Invoked command in '/home/jae/Lidar_ws/build/velodyne_laserscan' returned '0': CMAKE_PREFIX_PATH=${CMAKE_PREFIX_PATH}:/home/jae/Lidar_ws/install/lidar_processing:/home/jae/ros2_ws/install/lidar_perception:/opt/ros/humble PS1=(venv) %m%# VIRTUAL_ENV_PROMPT=(venv) /usr/bin/cmake --install /home/jae/Lidar_ws/build/velodyne_laserscan
[0.445s] Level 1:colcon.colcon_core.environment:checking '/home/jae/Lidar_ws/install/velodyne_laserscan' for CMake module files
[0.446s] Level 1:colcon.colcon_core.environment:checking '/home/jae/Lidar_ws/install/velodyne_laserscan' for CMake config files
[0.446s] Level 1:colcon.colcon_core.shell:create_environment_hook('velodyne_laserscan', 'cmake_prefix_path')
[0.446s] INFO:colcon.colcon_core.shell:Creating environment hook '/home/jae/Lidar_ws/install/velodyne_laserscan/share/velodyne_laserscan/hook/cmake_prefix_path.ps1'
[0.447s] INFO:colcon.colcon_core.shell:Creating environment descriptor '/home/jae/Lidar_ws/install/velodyne_laserscan/share/velodyne_laserscan/hook/cmake_prefix_path.dsv'
[0.447s] INFO:colcon.colcon_core.shell:Creating environment hook '/home/jae/Lidar_ws/install/velodyne_laserscan/share/velodyne_laserscan/hook/cmake_prefix_path.sh'
[0.448s] Level 1:colcon.colcon_core.environment:checking '/home/jae/Lidar_ws/install/velodyne_laserscan/lib'
[0.448s] Level 1:colcon.colcon_core.shell:create_environment_hook('velodyne_laserscan', 'ld_library_path_lib')
[0.448s] INFO:colcon.colcon_core.shell:Creating environment hook '/home/jae/Lidar_ws/install/velodyne_laserscan/share/velodyne_laserscan/hook/ld_library_path_lib.ps1'
[0.448s] INFO:colcon.colcon_core.shell:Creating environment descriptor '/home/jae/Lidar_ws/install/velodyne_laserscan/share/velodyne_laserscan/hook/ld_library_path_lib.dsv'
[0.449s] INFO:colcon.colcon_core.shell:Creating environment hook '/home/jae/Lidar_ws/install/velodyne_laserscan/share/velodyne_laserscan/hook/ld_library_path_lib.sh'
[0.449s] Level 1:colcon.colcon_core.environment:checking '/home/jae/Lidar_ws/install/velodyne_laserscan/bin'
[0.449s] Level 1:colcon.colcon_core.environment:checking '/home/jae/Lidar_ws/install/velodyne_laserscan/lib/pkgconfig/velodyne_laserscan.pc'
[0.449s] Level 1:colcon.colcon_core.environment:checking '/home/jae/Lidar_ws/install/velodyne_laserscan/lib/python3.10/site-packages'
[0.450s] Level 1:colcon.colcon_core.environment:checking '/home/jae/Lidar_ws/install/velodyne_laserscan/bin'
[0.450s] INFO:colcon.colcon_core.shell:Creating package script '/home/jae/Lidar_ws/install/velodyne_laserscan/share/velodyne_laserscan/package.ps1'
[0.450s] INFO:colcon.colcon_core.shell:Creating package descriptor '/home/jae/Lidar_ws/install/velodyne_laserscan/share/velodyne_laserscan/package.dsv'
[0.451s] INFO:colcon.colcon_core.shell:Creating package script '/home/jae/Lidar_ws/install/velodyne_laserscan/share/velodyne_laserscan/package.sh'
[0.452s] INFO:colcon.colcon_core.shell:Creating package script '/home/jae/Lidar_ws/install/velodyne_laserscan/share/velodyne_laserscan/package.bash'
[0.452s] INFO:colcon.colcon_core.shell:Creating package script '/home/jae/Lidar_ws/install/velodyne_laserscan/share/velodyne_laserscan/package.zsh'
[0.453s] Level 1:colcon.colcon_core.environment:create_file_with_runtime_dependencies(/home/jae/Lidar_ws/install/velodyne_laserscan/share/colcon-core/packages/velodyne_laserscan)
[0.453s] Level 1:colcon.colcon_core.environment:create_environment_scripts_only(velodyne_laserscan)
[0.453s] Level 1:colcon.colcon_core.environment:checking '/home/jae/Lidar_ws/install/velodyne_laserscan' for CMake module files
[0.454s] Level 1:colcon.colcon_core.environment:checking '/home/jae/Lidar_ws/install/velodyne_laserscan' for CMake config files
[0.454s] Level 1:colcon.colcon_core.shell:create_environment_hook('velodyne_laserscan', 'cmake_prefix_path')
[0.454s] INFO:colcon.colcon_core.shell:Creating environment hook '/home/jae/Lidar_ws/install/velodyne_laserscan/share/velodyne_laserscan/hook/cmake_prefix_path.ps1'
[0.455s] INFO:colcon.colcon_core.shell:Creating environment descriptor '/home/jae/Lidar_ws/install/velodyne_laserscan/share/velodyne_laserscan/hook/cmake_prefix_path.dsv'
[0.455s] INFO:colcon.colcon_core.shell:Creating environment hook '/home/jae/Lidar_ws/install/velodyne_laserscan/share/velodyne_laserscan/hook/cmake_prefix_path.sh'
[0.455s] Level 1:colcon.colcon_core.environment:checking '/home/jae/Lidar_ws/install/velodyne_laserscan/lib'
[0.455s] Level 1:colcon.colcon_core.shell:create_environment_hook('velodyne_laserscan', 'ld_library_path_lib')
[0.455s] INFO:colcon.colcon_core.shell:Creating environment hook '/home/jae/Lidar_ws/install/velodyne_laserscan/share/velodyne_laserscan/hook/ld_library_path_lib.ps1'
[0.456s] INFO:colcon.colcon_core.shell:Creating environment descriptor '/home/jae/Lidar_ws/install/velodyne_laserscan/share/velodyne_laserscan/hook/ld_library_path_lib.dsv'
[0.456s] INFO:colcon.colcon_core.shell:Creating environment hook '/home/jae/Lidar_ws/install/velodyne_laserscan/share/velodyne_laserscan/hook/ld_library_path_lib.sh'
[0.456s] Level 1:colcon.colcon_core.environment:checking '/home/jae/Lidar_ws/install/velodyne_laserscan/bin'
[0.456s] Level 1:colcon.colcon_core.environment:checking '/home/jae/Lidar_ws/install/velodyne_laserscan/lib/pkgconfig/velodyne_laserscan.pc'
[0.457s] Level 1:colcon.colcon_core.environment:checking '/home/jae/Lidar_ws/install/velodyne_laserscan/lib/python3.10/site-packages'
[0.457s] Level 1:colcon.colcon_core.environment:checking '/home/jae/Lidar_ws/install/velodyne_laserscan/bin'
[0.457s] INFO:colcon.colcon_core.shell:Creating package script '/home/jae/Lidar_ws/install/velodyne_laserscan/share/velodyne_laserscan/package.ps1'
[0.457s] INFO:colcon.colcon_core.shell:Creating package descriptor '/home/jae/Lidar_ws/install/velodyne_laserscan/share/velodyne_laserscan/package.dsv'
[0.458s] INFO:colcon.colcon_core.shell:Creating package script '/home/jae/Lidar_ws/install/velodyne_laserscan/share/velodyne_laserscan/package.sh'
[0.458s] INFO:colcon.colcon_core.shell:Creating package script '/home/jae/Lidar_ws/install/velodyne_laserscan/share/velodyne_laserscan/package.bash'
[0.459s] INFO:colcon.colcon_core.shell:Creating package script '/home/jae/Lidar_ws/install/velodyne_laserscan/share/velodyne_laserscan/package.zsh'
[0.459s] Level 1:colcon.colcon_core.environment:create_file_with_runtime_dependencies(/home/jae/Lidar_ws/install/velodyne_laserscan/share/colcon-core/packages/velodyne_laserscan)
[0.567s] DEBUG:colcon.colcon_core.event_handler.log_command:Invoked command in '/home/jae/Lidar_ws/build/velodyne_msgs' returned '0': CMAKE_PREFIX_PATH=${CMAKE_PREFIX_PATH}:/home/jae/Lidar_ws/install/lidar_processing:/home/jae/ros2_ws/install/lidar_perception:/opt/ros/humble PS1=(venv) %m%# VIRTUAL_ENV_PROMPT=(venv) /usr/bin/cmake --build /home/jae/Lidar_ws/build/velodyne_msgs -- -j12 -l12
[0.568s] DEBUG:colcon.colcon_core.event_handler.log_command:Invoking command in '/home/jae/Lidar_ws/build/velodyne_msgs': CMAKE_PREFIX_PATH=${CMAKE_PREFIX_PATH}:/home/jae/Lidar_ws/install/lidar_processing:/home/jae/ros2_ws/install/lidar_perception:/opt/ros/humble PS1=(venv) %m%# VIRTUAL_ENV_PROMPT=(venv) /usr/bin/cmake --install /home/jae/Lidar_ws/build/velodyne_msgs
[0.633s] Level 1:colcon.colcon_core.environment:create_environment_scripts_only(velodyne_msgs)
[0.633s] Level 1:colcon.colcon_core.environment:checking '/home/jae/Lidar_ws/install/velodyne_msgs' for CMake module files
[0.634s] DEBUG:colcon.colcon_core.event_handler.log_command:Invoked command in '/home/jae/Lidar_ws/build/velodyne_msgs' returned '0': CMAKE_PREFIX_PATH=${CMAKE_PREFIX_PATH}:/home/jae/Lidar_ws/install/lidar_processing:/home/jae/ros2_ws/install/lidar_perception:/opt/ros/humble PS1=(venv) %m%# VIRTUAL_ENV_PROMPT=(venv) /usr/bin/cmake --install /home/jae/Lidar_ws/build/velodyne_msgs
[0.634s] Level 1:colcon.colcon_core.environment:checking '/home/jae/Lidar_ws/install/velodyne_msgs' for CMake config files
[0.634s] Level 1:colcon.colcon_core.shell:create_environment_hook('velodyne_msgs', 'cmake_prefix_path')
[0.635s] INFO:colcon.colcon_core.shell:Creating environment hook '/home/jae/Lidar_ws/install/velodyne_msgs/share/velodyne_msgs/hook/cmake_prefix_path.ps1'
[0.635s] INFO:colcon.colcon_core.shell:Creating environment descriptor '/home/jae/Lidar_ws/install/velodyne_msgs/share/velodyne_msgs/hook/cmake_prefix_path.dsv'
[0.635s] INFO:colcon.colcon_core.shell:Creating environment hook '/home/jae/Lidar_ws/install/velodyne_msgs/share/velodyne_msgs/hook/cmake_prefix_path.sh'
[0.636s] Level 1:colcon.colcon_core.environment:checking '/home/jae/Lidar_ws/install/velodyne_msgs/lib'
[0.636s] Level 1:colcon.colcon_core.shell:create_environment_hook('velodyne_msgs', 'ld_library_path_lib')
[0.636s] INFO:colcon.colcon_core.shell:Creating environment hook '/home/jae/Lidar_ws/install/velodyne_msgs/share/velodyne_msgs/hook/ld_library_path_lib.ps1'
[0.636s] INFO:colcon.colcon_core.shell:Creating environment descriptor '/home/jae/Lidar_ws/install/velodyne_msgs/share/velodyne_msgs/hook/ld_library_path_lib.dsv'
[0.637s] INFO:colcon.colcon_core.shell:Creating environment hook '/home/jae/Lidar_ws/install/velodyne_msgs/share/velodyne_msgs/hook/ld_library_path_lib.sh'
[0.637s] Level 1:colcon.colcon_core.environment:checking '/home/jae/Lidar_ws/install/velodyne_msgs/bin'
[0.637s] Level 1:colcon.colcon_core.environment:checking '/home/jae/Lidar_ws/install/velodyne_msgs/lib/pkgconfig/velodyne_msgs.pc'
[0.637s] Level 1:colcon.colcon_core.environment:checking '/home/jae/Lidar_ws/install/velodyne_msgs/lib/python3.10/site-packages'
[0.637s] Level 1:colcon.colcon_core.environment:checking '/home/jae/Lidar_ws/install/velodyne_msgs/bin'
[0.638s] INFO:colcon.colcon_core.shell:Creating package script '/home/jae/Lidar_ws/install/velodyne_msgs/share/velodyne_msgs/package.ps1'
[0.638s] INFO:colcon.colcon_core.shell:Creating package descriptor '/home/jae/Lidar_ws/install/velodyne_msgs/share/velodyne_msgs/package.dsv'
[0.638s] INFO:colcon.colcon_core.shell:Creating package script '/home/jae/Lidar_ws/install/velodyne_msgs/share/velodyne_msgs/package.sh'
[0.639s] INFO:colcon.colcon_core.shell:Creating package script '/home/jae/Lidar_ws/install/velodyne_msgs/share/velodyne_msgs/package.bash'
[0.639s] INFO:colcon.colcon_core.shell:Creating package script '/home/jae/Lidar_ws/install/velodyne_msgs/share/velodyne_msgs/package.zsh'
[0.639s] Level 1:colcon.colcon_core.environment:create_file_with_runtime_dependencies(/home/jae/Lidar_ws/install/velodyne_msgs/share/colcon-core/packages/velodyne_msgs)
[0.640s] Level 1:colcon.colcon_core.environment:create_environment_scripts_only(velodyne_msgs)
[0.640s] Level 1:colcon.colcon_core.environment:checking '/home/jae/Lidar_ws/install/velodyne_msgs' for CMake module files
[0.640s] Level 1:colcon.colcon_core.environment:checking '/home/jae/Lidar_ws/install/velodyne_msgs' for CMake config files
[0.641s] Level 1:colcon.colcon_core.shell:create_environment_hook('velodyne_msgs', 'cmake_prefix_path')
[0.641s] INFO:colcon.colcon_core.shell:Creating environment hook '/home/jae/Lidar_ws/install/velodyne_msgs/share/velodyne_msgs/hook/cmake_prefix_path.ps1'
[0.641s] INFO:colcon.colcon_core.shell:Creating environment descriptor '/home/jae/Lidar_ws/install/velodyne_msgs/share/velodyne_msgs/hook/cmake_prefix_path.dsv'
[0.641s] INFO:colcon.colcon_core.shell:Creating environment hook '/home/jae/Lidar_ws/install/velodyne_msgs/share/velodyne_msgs/hook/cmake_prefix_path.sh'
[0.642s] Level 1:colcon.colcon_core.environment:checking '/home/jae/Lidar_ws/install/velodyne_msgs/lib'
[0.642s] Level 1:colcon.colcon_core.shell:create_environment_hook('velodyne_msgs', 'ld_library_path_lib')
[0.642s] INFO:colcon.colcon_core.shell:Creating environment hook '/home/jae/Lidar_ws/install/velodyne_msgs/share/velodyne_msgs/hook/ld_library_path_lib.ps1'
[0.642s] INFO:colcon.colcon_core.shell:Creating environment descriptor '/home/jae/Lidar_ws/install/velodyne_msgs/share/velodyne_msgs/hook/ld_library_path_lib.dsv'
[0.642s] INFO:colcon.colcon_core.shell:Creating environment hook '/home/jae/Lidar_ws/install/velodyne_msgs/share/velodyne_msgs/hook/ld_library_path_lib.sh'
[0.643s] Level 1:colcon.colcon_core.environment:checking '/home/jae/Lidar_ws/install/velodyne_msgs/bin'
[0.643s] Level 1:colcon.colcon_core.environment:checking '/home/jae/Lidar_ws/install/velodyne_msgs/lib/pkgconfig/velodyne_msgs.pc'
[0.643s] Level 1:colcon.colcon_core.environment:checking '/home/jae/Lidar_ws/install/velodyne_msgs/lib/python3.10/site-packages'
[0.643s] Level 1:colcon.colcon_core.environment:checking '/home/jae/Lidar_ws/install/velodyne_msgs/bin'
[0.643s] INFO:colcon.colcon_core.shell:Creating package script '/home/jae/Lidar_ws/install/velodyne_msgs/share/velodyne_msgs/package.ps1'
[0.644s] INFO:colcon.colcon_core.shell:Creating package descriptor '/home/jae/Lidar_ws/install/velodyne_msgs/share/velodyne_msgs/package.dsv'
[0.644s] INFO:colcon.colcon_core.shell:Creating package script '/home/jae/Lidar_ws/install/velodyne_msgs/share/velodyne_msgs/package.sh'
[0.644s] INFO:colcon.colcon_core.shell:Creating package script '/home/jae/Lidar_ws/install/velodyne_msgs/share/velodyne_msgs/package.bash'
[0.645s] INFO:colcon.colcon_core.shell:Creating package script '/home/jae/Lidar_ws/install/velodyne_msgs/share/velodyne_msgs/package.zsh'
[0.645s] Level 1:colcon.colcon_core.environment:create_file_with_runtime_dependencies(/home/jae/Lidar_ws/install/velodyne_msgs/share/colcon-core/packages/velodyne_msgs)
[0.645s] INFO:colcon.colcon_ros.task.ament_cmake.build:Building ROS package in '/home/jae/Lidar_ws/src/velodyne/velodyne_driver' with build type 'ament_cmake'
[0.645s] INFO:colcon.colcon_cmake.task.cmake.build:Building CMake package in '/home/jae/Lidar_ws/src/velodyne/velodyne_driver'
[0.646s] INFO:colcon.colcon_core.shell:Skip shell extension 'powershell' for command environment: Not usable outside of PowerShell
[0.646s] DEBUG:colcon.colcon_core.shell:Skip shell extension 'dsv' for command environment
[0.649s] INFO:colcon.colcon_ros.task.ament_cmake.build:Building ROS package in '/home/jae/Lidar_ws/src/velodyne/velodyne_pointcloud' with build type 'ament_cmake'
[0.649s] INFO:colcon.colcon_cmake.task.cmake.build:Building CMake package in '/home/jae/Lidar_ws/src/velodyne/velodyne_pointcloud'
[0.649s] INFO:colcon.colcon_core.shell:Skip shell extension 'powershell' for command environment: Not usable outside of PowerShell
[0.649s] DEBUG:colcon.colcon_core.shell:Skip shell extension 'dsv' for command environment
[0.656s] DEBUG:colcon.colcon_core.event_handler.log_command:Invoking command in '/home/jae/Lidar_ws/build/velodyne_driver': CMAKE_PREFIX_PATH=/home/jae/Lidar_ws/install/velodyne_msgs:/home/jae/Lidar_ws/install/velodyne:/home/jae/Lidar_ws/install/velodyne_pointcloud:/home/jae/Lidar_ws/install/velodyne_driver:/home/jae/Lidar_ws/install/velodyne_laserscan:/home/jae/Lidar_ws/install/lidar_processing:/home/jae/ros2_ws/install/lidar_perception:/opt/ros/humble LD_LIBRARY_PATH=/home/jae/Lidar_ws/install/velodyne_msgs/lib:/home/jae/Lidar_ws/install/velodyne_pointcloud/lib:/home/jae/Lidar_ws/install/velodyne_driver/lib:/home/jae/Lidar_ws/install/velodyne_laserscan/lib:/opt/ros/humble/opt/rviz_ogre_vendor/lib:/opt/ros/humble/lib/x86_64-linux-gnu:/opt/ros/humble/lib PS1=(venv) %m%# VIRTUAL_ENV_PROMPT=(venv) /usr/bin/cmake --build /home/jae/Lidar_ws/build/velodyne_driver -- -j12 -l12
[0.660s] DEBUG:colcon.colcon_core.event_handler.log_command:Invoking command in '/home/jae/Lidar_ws/build/velodyne_pointcloud': CMAKE_PREFIX_PATH=/home/jae/Lidar_ws/install/velodyne_msgs:/home/jae/Lidar_ws/install/velodyne:/home/jae/Lidar_ws/install/velodyne_pointcloud:/home/jae/Lidar_ws/install/velodyne_driver:/home/jae/Lidar_ws/install/velodyne_laserscan:/home/jae/Lidar_ws/install/lidar_processing:/home/jae/ros2_ws/install/lidar_perception:/opt/ros/humble LD_LIBRARY_PATH=/home/jae/Lidar_ws/install/velodyne_msgs/lib:/home/jae/Lidar_ws/install/velodyne_pointcloud/lib:/home/jae/Lidar_ws/install/velodyne_driver/lib:/home/jae/Lidar_ws/install/velodyne_laserscan/lib:/opt/ros/humble/opt/rviz_ogre_vendor/lib:/opt/ros/humble/lib/x86_64-linux-gnu:/opt/ros/humble/lib PS1=(venv) %m%# VIRTUAL_ENV_PROMPT=(venv) /usr/bin/cmake --build /home/jae/Lidar_ws/build/velodyne_pointcloud -- -j12 -l12
[0.813s] DEBUG:colcon.colcon_core.event_handler.log_command:Invoked command in '/home/jae/Lidar_ws/build/velodyne_driver' returned '0': CMAKE_PREFIX_PATH=/home/jae/Lidar_ws/install/velodyne_msgs:/home/jae/Lidar_ws/install/velodyne:/home/jae/Lidar_ws/install/velodyne_pointcloud:/home/jae/Lidar_ws/install/velodyne_driver:/home/jae/Lidar_ws/install/velodyne_laserscan:/home/jae/Lidar_ws/install/lidar_processing:/home/jae/ros2_ws/install/lidar_perception:/opt/ros/humble LD_LIBRARY_PATH=/home/jae/Lidar_ws/install/velodyne_msgs/lib:/home/jae/Lidar_ws/install/velodyne_pointcloud/lib:/home/jae/Lidar_ws/install/velodyne_driver/lib:/home/jae/Lidar_ws/install/velodyne_laserscan/lib:/opt/ros/humble/opt/rviz_ogre_vendor/lib:/opt/ros/humble/lib/x86_64-linux-gnu:/opt/ros/humble/lib PS1=(venv) %m%# VIRTUAL_ENV_PROMPT=(venv) /usr/bin/cmake --build /home/jae/Lidar_ws/build/velodyne_driver -- -j12 -l12
[0.815s] DEBUG:colcon.colcon_core.event_handler.log_command:Invoking command in '/home/jae/Lidar_ws/build/velodyne_driver': CMAKE_PREFIX_PATH=/home/jae/Lidar_ws/install/velodyne_msgs:/home/jae/Lidar_ws/install/velodyne:/home/jae/Lidar_ws/install/velodyne_pointcloud:/home/jae/Lidar_ws/install/velodyne_driver:/home/jae/Lidar_ws/install/velodyne_laserscan:/home/jae/Lidar_ws/install/lidar_processing:/home/jae/ros2_ws/install/lidar_perception:/opt/ros/humble LD_LIBRARY_PATH=/home/jae/Lidar_ws/install/velodyne_msgs/lib:/home/jae/Lidar_ws/install/velodyne_pointcloud/lib:/home/jae/Lidar_ws/install/velodyne_driver/lib:/home/jae/Lidar_ws/install/velodyne_laserscan/lib:/opt/ros/humble/opt/rviz_ogre_vendor/lib:/opt/ros/humble/lib/x86_64-linux-gnu:/opt/ros/humble/lib PS1=(venv) %m%# VIRTUAL_ENV_PROMPT=(venv) /usr/bin/cmake --install /home/jae/Lidar_ws/build/velodyne_driver
[0.837s] DEBUG:colcon.colcon_core.event_handler.log_command:Invoked command in '/home/jae/Lidar_ws/build/velodyne_pointcloud' returned '0': CMAKE_PREFIX_PATH=/home/jae/Lidar_ws/install/velodyne_msgs:/home/jae/Lidar_ws/install/velodyne:/home/jae/Lidar_ws/install/velodyne_pointcloud:/home/jae/Lidar_ws/install/velodyne_driver:/home/jae/Lidar_ws/install/velodyne_laserscan:/home/jae/Lidar_ws/install/lidar_processing:/home/jae/ros2_ws/install/lidar_perception:/opt/ros/humble LD_LIBRARY_PATH=/home/jae/Lidar_ws/install/velodyne_msgs/lib:/home/jae/Lidar_ws/install/velodyne_pointcloud/lib:/home/jae/Lidar_ws/install/velodyne_driver/lib:/home/jae/Lidar_ws/install/velodyne_laserscan/lib:/opt/ros/humble/opt/rviz_ogre_vendor/lib:/opt/ros/humble/lib/x86_64-linux-gnu:/opt/ros/humble/lib PS1=(venv) %m%# VIRTUAL_ENV_PROMPT=(venv) /usr/bin/cmake --build /home/jae/Lidar_ws/build/velodyne_pointcloud -- -j12 -l12
[0.838s] DEBUG:colcon.colcon_core.event_handler.log_command:Invoking command in '/home/jae/Lidar_ws/build/velodyne_pointcloud': CMAKE_PREFIX_PATH=/home/jae/Lidar_ws/install/velodyne_msgs:/home/jae/Lidar_ws/install/velodyne:/home/jae/Lidar_ws/install/velodyne_pointcloud:/home/jae/Lidar_ws/install/velodyne_driver:/home/jae/Lidar_ws/install/velodyne_laserscan:/home/jae/Lidar_ws/install/lidar_processing:/home/jae/ros2_ws/install/lidar_perception:/opt/ros/humble LD_LIBRARY_PATH=/home/jae/Lidar_ws/install/velodyne_msgs/lib:/home/jae/Lidar_ws/install/velodyne_pointcloud/lib:/home/jae/Lidar_ws/install/velodyne_driver/lib:/home/jae/Lidar_ws/install/velodyne_laserscan/lib:/opt/ros/humble/opt/rviz_ogre_vendor/lib:/opt/ros/humble/lib/x86_64-linux-gnu:/opt/ros/humble/lib PS1=(venv) %m%# VIRTUAL_ENV_PROMPT=(venv) /usr/bin/cmake --install /home/jae/Lidar_ws/build/velodyne_pointcloud
[0.839s] Level 1:colcon.colcon_core.environment:create_environment_scripts_only(velodyne_driver)
[0.840s] Level 1:colcon.colcon_core.environment:checking '/home/jae/Lidar_ws/install/velodyne_driver' for CMake module files
[0.840s] DEBUG:colcon.colcon_core.event_handler.log_command:Invoked command in '/home/jae/Lidar_ws/build/velodyne_driver' returned '0': CMAKE_PREFIX_PATH=/home/jae/Lidar_ws/install/velodyne_msgs:/home/jae/Lidar_ws/install/velodyne:/home/jae/Lidar_ws/install/velodyne_pointcloud:/home/jae/Lidar_ws/install/velodyne_driver:/home/jae/Lidar_ws/install/velodyne_laserscan:/home/jae/Lidar_ws/install/lidar_processing:/home/jae/ros2_ws/install/lidar_perception:/opt/ros/humble LD_LIBRARY_PATH=/home/jae/Lidar_ws/install/velodyne_msgs/lib:/home/jae/Lidar_ws/install/velodyne_pointcloud/lib:/home/jae/Lidar_ws/install/velodyne_driver/lib:/home/jae/Lidar_ws/install/velodyne_laserscan/lib:/opt/ros/humble/opt/rviz_ogre_vendor/lib:/opt/ros/humble/lib/x86_64-linux-gnu:/opt/ros/humble/lib PS1=(venv) %m%# VIRTUAL_ENV_PROMPT=(venv) /usr/bin/cmake --install /home/jae/Lidar_ws/build/velodyne_driver
[0.841s] Level 1:colcon.colcon_core.environment:checking '/home/jae/Lidar_ws/install/velodyne_driver' for CMake config files
[0.841s] Level 1:colcon.colcon_core.shell:create_environment_hook('velodyne_driver', 'cmake_prefix_path')
[0.841s] INFO:colcon.colcon_core.shell:Creating environment hook '/home/jae/Lidar_ws/install/velodyne_driver/share/velodyne_driver/hook/cmake_prefix_path.ps1'
[0.842s] INFO:colcon.colcon_core.shell:Creating environment descriptor '/home/jae/Lidar_ws/install/velodyne_driver/share/velodyne_driver/hook/cmake_prefix_path.dsv'
[0.842s] INFO:colcon.colcon_core.shell:Creating environment hook '/home/jae/Lidar_ws/install/velodyne_driver/share/velodyne_driver/hook/cmake_prefix_path.sh'
[0.843s] Level 1:colcon.colcon_core.environment:checking '/home/jae/Lidar_ws/install/velodyne_driver/lib'
[0.843s] Level 1:colcon.colcon_core.shell:create_environment_hook('velodyne_driver', 'ld_library_path_lib')
[0.843s] INFO:colcon.colcon_core.shell:Creating environment hook '/home/jae/Lidar_ws/install/velodyne_driver/share/velodyne_driver/hook/ld_library_path_lib.ps1'
[0.843s] INFO:colcon.colcon_core.shell:Creating environment descriptor '/home/jae/Lidar_ws/install/velodyne_driver/share/velodyne_driver/hook/ld_library_path_lib.dsv'
[0.844s] INFO:colcon.colcon_core.shell:Creating environment hook '/home/jae/Lidar_ws/install/velodyne_driver/share/velodyne_driver/hook/ld_library_path_lib.sh'
[0.844s] Level 1:colcon.colcon_core.environment:checking '/home/jae/Lidar_ws/install/velodyne_driver/bin'
[0.844s] Level 1:colcon.colcon_core.environment:checking '/home/jae/Lidar_ws/install/velodyne_driver/lib/pkgconfig/velodyne_driver.pc'
[0.844s] Level 1:colcon.colcon_core.environment:checking '/home/jae/Lidar_ws/install/velodyne_driver/lib/python3.10/site-packages'
[0.844s] Level 1:colcon.colcon_core.environment:checking '/home/jae/Lidar_ws/install/velodyne_driver/bin'
[0.845s] INFO:colcon.colcon_core.shell:Creating package script '/home/jae/Lidar_ws/install/velodyne_driver/share/velodyne_driver/package.ps1'
[0.845s] INFO:colcon.colcon_core.shell:Creating package descriptor '/home/jae/Lidar_ws/install/velodyne_driver/share/velodyne_driver/package.dsv'
[0.846s] INFO:colcon.colcon_core.shell:Creating package script '/home/jae/Lidar_ws/install/velodyne_driver/share/velodyne_driver/package.sh'
[0.847s] INFO:colcon.colcon_core.shell:Creating package script '/home/jae/Lidar_ws/install/velodyne_driver/share/velodyne_driver/package.bash'
[0.850s] INFO:colcon.colcon_core.shell:Creating package script '/home/jae/Lidar_ws/install/velodyne_driver/share/velodyne_driver/package.zsh'
[0.851s] Level 1:colcon.colcon_core.environment:create_file_with_runtime_dependencies(/home/jae/Lidar_ws/install/velodyne_driver/share/colcon-core/packages/velodyne_driver)
[0.851s] Level 1:colcon.colcon_core.environment:create_environment_scripts_only(velodyne_driver)
[0.851s] Level 1:colcon.colcon_core.environment:checking '/home/jae/Lidar_ws/install/velodyne_driver' for CMake module files
[0.852s] Level 1:colcon.colcon_core.environment:checking '/home/jae/Lidar_ws/install/velodyne_driver' for CMake config files
[0.852s] Level 1:colcon.colcon_core.shell:create_environment_hook('velodyne_driver', 'cmake_prefix_path')
[0.852s] INFO:colcon.colcon_core.shell:Creating environment hook '/home/jae/Lidar_ws/install/velodyne_driver/share/velodyne_driver/hook/cmake_prefix_path.ps1'
[0.853s] INFO:colcon.colcon_core.shell:Creating environment descriptor '/home/jae/Lidar_ws/install/velodyne_driver/share/velodyne_driver/hook/cmake_prefix_path.dsv'
[0.853s] INFO:colcon.colcon_core.shell:Creating environment hook '/home/jae/Lidar_ws/install/velodyne_driver/share/velodyne_driver/hook/cmake_prefix_path.sh'
[0.854s] Level 1:colcon.colcon_core.environment:checking '/home/jae/Lidar_ws/install/velodyne_driver/lib'
[0.854s] Level 1:colcon.colcon_core.shell:create_environment_hook('velodyne_driver', 'ld_library_path_lib')
[0.854s] INFO:colcon.colcon_core.shell:Creating environment hook '/home/jae/Lidar_ws/install/velodyne_driver/share/velodyne_driver/hook/ld_library_path_lib.ps1'
[0.854s] INFO:colcon.colcon_core.shell:Creating environment descriptor '/home/jae/Lidar_ws/install/velodyne_driver/share/velodyne_driver/hook/ld_library_path_lib.dsv'
[0.854s] INFO:colcon.colcon_core.shell:Creating environment hook '/home/jae/Lidar_ws/install/velodyne_driver/share/velodyne_driver/hook/ld_library_path_lib.sh'
[0.855s] Level 1:colcon.colcon_core.environment:checking '/home/jae/Lidar_ws/install/velodyne_driver/bin'
[0.855s] Level 1:colcon.colcon_core.environment:checking '/home/jae/Lidar_ws/install/velodyne_driver/lib/pkgconfig/velodyne_driver.pc'
[0.855s] Level 1:colcon.colcon_core.environment:checking '/home/jae/Lidar_ws/install/velodyne_driver/lib/python3.10/site-packages'
[0.855s] Level 1:colcon.colcon_core.environment:checking '/home/jae/Lidar_ws/install/velodyne_driver/bin'
[0.855s] INFO:colcon.colcon_core.shell:Creating package script '/home/jae/Lidar_ws/install/velodyne_driver/share/velodyne_driver/package.ps1'
[0.856s] INFO:colcon.colcon_core.shell:Creating package descriptor '/home/jae/Lidar_ws/install/velodyne_driver/share/velodyne_driver/package.dsv'
[0.856s] INFO:colcon.colcon_core.shell:Creating package script '/home/jae/Lidar_ws/install/velodyne_driver/share/velodyne_driver/package.sh'
[0.857s] INFO:colcon.colcon_core.shell:Creating package script '/home/jae/Lidar_ws/install/velodyne_driver/share/velodyne_driver/package.bash'
[0.857s] INFO:colcon.colcon_core.shell:Creating package script '/home/jae/Lidar_ws/install/velodyne_driver/share/velodyne_driver/package.zsh'
[0.857s] Level 1:colcon.colcon_core.environment:create_file_with_runtime_dependencies(/home/jae/Lidar_ws/install/velodyne_driver/share/colcon-core/packages/velodyne_driver)
[0.864s] Level 1:colcon.colcon_core.environment:create_environment_scripts_only(velodyne_pointcloud)
[0.864s] Level 1:colcon.colcon_core.environment:checking '/home/jae/Lidar_ws/install/velodyne_pointcloud' for CMake module files
[0.865s] DEBUG:colcon.colcon_core.event_handler.log_command:Invoked command in '/home/jae/Lidar_ws/build/velodyne_pointcloud' returned '0': CMAKE_PREFIX_PATH=/home/jae/Lidar_ws/install/velodyne_msgs:/home/jae/Lidar_ws/install/velodyne:/home/jae/Lidar_ws/install/velodyne_pointcloud:/home/jae/Lidar_ws/install/velodyne_driver:/home/jae/Lidar_ws/install/velodyne_laserscan:/home/jae/Lidar_ws/install/lidar_processing:/home/jae/ros2_ws/install/lidar_perception:/opt/ros/humble LD_LIBRARY_PATH=/home/jae/Lidar_ws/install/velodyne_msgs/lib:/home/jae/Lidar_ws/install/velodyne_pointcloud/lib:/home/jae/Lidar_ws/install/velodyne_driver/lib:/home/jae/Lidar_ws/install/velodyne_laserscan/lib:/opt/ros/humble/opt/rviz_ogre_vendor/lib:/opt/ros/humble/lib/x86_64-linux-gnu:/opt/ros/humble/lib PS1=(venv) %m%# VIRTUAL_ENV_PROMPT=(venv) /usr/bin/cmake --install /home/jae/Lidar_ws/build/velodyne_pointcloud
[0.865s] Level 1:colcon.colcon_core.environment:checking '/home/jae/Lidar_ws/install/velodyne_pointcloud' for CMake config files
[0.866s] Level 1:colcon.colcon_core.shell:create_environment_hook('velodyne_pointcloud', 'cmake_prefix_path')
[0.866s] INFO:colcon.colcon_core.shell:Creating environment hook '/home/jae/Lidar_ws/install/velodyne_pointcloud/share/velodyne_pointcloud/hook/cmake_prefix_path.ps1'
[0.867s] INFO:colcon.colcon_core.shell:Creating environment descriptor '/home/jae/Lidar_ws/install/velodyne_pointcloud/share/velodyne_pointcloud/hook/cmake_prefix_path.dsv'
[0.867s] INFO:colcon.colcon_core.shell:Creating environment hook '/home/jae/Lidar_ws/install/velodyne_pointcloud/share/velodyne_pointcloud/hook/cmake_prefix_path.sh'
[0.867s] Level 1:colcon.colcon_core.environment:checking '/home/jae/Lidar_ws/install/velodyne_pointcloud/lib'
[0.867s] Level 1:colcon.colcon_core.shell:create_environment_hook('velodyne_pointcloud', 'ld_library_path_lib')
[0.868s] INFO:colcon.colcon_core.shell:Creating environment hook '/home/jae/Lidar_ws/install/velodyne_pointcloud/share/velodyne_pointcloud/hook/ld_library_path_lib.ps1'
[0.868s] INFO:colcon.colcon_core.shell:Creating environment descriptor '/home/jae/Lidar_ws/install/velodyne_pointcloud/share/velodyne_pointcloud/hook/ld_library_path_lib.dsv'
[0.868s] INFO:colcon.colcon_core.shell:Creating environment hook '/home/jae/Lidar_ws/install/velodyne_pointcloud/share/velodyne_pointcloud/hook/ld_library_path_lib.sh'
[0.869s] Level 1:colcon.colcon_core.environment:checking '/home/jae/Lidar_ws/install/velodyne_pointcloud/bin'
[0.869s] Level 1:colcon.colcon_core.environment:checking '/home/jae/Lidar_ws/install/velodyne_pointcloud/lib/pkgconfig/velodyne_pointcloud.pc'
[0.869s] Level 1:colcon.colcon_core.environment:checking '/home/jae/Lidar_ws/install/velodyne_pointcloud/lib/python3.10/site-packages'
[0.869s] Level 1:colcon.colcon_core.environment:checking '/home/jae/Lidar_ws/install/velodyne_pointcloud/bin'
[0.869s] INFO:colcon.colcon_core.shell:Creating package script '/home/jae/Lidar_ws/install/velodyne_pointcloud/share/velodyne_pointcloud/package.ps1'
[0.870s] INFO:colcon.colcon_core.shell:Creating package descriptor '/home/jae/Lidar_ws/install/velodyne_pointcloud/share/velodyne_pointcloud/package.dsv'
[0.870s] INFO:colcon.colcon_core.shell:Creating package script '/home/jae/Lidar_ws/install/velodyne_pointcloud/share/velodyne_pointcloud/package.sh'
[0.870s] INFO:colcon.colcon_core.shell:Creating package script '/home/jae/Lidar_ws/install/velodyne_pointcloud/share/velodyne_pointcloud/package.bash'
[0.871s] INFO:colcon.colcon_core.shell:Creating package script '/home/jae/Lidar_ws/install/velodyne_pointcloud/share/velodyne_pointcloud/package.zsh'
[0.871s] Level 1:colcon.colcon_core.environment:create_file_with_runtime_dependencies(/home/jae/Lidar_ws/install/velodyne_pointcloud/share/colcon-core/packages/velodyne_pointcloud)
[0.871s] Level 1:colcon.colcon_core.environment:create_environment_scripts_only(velodyne_pointcloud)
[0.871s] Level 1:colcon.colcon_core.environment:checking '/home/jae/Lidar_ws/install/velodyne_pointcloud' for CMake module files
[0.872s] Level 1:colcon.colcon_core.environment:checking '/home/jae/Lidar_ws/install/velodyne_pointcloud' for CMake config files
[0.872s] Level 1:colcon.colcon_core.shell:create_environment_hook('velodyne_pointcloud', 'cmake_prefix_path')
[0.872s] INFO:colcon.colcon_core.shell:Creating environment hook '/home/jae/Lidar_ws/install/velodyne_pointcloud/share/velodyne_pointcloud/hook/cmake_prefix_path.ps1'
[0.873s] INFO:colcon.colcon_core.shell:Creating environment descriptor '/home/jae/Lidar_ws/install/velodyne_pointcloud/share/velodyne_pointcloud/hook/cmake_prefix_path.dsv'
[0.873s] INFO:colcon.colcon_core.shell:Creating environment hook '/home/jae/Lidar_ws/install/velodyne_pointcloud/share/velodyne_pointcloud/hook/cmake_prefix_path.sh'
[0.873s] Level 1:colcon.colcon_core.environment:checking '/home/jae/Lidar_ws/install/velodyne_pointcloud/lib'
[0.873s] Level 1:colcon.colcon_core.shell:create_environment_hook('velodyne_pointcloud', 'ld_library_path_lib')
[0.873s] INFO:colcon.colcon_core.shell:Creating environment hook '/home/jae/Lidar_ws/install/velodyne_pointcloud/share/velodyne_pointcloud/hook/ld_library_path_lib.ps1'
[0.874s] INFO:colcon.colcon_core.shell:Creating environment descriptor '/home/jae/Lidar_ws/install/velodyne_pointcloud/share/velodyne_pointcloud/hook/ld_library_path_lib.dsv'
[0.874s] INFO:colcon.colcon_core.shell:Creating environment hook '/home/jae/Lidar_ws/install/velodyne_pointcloud/share/velodyne_pointcloud/hook/ld_library_path_lib.sh'
[0.874s] Level 1:colcon.colcon_core.environment:checking '/home/jae/Lidar_ws/install/velodyne_pointcloud/bin'
[0.874s] Level 1:colcon.colcon_core.environment:checking '/home/jae/Lidar_ws/install/velodyne_pointcloud/lib/pkgconfig/velodyne_pointcloud.pc'
[0.875s] Level 1:colcon.colcon_core.environment:checking '/home/jae/Lidar_ws/install/velodyne_pointcloud/lib/python3.10/site-packages'
[0.875s] Level 1:colcon.colcon_core.environment:checking '/home/jae/Lidar_ws/install/velodyne_pointcloud/bin'
[0.875s] INFO:colcon.colcon_core.shell:Creating package script '/home/jae/Lidar_ws/install/velodyne_pointcloud/share/velodyne_pointcloud/package.ps1'
[0.875s] INFO:colcon.colcon_core.shell:Creating package descriptor '/home/jae/Lidar_ws/install/velodyne_pointcloud/share/velodyne_pointcloud/package.dsv'
[0.876s] INFO:colcon.colcon_core.shell:Creating package script '/home/jae/Lidar_ws/install/velodyne_pointcloud/share/velodyne_pointcloud/package.sh'
[0.876s] INFO:colcon.colcon_core.shell:Creating package script '/home/jae/Lidar_ws/install/velodyne_pointcloud/share/velodyne_pointcloud/package.bash'
[0.877s] INFO:colcon.colcon_core.shell:Creating package script '/home/jae/Lidar_ws/install/velodyne_pointcloud/share/velodyne_pointcloud/package.zsh'
[0.877s] Level 1:colcon.colcon_core.environment:create_file_with_runtime_dependencies(/home/jae/Lidar_ws/install/velodyne_pointcloud/share/colcon-core/packages/velodyne_pointcloud)
[0.877s] INFO:colcon.colcon_ros.task.ament_cmake.build:Building ROS package in '/home/jae/Lidar_ws/src/velodyne/velodyne' with build type 'ament_cmake'
[0.877s] INFO:colcon.colcon_cmake.task.cmake.build:Building CMake package in '/home/jae/Lidar_ws/src/velodyne/velodyne'
[0.877s] INFO:colcon.colcon_core.shell:Skip shell extension 'powershell' for command environment: Not usable outside of PowerShell
[0.878s] DEBUG:colcon.colcon_core.shell:Skip shell extension 'dsv' for command environment
[0.893s] DEBUG:colcon.colcon_core.event_handler.log_command:Invoking command in '/home/jae/Lidar_ws/build/velodyne': CMAKE_PREFIX_PATH=/home/jae/Lidar_ws/install/velodyne_pointcloud:/home/jae/Lidar_ws/install/velodyne_driver:/home/jae/Lidar_ws/install/velodyne_msgs:/home/jae/Lidar_ws/install/velodyne_laserscan:/home/jae/Lidar_ws/install/velodyne:/home/jae/Lidar_ws/install/lidar_processing:/home/jae/ros2_ws/install/lidar_perception:/opt/ros/humble PS1=(venv) %m%# VIRTUAL_ENV_PROMPT=(venv) /usr/bin/cmake --build /home/jae/Lidar_ws/build/velodyne -- -j12 -l12
[0.932s] DEBUG:colcon.colcon_core.event_handler.log_command:Invoked command in '/home/jae/Lidar_ws/build/velodyne' returned '0': CMAKE_PREFIX_PATH=/home/jae/Lidar_ws/install/velodyne_pointcloud:/home/jae/Lidar_ws/install/velodyne_driver:/home/jae/Lidar_ws/install/velodyne_msgs:/home/jae/Lidar_ws/install/velodyne_laserscan:/home/jae/Lidar_ws/install/velodyne:/home/jae/Lidar_ws/install/lidar_processing:/home/jae/ros2_ws/install/lidar_perception:/opt/ros/humble PS1=(venv) %m%# VIRTUAL_ENV_PROMPT=(venv) /usr/bin/cmake --build /home/jae/Lidar_ws/build/velodyne -- -j12 -l12
[0.933s] DEBUG:colcon.colcon_core.event_handler.log_command:Invoking command in '/home/jae/Lidar_ws/build/velodyne': CMAKE_PREFIX_PATH=/home/jae/Lidar_ws/install/velodyne_pointcloud:/home/jae/Lidar_ws/install/velodyne_driver:/home/jae/Lidar_ws/install/velodyne_msgs:/home/jae/Lidar_ws/install/velodyne_laserscan:/home/jae/Lidar_ws/install/velodyne:/home/jae/Lidar_ws/install/lidar_processing:/home/jae/ros2_ws/install/lidar_perception:/opt/ros/humble PS1=(venv) %m%# VIRTUAL_ENV_PROMPT=(venv) /usr/bin/cmake --install /home/jae/Lidar_ws/build/velodyne
[0.959s] Level 1:colcon.colcon_core.environment:create_environment_scripts_only(velodyne)
[0.960s] Level 1:colcon.colcon_core.environment:checking '/home/jae/Lidar_ws/install/velodyne' for CMake module files
[0.961s] DEBUG:colcon.colcon_core.event_handler.log_command:Invoked command in '/home/jae/Lidar_ws/build/velodyne' returned '0': CMAKE_PREFIX_PATH=/home/jae/Lidar_ws/install/velodyne_pointcloud:/home/jae/Lidar_ws/install/velodyne_driver:/home/jae/Lidar_ws/install/velodyne_msgs:/home/jae/Lidar_ws/install/velodyne_laserscan:/home/jae/Lidar_ws/install/velodyne:/home/jae/Lidar_ws/install/lidar_processing:/home/jae/ros2_ws/install/lidar_perception:/opt/ros/humble PS1=(venv) %m%# VIRTUAL_ENV_PROMPT=(venv) /usr/bin/cmake --install /home/jae/Lidar_ws/build/velodyne
[0.961s] Level 1:colcon.colcon_core.environment:checking '/home/jae/Lidar_ws/install/velodyne' for CMake config files
[0.961s] Level 1:colcon.colcon_core.shell:create_environment_hook('velodyne', 'cmake_prefix_path')
[0.962s] INFO:colcon.colcon_core.shell:Creating environment hook '/home/jae/Lidar_ws/install/velodyne/share/velodyne/hook/cmake_prefix_path.ps1'
[0.962s] INFO:colcon.colcon_core.shell:Creating environment descriptor '/home/jae/Lidar_ws/install/velodyne/share/velodyne/hook/cmake_prefix_path.dsv'
[0.962s] INFO:colcon.colcon_core.shell:Creating environment hook '/home/jae/Lidar_ws/install/velodyne/share/velodyne/hook/cmake_prefix_path.sh'
[0.963s] Level 1:colcon.colcon_core.environment:checking '/home/jae/Lidar_ws/install/velodyne/bin'
[0.963s] Level 1:colcon.colcon_core.environment:checking '/home/jae/Lidar_ws/install/velodyne/lib/pkgconfig/velodyne.pc'
[0.963s] Level 1:colcon.colcon_core.environment:checking '/home/jae/Lidar_ws/install/velodyne/lib/python3.10/site-packages'
[0.963s] Level 1:colcon.colcon_core.environment:checking '/home/jae/Lidar_ws/install/velodyne/bin'
[0.964s] INFO:colcon.colcon_core.shell:Creating package script '/home/jae/Lidar_ws/install/velodyne/share/velodyne/package.ps1'
[0.964s] INFO:colcon.colcon_core.shell:Creating package descriptor '/home/jae/Lidar_ws/install/velodyne/share/velodyne/package.dsv'
[0.964s] INFO:colcon.colcon_core.shell:Creating package script '/home/jae/Lidar_ws/install/velodyne/share/velodyne/package.sh'
[0.965s] INFO:colcon.colcon_core.shell:Creating package script '/home/jae/Lidar_ws/install/velodyne/share/velodyne/package.bash'
[0.965s] INFO:colcon.colcon_core.shell:Creating package script '/home/jae/Lidar_ws/install/velodyne/share/velodyne/package.zsh'
[0.965s] Level 1:colcon.colcon_core.environment:create_file_with_runtime_dependencies(/home/jae/Lidar_ws/install/velodyne/share/colcon-core/packages/velodyne)
[0.966s] Level 1:colcon.colcon_core.environment:create_environment_scripts_only(velodyne)
[0.966s] Level 1:colcon.colcon_core.environment:checking '/home/jae/Lidar_ws/install/velodyne' for CMake module files
[0.967s] Level 1:colcon.colcon_core.environment:checking '/home/jae/Lidar_ws/install/velodyne' for CMake config files
[0.967s] Level 1:colcon.colcon_core.shell:create_environment_hook('velodyne', 'cmake_prefix_path')
[0.967s] INFO:colcon.colcon_core.shell:Creating environment hook '/home/jae/Lidar_ws/install/velodyne/share/velodyne/hook/cmake_prefix_path.ps1'
[0.967s] INFO:colcon.colcon_core.shell:Creating environment descriptor '/home/jae/Lidar_ws/install/velodyne/share/velodyne/hook/cmake_prefix_path.dsv'
[0.968s] INFO:colcon.colcon_core.shell:Creating environment hook '/home/jae/Lidar_ws/install/velodyne/share/velodyne/hook/cmake_prefix_path.sh'
[0.968s] Level 1:colcon.colcon_core.environment:checking '/home/jae/Lidar_ws/install/velodyne/bin'
[0.968s] Level 1:colcon.colcon_core.environment:checking '/home/jae/Lidar_ws/install/velodyne/lib/pkgconfig/velodyne.pc'
[0.969s] Level 1:colcon.colcon_core.environment:checking '/home/jae/Lidar_ws/install/velodyne/lib/python3.10/site-packages'
[0.969s] Level 1:colcon.colcon_core.environment:checking '/home/jae/Lidar_ws/install/velodyne/bin'
[0.969s] INFO:colcon.colcon_core.shell:Creating package script '/home/jae/Lidar_ws/install/velodyne/share/velodyne/package.ps1'
[0.969s] INFO:colcon.colcon_core.shell:Creating package descriptor '/home/jae/Lidar_ws/install/velodyne/share/velodyne/package.dsv'
[0.970s] INFO:colcon.colcon_core.shell:Creating package script '/home/jae/Lidar_ws/install/velodyne/share/velodyne/package.sh'
[0.970s] INFO:colcon.colcon_core.shell:Creating package script '/home/jae/Lidar_ws/install/velodyne/share/velodyne/package.bash'
[0.971s] INFO:colcon.colcon_core.shell:Creating package script '/home/jae/Lidar_ws/install/velodyne/share/velodyne/package.zsh'
[0.971s] Level 1:colcon.colcon_core.environment:create_file_with_runtime_dependencies(/home/jae/Lidar_ws/install/velodyne/share/colcon-core/packages/velodyne)
[1.005s] DEBUG:colcon.colcon_core.event_handler.log_command:Invoking command in '/home/jae/Lidar_ws/build/lidar_processing': PS1=(venv) %m%# PYTHONPATH=/home/jae/Lidar_ws/build/lidar_processing/prefix_override:/usr/lib/python3/dist-packages/colcon_core/task/python/colcon_distutils_commands:/home/jae/Lidar_ws/install/lidar_processing/lib/python3.10/site-packages:${PYTHONPATH} VIRTUAL_ENV_PROMPT=(venv) /usr/bin/python3 -W ignore:setup.py install is deprecated -W ignore:easy_install command is deprecated setup.py develop --editable --build-directory /home/jae/Lidar_ws/build/lidar_processing/build --no-deps symlink_data
[1.639s] Level 1:colcon.colcon_core.shell:create_environment_hook('lidar_processing', 'pythonpath_develop')
[1.639s] INFO:colcon.colcon_core.shell:Creating environment hook '/home/jae/Lidar_ws/build/lidar_processing/share/lidar_processing/hook/pythonpath_develop.ps1'
[1.639s] DEBUG:colcon.colcon_core.event_handler.log_command:Invoked command in '/home/jae/Lidar_ws/build/lidar_processing' returned '0': PS1=(venv) %m%# PYTHONPATH=/home/jae/Lidar_ws/build/lidar_processing/prefix_override:/usr/lib/python3/dist-packages/colcon_core/task/python/colcon_distutils_commands:/home/jae/Lidar_ws/install/lidar_processing/lib/python3.10/site-packages:${PYTHONPATH} VIRTUAL_ENV_PROMPT=(venv) /usr/bin/python3 -W ignore:setup.py install is deprecated -W ignore:easy_install command is deprecated setup.py develop --editable --build-directory /home/jae/Lidar_ws/build/lidar_processing/build --no-deps symlink_data
[1.640s] INFO:colcon.colcon_core.shell:Creating environment descriptor '/home/jae/Lidar_ws/build/lidar_processing/share/lidar_processing/hook/pythonpath_develop.dsv'
[1.640s] INFO:colcon.colcon_core.shell:Creating environment hook '/home/jae/Lidar_ws/build/lidar_processing/share/lidar_processing/hook/pythonpath_develop.sh'
[1.641s] Level 1:colcon.colcon_core.environment:checking '/home/jae/Lidar_ws/install/lidar_processing' for CMake module files
[1.641s] Level 1:colcon.colcon_core.environment:checking '/home/jae/Lidar_ws/install/lidar_processing' for CMake config files
[1.642s] Level 1:colcon.colcon_core.environment:checking '/home/jae/Lidar_ws/install/lidar_processing/lib'
[1.642s] Level 1:colcon.colcon_core.environment:checking '/home/jae/Lidar_ws/install/lidar_processing/bin'
[1.642s] Level 1:colcon.colcon_core.environment:checking '/home/jae/Lidar_ws/install/lidar_processing/lib/pkgconfig/lidar_processing.pc'
[1.642s] Level 1:colcon.colcon_core.environment:checking '/home/jae/Lidar_ws/install/lidar_processing/lib/python3.10/site-packages'
[1.642s] Level 1:colcon.colcon_core.shell:create_environment_hook('lidar_processing', 'pythonpath')
[1.642s] INFO:colcon.colcon_core.shell:Creating environment hook '/home/jae/Lidar_ws/install/lidar_processing/share/lidar_processing/hook/pythonpath.ps1'
[1.642s] INFO:colcon.colcon_core.shell:Creating environment descriptor '/home/jae/Lidar_ws/install/lidar_processing/share/lidar_processing/hook/pythonpath.dsv'
[1.643s] INFO:colcon.colcon_core.shell:Creating environment hook '/home/jae/Lidar_ws/install/lidar_processing/share/lidar_processing/hook/pythonpath.sh'
[1.643s] Level 1:colcon.colcon_core.environment:checking '/home/jae/Lidar_ws/install/lidar_processing/bin'
[1.643s] Level 1:colcon.colcon_core.environment:create_environment_scripts_only(lidar_processing)
[1.643s] INFO:colcon.colcon_core.shell:Creating package script '/home/jae/Lidar_ws/install/lidar_processing/share/lidar_processing/package.ps1'
[1.644s] INFO:colcon.colcon_core.shell:Creating package descriptor '/home/jae/Lidar_ws/install/lidar_processing/share/lidar_processing/package.dsv'
[1.644s] INFO:colcon.colcon_core.shell:Creating package script '/home/jae/Lidar_ws/install/lidar_processing/share/lidar_processing/package.sh'
[1.645s] INFO:colcon.colcon_core.shell:Creating package script '/home/jae/Lidar_ws/install/lidar_processing/share/lidar_processing/package.bash'
[1.645s] INFO:colcon.colcon_core.shell:Creating package script '/home/jae/Lidar_ws/install/lidar_processing/share/lidar_processing/package.zsh'
[1.645s] Level 1:colcon.colcon_core.environment:create_file_with_runtime_dependencies(/home/jae/Lidar_ws/install/lidar_processing/share/colcon-core/packages/lidar_processing)
[1.645s] DEBUG:colcon.colcon_parallel_executor.executor.parallel:closing loop
[1.646s] DEBUG:colcon.colcon_parallel_executor.executor.parallel:loop closed
[1.646s] DEBUG:colcon.colcon_parallel_executor.executor.parallel:run_until_complete finished with '0'
[1.646s] DEBUG:colcon.colcon_core.event_reactor:joining thread
[1.650s] INFO:colcon.colcon_core.plugin_system:Skipping extension 'colcon_notification.desktop_notification.terminal_notifier': Not used on non-Darwin systems
[1.650s] INFO:colcon.colcon_core.plugin_system:Skipping extension 'colcon_notification.desktop_notification.win32': Not used on non-Windows systems
[1.650s] INFO:colcon.colcon_notification.desktop_notification:Sending desktop notification using 'notify2'
[1.660s] DEBUG:colcon.colcon_core.event_reactor:joined thread
[1.661s] INFO:colcon.colcon_core.shell:Creating prefix script '/home/jae/Lidar_ws/install/local_setup.ps1'
[1.662s] INFO:colcon.colcon_core.shell:Creating prefix util module '/home/jae/Lidar_ws/install/_local_setup_util_ps1.py'
[1.663s] INFO:colcon.colcon_core.shell:Creating prefix chain script '/home/jae/Lidar_ws/install/setup.ps1'
[1.664s] INFO:colcon.colcon_core.shell:Creating prefix script '/home/jae/Lidar_ws/install/local_setup.sh'
[1.665s] INFO:colcon.colcon_core.shell:Creating prefix util module '/home/jae/Lidar_ws/install/_local_setup_util_sh.py'
[1.665s] INFO:colcon.colcon_core.shell:Creating prefix chain script '/home/jae/Lidar_ws/install/setup.sh'
[1.666s] INFO:colcon.colcon_core.shell:Creating prefix script '/home/jae/Lidar_ws/install/local_setup.bash'
[1.666s] INFO:colcon.colcon_core.shell:Creating prefix chain script '/home/jae/Lidar_ws/install/setup.bash'
[1.667s] INFO:colcon.colcon_core.shell:Creating prefix script '/home/jae/Lidar_ws/install/local_setup.zsh'
[1.668s] INFO:colcon.colcon_core.shell:Creating prefix chain script '/home/jae/Lidar_ws/install/setup.zsh'
