[0.010s] Invoking command in '/home/jae/Lidar_ws/build/velodyne_driver': CMAKE_PREFIX_PATH=/home/jae/Lidar_ws/install/velodyne_msgs:/home/jae/Lidar_ws/install/velodyne:/home/jae/Lidar_ws/install/velodyne_pointcloud:/home/jae/Lidar_ws/install/velodyne_driver:/home/jae/Lidar_ws/install/velodyne_laserscan:/home/jae/Lidar_ws/install/lidar_processing:/home/jae/ros2_ws/install/lidar_perception:/opt/ros/humble LD_LIBRARY_PATH=/home/jae/Lidar_ws/install/velodyne_msgs/lib:/home/jae/Lidar_ws/install/velodyne_pointcloud/lib:/home/jae/Lidar_ws/install/velodyne_driver/lib:/home/jae/Lidar_ws/install/velodyne_laserscan/lib:/opt/ros/humble/opt/rviz_ogre_vendor/lib:/opt/ros/humble/lib/x86_64-linux-gnu:/opt/ros/humble/lib /usr/bin/cmake --build /home/jae/Lidar_ws/build/velodyne_driver -- -j12 -l12
[0.070s] [35m[1mConsolidate compiler generated dependencies of target gtest_main[0m
[0.071s] [35m[1mConsolidate compiler generated dependencies of target velodyne_input[0m
[0.071s] [35m[1mConsolidate compiler generated dependencies of target gtest[0m
[0.088s] [ 16%] Built target gtest_main
[0.094s] [ 33%] Built target gtest
[0.097s] [ 50%] Built target velodyne_input
[0.110s] [35m[1mConsolidate compiler generated dependencies of target velodyne_driver[0m
[0.110s] [35m[1mConsolidate compiler generated dependencies of target time_test[0m
[0.134s] [ 66%] Built target velodyne_driver
[0.135s] [ 83%] Built target time_test
[0.146s] [35m[1mConsolidate compiler generated dependencies of target velodyne_driver_node[0m
[0.164s] [100%] Built target velodyne_driver_node
[0.176s] Invoked command in '/home/jae/Lidar_ws/build/velodyne_driver' returned '0': CMAKE_PREFIX_PATH=/home/jae/Lidar_ws/install/velodyne_msgs:/home/jae/Lidar_ws/install/velodyne:/home/jae/Lidar_ws/install/velodyne_pointcloud:/home/jae/Lidar_ws/install/velodyne_driver:/home/jae/Lidar_ws/install/velodyne_laserscan:/home/jae/Lidar_ws/install/lidar_processing:/home/jae/ros2_ws/install/lidar_perception:/opt/ros/humble LD_LIBRARY_PATH=/home/jae/Lidar_ws/install/velodyne_msgs/lib:/home/jae/Lidar_ws/install/velodyne_pointcloud/lib:/home/jae/Lidar_ws/install/velodyne_driver/lib:/home/jae/Lidar_ws/install/velodyne_laserscan/lib:/opt/ros/humble/opt/rviz_ogre_vendor/lib:/opt/ros/humble/lib/x86_64-linux-gnu:/opt/ros/humble/lib /usr/bin/cmake --build /home/jae/Lidar_ws/build/velodyne_driver -- -j12 -l12
[0.177s] Invoking command in '/home/jae/Lidar_ws/build/velodyne_driver': CMAKE_PREFIX_PATH=/home/jae/Lidar_ws/install/velodyne_msgs:/home/jae/Lidar_ws/install/velodyne:/home/jae/Lidar_ws/install/velodyne_pointcloud:/home/jae/Lidar_ws/install/velodyne_driver:/home/jae/Lidar_ws/install/velodyne_laserscan:/home/jae/Lidar_ws/install/lidar_processing:/home/jae/ros2_ws/install/lidar_perception:/opt/ros/humble LD_LIBRARY_PATH=/home/jae/Lidar_ws/install/velodyne_msgs/lib:/home/jae/Lidar_ws/install/velodyne_pointcloud/lib:/home/jae/Lidar_ws/install/velodyne_driver/lib:/home/jae/Lidar_ws/install/velodyne_laserscan/lib:/opt/ros/humble/opt/rviz_ogre_vendor/lib:/opt/ros/humble/lib/x86_64-linux-gnu:/opt/ros/humble/lib /usr/bin/cmake --install /home/jae/Lidar_ws/build/velodyne_driver
[0.184s] -- Install configuration: ""
[0.184s] -- Execute custom install script
[0.185s] -- Up-to-date symlink: /home/jae/Lidar_ws/install/velodyne_driver/lib/velodyne_driver/velodyne_driver_node
[0.185s] -- Up-to-date symlink: /home/jae/Lidar_ws/install/velodyne_driver/include/velodyne_driver/driver.hpp
[0.185s] -- Up-to-date symlink: /home/jae/Lidar_ws/install/velodyne_driver/include/velodyne_driver/input.hpp
[0.185s] -- Up-to-date symlink: /home/jae/Lidar_ws/install/velodyne_driver/include/velodyne_driver/time_conversion.hpp
[0.185s] -- Up-to-date symlink: /home/jae/Lidar_ws/install/velodyne_driver/share/velodyne_driver/config/VLP16-velodyne_driver_node-params.yaml
[0.186s] -- Up-to-date symlink: /home/jae/Lidar_ws/install/velodyne_driver/share/velodyne_driver/config/VLP32C-velodyne_driver_node-params.yaml
[0.186s] -- Up-to-date symlink: /home/jae/Lidar_ws/install/velodyne_driver/share/velodyne_driver/config/VLS128-velodyne_driver_node-params.yaml
[0.186s] -- Up-to-date symlink: /home/jae/Lidar_ws/install/velodyne_driver/share/velodyne_driver/launch/velodyne_driver_node-VLP16-composed-launch.py
[0.186s] -- Up-to-date symlink: /home/jae/Lidar_ws/install/velodyne_driver/share/velodyne_driver/launch/velodyne_driver_node-VLP16-launch.py
[0.186s] -- Up-to-date symlink: /home/jae/Lidar_ws/install/velodyne_driver/share/velodyne_driver/launch/velodyne_driver_node-VLP32C-composed-launch.py
[0.186s] -- Up-to-date symlink: /home/jae/Lidar_ws/install/velodyne_driver/share/velodyne_driver/launch/velodyne_driver_node-VLP32C-launch.py
[0.186s] -- Up-to-date symlink: /home/jae/Lidar_ws/install/velodyne_driver/share/velodyne_driver/launch/velodyne_driver_node-VLS128-composed-launch.py
[0.187s] -- Up-to-date symlink: /home/jae/Lidar_ws/install/velodyne_driver/share/velodyne_driver/launch/velodyne_driver_node-VLS128-launch.py
[0.187s] -- Up-to-date symlink: /home/jae/Lidar_ws/install/velodyne_driver/lib/velodyne_driver/vdump
[0.187s] -- Up-to-date symlink: /home/jae/Lidar_ws/install/velodyne_driver/share/ament_index/resource_index/package_run_dependencies/velodyne_driver
[0.187s] -- Up-to-date symlink: /home/jae/Lidar_ws/install/velodyne_driver/share/ament_index/resource_index/parent_prefix_path/velodyne_driver
[0.187s] -- Up-to-date symlink: /home/jae/Lidar_ws/install/velodyne_driver/share/velodyne_driver/environment/ament_prefix_path.sh
[0.187s] -- Up-to-date symlink: /home/jae/Lidar_ws/install/velodyne_driver/share/velodyne_driver/environment/ament_prefix_path.dsv
[0.187s] -- Up-to-date symlink: /home/jae/Lidar_ws/install/velodyne_driver/share/velodyne_driver/environment/path.sh
[0.188s] -- Up-to-date symlink: /home/jae/Lidar_ws/install/velodyne_driver/share/velodyne_driver/environment/path.dsv
[0.188s] -- Up-to-date symlink: /home/jae/Lidar_ws/install/velodyne_driver/share/velodyne_driver/local_setup.bash
[0.188s] -- Up-to-date symlink: /home/jae/Lidar_ws/install/velodyne_driver/share/velodyne_driver/local_setup.sh
[0.188s] -- Up-to-date symlink: /home/jae/Lidar_ws/install/velodyne_driver/share/velodyne_driver/local_setup.zsh
[0.188s] -- Up-to-date symlink: /home/jae/Lidar_ws/install/velodyne_driver/share/velodyne_driver/local_setup.dsv
[0.188s] -- Symlinking: /home/jae/Lidar_ws/install/velodyne_driver/share/velodyne_driver/package.dsv
[0.197s] -- Up-to-date symlink: /home/jae/Lidar_ws/install/velodyne_driver/share/ament_index/resource_index/packages/velodyne_driver
[0.197s] -- Up-to-date symlink: /home/jae/Lidar_ws/install/velodyne_driver/share/ament_index/resource_index/rclcpp_components/velodyne_driver
[0.197s] -- Up-to-date symlink: /home/jae/Lidar_ws/install/velodyne_driver/share/velodyne_driver/cmake/ament_cmake_export_include_directories-extras.cmake
[0.197s] -- Up-to-date symlink: /home/jae/Lidar_ws/install/velodyne_driver/share/velodyne_driver/cmake/ament_cmake_export_targets-extras.cmake
[0.197s] -- Up-to-date symlink: /home/jae/Lidar_ws/install/velodyne_driver/share/velodyne_driver/cmake/ament_cmake_export_dependencies-extras.cmake
[0.197s] -- Up-to-date symlink: /home/jae/Lidar_ws/install/velodyne_driver/share/velodyne_driver/cmake/velodyne_driverConfig.cmake
[0.197s] -- Up-to-date symlink: /home/jae/Lidar_ws/install/velodyne_driver/share/velodyne_driver/cmake/velodyne_driverConfig-version.cmake
[0.198s] -- Up-to-date symlink: /home/jae/Lidar_ws/install/velodyne_driver/share/velodyne_driver/package.xml
[0.198s] -- Up-to-date: /home/jae/Lidar_ws/install/velodyne_driver/lib/libvelodyne_input.so
[0.198s] -- Up-to-date: /home/jae/Lidar_ws/install/velodyne_driver/lib/libvelodyne_driver.so
[0.198s] -- Up-to-date: /home/jae/Lidar_ws/install/velodyne_driver/share/velodyne_driver/cmake/velodyne_driverExport.cmake
[0.198s] -- Up-to-date: /home/jae/Lidar_ws/install/velodyne_driver/share/velodyne_driver/cmake/velodyne_driverExport-noconfig.cmake
[0.200s] Invoked command in '/home/jae/Lidar_ws/build/velodyne_driver' returned '0': CMAKE_PREFIX_PATH=/home/jae/Lidar_ws/install/velodyne_msgs:/home/jae/Lidar_ws/install/velodyne:/home/jae/Lidar_ws/install/velodyne_pointcloud:/home/jae/Lidar_ws/install/velodyne_driver:/home/jae/Lidar_ws/install/velodyne_laserscan:/home/jae/Lidar_ws/install/lidar_processing:/home/jae/ros2_ws/install/lidar_perception:/opt/ros/humble LD_LIBRARY_PATH=/home/jae/Lidar_ws/install/velodyne_msgs/lib:/home/jae/Lidar_ws/install/velodyne_pointcloud/lib:/home/jae/Lidar_ws/install/velodyne_driver/lib:/home/jae/Lidar_ws/install/velodyne_laserscan/lib:/opt/ros/humble/opt/rviz_ogre_vendor/lib:/opt/ros/humble/lib/x86_64-linux-gnu:/opt/ros/humble/lib /usr/bin/cmake --install /home/jae/Lidar_ws/build/velodyne_driver
