[0.014s] Invoking command in '/home/jae/Lidar_ws/src/build/velodyne': AMENT_PREFIX_PATH=/home/jae/Lidar_ws/src/install/velodyne_pointcloud:/home/jae/Lidar_ws/src/install/velodyne_driver:/home/jae/Lidar_ws/src/install/velodyne_msgs:/home/jae/Lidar_ws/src/install/velodyne_laserscan:${AMENT_PREFIX_PATH} CMAKE_PREFIX_PATH=/home/jae/Lidar_ws/src/install/velodyne_pointcloud:/home/jae/Lidar_ws/src/install/velodyne_driver:/home/jae/Lidar_ws/src/install/velodyne_msgs:/home/jae/Lidar_ws/src/install/velodyne_laserscan:/home/jae/Lidar_ws/install/velodyne:/home/jae/Lidar_ws/install/velodyne_pointcloud:/home/jae/Lidar_ws/install/velodyne_driver:/home/jae/Lidar_ws/install/velodyne_msgs:/home/jae/Lidar_ws/install/velodyne_laserscan:/home/jae/Lidar_ws/install/lidar_processing:/home/jae/ros2_ws/install/lidar_perception:/opt/ros/humble LD_LIBRARY_PATH=/home/jae/Lidar_ws/src/install/velodyne_pointcloud/lib:/home/jae/Lidar_ws/src/install/velodyne_driver/lib:/home/jae/Lidar_ws/src/install/velodyne_msgs/lib:/home/jae/Lidar_ws/src/install/velodyne_laserscan/lib:${LD_LIBRARY_PATH} PYTHONPATH=/home/jae/Lidar_ws/src/install/velodyne_msgs/local/lib/python3.10/dist-packages:${PYTHONPATH} /usr/bin/cmake --build /home/jae/Lidar_ws/src/build/velodyne -- -j12 -l12
[0.055s] Invoked command in '/home/jae/Lidar_ws/src/build/velodyne' returned '0': AMENT_PREFIX_PATH=/home/jae/Lidar_ws/src/install/velodyne_pointcloud:/home/jae/Lidar_ws/src/install/velodyne_driver:/home/jae/Lidar_ws/src/install/velodyne_msgs:/home/jae/Lidar_ws/src/install/velodyne_laserscan:${AMENT_PREFIX_PATH} CMAKE_PREFIX_PATH=/home/jae/Lidar_ws/src/install/velodyne_pointcloud:/home/jae/Lidar_ws/src/install/velodyne_driver:/home/jae/Lidar_ws/src/install/velodyne_msgs:/home/jae/Lidar_ws/src/install/velodyne_laserscan:/home/jae/Lidar_ws/install/velodyne:/home/jae/Lidar_ws/install/velodyne_pointcloud:/home/jae/Lidar_ws/install/velodyne_driver:/home/jae/Lidar_ws/install/velodyne_msgs:/home/jae/Lidar_ws/install/velodyne_laserscan:/home/jae/Lidar_ws/install/lidar_processing:/home/jae/ros2_ws/install/lidar_perception:/opt/ros/humble LD_LIBRARY_PATH=/home/jae/Lidar_ws/src/install/velodyne_pointcloud/lib:/home/jae/Lidar_ws/src/install/velodyne_driver/lib:/home/jae/Lidar_ws/src/install/velodyne_msgs/lib:/home/jae/Lidar_ws/src/install/velodyne_laserscan/lib:${LD_LIBRARY_PATH} PYTHONPATH=/home/jae/Lidar_ws/src/install/velodyne_msgs/local/lib/python3.10/dist-packages:${PYTHONPATH} /usr/bin/cmake --build /home/jae/Lidar_ws/src/build/velodyne -- -j12 -l12
[0.057s] Invoking command in '/home/jae/Lidar_ws/src/build/velodyne': AMENT_PREFIX_PATH=/home/jae/Lidar_ws/src/install/velodyne_pointcloud:/home/jae/Lidar_ws/src/install/velodyne_driver:/home/jae/Lidar_ws/src/install/velodyne_msgs:/home/jae/Lidar_ws/src/install/velodyne_laserscan:${AMENT_PREFIX_PATH} CMAKE_PREFIX_PATH=/home/jae/Lidar_ws/src/install/velodyne_pointcloud:/home/jae/Lidar_ws/src/install/velodyne_driver:/home/jae/Lidar_ws/src/install/velodyne_msgs:/home/jae/Lidar_ws/src/install/velodyne_laserscan:/home/jae/Lidar_ws/install/velodyne:/home/jae/Lidar_ws/install/velodyne_pointcloud:/home/jae/Lidar_ws/install/velodyne_driver:/home/jae/Lidar_ws/install/velodyne_msgs:/home/jae/Lidar_ws/install/velodyne_laserscan:/home/jae/Lidar_ws/install/lidar_processing:/home/jae/ros2_ws/install/lidar_perception:/opt/ros/humble LD_LIBRARY_PATH=/home/jae/Lidar_ws/src/install/velodyne_pointcloud/lib:/home/jae/Lidar_ws/src/install/velodyne_driver/lib:/home/jae/Lidar_ws/src/install/velodyne_msgs/lib:/home/jae/Lidar_ws/src/install/velodyne_laserscan/lib:${LD_LIBRARY_PATH} PYTHONPATH=/home/jae/Lidar_ws/src/install/velodyne_msgs/local/lib/python3.10/dist-packages:${PYTHONPATH} /usr/bin/cmake --install /home/jae/Lidar_ws/src/build/velodyne
[0.065s] -- Install configuration: ""
[0.065s] -- Execute custom install script
[0.066s] -- Up-to-date symlink: /home/jae/Lidar_ws/src/install/velodyne/share/velodyne/launch/velodyne-all-nodes-VLP16-composed-launch.py
[0.066s] -- Up-to-date symlink: /home/jae/Lidar_ws/src/install/velodyne/share/velodyne/launch/velodyne-all-nodes-VLP16-launch.py
[0.066s] -- Up-to-date symlink: /home/jae/Lidar_ws/src/install/velodyne/share/velodyne/launch/velodyne-all-nodes-VLP32C-composed-launch.py
[0.066s] -- Up-to-date symlink: /home/jae/Lidar_ws/src/install/velodyne/share/velodyne/launch/velodyne-all-nodes-VLP32C-launch.py
[0.066s] -- Up-to-date symlink: /home/jae/Lidar_ws/src/install/velodyne/share/velodyne/launch/velodyne-all-nodes-VLS128-composed-launch.py
[0.066s] -- Up-to-date symlink: /home/jae/Lidar_ws/src/install/velodyne/share/velodyne/launch/velodyne-all-nodes-VLS128-launch.py
[0.067s] -- Up-to-date symlink: /home/jae/Lidar_ws/src/install/velodyne/share/ament_index/resource_index/package_run_dependencies/velodyne
[0.067s] -- Up-to-date symlink: /home/jae/Lidar_ws/src/install/velodyne/share/ament_index/resource_index/parent_prefix_path/velodyne
[0.067s] -- Up-to-date symlink: /home/jae/Lidar_ws/src/install/velodyne/share/velodyne/environment/ament_prefix_path.sh
[0.067s] -- Up-to-date symlink: /home/jae/Lidar_ws/src/install/velodyne/share/velodyne/environment/ament_prefix_path.dsv
[0.067s] -- Up-to-date symlink: /home/jae/Lidar_ws/src/install/velodyne/share/velodyne/environment/path.sh
[0.067s] -- Up-to-date symlink: /home/jae/Lidar_ws/src/install/velodyne/share/velodyne/environment/path.dsv
[0.067s] -- Up-to-date symlink: /home/jae/Lidar_ws/src/install/velodyne/share/velodyne/local_setup.bash
[0.067s] -- Up-to-date symlink: /home/jae/Lidar_ws/src/install/velodyne/share/velodyne/local_setup.sh
[0.067s] -- Up-to-date symlink: /home/jae/Lidar_ws/src/install/velodyne/share/velodyne/local_setup.zsh
[0.068s] -- Up-to-date symlink: /home/jae/Lidar_ws/src/install/velodyne/share/velodyne/local_setup.dsv
[0.068s] -- Symlinking: /home/jae/Lidar_ws/src/install/velodyne/share/velodyne/package.dsv
[0.077s] -- Up-to-date symlink: /home/jae/Lidar_ws/src/install/velodyne/share/ament_index/resource_index/packages/velodyne
[0.077s] -- Up-to-date symlink: /home/jae/Lidar_ws/src/install/velodyne/share/velodyne/cmake/velodyneConfig.cmake
[0.077s] -- Up-to-date symlink: /home/jae/Lidar_ws/src/install/velodyne/share/velodyne/cmake/velodyneConfig-version.cmake
[0.078s] -- Up-to-date symlink: /home/jae/Lidar_ws/src/install/velodyne/share/velodyne/package.xml
[0.080s] Invoked command in '/home/jae/Lidar_ws/src/build/velodyne' returned '0': AMENT_PREFIX_PATH=/home/jae/Lidar_ws/src/install/velodyne_pointcloud:/home/jae/Lidar_ws/src/install/velodyne_driver:/home/jae/Lidar_ws/src/install/velodyne_msgs:/home/jae/Lidar_ws/src/install/velodyne_laserscan:${AMENT_PREFIX_PATH} CMAKE_PREFIX_PATH=/home/jae/Lidar_ws/src/install/velodyne_pointcloud:/home/jae/Lidar_ws/src/install/velodyne_driver:/home/jae/Lidar_ws/src/install/velodyne_msgs:/home/jae/Lidar_ws/src/install/velodyne_laserscan:/home/jae/Lidar_ws/install/velodyne:/home/jae/Lidar_ws/install/velodyne_pointcloud:/home/jae/Lidar_ws/install/velodyne_driver:/home/jae/Lidar_ws/install/velodyne_msgs:/home/jae/Lidar_ws/install/velodyne_laserscan:/home/jae/Lidar_ws/install/lidar_processing:/home/jae/ros2_ws/install/lidar_perception:/opt/ros/humble LD_LIBRARY_PATH=/home/jae/Lidar_ws/src/install/velodyne_pointcloud/lib:/home/jae/Lidar_ws/src/install/velodyne_driver/lib:/home/jae/Lidar_ws/src/install/velodyne_msgs/lib:/home/jae/Lidar_ws/src/install/velodyne_laserscan/lib:${LD_LIBRARY_PATH} PYTHONPATH=/home/jae/Lidar_ws/src/install/velodyne_msgs/local/lib/python3.10/dist-packages:${PYTHONPATH} /usr/bin/cmake --install /home/jae/Lidar_ws/src/build/velodyne
