[0.014s] Invoking command in '/home/jae/Lidar_ws/src/build/velodyne_laserscan': CMAKE_PREFIX_PATH=${CMAKE_PREFIX_PATH}:/home/jae/Lidar_ws/install/lidar_processing:/home/jae/ros2_ws/install/lidar_perception:/opt/ros/humble /usr/bin/cmake /home/jae/Lidar_ws/src/velodyne/velodyne_laserscan -DAMENT_CMAKE_SYMLINK_INSTALL=1 -DCMAKE_INSTALL_PREFIX=/home/jae/Lidar_ws/src/install/velodyne_laserscan
[0.102s] -- The C compiler identification is GNU 11.4.0
[0.180s] -- The CXX compiler identification is GNU 11.4.0
[0.187s] -- Detecting C compiler ABI info
[0.256s] -- Detecting C compiler ABI info - done
[0.262s] -- Check for working C compiler: /usr/bin/cc - skipped
[0.262s] -- Detecting C compile features
[0.263s] -- Detecting C compile features - done
[0.266s] -- Detecting CXX compiler ABI info
[0.347s] -- Detecting CXX compiler ABI info - done
[0.353s] -- Check for working CXX compiler: /usr/bin/c++ - skipped
[0.353s] -- Detecting CXX compile features
[0.353s] -- Detecting CXX compile features - done
[0.356s] -- Found ament_cmake_ros: 0.10.0 (/opt/ros/humble/share/ament_cmake_ros/cmake)
[0.704s] -- Found Python3: /usr/bin/python3 (found version "3.10.12") found components: Interpreter 
[0.765s] -- Override CMake install command with custom implementation using symlinks instead of copying resources
[0.804s] -- Found rclcpp: 16.0.11 (/opt/ros/humble/share/rclcpp/cmake)
[0.845s] -- Found rosidl_generator_c: 3.1.6 (/opt/ros/humble/share/rosidl_generator_c/cmake)
[0.850s] -- Found rosidl_adapter: 3.1.6 (/opt/ros/humble/share/rosidl_adapter/cmake)
[0.858s] -- Found rosidl_generator_cpp: 3.1.6 (/opt/ros/humble/share/rosidl_generator_cpp/cmake)
[0.868s] -- Using all available rosidl_typesupport_c: rosidl_typesupport_fastrtps_c;rosidl_typesupport_introspection_c
[0.884s] -- Using all available rosidl_typesupport_cpp: rosidl_typesupport_fastrtps_cpp;rosidl_typesupport_introspection_cpp
[0.925s] -- Found rmw_implementation_cmake: 6.1.2 (/opt/ros/humble/share/rmw_implementation_cmake/cmake)
[0.928s] -- Found rmw_fastrtps_cpp: 6.2.7 (/opt/ros/humble/share/rmw_fastrtps_cpp/cmake)
[1.031s] -- Found OpenSSL: /usr/lib/x86_64-linux-gnu/libcrypto.so (found version "3.0.2")  
[1.059s] -- Found FastRTPS: /opt/ros/humble/include  
[1.102s] -- Using RMW implementation 'rmw_fastrtps_cpp' as default
[1.111s] -- Looking for pthread.h
[1.192s] -- Looking for pthread.h - found
[1.192s] -- Performing Test CMAKE_HAVE_LIBC_PTHREAD
[1.270s] -- Performing Test CMAKE_HAVE_LIBC_PTHREAD - Success
[1.271s] -- Found Threads: TRUE  
[1.317s] -- Found rclcpp_components: 16.0.11 (/opt/ros/humble/share/rclcpp_components/cmake)
[1.345s] -- Found sensor_msgs: 4.2.4 (/opt/ros/humble/share/sensor_msgs/cmake)
[1.374s] -- Found ament_lint_auto: 0.12.11 (/opt/ros/humble/share/ament_lint_auto/cmake)
[1.454s] -- Added test 'copyright' to check source files copyright and LICENSE
[1.456s] -- Added test 'cppcheck' to perform static code analysis on C / C++ code
[1.456s] -- Configured cppcheck include dirs: $<BUILD_INTERFACE:/home/jae/Lidar_ws/src/velodyne/velodyne_laserscan/include>
[1.456s] -- Configured cppcheck exclude dirs and/or files: 
[1.458s] -- Added test 'cpplint' to check C / C++ code against the Google style
[1.458s] -- Configured cpplint exclude dirs and/or files: 
[1.459s] -- Added test 'flake8' to check Python code syntax and style conventions
[1.459s] -- Added test 'lint_cmake' to check CMake code style
[1.460s] -- Added test 'pep257' to check Python code against some of the docstring style conventions in PEP 257
[1.462s] -- Added test 'uncrustify' to check C / C++ code style
[1.462s] -- Configured uncrustify additional arguments: 
[1.462s] -- Added test 'xmllint' to check XML markup files
[1.466s] -- Configuring done
[1.480s] -- Generating done
[1.484s] -- Build files have been written to: /home/jae/Lidar_ws/src/build/velodyne_laserscan
[1.496s] Invoked command in '/home/jae/Lidar_ws/src/build/velodyne_laserscan' returned '0': CMAKE_PREFIX_PATH=${CMAKE_PREFIX_PATH}:/home/jae/Lidar_ws/install/lidar_processing:/home/jae/ros2_ws/install/lidar_perception:/opt/ros/humble /usr/bin/cmake /home/jae/Lidar_ws/src/velodyne/velodyne_laserscan -DAMENT_CMAKE_SYMLINK_INSTALL=1 -DCMAKE_INSTALL_PREFIX=/home/jae/Lidar_ws/src/install/velodyne_laserscan
[1.498s] Invoking command in '/home/jae/Lidar_ws/src/build/velodyne_laserscan': CMAKE_PREFIX_PATH=${CMAKE_PREFIX_PATH}:/home/jae/Lidar_ws/install/lidar_processing:/home/jae/ros2_ws/install/lidar_perception:/opt/ros/humble /usr/bin/cmake --build /home/jae/Lidar_ws/src/build/velodyne_laserscan -- -j12 -l12
[1.549s] [ 25%] [32mBuilding CXX object CMakeFiles/velodyne_laserscan.dir/src/velodyne_laserscan.cpp.o[0m
[11.310s] [ 50%] [32m[1mLinking CXX shared library libvelodyne_laserscan.so[0m
[12.019s] [ 50%] Built target velodyne_laserscan
[12.047s] [ 75%] [32mBuilding CXX object CMakeFiles/velodyne_laserscan_node.dir/src/node.cpp.o[0m
[15.631s] [100%] [32m[1mLinking CXX executable velodyne_laserscan_node[0m
[15.886s] [100%] Built target velodyne_laserscan_node
[15.900s] Invoked command in '/home/jae/Lidar_ws/src/build/velodyne_laserscan' returned '0': CMAKE_PREFIX_PATH=${CMAKE_PREFIX_PATH}:/home/jae/Lidar_ws/install/lidar_processing:/home/jae/ros2_ws/install/lidar_perception:/opt/ros/humble /usr/bin/cmake --build /home/jae/Lidar_ws/src/build/velodyne_laserscan -- -j12 -l12
[15.902s] Invoking command in '/home/jae/Lidar_ws/src/build/velodyne_laserscan': CMAKE_PREFIX_PATH=${CMAKE_PREFIX_PATH}:/home/jae/Lidar_ws/install/lidar_processing:/home/jae/ros2_ws/install/lidar_perception:/opt/ros/humble /usr/bin/cmake --install /home/jae/Lidar_ws/src/build/velodyne_laserscan
[15.911s] -- Install configuration: ""
[15.911s] -- Execute custom install script
[15.912s] -- Symlinking: /home/jae/Lidar_ws/src/install/velodyne_laserscan/lib/velodyne_laserscan/velodyne_laserscan_node
[15.924s] -- Symlinking: /home/jae/Lidar_ws/src/install/velodyne_laserscan/include/velodyne_laserscan/velodyne_laserscan.hpp
[15.935s] -- Symlinking: /home/jae/Lidar_ws/src/install/velodyne_laserscan/share/velodyne_laserscan/config/default-velodyne_laserscan_node-params.yaml
[15.946s] -- Symlinking: /home/jae/Lidar_ws/src/install/velodyne_laserscan/share/velodyne_laserscan/launch/velodyne_laserscan_node-composed-launch.py
[15.956s] -- Symlinking: /home/jae/Lidar_ws/src/install/velodyne_laserscan/share/velodyne_laserscan/launch/velodyne_laserscan_node-launch.py
[15.967s] -- Symlinking: /home/jae/Lidar_ws/src/install/velodyne_laserscan/share/ament_index/resource_index/package_run_dependencies/velodyne_laserscan
[15.977s] -- Symlinking: /home/jae/Lidar_ws/src/install/velodyne_laserscan/share/ament_index/resource_index/parent_prefix_path/velodyne_laserscan
[15.989s] -- Symlinking: /home/jae/Lidar_ws/src/install/velodyne_laserscan/share/velodyne_laserscan/environment/ament_prefix_path.sh
[15.999s] -- Symlinking: /home/jae/Lidar_ws/src/install/velodyne_laserscan/share/velodyne_laserscan/environment/ament_prefix_path.dsv
[16.010s] -- Symlinking: /home/jae/Lidar_ws/src/install/velodyne_laserscan/share/velodyne_laserscan/environment/path.sh
[16.021s] -- Symlinking: /home/jae/Lidar_ws/src/install/velodyne_laserscan/share/velodyne_laserscan/environment/path.dsv
[16.032s] -- Symlinking: /home/jae/Lidar_ws/src/install/velodyne_laserscan/share/velodyne_laserscan/local_setup.bash
[16.043s] -- Symlinking: /home/jae/Lidar_ws/src/install/velodyne_laserscan/share/velodyne_laserscan/local_setup.sh
[16.054s] -- Symlinking: /home/jae/Lidar_ws/src/install/velodyne_laserscan/share/velodyne_laserscan/local_setup.zsh
[16.064s] -- Symlinking: /home/jae/Lidar_ws/src/install/velodyne_laserscan/share/velodyne_laserscan/local_setup.dsv
[16.075s] -- Symlinking: /home/jae/Lidar_ws/src/install/velodyne_laserscan/share/velodyne_laserscan/package.dsv
[16.086s] -- Symlinking: /home/jae/Lidar_ws/src/install/velodyne_laserscan/share/ament_index/resource_index/packages/velodyne_laserscan
[16.097s] -- Symlinking: /home/jae/Lidar_ws/src/install/velodyne_laserscan/share/ament_index/resource_index/rclcpp_components/velodyne_laserscan
[16.107s] -- Symlinking: /home/jae/Lidar_ws/src/install/velodyne_laserscan/share/velodyne_laserscan/cmake/ament_cmake_export_include_directories-extras.cmake
[16.119s] -- Symlinking: /home/jae/Lidar_ws/src/install/velodyne_laserscan/share/velodyne_laserscan/cmake/ament_cmake_export_targets-extras.cmake
[16.128s] -- Symlinking: /home/jae/Lidar_ws/src/install/velodyne_laserscan/share/velodyne_laserscan/cmake/ament_cmake_export_dependencies-extras.cmake
[16.139s] -- Symlinking: /home/jae/Lidar_ws/src/install/velodyne_laserscan/share/velodyne_laserscan/cmake/velodyne_laserscanConfig.cmake
[16.149s] -- Symlinking: /home/jae/Lidar_ws/src/install/velodyne_laserscan/share/velodyne_laserscan/cmake/velodyne_laserscanConfig-version.cmake
[16.159s] -- Symlinking: /home/jae/Lidar_ws/src/install/velodyne_laserscan/share/velodyne_laserscan/package.xml
[16.170s] -- Installing: /home/jae/Lidar_ws/src/install/velodyne_laserscan/lib/libvelodyne_laserscan.so
[16.177s] -- Set runtime path of "/home/jae/Lidar_ws/src/install/velodyne_laserscan/lib/libvelodyne_laserscan.so" to ""
[16.177s] -- Installing: /home/jae/Lidar_ws/src/install/velodyne_laserscan/share/velodyne_laserscan/cmake/velodyne_laserscanExport.cmake
[16.178s] -- Installing: /home/jae/Lidar_ws/src/install/velodyne_laserscan/share/velodyne_laserscan/cmake/velodyne_laserscanExport-noconfig.cmake
[16.181s] Invoked command in '/home/jae/Lidar_ws/src/build/velodyne_laserscan' returned '0': CMAKE_PREFIX_PATH=${CMAKE_PREFIX_PATH}:/home/jae/Lidar_ws/install/lidar_processing:/home/jae/ros2_ws/install/lidar_perception:/opt/ros/humble /usr/bin/cmake --install /home/jae/Lidar_ws/src/build/velodyne_laserscan
